Analysis & Synthesis report for xulie
Thu Mar 26 22:03:07 2015
Quartus II Version 9.0 Build 235 06/17/2009 Service Pack 2 SJ Web Edition


---------------------
; Table of Contents ;
---------------------
  1. Legal Notice
  2. Analysis & Synthesis Summary
  3. Analysis & Synthesis Settings
  4. Analysis & Synthesis Source Files Read
  5. Analysis & Synthesis Resource Usage Summary
  6. Analysis & Synthesis Resource Utilization by Entity
  7. Registers Removed During Synthesis
  8. General Register Statistics
  9. Inverted Register Statistics
 10. Multiplexer Restructuring Statistics (Restructuring Performed)
 11. Analysis & Synthesis Messages



----------------
; Legal Notice ;
----------------
Copyright (C) 1991-2009 Altera Corporation
Your use of Altera Corporation's design tools, logic functions 
and other software and tools, and its AMPP partner logic 
functions, and any output files from any of the foregoing 
(including device programming or simulation files), and any 
associated documentation or information are expressly subject 
to the terms and conditions of the Altera Program License 
Subscription Agreement, Altera MegaCore Function License 
Agreement, or other applicable license agreement, including, 
without limitation, that your use is for the sole purpose of 
programming logic devices manufactured by Altera and sold by 
Altera or its authorized distributors.  Please refer to the 
applicable agreement for further details.



+----------------------------------------------------------------------------+
; Analysis & Synthesis Summary                                               ;
+-----------------------------+----------------------------------------------+
; Analysis & Synthesis Status ; Successful - Thu Mar 26 22:03:07 2015        ;
; Quartus II Version          ; 9.0 Build 235 06/17/2009 SP 2 SJ Web Edition ;
; Revision Name               ; xulie                                        ;
; Top-level Entity Name       ; xulie_top                                    ;
; Family                      ; Cyclone                                      ;
; Total logic elements        ; 97                                           ;
; Total pins                  ; 40                                           ;
; Total virtual pins          ; 0                                            ;
; Total memory bits           ; 0                                            ;
; Total PLLs                  ; 0                                            ;
+-----------------------------+----------------------------------------------+


+--------------------------------------------------------------------------------------------------------+
; Analysis & Synthesis Settings                                                                          ;
+--------------------------------------------------------------+--------------------+--------------------+
; Option                                                       ; Setting            ; Default Value      ;
+--------------------------------------------------------------+--------------------+--------------------+
; Device                                                       ; EP1C3T144C8        ;                    ;
; Top-level entity name                                        ; xulie_top          ; xulie              ;
; Family name                                                  ; Cyclone            ; Stratix II         ;
; Use Generated Physical Constraints File                      ; Off                ;                    ;
; Use smart compilation                                        ; Off                ; Off                ;
; Restructure Multiplexers                                     ; Auto               ; Auto               ;
; Create Debugging Nodes for IP Cores                          ; Off                ; Off                ;
; Preserve fewer node names                                    ; On                 ; On                 ;
; Disable OpenCore Plus hardware evaluation                    ; Off                ; Off                ;
; Verilog Version                                              ; Verilog_2001       ; Verilog_2001       ;
; VHDL Version                                                 ; VHDL93             ; VHDL93             ;
; State Machine Processing                                     ; Auto               ; Auto               ;
; Safe State Machine                                           ; Off                ; Off                ;
; Extract Verilog State Machines                               ; On                 ; On                 ;
; Extract VHDL State Machines                                  ; On                 ; On                 ;
; Ignore Verilog initial constructs                            ; Off                ; Off                ;
; Iteration limit for constant Verilog loops                   ; 5000               ; 5000               ;
; Iteration limit for non-constant Verilog loops               ; 250                ; 250                ;
; Add Pass-Through Logic to Inferred RAMs                      ; On                 ; On                 ;
; Parallel Synthesis                                           ; Off                ; Off                ;
; NOT Gate Push-Back                                           ; On                 ; On                 ;
; Power-Up Don't Care                                          ; On                 ; On                 ;
; Remove Redundant Logic Cells                                 ; Off                ; Off                ;
; Remove Duplicate Registers                                   ; On                 ; On                 ;
; Ignore CARRY Buffers                                         ; Off                ; Off                ;
; Ignore CASCADE Buffers                                       ; Off                ; Off                ;
; Ignore GLOBAL Buffers                                        ; Off                ; Off                ;
; Ignore ROW GLOBAL Buffers                                    ; Off                ; Off                ;
; Ignore LCELL Buffers                                         ; Off                ; Off                ;
; Ignore SOFT Buffers                                          ; On                 ; On                 ;
; Limit AHDL Integers to 32 Bits                               ; Off                ; Off                ;
; Optimization Technique                                       ; Balanced           ; Balanced           ;
; Carry Chain Length                                           ; 70                 ; 70                 ;
; Auto Carry Chains                                            ; On                 ; On                 ;
; Auto Open-Drain Pins                                         ; On                 ; On                 ;
; Perform WYSIWYG Primitive Resynthesis                        ; Off                ; Off                ;
; Auto ROM Replacement                                         ; On                 ; On                 ;
; Auto RAM Replacement                                         ; On                 ; On                 ;
; Auto Shift Register Replacement                              ; Auto               ; Auto               ;
; Auto Clock Enable Replacement                                ; On                 ; On                 ;
; Strict RAM Replacement                                       ; Off                ; Off                ;
; Allow Synchronous Control Signals                            ; On                 ; On                 ;
; Force Use of Synchronous Clear Signals                       ; Off                ; Off                ;
; Auto RAM Block Balancing                                     ; On                 ; On                 ;
; Auto RAM to Logic Cell Conversion                            ; Off                ; Off                ;
; Auto Resource Sharing                                        ; Off                ; Off                ;
; Allow Any RAM Size For Recognition                           ; Off                ; Off                ;
; Allow Any ROM Size For Recognition                           ; Off                ; Off                ;
; Allow Any Shift Register Size For Recognition                ; Off                ; Off                ;
; Use LogicLock Constraints during Resource Balancing          ; On                 ; On                 ;
; Ignore translate_off and synthesis_off directives            ; Off                ; Off                ;
; Show Parameter Settings Tables in Synthesis Report           ; On                 ; On                 ;
; Ignore Maximum Fan-Out Assignments                           ; Off                ; Off                ;
; Synchronization Register Chain Length                        ; 2                  ; 2                  ;
; PowerPlay Power Optimization                                 ; Normal compilation ; Normal compilation ;
; HDL message level                                            ; Level2             ; Level2             ;
; Suppress Register Optimization Related Messages              ; Off                ; Off                ;
; Number of Removed Registers Reported in Synthesis Report     ; 100                ; 100                ;
; Number of Inverted Registers Reported in Synthesis Report    ; 100                ; 100                ;
; Clock MUX Protection                                         ; On                 ; On                 ;
; Block Design Naming                                          ; Auto               ; Auto               ;
; Synthesis Effort                                             ; Auto               ; Auto               ;
; Shift Register Replacement - Allow Asynchronous Clear Signal ; On                 ; On                 ;
; Analysis & Synthesis Message Level                           ; Medium             ; Medium             ;
+--------------------------------------------------------------+--------------------+--------------------+


+-------------------------------------------------------------------------------------------------------------------------------------+
; Analysis & Synthesis Source Files Read                                                                                              ;
+----------------------------------+-----------------+-----------------+--------------------------------------------------------------+
; File Name with User-Entered Path ; Used in Netlist ; File Type       ; File Name with Absolute Path                                 ;
+----------------------------------+-----------------+-----------------+--------------------------------------------------------------+
; xulie_top.vhd                    ; yes             ; User VHDL File  ; G:/project/two/基于FPGA的序列检测器/新建文件夹/xulie_top.vhd ;
; seg.vhd                          ; yes             ; User VHDL File  ; G:/project/two/基于FPGA的序列检测器/新建文件夹/seg.vhd       ;
; m_seq.vhd                        ; yes             ; User VHDL File  ; G:/project/two/基于FPGA的序列检测器/新建文件夹/m_seq.vhd     ;
; xulie.vhd                        ; yes             ; User VHDL File  ; G:/project/two/基于FPGA的序列检测器/新建文件夹/xulie.vhd     ;
+----------------------------------+-----------------+-----------------+--------------------------------------------------------------+


+---------------------------------------------------------------+
; Analysis & Synthesis Resource Usage Summary                   ;
+---------------------------------------------+-----------------+
; Resource                                    ; Usage           ;
+---------------------------------------------+-----------------+
; Total logic elements                        ; 97              ;
;     -- Combinational with no register       ; 45              ;
;     -- Register only                        ; 12              ;
;     -- Combinational with a register        ; 40              ;
;                                             ;                 ;
; Logic element usage by number of LUT inputs ;                 ;
;     -- 4 input functions                    ; 41              ;
;     -- 3 input functions                    ; 16              ;
;     -- 2 input functions                    ; 17              ;
;     -- 1 input functions                    ; 11              ;
;     -- 0 input functions                    ; 0               ;
;                                             ;                 ;
; Logic elements by mode                      ;                 ;
;     -- normal mode                          ; 84              ;
;     -- arithmetic mode                      ; 13              ;
;     -- qfbk mode                            ; 0               ;
;     -- register cascade mode                ; 0               ;
;     -- synchronous clear/load mode          ; 0               ;
;     -- asynchronous clear/load mode         ; 41              ;
;                                             ;                 ;
; Total registers                             ; 52              ;
; Total logic cells in carry chains           ; 14              ;
; I/O pins                                    ; 40              ;
; Maximum fan-out node                        ; seg:u3|clk_scan ;
; Maximum fan-out                             ; 28              ;
; Total fan-out                               ; 408             ;
; Average fan-out                             ; 2.98            ;
+---------------------------------------------+-----------------+


+-----------------------------------------------------------------------------------------------------------------------------------------------------------------------------------------------------------------------+
; Analysis & Synthesis Resource Utilization by Entity                                                                                                                                                                   ;
+----------------------------+-------------+--------------+-------------+------+--------------+--------------+-------------------+------------------+-----------------+------------+---------------------+--------------+
; Compilation Hierarchy Node ; Logic Cells ; LC Registers ; Memory Bits ; Pins ; Virtual Pins ; LUT-Only LCs ; Register-Only LCs ; LUT/Register LCs ; Carry Chain LCs ; Packed LCs ; Full Hierarchy Name ; Library Name ;
+----------------------------+-------------+--------------+-------------+------+--------------+--------------+-------------------+------------------+-----------------+------------+---------------------+--------------+
; |xulie_top                 ; 97 (0)      ; 52           ; 0           ; 40   ; 0            ; 45 (0)       ; 12 (0)            ; 40 (0)           ; 14 (0)          ; 0 (0)      ; |xulie_top          ; work         ;
;    |m_seq:u2|              ; 8 (8)       ; 8            ; 0           ; 0    ; 0            ; 0 (0)        ; 3 (3)             ; 5 (5)            ; 0 (0)           ; 0 (0)      ; |xulie_top|m_seq:u2 ; work         ;
;    |seg:u3|                ; 56 (56)     ; 28           ; 0           ; 0    ; 0            ; 28 (28)      ; 8 (8)             ; 20 (20)          ; 14 (14)         ; 0 (0)      ; |xulie_top|seg:u3   ; work         ;
;    |xulie:u1|              ; 33 (33)     ; 16           ; 0           ; 0    ; 0            ; 17 (17)      ; 1 (1)             ; 15 (15)          ; 0 (0)           ; 0 (0)      ; |xulie_top|xulie:u1 ; work         ;
+----------------------------+-------------+--------------+-------------+------+--------------+--------------+-------------------+------------------+-----------------+------------+---------------------+--------------+
Note: For table entries with two numbers listed, the numbers in parentheses indicate the number of resources of the given type used by the specific entity alone. The numbers listed outside of parentheses indicate the total resources of the given type used by the specific entity and all of its sub-entities in the hierarchy.


+--------------------------------------------------------------------------------+
; Registers Removed During Synthesis                                             ;
+---------------------------------------+----------------------------------------+
; Register name                         ; Reason for Removal                     ;
+---------------------------------------+----------------------------------------+
; seg:u3|seg_wei[4]                     ; Merged with seg:u3|seg_wei[3]          ;
; seg:u3|seg_wei[3]                     ; Stuck at VCC due to stuck port data_in ;
; seg:u3|seg_duan[7]                    ; Stuck at VCC due to stuck port data_in ;
; Total Number of Removed Registers = 3 ;                                        ;
+---------------------------------------+----------------------------------------+


+------------------------------------------------------+
; General Register Statistics                          ;
+----------------------------------------------+-------+
; Statistic                                    ; Value ;
+----------------------------------------------+-------+
; Total registers                              ; 52    ;
; Number of registers using Synchronous Clear  ; 0     ;
; Number of registers using Synchronous Load   ; 0     ;
; Number of registers using Asynchronous Clear ; 41    ;
; Number of registers using Asynchronous Load  ; 0     ;
; Number of registers using Clock Enable       ; 20    ;
; Number of registers using Preset             ; 0     ;
+----------------------------------------------+-------+


+--------------------------------------------------+
; Inverted Register Statistics                     ;
+----------------------------------------+---------+
; Inverted Register                      ; Fan out ;
+----------------------------------------+---------+
; m_seq:u2|temp[7]                       ; 2       ;
; m_seq:u2|temp[6]                       ; 1       ;
; m_seq:u2|temp[5]                       ; 1       ;
; m_seq:u2|temp[2]                       ; 1       ;
; Total number of inverted registers = 4 ;         ;
+----------------------------------------+---------+


+---------------------------------------------------------------------------------------------------------------------------------------------------+
; Multiplexer Restructuring Statistics (Restructuring Performed)                                                                                    ;
+--------------------+-----------+---------------+----------------------+------------------------+------------+-------------------------------------+
; Multiplexer Inputs ; Bus Width ; Baseline Area ; Area if Restructured ; Saving if Restructured ; Registered ; Example Multiplexer Output          ;
+--------------------+-----------+---------------+----------------------+------------------------+------------+-------------------------------------+
; 4:1                ; 4 bits    ; 8 LEs         ; 4 LEs                ; 4 LEs                  ; Yes        ; |xulie_top|xulie:u1|counter_reg1[3] ;
; 8:1                ; 4 bits    ; 20 LEs        ; 8 LEs                ; 12 LEs                 ; Yes        ; |xulie_top|seg:u3|seg_wei[2]        ;
; 5:1                ; 4 bits    ; 12 LEs        ; 4 LEs                ; 8 LEs                  ; Yes        ; |xulie_top|xulie:u1|counter_reg2[1] ;
; 6:1                ; 4 bits    ; 16 LEs        ; 4 LEs                ; 12 LEs                 ; Yes        ; |xulie_top|xulie:u1|counter_reg3[0] ;
; 53:1               ; 7 bits    ; 245 LEs       ; 42 LEs               ; 203 LEs                ; Yes        ; |xulie_top|seg:u3|seg_duan[2]       ;
+--------------------+-----------+---------------+----------------------+------------------------+------------+-------------------------------------+


+-------------------------------+
; Analysis & Synthesis Messages ;
+-------------------------------+
Info: *******************************************************************
Info: Running Quartus II Analysis & Synthesis
    Info: Version 9.0 Build 235 06/17/2009 Service Pack 2 SJ Web Edition
    Info: Processing started: Thu Mar 26 22:03:01 2015
Info: Command: quartus_map --read_settings_files=on --write_settings_files=off xulie -c xulie
Info: Found 2 design units, including 1 entities, in source file xulie_top.vhd
    Info: Found design unit 1: xulie_top-behave
    Info: Found entity 1: xulie_top
Info: Found 2 design units, including 1 entities, in source file seg.vhd
    Info: Found design unit 1: seg-seg_function
    Info: Found entity 1: seg
Info: Found 2 design units, including 1 entities, in source file m_seq.vhd
    Info: Found design unit 1: m_seq-one
    Info: Found entity 1: m_seq
Info: Found 2 design units, including 1 entities, in source file xulie.vhd
    Info: Found design unit 1: xulie-BEHAV
    Info: Found entity 1: xulie
Info: Elaborating entity "xulie_top" for the top level hierarchy
Info: Elaborating entity "xulie" for hierarchy "xulie:u1"
Info: Elaborating entity "m_seq" for hierarchy "m_seq:u2"
Warning (10631): VHDL Process Statement warning at m_seq.vhd(17): inferring latch(es) for signal or variable "temp", which holds its previous value in one or more paths through the process
Info: Elaborating entity "seg" for hierarchy "seg:u3"
Warning: Output pins are stuck at VCC or GND
    Warning (13410): Pin "seg_duan[7]" is stuck at VCC
    Warning (13410): Pin "seg_wei[3]" is stuck at VCC
    Warning (13410): Pin "seg_wei[4]" is stuck at VCC
Info: Registers with preset signals will power-up high
Info: Implemented 137 device resources after synthesis - the final resource count might be different
    Info: Implemented 11 input pins
    Info: Implemented 29 output pins
    Info: Implemented 97 logic cells
Info: Quartus II Analysis & Synthesis was successful. 0 errors, 5 warnings
    Info: Peak virtual memory: 194 megabytes
    Info: Processing ended: Thu Mar 26 22:03:07 2015
    Info: Elapsed time: 00:00:06
    Info: Total CPU time (on all processors): 00:00:06


