Flow report for fir_dac
Fri May 09 10:55:17 2014
Quartus II Version 9.0 Build 132 02/25/2009 SJ Full Version


---------------------
; Table of Contents ;
---------------------
  1. Legal Notice
  2. Flow Summary
  3. Flow Settings
  4. Flow Non-Default Global Settings
  5. Flow Elapsed Time
  6. Flow OS Summary
  7. Flow Log



----------------
; Legal Notice ;
----------------
Copyright (C) 1991-2009 Altera Corporation
Your use of Altera Corporation's design tools, logic functions 
and other software and tools, and its AMPP partner logic 
functions, and any output files from any of the foregoing 
(including device programming or simulation files), and any 
associated documentation or information are expressly subject 
to the terms and conditions of the Altera Program License 
Subscription Agreement, Altera MegaCore Function License 
Agreement, or other applicable license agreement, including, 
without limitation, that your use is for the sole purpose of 
programming logic devices manufactured by Altera and sold by 
Altera or its authorized distributors.  Please refer to the 
applicable agreement for further details.



+-------------------------------------------------------------------------------+
; Flow Summary                                                                  ;
+------------------------------------+------------------------------------------+
; Flow Status                        ; Successful - Fri May 09 10:55:15 2014    ;
; Quartus II Version                 ; 9.0 Build 132 02/25/2009 SJ Full Version ;
; Revision Name                      ; fir_dac                                  ;
; Top-level Entity Name              ; fir_dac                                  ;
; Family                             ; Cyclone II                               ;
; Device                             ; EP2C5T144C8                              ;
; Timing Models                      ; Final                                    ;
; Met timing requirements            ; Yes                                      ;
; Total logic elements               ; 1,678 / 4,608 ( 36 % )                   ;
;     Total combinational functions  ; 1,616 / 4,608 ( 35 % )                   ;
;     Dedicated logic registers      ; 338 / 4,608 ( 7 % )                      ;
; Total registers                    ; 338                                      ;
; Total pins                         ; 6 / 89 ( 7 % )                           ;
; Total virtual pins                 ; 0                                        ;
; Total memory bits                  ; 17,408 / 119,808 ( 15 % )                ;
; Embedded Multiplier 9-bit elements ; 0 / 26 ( 0 % )                           ;
; Total PLLs                         ; 0 / 2 ( 0 % )                            ;
+------------------------------------+------------------------------------------+


+-----------------------------------------+
; Flow Settings                           ;
+-------------------+---------------------+
; Option            ; Setting             ;
+-------------------+---------------------+
; Start date & time ; 05/09/2014 10:54:17 ;
; Main task         ; Compilation         ;
; Revision Name     ; fir_dac             ;
+-------------------+---------------------+


+-----------------------------------------------------------------------------------------------------------------------------------------+
; Flow Non-Default Global Settings                                                                                                        ;
+------------------------------------+-----------------------------------------------------+---------------+-------------+----------------+
; Assignment Name                    ; Value                                               ; Default Value ; Entity Name ; Section Id     ;
+------------------------------------+-----------------------------------------------------+---------------+-------------+----------------+
; COMPILER_SIGNATURE_ID              ; 220152335733488.139960405605244                     ; --            ; --          ; --             ;
; ENABLE_SIGNALTAP                   ; Off                                                 ; --            ; --          ; --             ;
; IP_TOOL_NAME                       ; ROM: 1-PORT                                         ; --            ; --          ; --             ;
; IP_TOOL_NAME                       ; ROM: 1-PORT                                         ; --            ; --          ; --             ;
; IP_TOOL_VERSION                    ; 9.0                                                 ; --            ; --          ; --             ;
; IP_TOOL_VERSION                    ; 9.0                                                 ; --            ; --          ; --             ;
; MAX_CORE_JUNCTION_TEMP             ; 85                                                  ; --            ; --          ; --             ;
; MIN_CORE_JUNCTION_TEMP             ; 0                                                   ; --            ; --          ; --             ;
; MISC_FILE                          ; F:/wjr/wjr_project/fir_dac/fir_dac.dpf              ; --            ; --          ; --             ;
; MISC_FILE                          ; sin1_bb.v                                           ; --            ; --          ; --             ;
; MISC_FILE                          ; sin1.inc                                            ; --            ; --          ; --             ;
; MISC_FILE                          ; sin2_bb.v                                           ; --            ; --          ; --             ;
; MISC_FILE                          ; sin2.inc                                            ; --            ; --          ; --             ;
; MISC_FILE                          ; G:/wjr_project/fir_dac/fir_dac.dpf                  ; --            ; --          ; --             ;
; MISC_FILE                          ; G:/project/基于FPGA的数字滤波器/fir_dac/fir_dac.dpf ; --            ; --          ; --             ;
; PARTITION_COLOR                    ; 16764057                                            ; --            ; --          ; Top            ;
; PARTITION_NETLIST_TYPE             ; SOURCE                                              ; --            ; --          ; Top            ;
; USE_GENERATED_PHYSICAL_CONSTRAINTS ; Off                                                 ; --            ; --          ; eda_blast_fpga ;
; USE_SIGNALTAP_FILE                 ; stp1.stp                                            ; --            ; --          ; --             ;
+------------------------------------+-----------------------------------------------------+---------------+-------------+----------------+


+-----------------------------------------------------------------------------------------------------------------------------+
; Flow Elapsed Time                                                                                                           ;
+-------------------------+--------------+-------------------------+---------------------+------------------------------------+
; Module Name             ; Elapsed Time ; Average Processors Used ; Peak Virtual Memory ; Total CPU Time (on all processors) ;
+-------------------------+--------------+-------------------------+---------------------+------------------------------------+
; Analysis & Synthesis    ; 00:00:23     ; 1.0                     ; 190 MB              ; 00:00:19                           ;
; Fitter                  ; 00:00:16     ; 1.0                     ; 195 MB              ; 00:00:15                           ;
; Assembler               ; 00:00:06     ; 1.0                     ; 158 MB              ; 00:00:06                           ;
; Classic Timing Analyzer ; 00:00:02     ; 1.0                     ; 133 MB              ; 00:00:02                           ;
; Total                   ; 00:00:47     ; --                      ; --                  ; 00:00:42                           ;
+-------------------------+--------------+-------------------------+---------------------+------------------------------------+


+---------------------------------------------------------------------------------------+
; Flow OS Summary                                                                       ;
+-------------------------+------------------+------------+------------+----------------+
; Module Name             ; Machine Hostname ; OS Name    ; OS Version ; Processor type ;
+-------------------------+------------------+------------+------------+----------------+
; Analysis & Synthesis    ; PCPE             ; Windows XP ; 5.1        ; i686           ;
; Fitter                  ; PCPE             ; Windows XP ; 5.1        ; i686           ;
; Assembler               ; PCPE             ; Windows XP ; 5.1        ; i686           ;
; Classic Timing Analyzer ; PCPE             ; Windows XP ; 5.1        ; i686           ;
+-------------------------+------------------+------------+------------+----------------+


------------
; Flow Log ;
------------
quartus_map --read_settings_files=on --write_settings_files=off fir_dac -c fir_dac
quartus_fit --read_settings_files=off --write_settings_files=off fir_dac -c fir_dac
quartus_asm --read_settings_files=off --write_settings_files=off fir_dac -c fir_dac
quartus_tan --read_settings_files=off --write_settings_files=off fir_dac -c fir_dac --timing_analysis_only



