Flow report for DDS
Sun Apr 12 14:56:09 2015
Quartus II Version 9.0 Build 235 06/17/2009 Service Pack 2 SJ Web Edition


---------------------
; Table of Contents ;
---------------------
  1. Legal Notice
  2. Flow Summary
  3. Flow Settings
  4. Flow Non-Default Global Settings
  5. Flow Elapsed Time
  6. Flow OS Summary
  7. Flow Log



----------------
; Legal Notice ;
----------------
Copyright (C) 1991-2009 Altera Corporation
Your use of Altera Corporation's design tools, logic functions 
and other software and tools, and its AMPP partner logic 
functions, and any output files from any of the foregoing 
(including device programming or simulation files), and any 
associated documentation or information are expressly subject 
to the terms and conditions of the Altera Program License 
Subscription Agreement, Altera MegaCore Function License 
Agreement, or other applicable license agreement, including, 
without limitation, that your use is for the sole purpose of 
programming logic devices manufactured by Altera and sold by 
Altera or its authorized distributors.  Please refer to the 
applicable agreement for further details.



+-----------------------------------------------------------------------------------+
; Flow Summary                                                                      ;
+------------------------------------+----------------------------------------------+
; Flow Status                        ; Successful - Sun Apr 12 14:56:08 2015        ;
; Quartus II Version                 ; 9.0 Build 235 06/17/2009 SP 2 SJ Web Edition ;
; Revision Name                      ; DDS                                          ;
; Top-level Entity Name              ; PWM                                          ;
; Family                             ; Cyclone II                                   ;
; Device                             ; EP2C5T144C8                                  ;
; Timing Models                      ; Final                                        ;
; Met timing requirements            ; No                                           ;
; Total logic elements               ; 641 / 4,608 ( 14 % )                         ;
;     Total combinational functions  ; 518 / 4,608 ( 11 % )                         ;
;     Dedicated logic registers      ; 453 / 4,608 ( 10 % )                         ;
; Total registers                    ; 453                                          ;
; Total pins                         ; 5 / 89 ( 6 % )                               ;
; Total virtual pins                 ; 0                                            ;
; Total memory bits                  ; 20,756 / 119,808 ( 17 % )                    ;
; Embedded Multiplier 9-bit elements ; 0 / 26 ( 0 % )                               ;
; Total PLLs                         ; 1 / 2 ( 50 % )                               ;
+------------------------------------+----------------------------------------------+


+-----------------------------------------+
; Flow Settings                           ;
+-------------------+---------------------+
; Option            ; Setting             ;
+-------------------+---------------------+
; Start date & time ; 04/12/2015 14:55:03 ;
; Main task         ; Compilation         ;
; Revision Name     ; DDS                 ;
+-------------------+---------------------+


+-----------------------------------------------------------------------------------------------------------------------------------------------------------------------------------------------+
; Flow Non-Default Global Settings                                                                                                                                                              ;
+-------------------------------------+----------------------------------------------------------------------------------------------------------+---------------+-------------+----------------+
; Assignment Name                     ; Value                                                                                                    ; Default Value ; Entity Name ; Section Id     ;
+-------------------------------------+----------------------------------------------------------------------------------------------------------+---------------+-------------+----------------+
; COMPILER_SIGNATURE_ID               ; 1099038682543.142882170202072                                                                            ; --            ; --          ; --             ;
; ENABLE_SIGNALTAP                    ; On                                                                                                       ; --            ; --          ; --             ;
; IP_TOOL_NAME                        ; ROM: 1-PORT                                                                                              ; --            ; --          ; --             ;
; IP_TOOL_NAME                        ; ROM: 1-PORT                                                                                              ; --            ; --          ; --             ;
; IP_TOOL_NAME                        ; ALTPLL                                                                                                   ; --            ; --          ; --             ;
; IP_TOOL_NAME                        ; ROM: 1-PORT                                                                                              ; --            ; --          ; --             ;
; IP_TOOL_NAME                        ; ROM: 1-PORT                                                                                              ; --            ; --          ; --             ;
; IP_TOOL_VERSION                     ; 9.0                                                                                                      ; --            ; --          ; --             ;
; IP_TOOL_VERSION                     ; 9.0                                                                                                      ; --            ; --          ; --             ;
; IP_TOOL_VERSION                     ; 9.0                                                                                                      ; --            ; --          ; --             ;
; IP_TOOL_VERSION                     ; 9.0                                                                                                      ; --            ; --          ; --             ;
; IP_TOOL_VERSION                     ; 9.0                                                                                                      ; --            ; --          ; --             ;
; MAX_CORE_JUNCTION_TEMP              ; 85                                                                                                       ; --            ; --          ; --             ;
; MIN_CORE_JUNCTION_TEMP              ; 0                                                                                                        ; --            ; --          ; --             ;
; MISC_FILE                           ; E:/实验KH-33001/DDS/DDS.dpf                                                                              ; --            ; --          ; --             ;
; MISC_FILE                           ; E:/实验KH-33001/基于单片机控制的PWM/DDS/DDS.dpf                                                          ; --            ; --          ; --             ;
; MISC_FILE                           ; E:/基于单片机控制的PWM/DDS/DDS.dpf                                                                       ; --            ; --          ; --             ;
; MISC_FILE                           ; G:/每日更新/07.13/DDS/DDS.dpf                                                                            ; --            ; --          ; --             ;
; MISC_FILE                           ; G:/每日更新/07.16/SPWM+幅值调制/DDS/DDS.dpf                                                              ; --            ; --          ; --             ;
; MISC_FILE                           ; G:/每日更新/07.17/SPWM+幅值调制/DDS/DDS.dpf                                                              ; --            ; --          ; --             ;
; MISC_FILE                           ; G:/每日更新/07.18/SPWM+幅值调制/DDS/DDS.dpf                                                              ; --            ; --          ; --             ;
; MISC_FILE                           ; G:/每日更新/07.27/07.18/SPWM+幅值调制/DDS/DDS.dpf                                                        ; --            ; --          ; --             ;
; MISC_FILE                           ; G:/每日更新/07.28/基本功能/SPWM+幅值调制/DDS/DDS.dpf                                                     ; --            ; --          ; --             ;
; MISC_FILE                           ; G:/每日更新/08.03/基本功能/SPWM+幅值调制/DDS/DDS.dpf                                                     ; --            ; --          ; --             ;
; MISC_FILE                           ; G:/每日更新/08.20/基本功能/SPWM+幅值调制/DDS/DDS.dpf                                                     ; --            ; --          ; --             ;
; MISC_FILE                           ; G:/每日更新/08.25/基本功能/SPWM+幅值调制/DDS/DDS.dpf                                                     ; --            ; --          ; --             ;
; MISC_FILE                           ; G:/FPGA组资料/第三阶段（大三第一学期）/设计工程――阶段可行/08.26/基本功能/SPWM+幅值调制/DDS/DDS.dpf     ; --            ; --          ; --             ;
; MISC_FILE                           ; G:/FPGA组资料/第三阶段（大三第一学期）/VHDL设计工程――阶段可行/08.26/基本功能/SPWM+幅值调制/DDS/DDS.dpf ; --            ; --          ; --             ;
; MISC_FILE                           ; G:/project/spwm/project_VHDL/SPWM+幅值调制/DDS/DDS.dpf                                                   ; --            ; --          ; --             ;
; MISC_FILE                           ; data_rom.inc                                                                                             ; --            ; --          ; --             ;
; MISC_FILE                           ; tri_rom.inc                                                                                              ; --            ; --          ; --             ;
; MISC_FILE                           ; pll.inc                                                                                                  ; --            ; --          ; --             ;
; MISC_FILE                           ; pll.ppf                                                                                                  ; --            ; --          ; --             ;
; MISC_FILE                           ; saw_data.inc                                                                                             ; --            ; --          ; --             ;
; MISC_FILE                           ; squ_data.inc                                                                                             ; --            ; --          ; --             ;
; MISC_FILE                           ; G:/project/two/基于FPGA的spwm产生/project_VHDL/SPWM/DDS.dpf                                              ; --            ; --          ; --             ;
; PARTITION_COLOR                     ; 16764057                                                                                                 ; --            ; PWM         ; Top            ;
; PARTITION_FITTER_PRESERVATION_LEVEL ; PLACEMENT                                                                                                ; --            ; PWM         ; Top            ;
; PARTITION_NETLIST_TYPE              ; SOURCE                                                                                                   ; --            ; PWM         ; Top            ;
; SLD_NODE_CREATOR_ID                 ; 110                                                                                                      ; --            ; --          ; spwm_test      ;
; SLD_NODE_ENTITY_NAME                ; sld_signaltap                                                                                            ; --            ; --          ; spwm_test      ;
; SLD_NODE_PARAMETER_ASSIGNMENT       ; SLD_DATA_BITS=2                                                                                          ; --            ; --          ; spwm_test      ;
; SLD_NODE_PARAMETER_ASSIGNMENT       ; SLD_TRIGGER_BITS=2                                                                                       ; --            ; --          ; spwm_test      ;
; SLD_NODE_PARAMETER_ASSIGNMENT       ; SLD_NODE_INFO=805334528                                                                                  ; --            ; --          ; spwm_test      ;
; SLD_NODE_PARAMETER_ASSIGNMENT       ; SLD_POWER_UP_TRIGGER=0                                                                                   ; --            ; --          ; spwm_test      ;
; SLD_NODE_PARAMETER_ASSIGNMENT       ; SLD_INVERSION_MASK=000000000000000000000000000                                                           ; --            ; --          ; spwm_test      ;
; SLD_NODE_PARAMETER_ASSIGNMENT       ; SLD_INVERSION_MASK_LENGTH=27                                                                             ; --            ; --          ; spwm_test      ;
; SLD_NODE_PARAMETER_ASSIGNMENT       ; SLD_STORAGE_QUALIFIER_INVERSION_MASK_LENGTH=0                                                            ; --            ; --          ; spwm_test      ;
; SLD_NODE_PARAMETER_ASSIGNMENT       ; SLD_SEGMENT_SIZE=128                                                                                     ; --            ; --          ; spwm_test      ;
; SLD_NODE_PARAMETER_ASSIGNMENT       ; SLD_ATTRIBUTE_MEM_MODE=OFF                                                                               ; --            ; --          ; spwm_test      ;
; SLD_NODE_PARAMETER_ASSIGNMENT       ; SLD_STATE_FLOW_USE_GENERATED=0                                                                           ; --            ; --          ; spwm_test      ;
; SLD_NODE_PARAMETER_ASSIGNMENT       ; SLD_STATE_BITS=11                                                                                        ; --            ; --          ; spwm_test      ;
; SLD_NODE_PARAMETER_ASSIGNMENT       ; SLD_BUFFER_FULL_STOP=1                                                                                   ; --            ; --          ; spwm_test      ;
; SLD_NODE_PARAMETER_ASSIGNMENT       ; SLD_CURRENT_RESOURCE_WIDTH=1                                                                             ; --            ; --          ; spwm_test      ;
; SLD_NODE_PARAMETER_ASSIGNMENT       ; SLD_NODE_CRC_LOWORD=23568                                                                                ; --            ; --          ; spwm_test      ;
; SLD_NODE_PARAMETER_ASSIGNMENT       ; SLD_NODE_CRC_HIWORD=63340                                                                                ; --            ; --          ; spwm_test      ;
; SLD_NODE_PARAMETER_ASSIGNMENT       ; SLD_TRIGGER_LEVEL=1                                                                                      ; --            ; --          ; spwm_test      ;
; SLD_NODE_PARAMETER_ASSIGNMENT       ; SLD_SAMPLE_DEPTH=128                                                                                     ; --            ; --          ; spwm_test      ;
; SLD_NODE_PARAMETER_ASSIGNMENT       ; SLD_TRIGGER_IN_ENABLED=0                                                                                 ; --            ; --          ; spwm_test      ;
; SLD_NODE_PARAMETER_ASSIGNMENT       ; SLD_ADVANCED_TRIGGER_ENTITY=basic,1,                                                                     ; --            ; --          ; spwm_test      ;
; SLD_NODE_PARAMETER_ASSIGNMENT       ; SLD_TRIGGER_LEVEL_PIPELINE=1                                                                             ; --            ; --          ; spwm_test      ;
; SLD_NODE_PARAMETER_ASSIGNMENT       ; SLD_ENABLE_ADVANCED_TRIGGER=0                                                                            ; --            ; --          ; spwm_test      ;
; TOP_LEVEL_ENTITY                    ; PWM                                                                                                      ; DDS           ; --          ; --             ;
; USE_GENERATED_PHYSICAL_CONSTRAINTS  ; Off                                                                                                      ; --            ; --          ; eda_blast_fpga ;
; USE_SIGNALTAP_FILE                  ; spwm_test.stp                                                                                            ; --            ; --          ; --             ;
+-------------------------------------+----------------------------------------------------------------------------------------------------------+---------------+-------------+----------------+


+-----------------------------------------------------------------------------------------------------------------------------+
; Flow Elapsed Time                                                                                                           ;
+-------------------------+--------------+-------------------------+---------------------+------------------------------------+
; Module Name             ; Elapsed Time ; Average Processors Used ; Peak Virtual Memory ; Total CPU Time (on all processors) ;
+-------------------------+--------------+-------------------------+---------------------+------------------------------------+
; Analysis & Synthesis    ; 00:00:25     ; 1.0                     ; 211 MB              ; 00:00:23                           ;
; Fitter                  ; 00:00:19     ; 1.3                     ; 196 MB              ; 00:00:18                           ;
; Assembler               ; 00:00:04     ; 1.0                     ; 160 MB              ; 00:00:03                           ;
; Classic Timing Analyzer ; 00:00:03     ; 1.0                     ; 129 MB              ; 00:00:02                           ;
; Total                   ; 00:00:51     ; --                      ; --                  ; 00:00:46                           ;
+-------------------------+--------------+-------------------------+---------------------+------------------------------------+


+---------------------------------------------------------------------------------------+
; Flow OS Summary                                                                       ;
+-------------------------+------------------+------------+------------+----------------+
; Module Name             ; Machine Hostname ; OS Name    ; OS Version ; Processor type ;
+-------------------------+------------------+------------+------------+----------------+
; Analysis & Synthesis    ; PCPE             ; Windows XP ; 5.1        ; i686           ;
; Fitter                  ; PCPE             ; Windows XP ; 5.1        ; i686           ;
; Assembler               ; PCPE             ; Windows XP ; 5.1        ; i686           ;
; Classic Timing Analyzer ; PCPE             ; Windows XP ; 5.1        ; i686           ;
+-------------------------+------------------+------------+------------+----------------+


------------
; Flow Log ;
------------
quartus_map --read_settings_files=on --write_settings_files=off DDS -c DDS
quartus_fit --read_settings_files=off --write_settings_files=off DDS -c DDS
quartus_asm --read_settings_files=off --write_settings_files=off DDS -c DDS
quartus_tan --read_settings_files=off --write_settings_files=off DDS -c DDS --timing_analysis_only



