Flow report for adder_64bit
Sat Jan 03 15:32:20 2015
Quartus II Version 9.0 Build 132 02/25/2009 SJ Full Version


---------------------
; Table of Contents ;
---------------------
  1. Legal Notice
  2. Flow Summary
  3. Flow Settings
  4. Flow Non-Default Global Settings
  5. Flow Elapsed Time
  6. Flow OS Summary
  7. Flow Log



----------------
; Legal Notice ;
----------------
Copyright (C) 1991-2009 Altera Corporation
Your use of Altera Corporation's design tools, logic functions 
and other software and tools, and its AMPP partner logic 
functions, and any output files from any of the foregoing 
(including device programming or simulation files), and any 
associated documentation or information are expressly subject 
to the terms and conditions of the Altera Program License 
Subscription Agreement, Altera MegaCore Function License 
Agreement, or other applicable license agreement, including, 
without limitation, that your use is for the sole purpose of 
programming logic devices manufactured by Altera and sold by 
Altera or its authorized distributors.  Please refer to the 
applicable agreement for further details.



+-------------------------------------------------------------------------------+
; Flow Summary                                                                  ;
+------------------------------------+------------------------------------------+
; Flow Status                        ; Successful - Sat Jan 03 15:32:20 2015    ;
; Quartus II Version                 ; 9.0 Build 132 02/25/2009 SJ Full Version ;
; Revision Name                      ; adder_64bit                              ;
; Top-level Entity Name              ; adder_64bit                              ;
; Family                             ; Cyclone II                               ;
; Device                             ; EP2C15AF484A7                            ;
; Timing Models                      ; Final                                    ;
; Met timing requirements            ; Yes                                      ;
; Total logic elements               ; 273 / 14,448 ( 2 % )                     ;
;     Total combinational functions  ; 168 / 14,448 ( 1 % )                     ;
;     Dedicated logic registers      ; 211 / 14,448 ( 1 % )                     ;
; Total registers                    ; 211                                      ;
; Total pins                         ; 195 / 315 ( 62 % )                       ;
; Total virtual pins                 ; 0                                        ;
; Total memory bits                  ; 368 / 239,616 ( < 1 % )                  ;
; Embedded Multiplier 9-bit elements ; 0 / 52 ( 0 % )                           ;
; Total PLLs                         ; 0 / 4 ( 0 % )                            ;
+------------------------------------+------------------------------------------+


+-----------------------------------------+
; Flow Settings                           ;
+-------------------+---------------------+
; Option            ; Setting             ;
+-------------------+---------------------+
; Start date & time ; 01/03/2015 15:31:32 ;
; Main task         ; Compilation         ;
; Revision Name     ; adder_64bit         ;
+-------------------+---------------------+


+-------------------------------------------------------------------------------------------------------+
; Flow Non-Default Global Settings                                                                      ;
+------------------------------------+-------------------+---------------+-------------+----------------+
; Assignment Name                    ; Value             ; Default Value ; Entity Name ; Section Id     ;
+------------------------------------+-------------------+---------------+-------------+----------------+
; COMPILER_SIGNATURE_ID              ; 0.142027029104720 ; --            ; --          ; --             ;
; MAX_CORE_JUNCTION_TEMP             ; 125               ; --            ; --          ; --             ;
; MIN_CORE_JUNCTION_TEMP             ; -40               ; --            ; --          ; --             ;
; PARTITION_COLOR                    ; 16764057          ; --            ; --          ; Top            ;
; PARTITION_NETLIST_TYPE             ; SOURCE            ; --            ; --          ; Top            ;
; USE_GENERATED_PHYSICAL_CONSTRAINTS ; Off               ; --            ; --          ; eda_blast_fpga ;
+------------------------------------+-------------------+---------------+-------------+----------------+


+-----------------------------------------------------------------------------------------------------------------------------+
; Flow Elapsed Time                                                                                                           ;
+-------------------------+--------------+-------------------------+---------------------+------------------------------------+
; Module Name             ; Elapsed Time ; Average Processors Used ; Peak Virtual Memory ; Total CPU Time (on all processors) ;
+-------------------------+--------------+-------------------------+---------------------+------------------------------------+
; Analysis & Synthesis    ; 00:00:14     ; 1.0                     ; 177 MB              ; 00:00:09                           ;
; Fitter                  ; 00:00:17     ; 1.2                     ; 215 MB              ; 00:00:16                           ;
; Assembler               ; 00:00:08     ; 1.0                     ; 185 MB              ; 00:00:08                           ;
; Classic Timing Analyzer ; 00:00:01     ; 1.0                     ; 124 MB              ; 00:00:01                           ;
; Total                   ; 00:00:40     ; --                      ; --                  ; 00:00:34                           ;
+-------------------------+--------------+-------------------------+---------------------+------------------------------------+


+---------------------------------------------------------------------------------------+
; Flow OS Summary                                                                       ;
+-------------------------+------------------+------------+------------+----------------+
; Module Name             ; Machine Hostname ; OS Name    ; OS Version ; Processor type ;
+-------------------------+------------------+------------+------------+----------------+
; Analysis & Synthesis    ; PCPE             ; Windows XP ; 5.1        ; i686           ;
; Fitter                  ; PCPE             ; Windows XP ; 5.1        ; i686           ;
; Assembler               ; PCPE             ; Windows XP ; 5.1        ; i686           ;
; Classic Timing Analyzer ; PCPE             ; Windows XP ; 5.1        ; i686           ;
+-------------------------+------------------+------------+------------+----------------+


------------
; Flow Log ;
------------
quartus_map --read_settings_files=on --write_settings_files=off adder_64bit -c adder_64bit
quartus_fit --read_settings_files=off --write_settings_files=off adder_64bit -c adder_64bit
quartus_asm --read_settings_files=off --write_settings_files=off adder_64bit -c adder_64bit
quartus_tan --read_settings_files=off --write_settings_files=off adder_64bit -c adder_64bit --timing_analysis_only



