Flow report for GG
Thu Apr 30 10:33:49 2015
Quartus II Version 9.0 Build 235 06/17/2009 Service Pack 2 SJ Web Edition


---------------------
; Table of Contents ;
---------------------
  1. Legal Notice
  2. Flow Summary
  3. Flow Settings
  4. Flow Non-Default Global Settings
  5. Flow Elapsed Time
  6. Flow OS Summary
  7. Flow Log



----------------
; Legal Notice ;
----------------
Copyright (C) 1991-2009 Altera Corporation
Your use of Altera Corporation's design tools, logic functions 
and other software and tools, and its AMPP partner logic 
functions, and any output files from any of the foregoing 
(including device programming or simulation files), and any 
associated documentation or information are expressly subject 
to the terms and conditions of the Altera Program License 
Subscription Agreement, Altera MegaCore Function License 
Agreement, or other applicable license agreement, including, 
without limitation, that your use is for the sole purpose of 
programming logic devices manufactured by Altera and sold by 
Altera or its authorized distributors.  Please refer to the 
applicable agreement for further details.



+-----------------------------------------------------------------------------------+
; Flow Summary                                                                      ;
+------------------------------------+----------------------------------------------+
; Flow Status                        ; Successful - Thu Apr 30 10:33:48 2015        ;
; Quartus II Version                 ; 9.0 Build 235 06/17/2009 SP 2 SJ Web Edition ;
; Revision Name                      ; GG                                           ;
; Top-level Entity Name              ; game                                         ;
; Family                             ; Cyclone II                                   ;
; Device                             ; EP2C5T144C8                                  ;
; Timing Models                      ; Final                                        ;
; Met timing requirements            ; Yes                                          ;
; Total logic elements               ; 1,603 / 4,608 ( 35 % )                       ;
;     Total combinational functions  ; 1,603 / 4,608 ( 35 % )                       ;
;     Dedicated logic registers      ; 288 / 4,608 ( 6 % )                          ;
; Total registers                    ; 288                                          ;
; Total pins                         ; 11 / 89 ( 12 % )                             ;
; Total virtual pins                 ; 0                                            ;
; Total memory bits                  ; 0 / 119,808 ( 0 % )                          ;
; Embedded Multiplier 9-bit elements ; 0 / 26 ( 0 % )                               ;
; Total PLLs                         ; 0 / 2 ( 0 % )                                ;
+------------------------------------+----------------------------------------------+


+-----------------------------------------+
; Flow Settings                           ;
+-------------------+---------------------+
; Option            ; Setting             ;
+-------------------+---------------------+
; Start date & time ; 04/30/2015 10:32:27 ;
; Main task         ; Compilation         ;
; Revision Name     ; GG                  ;
+-------------------+---------------------+


+-----------------------------------------------------------------------------------------------------------------------------------------------------------------------+
; Flow Non-Default Global Settings                                                                                                                                      ;
+------------------------------------+-----------------------------------------------------------------------------------+---------------+-------------+----------------+
; Assignment Name                    ; Value                                                                             ; Default Value ; Entity Name ; Section Id     ;
+------------------------------------+-----------------------------------------------------------------------------------+---------------+-------------+----------------+
; COMPILER_SIGNATURE_ID              ; 1099038682543.143036114601908                                                     ; --            ; --          ; --             ;
; MAX_CORE_JUNCTION_TEMP             ; 85                                                                                ; --            ; --          ; --             ;
; MIN_CORE_JUNCTION_TEMP             ; 0                                                                                 ; --            ; --          ; --             ;
; MISC_FILE                          ; C:/Documents and Settings/Administrator/桌面/43680539plane_game/新建文件夹/GG.dpf ; --            ; --          ; --             ;
; PARTITION_COLOR                    ; 16764057                                                                          ; --            ; game        ; Top            ;
; PARTITION_NETLIST_TYPE             ; SOURCE                                                                            ; --            ; game        ; Top            ;
; TOP_LEVEL_ENTITY                   ; game                                                                              ; GG            ; --          ; --             ;
; USE_GENERATED_PHYSICAL_CONSTRAINTS ; Off                                                                               ; --            ; --          ; eda_blast_fpga ;
+------------------------------------+-----------------------------------------------------------------------------------+---------------+-------------+----------------+


+-----------------------------------------------------------------------------------------------------------------------------+
; Flow Elapsed Time                                                                                                           ;
+-------------------------+--------------+-------------------------+---------------------+------------------------------------+
; Module Name             ; Elapsed Time ; Average Processors Used ; Peak Virtual Memory ; Total CPU Time (on all processors) ;
+-------------------------+--------------+-------------------------+---------------------+------------------------------------+
; Analysis & Synthesis    ; 00:00:49     ; 1.0                     ; 200 MB              ; 00:00:47                           ;
; Fitter                  ; 00:00:17     ; 1.2                     ; 198 MB              ; 00:00:15                           ;
; Assembler               ; 00:00:03     ; 1.0                     ; 160 MB              ; 00:00:03                           ;
; Classic Timing Analyzer ; 00:00:02     ; 1.0                     ; 133 MB              ; 00:00:02                           ;
; Total                   ; 00:01:11     ; --                      ; --                  ; 00:01:07                           ;
+-------------------------+--------------+-------------------------+---------------------+------------------------------------+


+---------------------------------------------------------------------------------------+
; Flow OS Summary                                                                       ;
+-------------------------+------------------+------------+------------+----------------+
; Module Name             ; Machine Hostname ; OS Name    ; OS Version ; Processor type ;
+-------------------------+------------------+------------+------------+----------------+
; Analysis & Synthesis    ; PCPE             ; Windows XP ; 5.1        ; i686           ;
; Fitter                  ; PCPE             ; Windows XP ; 5.1        ; i686           ;
; Assembler               ; PCPE             ; Windows XP ; 5.1        ; i686           ;
; Classic Timing Analyzer ; PCPE             ; Windows XP ; 5.1        ; i686           ;
+-------------------------+------------------+------------+------------+----------------+


------------
; Flow Log ;
------------
quartus_map --read_settings_files=on --write_settings_files=off GG -c GG
quartus_fit --read_settings_files=off --write_settings_files=off GG -c GG
quartus_asm --read_settings_files=off --write_settings_files=off GG -c GG
quartus_tan --read_settings_files=off --write_settings_files=off GG -c GG --timing_analysis_only



