Analysis & Synthesis report for GG
Thu Apr 30 10:33:15 2015
Quartus II Version 9.0 Build 235 06/17/2009 Service Pack 2 SJ Web Edition


---------------------
; Table of Contents ;
---------------------
  1. Legal Notice
  2. Analysis & Synthesis Summary
  3. Analysis & Synthesis Settings
  4. Analysis & Synthesis Source Files Read
  5. Analysis & Synthesis Resource Usage Summary
  6. Analysis & Synthesis Resource Utilization by Entity
  7. Registers Removed During Synthesis
  8. General Register Statistics
  9. Inverted Register Statistics
 10. Multiplexer Restructuring Statistics (Restructuring Performed)
 11. Analysis & Synthesis Messages



----------------
; Legal Notice ;
----------------
Copyright (C) 1991-2009 Altera Corporation
Your use of Altera Corporation's design tools, logic functions 
and other software and tools, and its AMPP partner logic 
functions, and any output files from any of the foregoing 
(including device programming or simulation files), and any 
associated documentation or information are expressly subject 
to the terms and conditions of the Altera Program License 
Subscription Agreement, Altera MegaCore Function License 
Agreement, or other applicable license agreement, including, 
without limitation, that your use is for the sole purpose of 
programming logic devices manufactured by Altera and sold by 
Altera or its authorized distributors.  Please refer to the 
applicable agreement for further details.



+-----------------------------------------------------------------------------------+
; Analysis & Synthesis Summary                                                      ;
+------------------------------------+----------------------------------------------+
; Analysis & Synthesis Status        ; Successful - Thu Apr 30 10:33:15 2015        ;
; Quartus II Version                 ; 9.0 Build 235 06/17/2009 SP 2 SJ Web Edition ;
; Revision Name                      ; GG                                           ;
; Top-level Entity Name              ; game                                         ;
; Family                             ; Cyclone II                                   ;
; Total logic elements               ; 1,611                                        ;
;     Total combinational functions  ; 1,603                                        ;
;     Dedicated logic registers      ; 288                                          ;
; Total registers                    ; 288                                          ;
; Total pins                         ; 11                                           ;
; Total virtual pins                 ; 0                                            ;
; Total memory bits                  ; 0                                            ;
; Embedded Multiplier 9-bit elements ; 0                                            ;
; Total PLLs                         ; 0                                            ;
+------------------------------------+----------------------------------------------+


+--------------------------------------------------------------------------------------------------------+
; Analysis & Synthesis Settings                                                                          ;
+--------------------------------------------------------------+--------------------+--------------------+
; Option                                                       ; Setting            ; Default Value      ;
+--------------------------------------------------------------+--------------------+--------------------+
; Device                                                       ; EP2C5T144C8        ;                    ;
; Top-level entity name                                        ; game               ; GG                 ;
; Family name                                                  ; Cyclone II         ; Stratix II         ;
; Use Generated Physical Constraints File                      ; Off                ;                    ;
; Use smart compilation                                        ; Off                ; Off                ;
; Restructure Multiplexers                                     ; Auto               ; Auto               ;
; Create Debugging Nodes for IP Cores                          ; Off                ; Off                ;
; Preserve fewer node names                                    ; On                 ; On                 ;
; Disable OpenCore Plus hardware evaluation                    ; Off                ; Off                ;
; Verilog Version                                              ; Verilog_2001       ; Verilog_2001       ;
; VHDL Version                                                 ; VHDL93             ; VHDL93             ;
; State Machine Processing                                     ; Auto               ; Auto               ;
; Safe State Machine                                           ; Off                ; Off                ;
; Extract Verilog State Machines                               ; On                 ; On                 ;
; Extract VHDL State Machines                                  ; On                 ; On                 ;
; Ignore Verilog initial constructs                            ; Off                ; Off                ;
; Iteration limit for constant Verilog loops                   ; 5000               ; 5000               ;
; Iteration limit for non-constant Verilog loops               ; 250                ; 250                ;
; Add Pass-Through Logic to Inferred RAMs                      ; On                 ; On                 ;
; Parallel Synthesis                                           ; Off                ; Off                ;
; DSP Block Balancing                                          ; Auto               ; Auto               ;
; NOT Gate Push-Back                                           ; On                 ; On                 ;
; Power-Up Don't Care                                          ; On                 ; On                 ;
; Remove Redundant Logic Cells                                 ; Off                ; Off                ;
; Remove Duplicate Registers                                   ; On                 ; On                 ;
; Ignore CARRY Buffers                                         ; Off                ; Off                ;
; Ignore CASCADE Buffers                                       ; Off                ; Off                ;
; Ignore GLOBAL Buffers                                        ; Off                ; Off                ;
; Ignore ROW GLOBAL Buffers                                    ; Off                ; Off                ;
; Ignore LCELL Buffers                                         ; Off                ; Off                ;
; Ignore SOFT Buffers                                          ; On                 ; On                 ;
; Limit AHDL Integers to 32 Bits                               ; Off                ; Off                ;
; Optimization Technique                                       ; Balanced           ; Balanced           ;
; Carry Chain Length                                           ; 70                 ; 70                 ;
; Auto Carry Chains                                            ; On                 ; On                 ;
; Auto Open-Drain Pins                                         ; On                 ; On                 ;
; Perform WYSIWYG Primitive Resynthesis                        ; Off                ; Off                ;
; Auto ROM Replacement                                         ; On                 ; On                 ;
; Auto RAM Replacement                                         ; On                 ; On                 ;
; Auto Shift Register Replacement                              ; Auto               ; Auto               ;
; Auto Clock Enable Replacement                                ; On                 ; On                 ;
; Strict RAM Replacement                                       ; Off                ; Off                ;
; Allow Synchronous Control Signals                            ; On                 ; On                 ;
; Force Use of Synchronous Clear Signals                       ; Off                ; Off                ;
; Auto RAM to Logic Cell Conversion                            ; Off                ; Off                ;
; Auto Resource Sharing                                        ; Off                ; Off                ;
; Allow Any RAM Size For Recognition                           ; Off                ; Off                ;
; Allow Any ROM Size For Recognition                           ; Off                ; Off                ;
; Allow Any Shift Register Size For Recognition                ; Off                ; Off                ;
; Use LogicLock Constraints during Resource Balancing          ; On                 ; On                 ;
; Ignore translate_off and synthesis_off directives            ; Off                ; Off                ;
; Timing-Driven Synthesis                                      ; Off                ; Off                ;
; Show Parameter Settings Tables in Synthesis Report           ; On                 ; On                 ;
; Ignore Maximum Fan-Out Assignments                           ; Off                ; Off                ;
; Synchronization Register Chain Length                        ; 2                  ; 2                  ;
; PowerPlay Power Optimization                                 ; Normal compilation ; Normal compilation ;
; HDL message level                                            ; Level2             ; Level2             ;
; Suppress Register Optimization Related Messages              ; Off                ; Off                ;
; Number of Removed Registers Reported in Synthesis Report     ; 100                ; 100                ;
; Number of Inverted Registers Reported in Synthesis Report    ; 100                ; 100                ;
; Clock MUX Protection                                         ; On                 ; On                 ;
; Auto Gated Clock Conversion                                  ; Off                ; Off                ;
; Block Design Naming                                          ; Auto               ; Auto               ;
; SDC constraint protection                                    ; Off                ; Off                ;
; Synthesis Effort                                             ; Auto               ; Auto               ;
; Shift Register Replacement - Allow Asynchronous Clear Signal ; On                 ; On                 ;
; Analysis & Synthesis Message Level                           ; Medium             ; Medium             ;
+--------------------------------------------------------------+--------------------+--------------------+


+----------------------------------------------------------------------------------------------------------------------------------------------------------+
; Analysis & Synthesis Source Files Read                                                                                                                   ;
+----------------------------------+-----------------+-----------------+-----------------------------------------------------------------------------------+
; File Name with User-Entered Path ; Used in Netlist ; File Type       ; File Name with Absolute Path                                                      ;
+----------------------------------+-----------------+-----------------+-----------------------------------------------------------------------------------+
; game.vhd                         ; yes             ; User VHDL File  ; G:/project/two/基于FPGA的飞机的小游戏/43680539plane_game/altera_game/game.vhd     ;
; bullet.vhd                       ; yes             ; User VHDL File  ; G:/project/two/基于FPGA的飞机的小游戏/43680539plane_game/altera_game/bullet.vhd   ;
; codepage.vhd                     ; yes             ; User VHDL File  ; G:/project/two/基于FPGA的飞机的小游戏/43680539plane_game/altera_game/codepage.vhd ;
; div1.vhd                         ; yes             ; User VHDL File  ; G:/project/two/基于FPGA的飞机的小游戏/43680539plane_game/altera_game/div1.vhd     ;
; enemy.vhd                        ; yes             ; User VHDL File  ; G:/project/two/基于FPGA的飞机的小游戏/43680539plane_game/altera_game/enemy.vhd    ;
; move.vhd                         ; yes             ; User VHDL File  ; G:/project/two/基于FPGA的飞机的小游戏/43680539plane_game/altera_game/move.vhd     ;
; picture.vhd                      ; yes             ; User VHDL File  ; G:/project/two/基于FPGA的飞机的小游戏/43680539plane_game/altera_game/picture.vhd  ;
; plane.vhd                        ; yes             ; User VHDL File  ; G:/project/two/基于FPGA的飞机的小游戏/43680539plane_game/altera_game/plane.vhd    ;
; vga.vhd                          ; yes             ; User VHDL File  ; G:/project/two/基于FPGA的飞机的小游戏/43680539plane_game/altera_game/vga.vhd      ;
+----------------------------------+-----------------+-----------------+-----------------------------------------------------------------------------------+


+-----------------------------------------------------+
; Analysis & Synthesis Resource Usage Summary         ;
+---------------------------------------------+-------+
; Resource                                    ; Usage ;
+---------------------------------------------+-------+
; Estimated Total logic elements              ; 1,611 ;
;                                             ;       ;
; Total combinational functions               ; 1603  ;
; Logic element usage by number of LUT inputs ;       ;
;     -- 4 input functions                    ; 727   ;
;     -- 3 input functions                    ; 437   ;
;     -- <=2 input functions                  ; 439   ;
;                                             ;       ;
; Logic elements by mode                      ;       ;
;     -- normal mode                          ; 1036  ;
;     -- arithmetic mode                      ; 567   ;
;                                             ;       ;
; Total registers                             ; 288   ;
;     -- Dedicated logic registers            ; 288   ;
;     -- I/O registers                        ; 0     ;
;                                             ;       ;
; I/O pins                                    ; 11    ;
; Maximum fan-out node                        ; reset ;
; Maximum fan-out                             ; 140   ;
; Total fan-out                               ; 5955  ;
; Average fan-out                             ; 3.13  ;
+---------------------------------------------+-------+


+------------------------------------------------------------------------------------------------------------------------------------------------------------------------------------+
; Analysis & Synthesis Resource Utilization by Entity                                                                                                                                ;
+----------------------------+-------------------+--------------+-------------+--------------+---------+-----------+------+--------------+----------------------------+--------------+
; Compilation Hierarchy Node ; LC Combinationals ; LC Registers ; Memory Bits ; DSP Elements ; DSP 9x9 ; DSP 18x18 ; Pins ; Virtual Pins ; Full Hierarchy Name        ; Library Name ;
+----------------------------+-------------------+--------------+-------------+--------------+---------+-----------+------+--------------+----------------------------+--------------+
; |game                      ; 1603 (2)          ; 288 (1)      ; 0           ; 0            ; 0       ; 0         ; 11   ; 0            ; |game                      ; work         ;
;    |div1:f|                ; 229 (229)         ; 99 (99)      ; 0           ; 0            ; 0       ; 0         ; 0    ; 0            ; |game|div1:f               ; work         ;
;    |move:b|                ; 378 (378)         ; 89 (89)      ; 0           ; 0            ; 0       ; 0         ; 0    ; 0            ; |game|move:b               ; work         ;
;    |picture:a|             ; 871 (325)         ; 33 (33)      ; 0           ; 0            ; 0       ; 0         ; 0    ; 0            ; |game|picture:a            ; work         ;
;       |bullet:c|           ; 8 (8)             ; 0 (0)        ; 0           ; 0            ; 0       ; 0         ; 0    ; 0            ; |game|picture:a|bullet:c   ; work         ;
;       |codepage:d|         ; 81 (81)           ; 0 (0)        ; 0           ; 0            ; 0       ; 0         ; 0    ; 0            ; |game|picture:a|codepage:d ; work         ;
;       |codepage:e|         ; 67 (67)           ; 0 (0)        ; 0           ; 0            ; 0       ; 0         ; 0    ; 0            ; |game|picture:a|codepage:e ; work         ;
;       |codepage:f|         ; 277 (277)         ; 0 (0)        ; 0           ; 0            ; 0       ; 0         ; 0    ; 0            ; |game|picture:a|codepage:f ; work         ;
;       |enemy:b1|           ; 36 (36)           ; 0 (0)        ; 0           ; 0            ; 0       ; 0         ; 0    ; 0            ; |game|picture:a|enemy:b1   ; work         ;
;       |enemy:b2|           ; 36 (36)           ; 0 (0)        ; 0           ; 0            ; 0       ; 0         ; 0    ; 0            ; |game|picture:a|enemy:b2   ; work         ;
;       |plane:a|            ; 41 (41)           ; 0 (0)        ; 0           ; 0            ; 0       ; 0         ; 0    ; 0            ; |game|picture:a|plane:a    ; work         ;
;    |vga:e|                 ; 123 (123)         ; 66 (66)      ; 0           ; 0            ; 0       ; 0         ; 0    ; 0            ; |game|vga:e                ; work         ;
+----------------------------+-------------------+--------------+-------------+--------------+---------+-----------+------+--------------+----------------------------+--------------+
Note: For table entries with two numbers listed, the numbers in parentheses indicate the number of resources of the given type used by the specific entity alone. The numbers listed outside of parentheses indicate the total resources of the given type used by the specific entity and all of its sub-entities in the hierarchy.


+---------------------------------------------------------------------------------+
; Registers Removed During Synthesis                                              ;
+----------------------------------------+----------------------------------------+
; Register name                          ; Reason for Removal                     ;
+----------------------------------------+----------------------------------------+
; picture:a|gameover_rgb[1..2]           ; Stuck at GND due to stuck port data_in ;
; picture:a|goal_rgb[2]                  ; Stuck at GND due to stuck port data_in ;
; picture:a|enemy2_rgb[0,2]              ; Stuck at GND due to stuck port data_in ;
; picture:a|enemy_rgb[0,2]               ; Stuck at GND due to stuck port data_in ;
; picture:a|plane_rgb[1..2]              ; Stuck at GND due to stuck port data_in ;
; move:b|bullet_x_tmp[0]                 ; Stuck at GND due to stuck port data_in ;
; move:b|bullet_y_tmp[0]                 ; Stuck at GND due to stuck port data_in ;
; picture:a|bullet_rgb[0,2]              ; Stuck at GND due to stuck port data_in ;
; picture:a|addr_g[7]                    ; Stuck at GND due to stuck port data_in ;
; picture:a|addr[8]                      ; Stuck at GND due to stuck port data_in ;
; picture:a|addr_g[8]                    ; Stuck at VCC due to stuck port data_in ;
; picture:a|addr[7]                      ; Stuck at VCC due to stuck port data_in ;
; Total Number of Removed Registers = 17 ;                                        ;
+----------------------------------------+----------------------------------------+


+------------------------------------------------------+
; General Register Statistics                          ;
+----------------------------------------------+-------+
; Statistic                                    ; Value ;
+----------------------------------------------+-------+
; Total registers                              ; 288   ;
; Number of registers using Synchronous Clear  ; 0     ;
; Number of registers using Synchronous Load   ; 41    ;
; Number of registers using Asynchronous Clear ; 138   ;
; Number of registers using Asynchronous Load  ; 0     ;
; Number of registers using Clock Enable       ; 114   ;
; Number of registers using Preset             ; 0     ;
+----------------------------------------------+-------+


+---------------------------------------------------+
; Inverted Register Statistics                      ;
+-----------------------------------------+---------+
; Inverted Register                       ; Fan out ;
+-----------------------------------------+---------+
; vga:e|hcnt[0]                           ; 12      ;
; vga:e|hs                                ; 1       ;
; vga:e|vs                                ; 1       ;
; vga:e|vcnt[0]                           ; 23      ;
; move:b|plane_x_tmp[8]                   ; 9       ;
; move:b|plane_x_tmp[6]                   ; 10      ;
; move:b|life_plane_tmp                   ; 16      ;
; move:b|enemy_y_tmp[5]                   ; 13      ;
; move:b|enemy_y_tmp[3]                   ; 8       ;
; move:b|enemy_x_tmp[8]                   ; 10      ;
; move:b|enemy_x_tmp[6]                   ; 9       ;
; move:b|enemy_y_tmp2[5]                  ; 13      ;
; move:b|enemy_y_tmp2[3]                  ; 8       ;
; move:b|enemy_x_tmp2[6]                  ; 9       ;
; move:b|enemy_x_tmp2[5]                  ; 13      ;
; move:b|enemy_x_tmp2[2]                  ; 10      ;
; move:b|dy_e[1]                          ; 1       ;
; move:b|dy_e[0]                          ; 1       ;
; move:b|dx_e[1]                          ; 1       ;
; move:b|dy_e2[1]                         ; 1       ;
; move:b|dx_e2[1]                         ; 1       ;
; move:b|dx_e2[0]                         ; 1       ;
; Total number of inverted registers = 22 ;         ;
+-----------------------------------------+---------+


+------------------------------------------------------------------------------------------------------------------------------------------------+
; Multiplexer Restructuring Statistics (Restructuring Performed)                                                                                 ;
+--------------------+-----------+---------------+----------------------+------------------------+------------+----------------------------------+
; Multiplexer Inputs ; Bus Width ; Baseline Area ; Area if Restructured ; Saving if Restructured ; Registered ; Example Multiplexer Output       ;
+--------------------+-----------+---------------+----------------------+------------------------+------------+----------------------------------+
; 3:1                ; 16 bits   ; 32 LEs        ; 16 LEs               ; 16 LEs                 ; Yes        ; |game|move:b|enemy_y_tmp[6]      ;
; 3:1                ; 15 bits   ; 30 LEs        ; 15 LEs               ; 15 LEs                 ; Yes        ; |game|move:b|enemy_y_tmp2[1]     ;
; 3:1                ; 31 bits   ; 62 LEs        ; 31 LEs               ; 31 LEs                 ; Yes        ; |game|vga:e|vcnt[6]              ;
; 3:1                ; 4 bits    ; 8 LEs         ; 0 LEs                ; 8 LEs                  ; Yes        ; |game|move:b|score_tmp[1]        ;
; 3:1                ; 31 bits   ; 62 LEs        ; 31 LEs               ; 31 LEs                 ; Yes        ; |game|div1:f|\process_2:cout[24] ;
; 3:1                ; 31 bits   ; 62 LEs        ; 31 LEs               ; 31 LEs                 ; Yes        ; |game|div1:f|\process_1:cout[1]  ;
; 3:1                ; 31 bits   ; 62 LEs        ; 31 LEs               ; 31 LEs                 ; Yes        ; |game|div1:f|cout[9]             ;
; 3:1                ; 3 bits    ; 6 LEs         ; 6 LEs                ; 0 LEs                  ; Yes        ; |game|picture:a|addr[4]          ;
; 5:1                ; 5 bits    ; 15 LEs        ; 10 LEs               ; 5 LEs                  ; Yes        ; |game|picture:a|addr_g[5]        ;
; 5:1                ; 3 bits    ; 9 LEs         ; 0 LEs                ; 9 LEs                  ; Yes        ; |game|picture:a|addr_g[1]        ;
; 10:1               ; 6 bits    ; 36 LEs        ; 36 LEs               ; 0 LEs                  ; Yes        ; |game|picture:a|addr_gg[3]       ;
; 10:1               ; 3 bits    ; 18 LEs        ; 0 LEs                ; 18 LEs                 ; Yes        ; |game|picture:a|addr_gg[0]       ;
; 3:1                ; 4 bits    ; 8 LEs         ; 4 LEs                ; 4 LEs                  ; Yes        ; |game|move:b|enemy_x_tmp[6]      ;
; 3:1                ; 5 bits    ; 10 LEs        ; 5 LEs                ; 5 LEs                  ; Yes        ; |game|move:b|enemy_x_tmp2[2]     ;
; 3:1                ; 3 bits    ; 6 LEs         ; 3 LEs                ; 3 LEs                  ; Yes        ; |game|move:b|dx_e[0]             ;
; 3:1                ; 2 bits    ; 4 LEs         ; 2 LEs                ; 2 LEs                  ; Yes        ; |game|move:b|dy_e[0]             ;
; 3:1                ; 3 bits    ; 6 LEs         ; 3 LEs                ; 3 LEs                  ; Yes        ; |game|move:b|dx_e2[1]            ;
; 3:1                ; 3 bits    ; 6 LEs         ; 3 LEs                ; 3 LEs                  ; Yes        ; |game|move:b|dy_e2[3]            ;
+--------------------+-----------+---------------+----------------------+------------------------+------------+----------------------------------+


+-------------------------------+
; Analysis & Synthesis Messages ;
+-------------------------------+
Info: *******************************************************************
Info: Running Quartus II Analysis & Synthesis
    Info: Version 9.0 Build 235 06/17/2009 Service Pack 2 SJ Web Edition
    Info: Processing started: Thu Apr 30 10:32:25 2015
Info: Command: quartus_map --read_settings_files=on --write_settings_files=off GG -c GG
Info: Found 2 design units, including 1 entities, in source file game.vhd
    Info: Found design unit 1: game-behav
    Info: Found entity 1: game
Info: Found 2 design units, including 1 entities, in source file bullet.vhd
    Info: Found design unit 1: bullet-Behavioral
    Info: Found entity 1: bullet
Info: Found 2 design units, including 1 entities, in source file codepage.vhd
    Info: Found design unit 1: codepage-Behavioral
    Info: Found entity 1: codepage
Info: Found 2 design units, including 1 entities, in source file div1.vhd
    Info: Found design unit 1: div1-reg
    Info: Found entity 1: div1
Info: Found 2 design units, including 1 entities, in source file enemy.vhd
    Info: Found design unit 1: enemy-Behavioral
    Info: Found entity 1: enemy
Info: Found 2 design units, including 1 entities, in source file move.vhd
    Info: Found design unit 1: move-Behavioral
    Info: Found entity 1: move
Info: Found 2 design units, including 1 entities, in source file picture.vhd
    Info: Found design unit 1: picture-Behavioral
    Info: Found entity 1: picture
Info: Found 2 design units, including 1 entities, in source file plane.vhd
    Info: Found design unit 1: plane-Behavioral
    Info: Found entity 1: plane
Info: Found 2 design units, including 1 entities, in source file vga.vhd
    Info: Found design unit 1: vga-behav
    Info: Found entity 1: vga
Info: Elaborating entity "game" for the top level hierarchy
Info: Elaborating entity "picture" for hierarchy "picture:a"
Info: Elaborating entity "plane" for hierarchy "picture:a|plane:a"
Info: Elaborating entity "enemy" for hierarchy "picture:a|enemy:b1"
Info: Elaborating entity "bullet" for hierarchy "picture:a|bullet:c"
Info: Elaborating entity "codepage" for hierarchy "picture:a|codepage:d"
Info: Elaborating entity "move" for hierarchy "move:b"
Warning (10631): VHDL Process Statement warning at move.vhd(76): inferring latch(es) for signal or variable "plane_x_tmp", which holds its previous value in one or more paths through the process
Warning (10631): VHDL Process Statement warning at move.vhd(76): inferring latch(es) for signal or variable "plane_y_tmp", which holds its previous value in one or more paths through the process
Info (10041): Inferred latch for "plane_y_tmp[0]" at move.vhd(76)
Info (10041): Inferred latch for "plane_y_tmp[1]" at move.vhd(76)
Info (10041): Inferred latch for "plane_y_tmp[2]" at move.vhd(76)
Info (10041): Inferred latch for "plane_y_tmp[3]" at move.vhd(76)
Info (10041): Inferred latch for "plane_y_tmp[4]" at move.vhd(76)
Info (10041): Inferred latch for "plane_y_tmp[5]" at move.vhd(76)
Info (10041): Inferred latch for "plane_y_tmp[6]" at move.vhd(76)
Info (10041): Inferred latch for "plane_y_tmp[7]" at move.vhd(76)
Info (10041): Inferred latch for "plane_y_tmp[8]" at move.vhd(76)
Info (10041): Inferred latch for "plane_y_tmp[9]" at move.vhd(76)
Info (10041): Inferred latch for "plane_x_tmp[0]" at move.vhd(76)
Info: Elaborating entity "vga" for hierarchy "vga:e"
Info: Elaborating entity "div1" for hierarchy "div1:f"
Warning (10492): VHDL Process Statement warning at div1.vhd(76): signal "q10hz" is read inside the Process Statement but isn't in the Process Statement's sensitivity list
Info: Registers with preset signals will power-up high
Info: DEV_CLRn pin will set, and not reset, register with preset signal due to NOT Gate Push-Back
Warning: Output pins are stuck at VCC or GND
    Warning (13410): Pin "pic_rgb[2]" is stuck at GND
Critical Warning: Ignored Power-Up Level option on the following registers
    Critical Warning: Register move:b|plane_x_tmp[8] will power up to High
    Critical Warning: Register move:b|plane_x_tmp[6] will power up to High
    Critical Warning: Register move:b|life_plane_tmp will power up to High
    Critical Warning: Register move:b|enemy_y_tmp[3] will power up to High
    Critical Warning: Register move:b|enemy_y_tmp[5] will power up to High
    Critical Warning: Register move:b|enemy_x_tmp[8] will power up to High
    Critical Warning: Register move:b|enemy_x_tmp[6] will power up to High
    Critical Warning: Register move:b|enemy_x_tmp2[2] will power up to High
    Critical Warning: Register move:b|enemy_y_tmp2[3] will power up to High
    Critical Warning: Register move:b|enemy_y_tmp2[5] will power up to High
    Critical Warning: Register move:b|enemy_x_tmp2[6] will power up to High
    Critical Warning: Register move:b|enemy_x_tmp2[5] will power up to High
    Critical Warning: Register move:b|dx_e[3] will power up to Low
    Critical Warning: Register move:b|dx_e[1] will power up to High
    Critical Warning: Register move:b|dx_e[0] will power up to Low
    Critical Warning: Register move:b|dy_e[3] will power up to Low
    Critical Warning: Register move:b|dy_e[1] will power up to High
    Critical Warning: Register move:b|dx_e2[3] will power up to Low
    Critical Warning: Register move:b|dx_e2[1] will power up to High
    Critical Warning: Register move:b|dy_e2[3] will power up to Low
    Critical Warning: Register move:b|dy_e2[1] will power up to High
    Critical Warning: Register move:b|dy_e2[0] will power up to Low
Info: Found the following redundant logic cells in design
    Info (17048): Logic cell "picture:a|Add0~0"
    Info (17048): Logic cell "picture:a|Add6~6"
    Info (17048): Logic cell "picture:a|Add7~6"
Info: Implemented 1630 device resources after synthesis - the final resource count might be different
    Info: Implemented 6 input pins
    Info: Implemented 5 output pins
    Info: Implemented 1619 logic cells
Info: Quartus II Analysis & Synthesis was successful. 0 errors, 28 warnings
    Info: Peak virtual memory: 200 megabytes
    Info: Processing ended: Thu Apr 30 10:33:15 2015
    Info: Elapsed time: 00:00:50
    Info: Total CPU time (on all processors): 00:00:48


