Analysis & Synthesis report for LCD1602_Update
Wed Oct 15 14:11:51 2014
Quartus II Version 9.0 Build 132 02/25/2009 SJ Full Version


---------------------
; Table of Contents ;
---------------------
  1. Legal Notice
  2. Analysis & Synthesis Summary
  3. Analysis & Synthesis Settings
  4. Analysis & Synthesis Source Files Read
  5. Analysis & Synthesis Resource Usage Summary
  6. Analysis & Synthesis Resource Utilization by Entity
  7. State Machine - |LCD1602_Update|Current_Disp
  8. General Register Statistics
  9. Inverted Register Statistics
 10. Multiplexer Restructuring Statistics (Restructuring Performed)
 11. Analysis & Synthesis Messages



----------------
; Legal Notice ;
----------------
Copyright (C) 1991-2009 Altera Corporation
Your use of Altera Corporation's design tools, logic functions 
and other software and tools, and its AMPP partner logic 
functions, and any output files from any of the foregoing 
(including device programming or simulation files), and any 
associated documentation or information are expressly subject 
to the terms and conditions of the Altera Program License 
Subscription Agreement, Altera MegaCore Function License 
Agreement, or other applicable license agreement, including, 
without limitation, that your use is for the sole purpose of 
programming logic devices manufactured by Altera and sold by 
Altera or its authorized distributors.  Please refer to the 
applicable agreement for further details.



+-------------------------------------------------------------------------------+
; Analysis & Synthesis Summary                                                  ;
+------------------------------------+------------------------------------------+
; Analysis & Synthesis Status        ; Successful - Wed Oct 15 14:11:51 2014    ;
; Quartus II Version                 ; 9.0 Build 132 02/25/2009 SJ Full Version ;
; Revision Name                      ; LCD1602_Update                           ;
; Top-level Entity Name              ; LCD1602_Update                           ;
; Family                             ; Cyclone II                               ;
; Total logic elements               ; 166                                      ;
;     Total combinational functions  ; 153                                      ;
;     Dedicated logic registers      ; 67                                       ;
; Total registers                    ; 67                                       ;
; Total pins                         ; 66                                       ;
; Total virtual pins                 ; 0                                        ;
; Total memory bits                  ; 0                                        ;
; Embedded Multiplier 9-bit elements ; 0                                        ;
; Total PLLs                         ; 0                                        ;
+------------------------------------+------------------------------------------+


+----------------------------------------------------------------------------------------------------------+
; Analysis & Synthesis Settings                                                                            ;
+----------------------------------------------------------------+--------------------+--------------------+
; Option                                                         ; Setting            ; Default Value      ;
+----------------------------------------------------------------+--------------------+--------------------+
; Device                                                         ; EP2C5T144C8        ;                    ;
; Top-level entity name                                          ; LCD1602_Update     ; LCD1602_Update     ;
; Family name                                                    ; Cyclone II         ; Stratix II         ;
; Use Generated Physical Constraints File                        ; Off                ;                    ;
; Use smart compilation                                          ; Off                ; Off                ;
; Restructure Multiplexers                                       ; Auto               ; Auto               ;
; Create Debugging Nodes for IP Cores                            ; Off                ; Off                ;
; Preserve fewer node names                                      ; On                 ; On                 ;
; Disable OpenCore Plus hardware evaluation                      ; Off                ; Off                ;
; Verilog Version                                                ; Verilog_2001       ; Verilog_2001       ;
; VHDL Version                                                   ; VHDL93             ; VHDL93             ;
; State Machine Processing                                       ; Auto               ; Auto               ;
; Safe State Machine                                             ; Off                ; Off                ;
; Extract Verilog State Machines                                 ; On                 ; On                 ;
; Extract VHDL State Machines                                    ; On                 ; On                 ;
; Ignore Verilog initial constructs                              ; Off                ; Off                ;
; Iteration limit for constant Verilog loops                     ; 5000               ; 5000               ;
; Iteration limit for non-constant Verilog loops                 ; 250                ; 250                ;
; Add Pass-Through Logic to Inferred RAMs                        ; On                 ; On                 ;
; Parallel Synthesis                                             ; Off                ; Off                ;
; DSP Block Balancing                                            ; Auto               ; Auto               ;
; NOT Gate Push-Back                                             ; On                 ; On                 ;
; Power-Up Don't Care                                            ; On                 ; On                 ;
; Remove Redundant Logic Cells                                   ; Off                ; Off                ;
; Remove Duplicate Registers                                     ; On                 ; On                 ;
; Ignore CARRY Buffers                                           ; Off                ; Off                ;
; Ignore CASCADE Buffers                                         ; Off                ; Off                ;
; Ignore GLOBAL Buffers                                          ; Off                ; Off                ;
; Ignore ROW GLOBAL Buffers                                      ; Off                ; Off                ;
; Ignore LCELL Buffers                                           ; Off                ; Off                ;
; Ignore SOFT Buffers                                            ; On                 ; On                 ;
; Limit AHDL Integers to 32 Bits                                 ; Off                ; Off                ;
; Optimization Technique                                         ; Balanced           ; Balanced           ;
; Carry Chain Length                                             ; 70                 ; 70                 ;
; Auto Carry Chains                                              ; On                 ; On                 ;
; Auto Open-Drain Pins                                           ; On                 ; On                 ;
; Perform WYSIWYG Primitive Resynthesis                          ; Off                ; Off                ;
; Auto ROM Replacement                                           ; On                 ; On                 ;
; Auto RAM Replacement                                           ; On                 ; On                 ;
; Auto Shift Register Replacement                                ; Auto               ; Auto               ;
; Auto Clock Enable Replacement                                  ; On                 ; On                 ;
; Strict RAM Replacement                                         ; Off                ; Off                ;
; Allow Synchronous Control Signals                              ; On                 ; On                 ;
; Force Use of Synchronous Clear Signals                         ; Off                ; Off                ;
; Auto RAM to Logic Cell Conversion                              ; Off                ; Off                ;
; Auto Resource Sharing                                          ; Off                ; Off                ;
; Allow Any RAM Size For Recognition                             ; Off                ; Off                ;
; Allow Any ROM Size For Recognition                             ; Off                ; Off                ;
; Allow Any Shift Register Size For Recognition                  ; Off                ; Off                ;
; Use LogicLock Constraints during Resource Balancing            ; On                 ; On                 ;
; Ignore translate_off and synthesis_off directives              ; Off                ; Off                ;
; Timing-Driven Synthesis                                        ; Off                ; Off                ;
; Show Parameter Settings Tables in Synthesis Report             ; On                 ; On                 ;
; Ignore Maximum Fan-Out Assignments                             ; Off                ; Off                ;
; Synchronization Register Chain Length                          ; 2                  ; 2                  ;
; PowerPlay Power Optimization                                   ; Normal compilation ; Normal compilation ;
; HDL message level                                              ; Level2             ; Level2             ;
; Suppress Register Optimization Related Messages                ; Off                ; Off                ;
; Number of Removed Registers Reported in Synthesis Report       ; 100                ; 100                ;
; Number of Inverted Registers Reported in Synthesis Report      ; 100                ; 100                ;
; Clock MUX Protection                                           ; On                 ; On                 ;
; Auto Gated Clock Conversion                                    ; Off                ; Off                ;
; Block Design Naming                                            ; Auto               ; Auto               ;
; SDC constraint protection                                      ; Off                ; Off                ;
; Synthesis Effort                                               ; Auto               ; Auto               ;
; Allows Asynchronous Clear Usage For Shift Register Replacement ; On                 ; On                 ;
; Analysis & Synthesis Message Level                             ; Medium             ; Medium             ;
+----------------------------------------------------------------+--------------------+--------------------+


+-------------------------------------------------------------------------------------------------------------------------------------------------------+
; Analysis & Synthesis Source Files Read                                                                                                                ;
+----------------------------------+-----------------+-----------------+--------------------------------------------------------------------------------+
; File Name with User-Entered Path ; Used in Netlist ; File Type       ; File Name with Absolute Path                                                   ;
+----------------------------------+-----------------+-----------------+--------------------------------------------------------------------------------+
; LCD1602_Update.vhd               ; yes             ; User VHDL File  ; C:/Documents and Settings/Administrator/×ÀÃæ/LCD1602_Update/LCD1602_Update.vhd ;
+----------------------------------+-----------------+-----------------+--------------------------------------------------------------------------------+


+---------------------------------------------------------+
; Analysis & Synthesis Resource Usage Summary             ;
+---------------------------------------------+-----------+
; Resource                                    ; Usage     ;
+---------------------------------------------+-----------+
; Estimated Total logic elements              ; 166       ;
;                                             ;           ;
; Total combinational functions               ; 153       ;
; Logic element usage by number of LUT inputs ;           ;
;     -- 4 input functions                    ; 92        ;
;     -- 3 input functions                    ; 24        ;
;     -- <=2 input functions                  ; 37        ;
;                                             ;           ;
; Logic elements by mode                      ;           ;
;     -- normal mode                          ; 128       ;
;     -- arithmetic mode                      ; 25        ;
;                                             ;           ;
; Total registers                             ; 67        ;
;     -- Dedicated logic registers            ; 67        ;
;     -- I/O registers                        ; 0         ;
;                                             ;           ;
; I/O pins                                    ; 66        ;
; Maximum fan-out node                        ; Clk_100us ;
; Maximum fan-out                             ; 52        ;
; Total fan-out                               ; 763       ;
; Average fan-out                             ; 2.67      ;
+---------------------------------------------+-----------+


+-----------------------------------------------------------------------------------------------------------------------------------------------------------------------------+
; Analysis & Synthesis Resource Utilization by Entity                                                                                                                         ;
+----------------------------+-------------------+--------------+-------------+--------------+---------+-----------+------+--------------+---------------------+--------------+
; Compilation Hierarchy Node ; LC Combinationals ; LC Registers ; Memory Bits ; DSP Elements ; DSP 9x9 ; DSP 18x18 ; Pins ; Virtual Pins ; Full Hierarchy Name ; Library Name ;
+----------------------------+-------------------+--------------+-------------+--------------+---------+-----------+------+--------------+---------------------+--------------+
; |LCD1602_Update            ; 153 (153)         ; 67 (67)      ; 0           ; 0            ; 0       ; 0         ; 66   ; 0            ; |LCD1602_Update     ; work         ;
+----------------------------+-------------------+--------------+-------------+--------------+---------+-----------+------+--------------+---------------------+--------------+
Note: For table entries with two numbers listed, the numbers in parentheses indicate the number of resources of the given type used by the specific entity alone. The numbers listed outside of parentheses indicate the total resources of the given type used by the specific entity and all of its sub-entities in the hierarchy.


Encoding Type:  One-Hot
+------------------------------------------------------------------------------------------------------------------------------------------------------------------------------------------------------------------------------------------------------------------------------------------------------------------------------------------------------------------------------------------------------------------------------------------------------------------------------------------------------------------------------------------------------------+
; State Machine - |LCD1602_Update|Current_Disp                                                                                                                                                                                                                                                                                                                                                                                                                                                                                                               ;
+------------------------+------------------------+------------------------+------------------------+------------------------+------------------------+------------------------+------------------------+------------------------+------------------------+------------------------+------------------------+------------------------+-----------------------+-----------------------+-----------------------+-----------------------+-----------------------+-----------------------+-----------------------+-----------------------+-----------------------+
; Name                   ; Current_Disp.st_disp21 ; Current_Disp.st_disp20 ; Current_Disp.st_disp19 ; Current_Disp.st_disp18 ; Current_Disp.st_disp17 ; Current_Disp.st_disp16 ; Current_Disp.st_disp15 ; Current_Disp.st_disp14 ; Current_Disp.st_disp13 ; Current_Disp.st_disp12 ; Current_Disp.st_disp11 ; Current_Disp.st_disp10 ; Current_Disp.st_disp9 ; Current_Disp.st_disp8 ; Current_Disp.st_disp7 ; Current_Disp.st_disp6 ; Current_Disp.st_disp5 ; Current_Disp.st_disp4 ; Current_Disp.st_disp3 ; Current_Disp.st_disp2 ; Current_Disp.st_disp1 ;
+------------------------+------------------------+------------------------+------------------------+------------------------+------------------------+------------------------+------------------------+------------------------+------------------------+------------------------+------------------------+------------------------+-----------------------+-----------------------+-----------------------+-----------------------+-----------------------+-----------------------+-----------------------+-----------------------+-----------------------+
; Current_Disp.st_disp1  ; 0                      ; 0                      ; 0                      ; 0                      ; 0                      ; 0                      ; 0                      ; 0                      ; 0                      ; 0                      ; 0                      ; 0                      ; 0                     ; 0                     ; 0                     ; 0                     ; 0                     ; 0                     ; 0                     ; 0                     ; 0                     ;
; Current_Disp.st_disp2  ; 0                      ; 0                      ; 0                      ; 0                      ; 0                      ; 0                      ; 0                      ; 0                      ; 0                      ; 0                      ; 0                      ; 0                      ; 0                     ; 0                     ; 0                     ; 0                     ; 0                     ; 0                     ; 0                     ; 1                     ; 1                     ;
; Current_Disp.st_disp3  ; 0                      ; 0                      ; 0                      ; 0                      ; 0                      ; 0                      ; 0                      ; 0                      ; 0                      ; 0                      ; 0                      ; 0                      ; 0                     ; 0                     ; 0                     ; 0                     ; 0                     ; 0                     ; 1                     ; 0                     ; 1                     ;
; Current_Disp.st_disp4  ; 0                      ; 0                      ; 0                      ; 0                      ; 0                      ; 0                      ; 0                      ; 0                      ; 0                      ; 0                      ; 0                      ; 0                      ; 0                     ; 0                     ; 0                     ; 0                     ; 0                     ; 1                     ; 0                     ; 0                     ; 1                     ;
; Current_Disp.st_disp5  ; 0                      ; 0                      ; 0                      ; 0                      ; 0                      ; 0                      ; 0                      ; 0                      ; 0                      ; 0                      ; 0                      ; 0                      ; 0                     ; 0                     ; 0                     ; 0                     ; 1                     ; 0                     ; 0                     ; 0                     ; 1                     ;
; Current_Disp.st_disp6  ; 0                      ; 0                      ; 0                      ; 0                      ; 0                      ; 0                      ; 0                      ; 0                      ; 0                      ; 0                      ; 0                      ; 0                      ; 0                     ; 0                     ; 0                     ; 1                     ; 0                     ; 0                     ; 0                     ; 0                     ; 1                     ;
; Current_Disp.st_disp7  ; 0                      ; 0                      ; 0                      ; 0                      ; 0                      ; 0                      ; 0                      ; 0                      ; 0                      ; 0                      ; 0                      ; 0                      ; 0                     ; 0                     ; 1                     ; 0                     ; 0                     ; 0                     ; 0                     ; 0                     ; 1                     ;
; Current_Disp.st_disp8  ; 0                      ; 0                      ; 0                      ; 0                      ; 0                      ; 0                      ; 0                      ; 0                      ; 0                      ; 0                      ; 0                      ; 0                      ; 0                     ; 1                     ; 0                     ; 0                     ; 0                     ; 0                     ; 0                     ; 0                     ; 1                     ;
; Current_Disp.st_disp9  ; 0                      ; 0                      ; 0                      ; 0                      ; 0                      ; 0                      ; 0                      ; 0                      ; 0                      ; 0                      ; 0                      ; 0                      ; 1                     ; 0                     ; 0                     ; 0                     ; 0                     ; 0                     ; 0                     ; 0                     ; 1                     ;
; Current_Disp.st_disp10 ; 0                      ; 0                      ; 0                      ; 0                      ; 0                      ; 0                      ; 0                      ; 0                      ; 0                      ; 0                      ; 0                      ; 1                      ; 0                     ; 0                     ; 0                     ; 0                     ; 0                     ; 0                     ; 0                     ; 0                     ; 1                     ;
; Current_Disp.st_disp11 ; 0                      ; 0                      ; 0                      ; 0                      ; 0                      ; 0                      ; 0                      ; 0                      ; 0                      ; 0                      ; 1                      ; 0                      ; 0                     ; 0                     ; 0                     ; 0                     ; 0                     ; 0                     ; 0                     ; 0                     ; 1                     ;
; Current_Disp.st_disp12 ; 0                      ; 0                      ; 0                      ; 0                      ; 0                      ; 0                      ; 0                      ; 0                      ; 0                      ; 1                      ; 0                      ; 0                      ; 0                     ; 0                     ; 0                     ; 0                     ; 0                     ; 0                     ; 0                     ; 0                     ; 1                     ;
; Current_Disp.st_disp13 ; 0                      ; 0                      ; 0                      ; 0                      ; 0                      ; 0                      ; 0                      ; 0                      ; 1                      ; 0                      ; 0                      ; 0                      ; 0                     ; 0                     ; 0                     ; 0                     ; 0                     ; 0                     ; 0                     ; 0                     ; 1                     ;
; Current_Disp.st_disp14 ; 0                      ; 0                      ; 0                      ; 0                      ; 0                      ; 0                      ; 0                      ; 1                      ; 0                      ; 0                      ; 0                      ; 0                      ; 0                     ; 0                     ; 0                     ; 0                     ; 0                     ; 0                     ; 0                     ; 0                     ; 1                     ;
; Current_Disp.st_disp15 ; 0                      ; 0                      ; 0                      ; 0                      ; 0                      ; 0                      ; 1                      ; 0                      ; 0                      ; 0                      ; 0                      ; 0                      ; 0                     ; 0                     ; 0                     ; 0                     ; 0                     ; 0                     ; 0                     ; 0                     ; 1                     ;
; Current_Disp.st_disp16 ; 0                      ; 0                      ; 0                      ; 0                      ; 0                      ; 1                      ; 0                      ; 0                      ; 0                      ; 0                      ; 0                      ; 0                      ; 0                     ; 0                     ; 0                     ; 0                     ; 0                     ; 0                     ; 0                     ; 0                     ; 1                     ;
; Current_Disp.st_disp17 ; 0                      ; 0                      ; 0                      ; 0                      ; 1                      ; 0                      ; 0                      ; 0                      ; 0                      ; 0                      ; 0                      ; 0                      ; 0                     ; 0                     ; 0                     ; 0                     ; 0                     ; 0                     ; 0                     ; 0                     ; 1                     ;
; Current_Disp.st_disp18 ; 0                      ; 0                      ; 0                      ; 1                      ; 0                      ; 0                      ; 0                      ; 0                      ; 0                      ; 0                      ; 0                      ; 0                      ; 0                     ; 0                     ; 0                     ; 0                     ; 0                     ; 0                     ; 0                     ; 0                     ; 1                     ;
; Current_Disp.st_disp19 ; 0                      ; 0                      ; 1                      ; 0                      ; 0                      ; 0                      ; 0                      ; 0                      ; 0                      ; 0                      ; 0                      ; 0                      ; 0                     ; 0                     ; 0                     ; 0                     ; 0                     ; 0                     ; 0                     ; 0                     ; 1                     ;
; Current_Disp.st_disp20 ; 0                      ; 1                      ; 0                      ; 0                      ; 0                      ; 0                      ; 0                      ; 0                      ; 0                      ; 0                      ; 0                      ; 0                      ; 0                     ; 0                     ; 0                     ; 0                     ; 0                     ; 0                     ; 0                     ; 0                     ; 1                     ;
; Current_Disp.st_disp21 ; 1                      ; 0                      ; 0                      ; 0                      ; 0                      ; 0                      ; 0                      ; 0                      ; 0                      ; 0                      ; 0                      ; 0                      ; 0                     ; 0                     ; 0                     ; 0                     ; 0                     ; 0                     ; 0                     ; 0                     ; 1                     ;
+------------------------+------------------------+------------------------+------------------------+------------------------+------------------------+------------------------+------------------------+------------------------+------------------------+------------------------+------------------------+------------------------+-----------------------+-----------------------+-----------------------+-----------------------+-----------------------+-----------------------+-----------------------+-----------------------+-----------------------+


+------------------------------------------------------+
; General Register Statistics                          ;
+----------------------------------------------+-------+
; Statistic                                    ; Value ;
+----------------------------------------------+-------+
; Total registers                              ; 67    ;
; Number of registers using Synchronous Clear  ; 27    ;
; Number of registers using Synchronous Load   ; 0     ;
; Number of registers using Asynchronous Clear ; 52    ;
; Number of registers using Asynchronous Load  ; 0     ;
; Number of registers using Clock Enable       ; 32    ;
; Number of registers using Preset             ; 0     ;
+----------------------------------------------+-------+


+--------------------------------------------------+
; Inverted Register Statistics                     ;
+----------------------------------------+---------+
; Inverted Register                      ; Fan out ;
+----------------------------------------+---------+
; data_out[5]                            ; 2       ;
; Total number of inverted registers = 1 ;         ;
+----------------------------------------+---------+


+-----------------------------------------------------------------------------------------------------------------------------------------------------------+
; Multiplexer Restructuring Statistics (Restructuring Performed)                                                                                            ;
+--------------------+-----------+---------------+----------------------+------------------------+------------+---------------------------------------------+
; Multiplexer Inputs ; Bus Width ; Baseline Area ; Area if Restructured ; Saving if Restructured ; Registered ; Example Multiplexer Output                  ;
+--------------------+-----------+---------------+----------------------+------------------------+------------+---------------------------------------------+
; 3:1                ; 13 bits   ; 26 LEs        ; 13 LEs               ; 13 LEs                 ; Yes        ; |LCD1602_Update|\Proc_CLK_100us:cnt_clk[11] ;
; 7:1                ; 7 bits    ; 28 LEs        ; 28 LEs               ; 0 LEs                  ; Yes        ; |LCD1602_Update|data_out[7]                 ;
; 4:1                ; 3 bits    ; 6 LEs         ; 3 LEs                ; 3 LEs                  ; Yes        ; |LCD1602_Update|\Proc_Display:cnt_rw[0]     ;
; 11:1               ; 14 bits   ; 98 LEs        ; 14 LEs               ; 84 LEs                 ; Yes        ; |LCD1602_Update|\Proc_Display:cnt_disp[2]   ;
+--------------------+-----------+---------------+----------------------+------------------------+------------+---------------------------------------------+


+-------------------------------+
; Analysis & Synthesis Messages ;
+-------------------------------+
Info: *******************************************************************
Info: Running Quartus II Analysis & Synthesis
    Info: Version 9.0 Build 132 02/25/2009 SJ Full Version
    Info: Processing started: Wed Oct 15 14:11:44 2014
Info: Command: quartus_map --read_settings_files=on --write_settings_files=off LCD1602_Update -c LCD1602_Update
Info: Found 2 design units, including 1 entities, in source file LCD1602_Update.vhd
    Info: Found design unit 1: LCD1602_Update-Behavioral
    Info: Found entity 1: LCD1602_Update
Info: Elaborating entity "LCD1602_Update" for the top level hierarchy
Warning (10631): VHDL Process Statement warning at LCD1602_Update.vhd(61): inferring latch(es) for signal or variable "LCD_RW", which holds its previous value in one or more paths through the process
Info (10041): Inferred latch for "LCD_RW" at LCD1602_Update.vhd(61)
Info: Registers with preset signals will power-up high
Info: DEV_CLRn pin will set, and not reset, register with preset signal due to NOT Gate Push-Back
Warning: Output pins are stuck at VCC or GND
    Warning (13410): Pin "LCD_RW" is stuck at GND
    Warning (13410): Pin "back_light" is stuck at VCC
Info: Implemented 234 device resources after synthesis - the final resource count might be different
    Info: Implemented 58 input pins
    Info: Implemented 8 output pins
    Info: Implemented 168 logic cells
Info: Quartus II Analysis & Synthesis was successful. 0 errors, 4 warnings
    Info: Peak virtual memory: 193 megabytes
    Info: Processing ended: Wed Oct 15 14:11:52 2014
    Info: Elapsed time: 00:00:08
    Info: Total CPU time (on all processors): 00:00:06


