Analysis & Synthesis report for trafficlight
Sun Mar 22 21:04:29 2015
Quartus II Version 9.0 Build 235 06/17/2009 Service Pack 2 SJ Web Edition


---------------------
; Table of Contents ;
---------------------
  1. Legal Notice
  2. Analysis & Synthesis Summary
  3. Analysis & Synthesis Settings
  4. Analysis & Synthesis Source Files Read
  5. Analysis & Synthesis Resource Usage Summary
  6. Analysis & Synthesis Resource Utilization by Entity
  7. State Machine - |trafficlight|state_machine:inst3|next_state
  8. Registers Removed During Synthesis
  9. General Register Statistics
 10. Inverted Register Statistics
 11. Multiplexer Restructuring Statistics (Restructuring Performed)
 12. Analysis & Synthesis Messages



----------------
; Legal Notice ;
----------------
Copyright (C) 1991-2009 Altera Corporation
Your use of Altera Corporation's design tools, logic functions 
and other software and tools, and its AMPP partner logic 
functions, and any output files from any of the foregoing 
(including device programming or simulation files), and any 
associated documentation or information are expressly subject 
to the terms and conditions of the Altera Program License 
Subscription Agreement, Altera MegaCore Function License 
Agreement, or other applicable license agreement, including, 
without limitation, that your use is for the sole purpose of 
programming logic devices manufactured by Altera and sold by 
Altera or its authorized distributors.  Please refer to the 
applicable agreement for further details.



+-----------------------------------------------------------------------------------+
; Analysis & Synthesis Summary                                                      ;
+------------------------------------+----------------------------------------------+
; Analysis & Synthesis Status        ; Successful - Sun Mar 22 21:04:29 2015        ;
; Quartus II Version                 ; 9.0 Build 235 06/17/2009 SP 2 SJ Web Edition ;
; Revision Name                      ; trafficlight                                 ;
; Top-level Entity Name              ; trafficlight                                 ;
; Family                             ; Cyclone II                                   ;
; Total logic elements               ; 184                                          ;
;     Total combinational functions  ; 173                                          ;
;     Dedicated logic registers      ; 87                                           ;
; Total registers                    ; 87                                           ;
; Total pins                         ; 22                                           ;
; Total virtual pins                 ; 0                                            ;
; Total memory bits                  ; 0                                            ;
; Embedded Multiplier 9-bit elements ; 0                                            ;
; Total PLLs                         ; 0                                            ;
+------------------------------------+----------------------------------------------+


+--------------------------------------------------------------------------------------------------------+
; Analysis & Synthesis Settings                                                                          ;
+--------------------------------------------------------------+--------------------+--------------------+
; Option                                                       ; Setting            ; Default Value      ;
+--------------------------------------------------------------+--------------------+--------------------+
; Device                                                       ; EP2C5T144C8        ;                    ;
; Top-level entity name                                        ; trafficlight       ; trafficlight       ;
; Family name                                                  ; Cyclone II         ; Stratix            ;
; Use smart compilation                                        ; Off                ; Off                ;
; Restructure Multiplexers                                     ; Auto               ; Auto               ;
; Create Debugging Nodes for IP Cores                          ; Off                ; Off                ;
; Preserve fewer node names                                    ; On                 ; On                 ;
; Disable OpenCore Plus hardware evaluation                    ; Off                ; Off                ;
; Verilog Version                                              ; Verilog_2001       ; Verilog_2001       ;
; VHDL Version                                                 ; VHDL93             ; VHDL93             ;
; State Machine Processing                                     ; Auto               ; Auto               ;
; Safe State Machine                                           ; Off                ; Off                ;
; Extract Verilog State Machines                               ; On                 ; On                 ;
; Extract VHDL State Machines                                  ; On                 ; On                 ;
; Ignore Verilog initial constructs                            ; Off                ; Off                ;
; Iteration limit for constant Verilog loops                   ; 5000               ; 5000               ;
; Iteration limit for non-constant Verilog loops               ; 250                ; 250                ;
; Add Pass-Through Logic to Inferred RAMs                      ; On                 ; On                 ;
; Parallel Synthesis                                           ; Off                ; Off                ;
; DSP Block Balancing                                          ; Auto               ; Auto               ;
; NOT Gate Push-Back                                           ; On                 ; On                 ;
; Power-Up Don't Care                                          ; On                 ; On                 ;
; Remove Redundant Logic Cells                                 ; Off                ; Off                ;
; Remove Duplicate Registers                                   ; On                 ; On                 ;
; Ignore CARRY Buffers                                         ; Off                ; Off                ;
; Ignore CASCADE Buffers                                       ; Off                ; Off                ;
; Ignore GLOBAL Buffers                                        ; Off                ; Off                ;
; Ignore ROW GLOBAL Buffers                                    ; Off                ; Off                ;
; Ignore LCELL Buffers                                         ; Off                ; Off                ;
; Ignore SOFT Buffers                                          ; On                 ; On                 ;
; Limit AHDL Integers to 32 Bits                               ; Off                ; Off                ;
; Optimization Technique                                       ; Balanced           ; Balanced           ;
; Carry Chain Length                                           ; 70                 ; 70                 ;
; Auto Carry Chains                                            ; On                 ; On                 ;
; Auto Open-Drain Pins                                         ; On                 ; On                 ;
; Perform WYSIWYG Primitive Resynthesis                        ; Off                ; Off                ;
; Auto ROM Replacement                                         ; On                 ; On                 ;
; Auto RAM Replacement                                         ; On                 ; On                 ;
; Auto Shift Register Replacement                              ; Auto               ; Auto               ;
; Auto Clock Enable Replacement                                ; On                 ; On                 ;
; Strict RAM Replacement                                       ; Off                ; Off                ;
; Allow Synchronous Control Signals                            ; On                 ; On                 ;
; Force Use of Synchronous Clear Signals                       ; Off                ; Off                ;
; Auto RAM to Logic Cell Conversion                            ; Off                ; Off                ;
; Auto Resource Sharing                                        ; Off                ; Off                ;
; Allow Any RAM Size For Recognition                           ; Off                ; Off                ;
; Allow Any ROM Size For Recognition                           ; Off                ; Off                ;
; Allow Any Shift Register Size For Recognition                ; Off                ; Off                ;
; Use LogicLock Constraints during Resource Balancing          ; On                 ; On                 ;
; Ignore translate_off and synthesis_off directives            ; Off                ; Off                ;
; Timing-Driven Synthesis                                      ; Off                ; Off                ;
; Show Parameter Settings Tables in Synthesis Report           ; On                 ; On                 ;
; Ignore Maximum Fan-Out Assignments                           ; Off                ; Off                ;
; Synchronization Register Chain Length                        ; 2                  ; 2                  ;
; PowerPlay Power Optimization                                 ; Normal compilation ; Normal compilation ;
; HDL message level                                            ; Level2             ; Level2             ;
; Suppress Register Optimization Related Messages              ; Off                ; Off                ;
; Number of Removed Registers Reported in Synthesis Report     ; 100                ; 100                ;
; Number of Inverted Registers Reported in Synthesis Report    ; 100                ; 100                ;
; Clock MUX Protection                                         ; On                 ; On                 ;
; Auto Gated Clock Conversion                                  ; Off                ; Off                ;
; Block Design Naming                                          ; Auto               ; Auto               ;
; SDC constraint protection                                    ; Off                ; Off                ;
; Synthesis Effort                                             ; Auto               ; Auto               ;
; Shift Register Replacement - Allow Asynchronous Clear Signal ; On                 ; On                 ;
; Analysis & Synthesis Message Level                           ; Medium             ; Medium             ;
+--------------------------------------------------------------+--------------------+--------------------+


+----------------------------------------------------------------------------------------------------------------------------------------------------------------------+
; Analysis & Synthesis Source Files Read                                                                                                                               ;
+----------------------------------+-----------------+------------------------------------+----------------------------------------------------------------------------+
; File Name with User-Entered Path ; Used in Netlist ; File Type                          ; File Name with Absolute Path                                               ;
+----------------------------------+-----------------+------------------------------------+----------------------------------------------------------------------------+
; trafficlight.bdf                 ; yes             ; User Block Diagram/Schematic File  ; G:/project/two/基于FPGA的交通信号灯设计/trafficlight_rtl/trafficlight.bdf  ;
; seg.vhd                          ; yes             ; User VHDL File                     ; G:/project/two/基于FPGA的交通信号灯设计/trafficlight_rtl/seg.vhd           ;
; clk_div.vhd                      ; yes             ; User VHDL File                     ; G:/project/two/基于FPGA的交通信号灯设计/trafficlight_rtl/clk_div.vhd       ;
; state_machine.vhd                ; yes             ; User VHDL File                     ; G:/project/two/基于FPGA的交通信号灯设计/trafficlight_rtl/state_machine.vhd ;
+----------------------------------+-----------------+------------------------------------+----------------------------------------------------------------------------+


+-------------------------------------------------------+
; Analysis & Synthesis Resource Usage Summary           ;
+---------------------------------------------+---------+
; Resource                                    ; Usage   ;
+---------------------------------------------+---------+
; Estimated Total logic elements              ; 184     ;
;                                             ;         ;
; Total combinational functions               ; 173     ;
; Logic element usage by number of LUT inputs ;         ;
;     -- 4 input functions                    ; 78      ;
;     -- 3 input functions                    ; 12      ;
;     -- <=2 input functions                  ; 83      ;
;                                             ;         ;
; Logic elements by mode                      ;         ;
;     -- normal mode                          ; 131     ;
;     -- arithmetic mode                      ; 42      ;
;                                             ;         ;
; Total registers                             ; 87      ;
;     -- Dedicated logic registers            ; 87      ;
;     -- I/O registers                        ; 0       ;
;                                             ;         ;
; I/O pins                                    ; 22      ;
; Maximum fan-out node                        ; reset_n ;
; Maximum fan-out                             ; 65      ;
; Total fan-out                               ; 807     ;
; Average fan-out                             ; 2.86    ;
+---------------------------------------------+---------+


+-------------------------------------------------------------------------------------------------------------------------------------------------------------------------------------------+
; Analysis & Synthesis Resource Utilization by Entity                                                                                                                                       ;
+----------------------------+-------------------+--------------+-------------+--------------+---------+-----------+------+--------------+-----------------------------------+--------------+
; Compilation Hierarchy Node ; LC Combinationals ; LC Registers ; Memory Bits ; DSP Elements ; DSP 9x9 ; DSP 18x18 ; Pins ; Virtual Pins ; Full Hierarchy Name               ; Library Name ;
+----------------------------+-------------------+--------------+-------------+--------------+---------+-----------+------+--------------+-----------------------------------+--------------+
; |trafficlight              ; 173 (0)           ; 87 (0)       ; 0           ; 0            ; 0       ; 0         ; 22   ; 0            ; |trafficlight                     ; work         ;
;    |clk_div:inst|          ; 47 (47)           ; 26 (26)      ; 0           ; 0            ; 0       ; 0         ; 0    ; 0            ; |trafficlight|clk_div:inst        ; work         ;
;    |seg:inst1|             ; 43 (43)           ; 28 (28)      ; 0           ; 0            ; 0       ; 0         ; 0    ; 0            ; |trafficlight|seg:inst1           ; work         ;
;    |state_machine:inst3|   ; 83 (83)           ; 33 (33)      ; 0           ; 0            ; 0       ; 0         ; 0    ; 0            ; |trafficlight|state_machine:inst3 ; work         ;
+----------------------------+-------------------+--------------+-------------+--------------+---------+-----------+------+--------------+-----------------------------------+--------------+
Note: For table entries with two numbers listed, the numbers in parentheses indicate the number of resources of the given type used by the specific entity alone. The numbers listed outside of parentheses indicate the total resources of the given type used by the specific entity and all of its sub-entities in the hierarchy.


Encoding Type:  One-Hot
+-----------------------------------------------------------------------------------------------+
; State Machine - |trafficlight|state_machine:inst3|next_state                                  ;
+---------------+---------------+---------------+---------------+---------------+---------------+
; Name          ; next_state.s4 ; next_state.s3 ; next_state.s2 ; next_state.s1 ; next_state.s0 ;
+---------------+---------------+---------------+---------------+---------------+---------------+
; next_state.s0 ; 0             ; 0             ; 0             ; 0             ; 0             ;
; next_state.s1 ; 0             ; 0             ; 0             ; 1             ; 1             ;
; next_state.s2 ; 0             ; 0             ; 1             ; 0             ; 1             ;
; next_state.s3 ; 0             ; 1             ; 0             ; 0             ; 1             ;
; next_state.s4 ; 1             ; 0             ; 0             ; 0             ; 1             ;
+---------------+---------------+---------------+---------------+---------------+---------------+


+--------------------------------------------------------------------------------+
; Registers Removed During Synthesis                                             ;
+---------------------------------------+----------------------------------------+
; Register name                         ; Reason for Removal                     ;
+---------------------------------------+----------------------------------------+
; seg:inst1|seg_duan[7]                 ; Stuck at VCC due to stuck port data_in ;
; Total Number of Removed Registers = 1 ;                                        ;
+---------------------------------------+----------------------------------------+


+------------------------------------------------------+
; General Register Statistics                          ;
+----------------------------------------------+-------+
; Statistic                                    ; Value ;
+----------------------------------------------+-------+
; Total registers                              ; 87    ;
; Number of registers using Synchronous Clear  ; 0     ;
; Number of registers using Synchronous Load   ; 4     ;
; Number of registers using Asynchronous Clear ; 76    ;
; Number of registers using Asynchronous Load  ; 0     ;
; Number of registers using Clock Enable       ; 23    ;
; Number of registers using Preset             ; 0     ;
+----------------------------------------------+-------+


+--------------------------------------------------+
; Inverted Register Statistics                     ;
+----------------------------------------+---------+
; Inverted Register                      ; Fan out ;
+----------------------------------------+---------+
; state_machine:inst3|red1               ; 1       ;
; state_machine:inst3|red2               ; 1       ;
; state_machine:inst3|second_count_ge[0] ; 9       ;
; Total number of inverted registers = 3 ;         ;
+----------------------------------------+---------+


+---------------------------------------------------------------------------------------------------------------------------------------------------------------------+
; Multiplexer Restructuring Statistics (Restructuring Performed)                                                                                                      ;
+--------------------+-----------+---------------+----------------------+------------------------+------------+-------------------------------------------------------+
; Multiplexer Inputs ; Bus Width ; Baseline Area ; Area if Restructured ; Saving if Restructured ; Registered ; Example Multiplexer Output                            ;
+--------------------+-----------+---------------+----------------------+------------------------+------------+-------------------------------------------------------+
; 32:1               ; 7 bits    ; 147 LEs       ; 42 LEs               ; 105 LEs                ; Yes        ; |trafficlight|seg:inst1|seg_duan[6]                   ;
; 9:1                ; 3 bits    ; 18 LEs        ; 6 LEs                ; 12 LEs                 ; Yes        ; |trafficlight|state_machine:inst3|second_count_shi[3] ;
; 16:1               ; 5 bits    ; 50 LEs        ; 35 LEs               ; 15 LEs                 ; No         ; |trafficlight|state_machine:inst3|next_state.s3~0     ;
+--------------------+-----------+---------------+----------------------+------------------------+------------+-------------------------------------------------------+


+-------------------------------+
; Analysis & Synthesis Messages ;
+-------------------------------+
Info: *******************************************************************
Info: Running Quartus II Analysis & Synthesis
    Info: Version 9.0 Build 235 06/17/2009 Service Pack 2 SJ Web Edition
    Info: Processing started: Sun Mar 22 21:04:22 2015
Info: Command: quartus_map --read_settings_files=on --write_settings_files=off trafficlight -c trafficlight
Info: Found 1 design units, including 1 entities, in source file trafficlight.bdf
    Info: Found entity 1: trafficlight
Info: Found 2 design units, including 1 entities, in source file seg.vhd
    Info: Found design unit 1: seg-seg_function
    Info: Found entity 1: seg
Info: Found 2 design units, including 1 entities, in source file clk_div.vhd
    Info: Found design unit 1: clk_div-clk_div_function
    Info: Found entity 1: clk_div
Info: Found 2 design units, including 1 entities, in source file state_machine.vhd
    Info: Found design unit 1: state_machine-state_machine_function
    Info: Found entity 1: state_machine
Info: Elaborating entity "trafficlight" for the top level hierarchy
Warning: Block or symbol "clk_div" of instance "inst" overlaps another block or symbol
Info: Elaborating entity "state_machine" for hierarchy "state_machine:inst3"
Warning (10492): VHDL Process Statement warning at state_machine.vhd(51): signal "second_count_ge_reg" is read inside the Process Statement but isn't in the Process Statement's sensitivity list
Warning (10492): VHDL Process Statement warning at state_machine.vhd(52): signal "second_count_shi_reg" is read inside the Process Statement but isn't in the Process Statement's sensitivity list
Warning (10492): VHDL Process Statement warning at state_machine.vhd(92): signal "next_state" is read inside the Process Statement but isn't in the Process Statement's sensitivity list
Info: Elaborating entity "clk_div" for hierarchy "clk_div:inst"
Info: Elaborating entity "seg" for hierarchy "seg:inst1"
Info: Registers with preset signals will power-up high
Info: DEV_CLRn pin will set, and not reset, register with preset signal due to NOT Gate Push-Back
Warning: Output pins are stuck at VCC or GND
    Warning (13410): Pin "seg_duan[7]" is stuck at VCC
Info: Implemented 212 device resources after synthesis - the final resource count might be different
    Info: Implemented 4 input pins
    Info: Implemented 18 output pins
    Info: Implemented 190 logic cells
Info: Quartus II Analysis & Synthesis was successful. 0 errors, 6 warnings
    Info: Peak virtual memory: 196 megabytes
    Info: Processing ended: Sun Mar 22 21:04:29 2015
    Info: Elapsed time: 00:00:07
    Info: Total CPU time (on all processors): 00:00:07


