Classic Timing Analyzer report for time_clock
Mon Mar 31 16:52:12 2014
Quartus II Version 9.0 Build 132 02/25/2009 SJ Full Version


---------------------
; Table of Contents ;
---------------------
  1. Legal Notice
  2. Timing Analyzer Summary
  3. Timing Analyzer Settings
  4. Clock Settings Summary
  5. Parallel Compilation
  6. Clock Setup: 'clk'
  7. Clock Hold: 'clk'
  8. tsu
  9. tco
 10. th
 11. Timing Analyzer Messages



----------------
; Legal Notice ;
----------------
Copyright (C) 1991-2009 Altera Corporation
Your use of Altera Corporation's design tools, logic functions 
and other software and tools, and its AMPP partner logic 
functions, and any output files from any of the foregoing 
(including device programming or simulation files), and any 
associated documentation or information are expressly subject 
to the terms and conditions of the Altera Program License 
Subscription Agreement, Altera MegaCore Function License 
Agreement, or other applicable license agreement, including, 
without limitation, that your use is for the sole purpose of 
programming logic devices manufactured by Altera and sold by 
Altera or its authorized distributors.  Please refer to the 
applicable agreement for further details.



+--------------------------------------------------------------------------------------------------------------------------------------------------------------------------------------------------------------+
; Timing Analyzer Summary                                                                                                                                                                                      ;
+------------------------------+------------------------------------------+---------------+----------------------------------+--------------------+---------------------+------------+----------+--------------+
; Type                         ; Slack                                    ; Required Time ; Actual Time                      ; From               ; To                  ; From Clock ; To Clock ; Failed Paths ;
+------------------------------+------------------------------------------+---------------+----------------------------------+--------------------+---------------------+------------+----------+--------------+
; Worst-case tsu               ; N/A                                      ; None          ; 7.661 ns                         ; second_counter_key ; reg_miao_ge[2]      ; --         ; clk      ; 0            ;
; Worst-case tco               ; N/A                                      ; None          ; 8.814 ns                         ; duan[0]~reg0       ; duan[0]             ; clk        ; --       ; 0            ;
; Worst-case th                ; N/A                                      ; None          ; -2.778 ns                        ; second_counter_key ; counter_miao_shi[0] ; --         ; clk      ; 0            ;
; Clock Setup: 'clk'           ; N/A                                      ; None          ; 119.27 MHz ( period = 8.384 ns ) ; select[1]          ; duan[3]~reg0        ; clk        ; clk      ; 0            ;
; Clock Hold: 'clk'            ; Not operational: Clock Skew > Data Delay ; None          ; N/A                              ; shi_select_ge[1]   ; shi_ge[1]           ; clk        ; clk      ; 3            ;
; Total number of failed paths ;                                          ;               ;                                  ;                    ;                     ;            ;          ; 3            ;
+------------------------------+------------------------------------------+---------------+----------------------------------+--------------------+---------------------+------------+----------+--------------+


+--------------------------------------------------------------------------------------------------------------------+
; Timing Analyzer Settings                                                                                           ;
+---------------------------------------------------------------------+--------------------+------+----+-------------+
; Option                                                              ; Setting            ; From ; To ; Entity Name ;
+---------------------------------------------------------------------+--------------------+------+----+-------------+
; Device Name                                                         ; EP2C5T144C8        ;      ;    ;             ;
; Timing Models                                                       ; Final              ;      ;    ;             ;
; Default hold multicycle                                             ; Same as Multicycle ;      ;    ;             ;
; Cut paths between unrelated clock domains                           ; On                 ;      ;    ;             ;
; Cut off read during write signal paths                              ; On                 ;      ;    ;             ;
; Cut off feedback from I/O pins                                      ; On                 ;      ;    ;             ;
; Report Combined Fast/Slow Timing                                    ; Off                ;      ;    ;             ;
; Ignore Clock Settings                                               ; Off                ;      ;    ;             ;
; Analyze latches as synchronous elements                             ; On                 ;      ;    ;             ;
; Enable Recovery/Removal analysis                                    ; Off                ;      ;    ;             ;
; Enable Clock Latency                                                ; Off                ;      ;    ;             ;
; Use TimeQuest Timing Analyzer                                       ; Off                ;      ;    ;             ;
; Minimum Core Junction Temperature                                   ; 0                  ;      ;    ;             ;
; Maximum Core Junction Temperature                                   ; 85                 ;      ;    ;             ;
; Number of source nodes to report per destination node               ; 10                 ;      ;    ;             ;
; Number of destination nodes to report                               ; 10                 ;      ;    ;             ;
; Number of paths to report                                           ; 200                ;      ;    ;             ;
; Report Minimum Timing Checks                                        ; Off                ;      ;    ;             ;
; Use Fast Timing Models                                              ; Off                ;      ;    ;             ;
; Report IO Paths Separately                                          ; Off                ;      ;    ;             ;
; Perform Multicorner Analysis                                        ; On                 ;      ;    ;             ;
; Reports the worst-case path for each clock domain and analysis      ; Off                ;      ;    ;             ;
; Removes common clock path pessimism (CCPP) during slack computation ; Off                ;      ;    ;             ;
; Output I/O Timing Endpoint                                          ; Near End           ;      ;    ;             ;
+---------------------------------------------------------------------+--------------------+------+----+-------------+


+------------------------------------------------------------------------------------------------------------------------------------------------------------------------------------+
; Clock Settings Summary                                                                                                                                                             ;
+-----------------+--------------------+----------+------------------+---------------+--------------+----------+-----------------------+---------------------+--------+--------------+
; Clock Node Name ; Clock Setting Name ; Type     ; Fmax Requirement ; Early Latency ; Late Latency ; Based on ; Multiply Base Fmax by ; Divide Base Fmax by ; Offset ; Phase offset ;
+-----------------+--------------------+----------+------------------+---------------+--------------+----------+-----------------------+---------------------+--------+--------------+
; clk             ;                    ; User Pin ; None             ; 0.000 ns      ; 0.000 ns     ; --       ; N/A                   ; N/A                 ; N/A    ;              ;
+-----------------+--------------------+----------+------------------+---------------+--------------+----------+-----------------------+---------------------+--------+--------------+


+------------------------------------------+
; Parallel Compilation                     ;
+----------------------------+-------------+
; Processors                 ; Number      ;
+----------------------------+-------------+
; Number detected on machine ; 2           ;
; Maximum allowed            ; 2           ;
;                            ;             ;
; Average used               ; 1.00        ;
; Maximum used               ; 1           ;
;                            ;             ;
; Usage by Processor         ; % Time Used ;
;     1 processor            ; 100.0%      ;
;     2 processors           ;   0.0%      ;
+----------------------------+-------------+


+----------------------------------------------------------------------------------------------------------------------------------------------------------------------------------------------------------------------------------------------------------+
; Clock Setup: 'clk'                                                                                                                                                                                                                                       ;
+-----------------------------------------+-----------------------------------------------------+------------------------+---------------------+------------+----------+-----------------------------+---------------------------+-------------------------+
; Slack                                   ; Actual fmax (period)                                ; From                   ; To                  ; From Clock ; To Clock ; Required Setup Relationship ; Required Longest P2P Time ; Actual Longest P2P Time ;
+-----------------------------------------+-----------------------------------------------------+------------------------+---------------------+------------+----------+-----------------------------+---------------------------+-------------------------+
; N/A                                     ; 119.27 MHz ( period = 8.384 ns )                    ; select[1]              ; duan[3]~reg0        ; clk        ; clk      ; None                        ; None                      ; 4.316 ns                ;
; N/A                                     ; 120.08 MHz ( period = 8.328 ns )                    ; select[2]              ; duan[3]~reg0        ; clk        ; clk      ; None                        ; None                      ; 4.257 ns                ;
; N/A                                     ; 120.47 MHz ( period = 8.301 ns )                    ; select[0]              ; duan[3]~reg0        ; clk        ; clk      ; None                        ; None                      ; 4.233 ns                ;
; N/A                                     ; 123.56 MHz ( period = 8.093 ns )                    ; select[2]              ; duan[0]~reg0        ; clk        ; clk      ; None                        ; None                      ; 4.022 ns                ;
; N/A                                     ; 124.95 MHz ( period = 8.003 ns )                    ; select[1]              ; duan[0]~reg0        ; clk        ; clk      ; None                        ; None                      ; 3.935 ns                ;
; N/A                                     ; 125.11 MHz ( period = 7.993 ns )                    ; select[1]              ; duan[1]~reg0        ; clk        ; clk      ; None                        ; None                      ; 3.922 ns                ;
; N/A                                     ; 125.11 MHz ( period = 7.993 ns )                    ; select[1]              ; duan[4]~reg0        ; clk        ; clk      ; None                        ; None                      ; 3.922 ns                ;
; N/A                                     ; 125.19 MHz ( period = 7.988 ns )                    ; select[2]              ; duan[5]~reg0        ; clk        ; clk      ; None                        ; None                      ; 3.914 ns                ;
; N/A                                     ; 126.28 MHz ( period = 7.919 ns )                    ; select[2]              ; duan[6]~reg0        ; clk        ; clk      ; None                        ; None                      ; 3.845 ns                ;
; N/A                                     ; 126.33 MHz ( period = 7.916 ns )                    ; select[0]              ; duan[0]~reg0        ; clk        ; clk      ; None                        ; None                      ; 3.848 ns                ;
; N/A                                     ; 128.25 MHz ( period = 7.797 ns )                    ; select[1]              ; duan[5]~reg0        ; clk        ; clk      ; None                        ; None                      ; 3.726 ns                ;
; N/A                                     ; 129.40 MHz ( period = 7.728 ns )                    ; select[1]              ; duan[6]~reg0        ; clk        ; clk      ; None                        ; None                      ; 3.657 ns                ;
; N/A                                     ; 129.90 MHz ( period = 7.698 ns )                    ; select[2]              ; duan[4]~reg0        ; clk        ; clk      ; None                        ; None                      ; 3.624 ns                ;
; N/A                                     ; 130.86 MHz ( period = 7.642 ns )                    ; select[2]              ; duan[1]~reg0        ; clk        ; clk      ; None                        ; None                      ; 3.568 ns                ;
; N/A                                     ; 136.86 MHz ( period = 7.307 ns )                    ; select[0]              ; duan[2]~reg0        ; clk        ; clk      ; None                        ; None                      ; 3.235 ns                ;
; N/A                                     ; 139.92 MHz ( period = 7.147 ns )                    ; select[1]              ; duan[2]~reg0        ; clk        ; clk      ; None                        ; None                      ; 3.075 ns                ;
; N/A                                     ; 157.60 MHz ( period = 6.345 ns )                    ; reg_haomiao_ge[2]      ; duan[3]~reg0        ; clk        ; clk      ; None                        ; None                      ; 6.091 ns                ;
; N/A                                     ; 159.87 MHz ( period = 6.255 ns )                    ; fen_shi[0]             ; reg_fen_shi[0]      ; clk        ; clk      ; None                        ; None                      ; 1.828 ns                ;
; N/A                                     ; 160.31 MHz ( period = 6.238 ns )                    ; miao_ge[1]             ; reg_miao_ge[1]      ; clk        ; clk      ; None                        ; None                      ; 1.805 ns                ;
; N/A                                     ; 160.51 MHz ( period = 6.230 ns )                    ; miao_ge[0]             ; reg_miao_ge[0]      ; clk        ; clk      ; None                        ; None                      ; 1.799 ns                ;
; N/A                                     ; 160.75 MHz ( period = 6.221 ns )                    ; counter_miao_ge[1]     ; counter_shi_shi[1]  ; clk        ; clk      ; None                        ; None                      ; 5.956 ns                ;
; N/A                                     ; 160.75 MHz ( period = 6.221 ns )                    ; counter_miao_ge[1]     ; counter_shi_shi[0]  ; clk        ; clk      ; None                        ; None                      ; 5.956 ns                ;
; N/A                                     ; 161.73 MHz ( period = 6.183 ns )                    ; counter_miao_ge[2]     ; counter_shi_shi[1]  ; clk        ; clk      ; None                        ; None                      ; 5.918 ns                ;
; N/A                                     ; 161.73 MHz ( period = 6.183 ns )                    ; counter_miao_ge[2]     ; counter_shi_shi[0]  ; clk        ; clk      ; None                        ; None                      ; 5.918 ns                ;
; N/A                                     ; 162.65 MHz ( period = 6.148 ns )                    ; miao_ge[3]             ; reg_miao_ge[3]      ; clk        ; clk      ; None                        ; None                      ; 1.717 ns                ;
; N/A                                     ; 163.99 MHz ( period = 6.098 ns )                    ; select[2]              ; duan[2]~reg0        ; clk        ; clk      ; None                        ; None                      ; 2.023 ns                ;
; N/A                                     ; 164.31 MHz ( period = 6.086 ns )                    ; miao_shi[0]            ; reg_miao_shi[0]     ; clk        ; clk      ; None                        ; None                      ; 1.651 ns                ;
; N/A                                     ; 164.39 MHz ( period = 6.083 ns )                    ; reg_miao_ge[0]         ; duan[5]~reg0        ; clk        ; clk      ; None                        ; None                      ; 5.822 ns                ;
; N/A                                     ; 164.58 MHz ( period = 6.076 ns )                    ; miao_shi[2]            ; reg_miao_shi[2]     ; clk        ; clk      ; None                        ; None                      ; 1.641 ns                ;
; N/A                                     ; 164.61 MHz ( period = 6.075 ns )                    ; fen_ge[2]              ; reg_fen_ge[2]       ; clk        ; clk      ; None                        ; None                      ; 1.648 ns                ;
; N/A                                     ; 164.69 MHz ( period = 6.072 ns )                    ; shi_ge[0]              ; reg_shi_ge[0]       ; clk        ; clk      ; None                        ; None                      ; 1.654 ns                ;
; N/A                                     ; 165.70 MHz ( period = 6.035 ns )                    ; reg_miao_ge[0]         ; duan[6]~reg0        ; clk        ; clk      ; None                        ; None                      ; 5.774 ns                ;
; N/A                                     ; 165.95 MHz ( period = 6.026 ns )                    ; fen_ge[0]              ; reg_fen_ge[0]       ; clk        ; clk      ; None                        ; None                      ; 1.583 ns                ;
; N/A                                     ; 166.28 MHz ( period = 6.014 ns )                    ; select[0]              ; duan[1]~reg0        ; clk        ; clk      ; None                        ; None                      ; 1.943 ns                ;
; N/A                                     ; 166.28 MHz ( period = 6.014 ns )                    ; select[0]              ; duan[4]~reg0        ; clk        ; clk      ; None                        ; None                      ; 1.943 ns                ;
; N/A                                     ; 166.28 MHz ( period = 6.014 ns )                    ; select[0]              ; duan[5]~reg0        ; clk        ; clk      ; None                        ; None                      ; 1.943 ns                ;
; N/A                                     ; 166.28 MHz ( period = 6.014 ns )                    ; select[0]              ; duan[6]~reg0        ; clk        ; clk      ; None                        ; None                      ; 1.943 ns                ;
; N/A                                     ; 166.92 MHz ( period = 5.991 ns )                    ; counter_miao_ge[1]     ; counter_fen_ge[3]   ; clk        ; clk      ; None                        ; None                      ; 5.726 ns                ;
; N/A                                     ; 167.31 MHz ( period = 5.977 ns )                    ; shi_shi[1]             ; reg_shi_shi[1]      ; clk        ; clk      ; None                        ; None                      ; 1.539 ns                ;
; N/A                                     ; 167.39 MHz ( period = 5.974 ns )                    ; counter_miao_ge[1]     ; counter_miao_shi[1] ; clk        ; clk      ; None                        ; None                      ; 5.710 ns                ;
; N/A                                     ; 167.39 MHz ( period = 5.974 ns )                    ; counter_miao_ge[1]     ; counter_miao_shi[0] ; clk        ; clk      ; None                        ; None                      ; 5.710 ns                ;
; N/A                                     ; 167.39 MHz ( period = 5.974 ns )                    ; counter_miao_ge[1]     ; counter_miao_shi[2] ; clk        ; clk      ; None                        ; None                      ; 5.710 ns                ;
; N/A                                     ; 167.50 MHz ( period = 5.970 ns )                    ; select[1]              ; wei[0]~reg0         ; clk        ; clk      ; None                        ; None                      ; 1.903 ns                ;
; N/A                                     ; 167.53 MHz ( period = 5.969 ns )                    ; select[1]              ; wei[2]~reg0         ; clk        ; clk      ; None                        ; None                      ; 1.902 ns                ;
; N/A                                     ; 167.53 MHz ( period = 5.969 ns )                    ; select[1]              ; wei[4]~reg0         ; clk        ; clk      ; None                        ; None                      ; 1.902 ns                ;
; N/A                                     ; 167.56 MHz ( period = 5.968 ns )                    ; reg_haomiao_ge[2]      ; duan[4]~reg0        ; clk        ; clk      ; None                        ; None                      ; 5.711 ns                ;
; N/A                                     ; 167.98 MHz ( period = 5.953 ns )                    ; counter_miao_ge[2]     ; counter_fen_ge[3]   ; clk        ; clk      ; None                        ; None                      ; 5.688 ns                ;
; N/A                                     ; 167.98 MHz ( period = 5.953 ns )                    ; select[0]              ; wei[1]~reg0         ; clk        ; clk      ; None                        ; None                      ; 1.886 ns                ;
; N/A                                     ; 167.98 MHz ( period = 5.953 ns )                    ; select[0]              ; wei[2]~reg0         ; clk        ; clk      ; None                        ; None                      ; 1.886 ns                ;
; N/A                                     ; 168.04 MHz ( period = 5.951 ns )                    ; reg_fen_ge[0]          ; duan[0]~reg0        ; clk        ; clk      ; None                        ; None                      ; 5.702 ns                ;
; N/A                                     ; 168.04 MHz ( period = 5.951 ns )                    ; select[0]              ; wei[4]~reg0         ; clk        ; clk      ; None                        ; None                      ; 1.884 ns                ;
; N/A                                     ; 168.10 MHz ( period = 5.949 ns )                    ; select[0]              ; wei[0]~reg0         ; clk        ; clk      ; None                        ; None                      ; 1.882 ns                ;
; N/A                                     ; 168.21 MHz ( period = 5.945 ns )                    ; shi_shi[0]             ; reg_shi_shi[0]      ; clk        ; clk      ; None                        ; None                      ; 1.507 ns                ;
; N/A                                     ; 168.44 MHz ( period = 5.937 ns )                    ; reg_haomiao_ge[1]      ; duan[3]~reg0        ; clk        ; clk      ; None                        ; None                      ; 5.683 ns                ;
; N/A                                     ; 168.46 MHz ( period = 5.936 ns )                    ; counter_miao_ge[2]     ; counter_miao_shi[1] ; clk        ; clk      ; None                        ; None                      ; 5.672 ns                ;
; N/A                                     ; 168.46 MHz ( period = 5.936 ns )                    ; counter_miao_ge[2]     ; counter_miao_shi[0] ; clk        ; clk      ; None                        ; None                      ; 5.672 ns                ;
; N/A                                     ; 168.46 MHz ( period = 5.936 ns )                    ; counter_miao_ge[2]     ; counter_miao_shi[2] ; clk        ; clk      ; None                        ; None                      ; 5.672 ns                ;
; N/A                                     ; 168.52 MHz ( period = 5.934 ns )                    ; fen_shi[2]             ; reg_fen_shi[2]      ; clk        ; clk      ; None                        ; None                      ; 1.507 ns                ;
; N/A                                     ; 168.78 MHz ( period = 5.925 ns )                    ; miao_ge[2]             ; reg_miao_ge[2]      ; clk        ; clk      ; None                        ; None                      ; 1.494 ns                ;
; N/A                                     ; 168.78 MHz ( period = 5.925 ns )                    ; counter_miao_ge[0]     ; counter_shi_shi[1]  ; clk        ; clk      ; None                        ; None                      ; 5.660 ns                ;
; N/A                                     ; 168.78 MHz ( period = 5.925 ns )                    ; counter_miao_ge[0]     ; counter_shi_shi[0]  ; clk        ; clk      ; None                        ; None                      ; 5.660 ns                ;
; N/A                                     ; 168.80 MHz ( period = 5.924 ns )                    ; fen_ge[1]              ; reg_fen_ge[1]       ; clk        ; clk      ; None                        ; None                      ; 1.485 ns                ;
; N/A                                     ; 169.29 MHz ( period = 5.907 ns )                    ; fen_ge[3]              ; reg_fen_ge[3]       ; clk        ; clk      ; None                        ; None                      ; 1.468 ns                ;
; N/A                                     ; 169.29 MHz ( period = 5.907 ns )                    ; reg_haomiao_ge[1]      ; duan[4]~reg0        ; clk        ; clk      ; None                        ; None                      ; 5.650 ns                ;
; N/A                                     ; 169.72 MHz ( period = 5.892 ns )                    ; counter_miao_ge[1]     ; counter_shi_ge[1]   ; clk        ; clk      ; None                        ; None                      ; 5.625 ns                ;
; N/A                                     ; 169.87 MHz ( period = 5.887 ns )                    ; fen_shi[1]             ; reg_fen_shi[1]      ; clk        ; clk      ; None                        ; None                      ; 1.460 ns                ;
; N/A                                     ; 169.98 MHz ( period = 5.883 ns )                    ; shi_ge[1]              ; reg_shi_ge[1]       ; clk        ; clk      ; None                        ; None                      ; 1.465 ns                ;
; N/A                                     ; 170.82 MHz ( period = 5.854 ns )                    ; counter_miao_ge[2]     ; counter_shi_ge[1]   ; clk        ; clk      ; None                        ; None                      ; 5.587 ns                ;
; N/A                                     ; 170.88 MHz ( period = 5.852 ns )                    ; reg_miao_ge[3]         ; duan[5]~reg0        ; clk        ; clk      ; None                        ; None                      ; 5.591 ns                ;
; N/A                                     ; 171.59 MHz ( period = 5.828 ns )                    ; reg_haomiao_ge[2]      ; duan[6]~reg0        ; clk        ; clk      ; None                        ; None                      ; 5.571 ns                ;
; N/A                                     ; 172.41 MHz ( period = 5.800 ns )                    ; reg_miao_ge[3]         ; duan[6]~reg0        ; clk        ; clk      ; None                        ; None                      ; 5.539 ns                ;
; N/A                                     ; 172.50 MHz ( period = 5.797 ns )                    ; counter_miao_ge[1]     ; counter_fen_shi[1]  ; clk        ; clk      ; None                        ; None                      ; 5.530 ns                ;
; N/A                                     ; 173.49 MHz ( period = 5.764 ns )                    ; count[19]              ; count[22]           ; clk        ; clk      ; None                        ; None                      ; 5.500 ns                ;
; N/A                                     ; 173.64 MHz ( period = 5.759 ns )                    ; counter_miao_ge[2]     ; counter_fen_shi[1]  ; clk        ; clk      ; None                        ; None                      ; 5.492 ns                ;
; N/A                                     ; 173.88 MHz ( period = 5.751 ns )                    ; reg_haomiao_ge[1]      ; duan[6]~reg0        ; clk        ; clk      ; None                        ; None                      ; 5.494 ns                ;
; N/A                                     ; 173.88 MHz ( period = 5.751 ns )                    ; reg_haomiao_ge[2]      ; duan[2]~reg0        ; clk        ; clk      ; None                        ; None                      ; 5.493 ns                ;
; N/A                                     ; 174.28 MHz ( period = 5.738 ns )                    ; reg_miao_ge[0]         ; duan[1]~reg0        ; clk        ; clk      ; None                        ; None                      ; 5.477 ns                ;
; N/A                                     ; 174.58 MHz ( period = 5.728 ns )                    ; miao_ge[1]             ; fen_shi[0]          ; clk        ; clk      ; None                        ; None                      ; 5.453 ns                ;
; N/A                                     ; 174.58 MHz ( period = 5.728 ns )                    ; miao_ge[1]             ; fen_shi[2]          ; clk        ; clk      ; None                        ; None                      ; 5.453 ns                ;
; N/A                                     ; 174.58 MHz ( period = 5.728 ns )                    ; miao_ge[1]             ; fen_shi[1]          ; clk        ; clk      ; None                        ; None                      ; 5.453 ns                ;
; N/A                                     ; 174.61 MHz ( period = 5.727 ns )                    ; reg_miao_ge[2]         ; duan[5]~reg0        ; clk        ; clk      ; None                        ; None                      ; 5.466 ns                ;
; N/A                                     ; 174.79 MHz ( period = 5.721 ns )                    ; reg_miao_ge[0]         ; duan[4]~reg0        ; clk        ; clk      ; None                        ; None                      ; 5.460 ns                ;
; N/A                                     ; 174.89 MHz ( period = 5.718 ns )                    ; reg_miao_ge[1]         ; duan[5]~reg0        ; clk        ; clk      ; None                        ; None                      ; 5.459 ns                ;
; N/A                                     ; 175.22 MHz ( period = 5.707 ns )                    ; reg_haomiao_ge[3]      ; duan[3]~reg0        ; clk        ; clk      ; None                        ; None                      ; 5.453 ns                ;
; N/A                                     ; 175.38 MHz ( period = 5.702 ns )                    ; select[0]              ; wei[3]~reg0         ; clk        ; clk      ; None                        ; None                      ; 1.635 ns                ;
; N/A                                     ; 175.59 MHz ( period = 5.695 ns )                    ; counter_miao_ge[0]     ; counter_fen_ge[3]   ; clk        ; clk      ; None                        ; None                      ; 5.430 ns                ;
; N/A                                     ; 176.03 MHz ( period = 5.681 ns )                    ; reg_miao_ge[2]         ; duan[6]~reg0        ; clk        ; clk      ; None                        ; None                      ; 5.420 ns                ;
; N/A                                     ; 176.12 MHz ( period = 5.678 ns )                    ; counter_miao_ge[0]     ; counter_miao_shi[1] ; clk        ; clk      ; None                        ; None                      ; 5.414 ns                ;
; N/A                                     ; 176.12 MHz ( period = 5.678 ns )                    ; counter_miao_ge[0]     ; counter_miao_shi[0] ; clk        ; clk      ; None                        ; None                      ; 5.414 ns                ;
; N/A                                     ; 176.12 MHz ( period = 5.678 ns )                    ; miao_ge[3]             ; fen_shi[0]          ; clk        ; clk      ; None                        ; None                      ; 5.403 ns                ;
; N/A                                     ; 176.12 MHz ( period = 5.678 ns )                    ; miao_ge[3]             ; fen_shi[2]          ; clk        ; clk      ; None                        ; None                      ; 5.403 ns                ;
; N/A                                     ; 176.12 MHz ( period = 5.678 ns )                    ; counter_miao_ge[0]     ; counter_miao_shi[2] ; clk        ; clk      ; None                        ; None                      ; 5.414 ns                ;
; N/A                                     ; 176.12 MHz ( period = 5.678 ns )                    ; miao_ge[3]             ; fen_shi[1]          ; clk        ; clk      ; None                        ; None                      ; 5.403 ns                ;
; N/A                                     ; 176.40 MHz ( period = 5.669 ns )                    ; select[1]              ; wei[7]~reg0         ; clk        ; clk      ; None                        ; None                      ; 1.601 ns                ;
; N/A                                     ; 176.46 MHz ( period = 5.667 ns )                    ; select[1]              ; wei[5]~reg0         ; clk        ; clk      ; None                        ; None                      ; 1.599 ns                ;
; N/A                                     ; 176.49 MHz ( period = 5.666 ns )                    ; reg_miao_ge[1]         ; duan[6]~reg0        ; clk        ; clk      ; None                        ; None                      ; 5.407 ns                ;
; N/A                                     ; 176.65 MHz ( period = 5.661 ns )                    ; reg_haomiao_ge[3]      ; duan[4]~reg0        ; clk        ; clk      ; None                        ; None                      ; 5.404 ns                ;
; N/A                                     ; 177.02 MHz ( period = 5.649 ns )                    ; reg_miao_ge[0]         ; duan[0]~reg0        ; clk        ; clk      ; None                        ; None                      ; 5.391 ns                ;
; N/A                                     ; 177.78 MHz ( period = 5.625 ns )                    ; reg_fen_ge[3]          ; duan[0]~reg0        ; clk        ; clk      ; None                        ; None                      ; 5.372 ns                ;
; N/A                                     ; 178.16 MHz ( period = 5.613 ns )                    ; select[2]              ; wei[5]~reg0         ; clk        ; clk      ; None                        ; None                      ; 1.542 ns                ;
; N/A                                     ; 178.16 MHz ( period = 5.613 ns )                    ; select[2]              ; wei[6]~reg0         ; clk        ; clk      ; None                        ; None                      ; 1.542 ns                ;
; N/A                                     ; 178.22 MHz ( period = 5.611 ns )                    ; select[2]              ; wei[7]~reg0         ; clk        ; clk      ; None                        ; None                      ; 1.540 ns                ;
; N/A                                     ; 178.35 MHz ( period = 5.607 ns )                    ; miao_ge[1]             ; shi_ge[1]           ; clk        ; clk      ; None                        ; None                      ; 5.334 ns                ;
; N/A                                     ; 178.67 MHz ( period = 5.597 ns )                    ; reg_haomiao_ge[2]      ; duan[5]~reg0        ; clk        ; clk      ; None                        ; None                      ; 5.340 ns                ;
; N/A                                     ; 178.70 MHz ( period = 5.596 ns )                    ; counter_miao_ge[0]     ; counter_shi_ge[1]   ; clk        ; clk      ; None                        ; None                      ; 5.329 ns                ;
; N/A                                     ; 178.76 MHz ( period = 5.594 ns )                    ; reg_miao_ge[0]         ; duan[3]~reg0        ; clk        ; clk      ; None                        ; None                      ; 5.336 ns                ;
; N/A                                     ; 179.24 MHz ( period = 5.579 ns )                    ; count[24]              ; count[22]           ; clk        ; clk      ; None                        ; None                      ; 5.317 ns                ;
; N/A                                     ; 179.28 MHz ( period = 5.578 ns )                    ; miao_ge[0]             ; fen_shi[0]          ; clk        ; clk      ; None                        ; None                      ; 5.303 ns                ;
; N/A                                     ; 179.28 MHz ( period = 5.578 ns )                    ; miao_ge[0]             ; fen_shi[2]          ; clk        ; clk      ; None                        ; None                      ; 5.303 ns                ;
; N/A                                     ; 179.28 MHz ( period = 5.578 ns )                    ; miao_ge[0]             ; fen_shi[1]          ; clk        ; clk      ; None                        ; None                      ; 5.303 ns                ;
; N/A                                     ; 179.28 MHz ( period = 5.578 ns )                    ; count[19]              ; count[20]           ; clk        ; clk      ; None                        ; None                      ; 5.314 ns                ;
; N/A                                     ; 179.28 MHz ( period = 5.578 ns )                    ; count[19]              ; count[16]           ; clk        ; clk      ; None                        ; None                      ; 5.314 ns                ;
; N/A                                     ; 179.31 MHz ( period = 5.577 ns )                    ; counter_miao_ge[1]     ; counter_fen_ge[1]   ; clk        ; clk      ; None                        ; None                      ; 5.310 ns                ;
; N/A                                     ; 179.31 MHz ( period = 5.577 ns )                    ; count[19]              ; count[18]           ; clk        ; clk      ; None                        ; None                      ; 5.313 ns                ;
; N/A                                     ; 179.31 MHz ( period = 5.577 ns )                    ; count[19]              ; count[21]           ; clk        ; clk      ; None                        ; None                      ; 5.313 ns                ;
; N/A                                     ; 179.37 MHz ( period = 5.575 ns )                    ; count[19]              ; count[19]           ; clk        ; clk      ; None                        ; None                      ; 5.311 ns                ;
; N/A                                     ; 179.47 MHz ( period = 5.572 ns )                    ; count[18]              ; count[22]           ; clk        ; clk      ; None                        ; None                      ; 5.308 ns                ;
; N/A                                     ; 179.95 MHz ( period = 5.557 ns )                    ; miao_ge[3]             ; shi_ge[1]           ; clk        ; clk      ; None                        ; None                      ; 5.284 ns                ;
; N/A                                     ; 180.54 MHz ( period = 5.539 ns )                    ; counter_miao_ge[2]     ; counter_fen_ge[1]   ; clk        ; clk      ; None                        ; None                      ; 5.272 ns                ;
; N/A                                     ; 180.60 MHz ( period = 5.537 ns )                    ; reg_haomiao_ge[1]      ; duan[5]~reg0        ; clk        ; clk      ; None                        ; None                      ; 5.280 ns                ;
; N/A                                     ; 181.16 MHz ( period = 5.520 ns )                    ; miao_shi[1]            ; reg_miao_shi[1]     ; clk        ; clk      ; None                        ; None                      ; 1.085 ns                ;
; N/A                                     ; 181.26 MHz ( period = 5.517 ns )                    ; reg_haomiao_ge[3]      ; duan[6]~reg0        ; clk        ; clk      ; None                        ; None                      ; 5.260 ns                ;
; N/A                                     ; 181.59 MHz ( period = 5.507 ns )                    ; reg_miao_ge[3]         ; duan[1]~reg0        ; clk        ; clk      ; None                        ; None                      ; 5.246 ns                ;
; N/A                                     ; 181.72 MHz ( period = 5.503 ns )                    ; reg_haomiao_ge[0]      ; duan[3]~reg0        ; clk        ; clk      ; None                        ; None                      ; 5.249 ns                ;
; N/A                                     ; 181.79 MHz ( period = 5.501 ns )                    ; counter_miao_ge[0]     ; counter_fen_shi[1]  ; clk        ; clk      ; None                        ; None                      ; 5.234 ns                ;
; N/A                                     ; 182.05 MHz ( period = 5.493 ns )                    ; select[1]              ; wei[1]~reg0         ; clk        ; clk      ; None                        ; None                      ; 1.426 ns                ;
; N/A                                     ; 182.08 MHz ( period = 5.492 ns )                    ; select[1]              ; wei[3]~reg0         ; clk        ; clk      ; None                        ; None                      ; 1.425 ns                ;
; N/A                                     ; 182.28 MHz ( period = 5.486 ns )                    ; reg_haomiao_ge[0]      ; duan[4]~reg0        ; clk        ; clk      ; None                        ; None                      ; 5.229 ns                ;
; N/A                                     ; 182.28 MHz ( period = 5.486 ns )                    ; reg_miao_ge[3]         ; duan[4]~reg0        ; clk        ; clk      ; None                        ; None                      ; 5.225 ns                ;
; N/A                                     ; 183.25 MHz ( period = 5.457 ns )                    ; miao_ge[0]             ; shi_ge[1]           ; clk        ; clk      ; None                        ; None                      ; 5.184 ns                ;
; N/A                                     ; 184.64 MHz ( period = 5.416 ns )                    ; miao_ge[2]             ; fen_shi[0]          ; clk        ; clk      ; None                        ; None                      ; 5.141 ns                ;
; N/A                                     ; 184.64 MHz ( period = 5.416 ns )                    ; miao_ge[2]             ; fen_shi[2]          ; clk        ; clk      ; None                        ; None                      ; 5.141 ns                ;
; N/A                                     ; 184.64 MHz ( period = 5.416 ns )                    ; miao_ge[2]             ; fen_shi[1]          ; clk        ; clk      ; None                        ; None                      ; 5.141 ns                ;
; N/A                                     ; 184.71 MHz ( period = 5.414 ns )                    ; count[12]              ; count[22]           ; clk        ; clk      ; None                        ; None                      ; 5.162 ns                ;
; N/A                                     ; 184.71 MHz ( period = 5.414 ns )                    ; reg_miao_ge[3]         ; duan[0]~reg0        ; clk        ; clk      ; None                        ; None                      ; 5.156 ns                ;
; N/A                                     ; 184.91 MHz ( period = 5.408 ns )                    ; count[17]              ; count[22]           ; clk        ; clk      ; None                        ; None                      ; 5.146 ns                ;
; N/A                                     ; 185.29 MHz ( period = 5.397 ns )                    ; count[20]              ; count[22]           ; clk        ; clk      ; None                        ; None                      ; 5.133 ns                ;
; N/A                                     ; 185.39 MHz ( period = 5.394 ns )                    ; count[19]              ; count[6]            ; clk        ; clk      ; None                        ; None                      ; 5.118 ns                ;
; N/A                                     ; 185.43 MHz ( period = 5.393 ns )                    ; count[24]              ; count[20]           ; clk        ; clk      ; None                        ; None                      ; 5.131 ns                ;
; N/A                                     ; 185.43 MHz ( period = 5.393 ns )                    ; count[24]              ; count[16]           ; clk        ; clk      ; None                        ; None                      ; 5.131 ns                ;
; N/A                                     ; 185.46 MHz ( period = 5.392 ns )                    ; count[24]              ; count[18]           ; clk        ; clk      ; None                        ; None                      ; 5.130 ns                ;
; N/A                                     ; 185.46 MHz ( period = 5.392 ns )                    ; count[19]              ; count[11]           ; clk        ; clk      ; None                        ; None                      ; 5.116 ns                ;
; N/A                                     ; 185.46 MHz ( period = 5.392 ns )                    ; count[24]              ; count[21]           ; clk        ; clk      ; None                        ; None                      ; 5.130 ns                ;
; N/A                                     ; 185.53 MHz ( period = 5.390 ns )                    ; count[24]              ; count[19]           ; clk        ; clk      ; None                        ; None                      ; 5.128 ns                ;
; N/A                                     ; 185.67 MHz ( period = 5.386 ns )                    ; count[18]              ; count[20]           ; clk        ; clk      ; None                        ; None                      ; 5.122 ns                ;
; N/A                                     ; 185.67 MHz ( period = 5.386 ns )                    ; count[18]              ; count[16]           ; clk        ; clk      ; None                        ; None                      ; 5.122 ns                ;
; N/A                                     ; 185.70 MHz ( period = 5.385 ns )                    ; count[18]              ; count[18]           ; clk        ; clk      ; None                        ; None                      ; 5.121 ns                ;
; N/A                                     ; 185.70 MHz ( period = 5.385 ns )                    ; count[18]              ; count[21]           ; clk        ; clk      ; None                        ; None                      ; 5.121 ns                ;
; N/A                                     ; 185.77 MHz ( period = 5.383 ns )                    ; count[18]              ; count[19]           ; clk        ; clk      ; None                        ; None                      ; 5.119 ns                ;
; N/A                                     ; 185.87 MHz ( period = 5.380 ns )                    ; reg_miao_ge[2]         ; duan[1]~reg0        ; clk        ; clk      ; None                        ; None                      ; 5.119 ns                ;
; N/A                                     ; 185.87 MHz ( period = 5.380 ns )                    ; select[0]              ; wei[7]~reg0         ; clk        ; clk      ; None                        ; None                      ; 1.312 ns                ;
; N/A                                     ; 186.05 MHz ( period = 5.375 ns )                    ; select[0]              ; wei[5]~reg0         ; clk        ; clk      ; None                        ; None                      ; 1.307 ns                ;
; N/A                                     ; 186.08 MHz ( period = 5.374 ns )                    ; reg_miao_ge[1]         ; duan[1]~reg0        ; clk        ; clk      ; None                        ; None                      ; 5.115 ns                ;
; N/A                                     ; 186.25 MHz ( period = 5.369 ns )                    ; reg_fen_ge[0]          ; duan[2]~reg0        ; clk        ; clk      ; None                        ; None                      ; 5.116 ns                ;
; N/A                                     ; 186.39 MHz ( period = 5.365 ns )                    ; count[19]              ; clk_1hz             ; clk        ; clk      ; None                        ; None                      ; 5.611 ns                ;
; N/A                                     ; 186.39 MHz ( period = 5.365 ns )                    ; reg_miao_ge[2]         ; duan[4]~reg0        ; clk        ; clk      ; None                        ; None                      ; 5.104 ns                ;
; N/A                                     ; 186.60 MHz ( period = 5.359 ns )                    ; reg_miao_ge[3]         ; duan[3]~reg0        ; clk        ; clk      ; None                        ; None                      ; 5.101 ns                ;
; N/A                                     ; 186.74 MHz ( period = 5.355 ns )                    ; reg_miao_ge[1]         ; duan[4]~reg0        ; clk        ; clk      ; None                        ; None                      ; 5.096 ns                ;
; N/A                                     ; 186.81 MHz ( period = 5.353 ns )                    ; count[0]               ; count[22]           ; clk        ; clk      ; None                        ; None                      ; 5.101 ns                ;
; N/A                                     ; 187.02 MHz ( period = 5.347 ns )                    ; reg_haomiao_ge[1]      ; duan[2]~reg0        ; clk        ; clk      ; None                        ; None                      ; 5.089 ns                ;
; N/A                                     ; 187.30 MHz ( period = 5.339 ns )                    ; select[2]              ; wei[1]~reg0         ; clk        ; clk      ; None                        ; None                      ; 1.269 ns                ;
; N/A                                     ; 187.34 MHz ( period = 5.338 ns )                    ; reg_haomiao_ge[0]      ; duan[6]~reg0        ; clk        ; clk      ; None                        ; None                      ; 5.081 ns                ;
; N/A                                     ; 187.34 MHz ( period = 5.338 ns )                    ; select[2]              ; wei[3]~reg0         ; clk        ; clk      ; None                        ; None                      ; 1.268 ns                ;
; N/A                                     ; 187.44 MHz ( period = 5.335 ns )                    ; count[21]              ; count[22]           ; clk        ; clk      ; None                        ; None                      ; 5.071 ns                ;
; N/A                                     ; 187.65 MHz ( period = 5.329 ns )                    ; select[0]              ; wei[6]~reg0         ; clk        ; clk      ; None                        ; None                      ; 1.261 ns                ;
; N/A                                     ; 187.69 MHz ( period = 5.328 ns )                    ; counter_miao_ge[3]     ; counter_shi_shi[1]  ; clk        ; clk      ; None                        ; None                      ; 5.063 ns                ;
; N/A                                     ; 187.69 MHz ( period = 5.328 ns )                    ; counter_miao_ge[3]     ; counter_shi_shi[0]  ; clk        ; clk      ; None                        ; None                      ; 5.063 ns                ;
; N/A                                     ; 187.86 MHz ( period = 5.323 ns )                    ; counter_miao_ge[1]     ; counter_shi_ge[0]   ; clk        ; clk      ; None                        ; None                      ; 5.056 ns                ;
; N/A                                     ; 187.90 MHz ( period = 5.322 ns )                    ; count[19]              ; count[24]           ; clk        ; clk      ; None                        ; None                      ; 5.056 ns                ;
; N/A                                     ; 188.08 MHz ( period = 5.317 ns )                    ; counter_miao_ge[1]     ; counter_fen_shi[2]  ; clk        ; clk      ; None                        ; None                      ; 5.050 ns                ;
; N/A                                     ; 188.22 MHz ( period = 5.313 ns )                    ; counter_haomiao_shi[2] ; counter_shi_shi[1]  ; clk        ; clk      ; None                        ; None                      ; 5.054 ns                ;
; N/A                                     ; 188.22 MHz ( period = 5.313 ns )                    ; counter_haomiao_shi[2] ; counter_shi_shi[0]  ; clk        ; clk      ; None                        ; None                      ; 5.054 ns                ;
; N/A                                     ; 188.82 MHz ( period = 5.296 ns )                    ; reg_miao_ge[2]         ; duan[0]~reg0        ; clk        ; clk      ; None                        ; None                      ; 5.038 ns                ;
; N/A                                     ; 188.86 MHz ( period = 5.295 ns )                    ; miao_ge[2]             ; shi_ge[1]           ; clk        ; clk      ; None                        ; None                      ; 5.022 ns                ;
; N/A                                     ; 189.00 MHz ( period = 5.291 ns )                    ; reg_haomiao_ge[3]      ; duan[5]~reg0        ; clk        ; clk      ; None                        ; None                      ; 5.034 ns                ;
; N/A                                     ; 189.14 MHz ( period = 5.287 ns )                    ; miao_shi[2]            ; shi_shi[0]          ; clk        ; clk      ; None                        ; None                      ; 5.023 ns                ;
; N/A                                     ; 189.18 MHz ( period = 5.286 ns )                    ; miao_shi[2]            ; shi_shi[1]          ; clk        ; clk      ; None                        ; None                      ; 5.022 ns                ;
; N/A                                     ; 189.21 MHz ( period = 5.285 ns )                    ; counter_miao_ge[2]     ; counter_shi_ge[0]   ; clk        ; clk      ; None                        ; None                      ; 5.018 ns                ;
; N/A                                     ; 189.32 MHz ( period = 5.282 ns )                    ; counter_haomiao_shi[1] ; counter_shi_shi[1]  ; clk        ; clk      ; None                        ; None                      ; 5.023 ns                ;
; N/A                                     ; 189.32 MHz ( period = 5.282 ns )                    ; counter_haomiao_shi[1] ; counter_shi_shi[0]  ; clk        ; clk      ; None                        ; None                      ; 5.023 ns                ;
; N/A                                     ; 189.32 MHz ( period = 5.282 ns )                    ; reg_fen_ge[2]          ; duan[0]~reg0        ; clk        ; clk      ; None                        ; None                      ; 5.029 ns                ;
; N/A                                     ; 189.36 MHz ( period = 5.281 ns )                    ; counter_miao_ge[0]     ; counter_fen_ge[1]   ; clk        ; clk      ; None                        ; None                      ; 5.014 ns                ;
; N/A                                     ; 189.43 MHz ( period = 5.279 ns )                    ; counter_miao_ge[2]     ; counter_fen_shi[2]  ; clk        ; clk      ; None                        ; None                      ; 5.012 ns                ;
; N/A                                     ; 189.43 MHz ( period = 5.279 ns )                    ; reg_miao_ge[1]         ; duan[0]~reg0        ; clk        ; clk      ; None                        ; None                      ; 5.023 ns                ;
; N/A                                     ; 189.47 MHz ( period = 5.278 ns )                    ; counter_haomiao_ge[3]  ; counter_miao_shi[1] ; clk        ; clk      ; None                        ; None                      ; 5.014 ns                ;
; N/A                                     ; 189.47 MHz ( period = 5.278 ns )                    ; counter_haomiao_ge[3]  ; counter_miao_shi[0] ; clk        ; clk      ; None                        ; None                      ; 5.014 ns                ;
; N/A                                     ; 189.47 MHz ( period = 5.278 ns )                    ; counter_haomiao_ge[3]  ; counter_miao_shi[2] ; clk        ; clk      ; None                        ; None                      ; 5.014 ns                ;
; N/A                                     ; 189.68 MHz ( period = 5.272 ns )                    ; reg_fen_ge[0]          ; duan[3]~reg0        ; clk        ; clk      ; None                        ; None                      ; 5.023 ns                ;
; N/A                                     ; 190.37 MHz ( period = 5.253 ns )                    ; counter_haomiao_ge[2]  ; counter_miao_shi[1] ; clk        ; clk      ; None                        ; None                      ; 4.989 ns                ;
; N/A                                     ; 190.37 MHz ( period = 5.253 ns )                    ; counter_haomiao_ge[2]  ; counter_miao_shi[0] ; clk        ; clk      ; None                        ; None                      ; 4.989 ns                ;
; N/A                                     ; 190.37 MHz ( period = 5.253 ns )                    ; counter_haomiao_ge[2]  ; counter_miao_shi[2] ; clk        ; clk      ; None                        ; None                      ; 4.989 ns                ;
; N/A                                     ; 190.55 MHz ( period = 5.248 ns )                    ; reg_haomiao_ge[2]      ; duan[1]~reg0        ; clk        ; clk      ; None                        ; None                      ; 4.991 ns                ;
; N/A                                     ; 191.09 MHz ( period = 5.233 ns )                    ; reg_miao_ge[2]         ; duan[3]~reg0        ; clk        ; clk      ; None                        ; None                      ; 4.975 ns                ;
; N/A                                     ; 191.28 MHz ( period = 5.228 ns )                    ; count[12]              ; count[20]           ; clk        ; clk      ; None                        ; None                      ; 4.976 ns                ;
; N/A                                     ; 191.28 MHz ( period = 5.228 ns )                    ; count[12]              ; count[16]           ; clk        ; clk      ; None                        ; None                      ; 4.976 ns                ;
; N/A                                     ; 191.31 MHz ( period = 5.227 ns )                    ; count[12]              ; count[18]           ; clk        ; clk      ; None                        ; None                      ; 4.975 ns                ;
; N/A                                     ; 191.31 MHz ( period = 5.227 ns )                    ; count[12]              ; count[21]           ; clk        ; clk      ; None                        ; None                      ; 4.975 ns                ;
; N/A                                     ; 191.39 MHz ( period = 5.225 ns )                    ; count[12]              ; count[19]           ; clk        ; clk      ; None                        ; None                      ; 4.973 ns                ;
; N/A                                     ; 191.39 MHz ( period = 5.225 ns )                    ; count[0]               ; count[24]           ; clk        ; clk      ; None                        ; None                      ; 4.971 ns                ;
; N/A                                     ; 191.39 MHz ( period = 5.225 ns )                    ; count[19]              ; count[14]           ; clk        ; clk      ; None                        ; None                      ; 4.949 ns                ;
; Timing analysis restricted to 200 rows. ; To change the limit use Settings (Assignments menu) ;                        ;                     ;            ;          ;                             ;                           ;                         ;
+-----------------------------------------+-----------------------------------------------------+------------------------+---------------------+------------+----------+-----------------------------+---------------------------+-------------------------+


+---------------------------------------------------------------------------------------------------------------------------------------------------------------------------------------+
; Clock Hold: 'clk'                                                                                                                                                                     ;
+------------------------------------------+------------------+------------+------------+----------+----------------------------+----------------------------+--------------------------+
; Minimum Slack                            ; From             ; To         ; From Clock ; To Clock ; Required Hold Relationship ; Required Shortest P2P Time ; Actual Shortest P2P Time ;
+------------------------------------------+------------------+------------+------------+----------+----------------------------+----------------------------+--------------------------+
; Not operational: Clock Skew > Data Delay ; shi_select_ge[1] ; shi_ge[1]  ; clk        ; clk      ; None                       ; None                       ; 0.760 ns                 ;
; Not operational: Clock Skew > Data Delay ; shi_select_ge[1] ; shi_shi[0] ; clk        ; clk      ; None                       ; None                       ; 1.464 ns                 ;
; Not operational: Clock Skew > Data Delay ; shi_select_ge[1] ; shi_shi[1] ; clk        ; clk      ; None                       ; None                       ; 1.865 ns                 ;
+------------------------------------------+------------------+------------+------------+----------+----------------------------+----------------------------+--------------------------+


+------------------------------------------------------------------------------------------------+
; tsu                                                                                            ;
+-------+--------------+------------+----------------------+--------------------------+----------+
; Slack ; Required tsu ; Actual tsu ; From                 ; To                       ; To Clock ;
+-------+--------------+------------+----------------------+--------------------------+----------+
; N/A   ; None         ; 7.661 ns   ; second_counter_key   ; reg_miao_ge[2]           ; clk      ;
; N/A   ; None         ; 7.513 ns   ; second_countdown_key ; reg_miao_ge[2]           ; clk      ;
; N/A   ; None         ; 7.366 ns   ; second_countdown_key ; reg_miao_ge[1]           ; clk      ;
; N/A   ; None         ; 7.365 ns   ; second_countdown_key ; reg_miao_shi[1]          ; clk      ;
; N/A   ; None         ; 7.360 ns   ; pause_key            ; counter_count[16]        ; clk      ;
; N/A   ; None         ; 7.360 ns   ; pause_key            ; counter_count[17]        ; clk      ;
; N/A   ; None         ; 7.360 ns   ; pause_key            ; counter_count[9]         ; clk      ;
; N/A   ; None         ; 7.360 ns   ; pause_key            ; counter_count[11]        ; clk      ;
; N/A   ; None         ; 7.360 ns   ; pause_key            ; counter_count[10]        ; clk      ;
; N/A   ; None         ; 7.360 ns   ; pause_key            ; counter_count[14]        ; clk      ;
; N/A   ; None         ; 7.360 ns   ; pause_key            ; counter_count[12]        ; clk      ;
; N/A   ; None         ; 7.360 ns   ; pause_key            ; counter_count[15]        ; clk      ;
; N/A   ; None         ; 7.360 ns   ; pause_key            ; counter_count[13]        ; clk      ;
; N/A   ; None         ; 7.354 ns   ; second_counter_key   ; reg_miao_ge[1]           ; clk      ;
; N/A   ; None         ; 7.353 ns   ; second_counter_key   ; reg_miao_shi[1]          ; clk      ;
; N/A   ; None         ; 6.690 ns   ; pause_key            ; counter_count[3]         ; clk      ;
; N/A   ; None         ; 6.690 ns   ; pause_key            ; counter_count[0]         ; clk      ;
; N/A   ; None         ; 6.690 ns   ; pause_key            ; counter_count[1]         ; clk      ;
; N/A   ; None         ; 6.690 ns   ; pause_key            ; counter_count[2]         ; clk      ;
; N/A   ; None         ; 6.690 ns   ; pause_key            ; counter_count[8]         ; clk      ;
; N/A   ; None         ; 6.690 ns   ; pause_key            ; counter_count[5]         ; clk      ;
; N/A   ; None         ; 6.690 ns   ; pause_key            ; counter_count[7]         ; clk      ;
; N/A   ; None         ; 6.690 ns   ; pause_key            ; counter_count[6]         ; clk      ;
; N/A   ; None         ; 6.690 ns   ; pause_key            ; counter_count[4]         ; clk      ;
; N/A   ; None         ; 6.335 ns   ; second_countdown_key ; reg_haomiao_shi[3]       ; clk      ;
; N/A   ; None         ; 6.335 ns   ; second_countdown_key ; reg_haomiao_shi[2]       ; clk      ;
; N/A   ; None         ; 6.233 ns   ; second_counter_key   ; reg_miao_ge[3]           ; clk      ;
; N/A   ; None         ; 6.223 ns   ; pause_key            ; clk_100hz                ; clk      ;
; N/A   ; None         ; 6.223 ns   ; second_counter_key   ; reg_miao_shi[0]          ; clk      ;
; N/A   ; None         ; 6.203 ns   ; second_counter_key   ; reg_miao_ge[0]           ; clk      ;
; N/A   ; None         ; 6.197 ns   ; second_counter_key   ; reg_miao_shi[2]          ; clk      ;
; N/A   ; None         ; 6.189 ns   ; second_countdown_key ; reg_miao_ge[0]           ; clk      ;
; N/A   ; None         ; 6.182 ns   ; second_countdown_key ; reg_miao_ge[3]           ; clk      ;
; N/A   ; None         ; 6.105 ns   ; second_counter_key   ; reg_haomiao_shi[1]       ; clk      ;
; N/A   ; None         ; 6.100 ns   ; second_counter_key   ; reg_haomiao_shi[0]       ; clk      ;
; N/A   ; None         ; 6.097 ns   ; second_countdown_key ; reg_fen_ge[3]            ; clk      ;
; N/A   ; None         ; 6.096 ns   ; second_countdown_key ; reg_shi_shi[0]           ; clk      ;
; N/A   ; None         ; 6.096 ns   ; second_countdown_key ; reg_fen_ge[1]            ; clk      ;
; N/A   ; None         ; 6.069 ns   ; second_counter_key   ; reg_fen_ge[0]            ; clk      ;
; N/A   ; None         ; 5.994 ns   ; second_countdown_key ; reg_fen_shi[0]           ; clk      ;
; N/A   ; None         ; 5.980 ns   ; second_countdown_key ; reg_miao_shi[0]          ; clk      ;
; N/A   ; None         ; 5.973 ns   ; second_countdown_key ; reg_miao_shi[2]          ; clk      ;
; N/A   ; None         ; 5.805 ns   ; second_countdown_key ; reg_haomiao_ge[3]        ; clk      ;
; N/A   ; None         ; 5.803 ns   ; second_countdown_key ; reg_haomiao_ge[2]        ; clk      ;
; N/A   ; None         ; 5.802 ns   ; second_countdown_key ; reg_haomiao_ge[0]        ; clk      ;
; N/A   ; None         ; 5.800 ns   ; second_counter_key   ; reg_haomiao_shi[2]       ; clk      ;
; N/A   ; None         ; 5.799 ns   ; second_counter_key   ; reg_haomiao_shi[3]       ; clk      ;
; N/A   ; None         ; 5.796 ns   ; second_countdown_key ; reg_haomiao_ge[1]        ; clk      ;
; N/A   ; None         ; 5.751 ns   ; second_countdown_key ; reg_fen_shi[2]           ; clk      ;
; N/A   ; None         ; 5.747 ns   ; second_countdown_key ; reg_fen_shi[1]           ; clk      ;
; N/A   ; None         ; 5.723 ns   ; second_counter_key   ; reg_fen_ge[2]            ; clk      ;
; N/A   ; None         ; 5.720 ns   ; second_counter_key   ; reg_fen_shi[2]           ; clk      ;
; N/A   ; None         ; 5.713 ns   ; second_counter_key   ; reg_fen_shi[1]           ; clk      ;
; N/A   ; None         ; 5.703 ns   ; second_counter_key   ; reg_fen_ge[3]            ; clk      ;
; N/A   ; None         ; 5.695 ns   ; second_counter_key   ; reg_haomiao_ge[3]        ; clk      ;
; N/A   ; None         ; 5.692 ns   ; second_counter_key   ; counter_miao_ge[2]       ; clk      ;
; N/A   ; None         ; 5.692 ns   ; second_counter_key   ; counter_miao_ge[1]       ; clk      ;
; N/A   ; None         ; 5.692 ns   ; second_counter_key   ; counter_miao_ge[0]       ; clk      ;
; N/A   ; None         ; 5.692 ns   ; second_counter_key   ; counter_miao_ge[3]       ; clk      ;
; N/A   ; None         ; 5.684 ns   ; second_counter_key   ; reg_fen_shi[0]           ; clk      ;
; N/A   ; None         ; 5.657 ns   ; second_counter_key   ; counter_miao_shi[1]      ; clk      ;
; N/A   ; None         ; 5.657 ns   ; second_counter_key   ; counter_miao_shi[0]      ; clk      ;
; N/A   ; None         ; 5.657 ns   ; second_counter_key   ; counter_miao_shi[2]      ; clk      ;
; N/A   ; None         ; 5.633 ns   ; second_countdown_key ; reg_haomiao_shi[0]       ; clk      ;
; N/A   ; None         ; 5.626 ns   ; second_countdown_key ; reg_fen_ge[0]            ; clk      ;
; N/A   ; None         ; 5.624 ns   ; second_countdown_key ; reg_haomiao_shi[1]       ; clk      ;
; N/A   ; None         ; 5.620 ns   ; second_countdown_key ; reg_shi_shi[1]           ; clk      ;
; N/A   ; None         ; 5.619 ns   ; second_countdown_key ; reg_fen_ge[2]            ; clk      ;
; N/A   ; None         ; 5.594 ns   ; second_countdown_key ; reg_shi_ge[0]            ; clk      ;
; N/A   ; None         ; 5.585 ns   ; second_countdown_key ; reg_shi_ge[1]            ; clk      ;
; N/A   ; None         ; 5.481 ns   ; second_counter_key   ; reg_shi_shi[0]           ; clk      ;
; N/A   ; None         ; 5.480 ns   ; second_counter_key   ; reg_fen_ge[1]            ; clk      ;
; N/A   ; None         ; 5.478 ns   ; second_counter_key   ; reg_shi_shi[1]           ; clk      ;
; N/A   ; None         ; 5.355 ns   ; second_countdown_key ; countdown_miao_ge[2]     ; clk      ;
; N/A   ; None         ; 5.355 ns   ; second_countdown_key ; countdown_miao_ge[1]     ; clk      ;
; N/A   ; None         ; 5.355 ns   ; second_countdown_key ; countdown_miao_ge[0]     ; clk      ;
; N/A   ; None         ; 5.355 ns   ; second_countdown_key ; countdown_miao_ge[3]     ; clk      ;
; N/A   ; None         ; 5.343 ns   ; second_countdown_key ; reg_shi_ge[3]            ; clk      ;
; N/A   ; None         ; 5.336 ns   ; second_counter_key   ; reg_shi_ge[0]            ; clk      ;
; N/A   ; None         ; 5.331 ns   ; second_counter_key   ; reg_shi_ge[3]            ; clk      ;
; N/A   ; None         ; 5.298 ns   ; second_counter_key   ; reg_shi_ge[1]            ; clk      ;
; N/A   ; None         ; 5.286 ns   ; second_counter_key   ; counter_haomiao_shi[0]   ; clk      ;
; N/A   ; None         ; 5.286 ns   ; second_counter_key   ; counter_haomiao_shi[1]   ; clk      ;
; N/A   ; None         ; 5.286 ns   ; second_counter_key   ; counter_haomiao_shi[3]   ; clk      ;
; N/A   ; None         ; 5.286 ns   ; second_counter_key   ; counter_haomiao_shi[2]   ; clk      ;
; N/A   ; None         ; 5.264 ns   ; second_counter_key   ; reg_haomiao_ge[2]        ; clk      ;
; N/A   ; None         ; 5.263 ns   ; second_countdown_key ; countdown_haomiao_shi[0] ; clk      ;
; N/A   ; None         ; 5.263 ns   ; second_countdown_key ; countdown_haomiao_shi[1] ; clk      ;
; N/A   ; None         ; 5.263 ns   ; second_countdown_key ; countdown_haomiao_shi[3] ; clk      ;
; N/A   ; None         ; 5.263 ns   ; second_countdown_key ; countdown_haomiao_shi[2] ; clk      ;
; N/A   ; None         ; 5.259 ns   ; second_counter_key   ; reg_haomiao_ge[0]        ; clk      ;
; N/A   ; None         ; 5.256 ns   ; second_counter_key   ; reg_haomiao_ge[1]        ; clk      ;
; N/A   ; None         ; 4.787 ns   ; second_counter_key   ; counter_haomiao_ge[3]    ; clk      ;
; N/A   ; None         ; 4.445 ns   ; hour_select_key      ; shi_select_ge[1]         ; clk      ;
; N/A   ; None         ; 4.276 ns   ; second_countdown_key ; countdown_miao_shi[0]    ; clk      ;
; N/A   ; None         ; 4.276 ns   ; second_countdown_key ; countdown_miao_shi[2]    ; clk      ;
; N/A   ; None         ; 3.815 ns   ; second_countdown_key ; countdown_haomiao_ge[1]  ; clk      ;
; N/A   ; None         ; 3.809 ns   ; second_countdown_key ; countdown_haomiao_ge[0]  ; clk      ;
; N/A   ; None         ; 3.808 ns   ; second_countdown_key ; countdown_haomiao_ge[3]  ; clk      ;
; N/A   ; None         ; 3.769 ns   ; second_countdown_key ; countdown_haomiao_ge[2]  ; clk      ;
; N/A   ; None         ; 3.687 ns   ; second_countdown_key ; countdown_miao_shi[1]    ; clk      ;
; N/A   ; None         ; 3.491 ns   ; second_counter_key   ; counter_shi_shi[0]       ; clk      ;
; N/A   ; None         ; 3.452 ns   ; second_counter_key   ; counter_shi_shi[1]       ; clk      ;
; N/A   ; None         ; 3.452 ns   ; second_counter_key   ; counter_fen_ge[2]        ; clk      ;
; N/A   ; None         ; 3.452 ns   ; second_counter_key   ; counter_fen_ge[0]        ; clk      ;
; N/A   ; None         ; 3.452 ns   ; second_counter_key   ; counter_fen_ge[3]        ; clk      ;
; N/A   ; None         ; 3.381 ns   ; second_counter_key   ; counter_fen_ge[1]        ; clk      ;
; N/A   ; None         ; 3.381 ns   ; second_counter_key   ; counter_fen_shi[0]       ; clk      ;
; N/A   ; None         ; 3.381 ns   ; second_counter_key   ; counter_fen_shi[2]       ; clk      ;
; N/A   ; None         ; 3.381 ns   ; second_counter_key   ; counter_fen_shi[1]       ; clk      ;
; N/A   ; None         ; 3.381 ns   ; second_counter_key   ; counter_shi_ge[1]        ; clk      ;
; N/A   ; None         ; 3.381 ns   ; second_counter_key   ; counter_shi_ge[0]        ; clk      ;
; N/A   ; None         ; 3.097 ns   ; second_counter_key   ; counter_haomiao_ge[0]    ; clk      ;
; N/A   ; None         ; 3.096 ns   ; second_counter_key   ; counter_haomiao_ge[2]    ; clk      ;
; N/A   ; None         ; 3.092 ns   ; second_counter_key   ; counter_haomiao_ge[1]    ; clk      ;
+-------+--------------+------------+----------------------+--------------------------+----------+


+-------------------------------------------------------------------------+
; tco                                                                     ;
+-------+--------------+------------+--------------+---------+------------+
; Slack ; Required tco ; Actual tco ; From         ; To      ; From Clock ;
+-------+--------------+------------+--------------+---------+------------+
; N/A   ; None         ; 8.814 ns   ; duan[0]~reg0 ; duan[0] ; clk        ;
; N/A   ; None         ; 8.719 ns   ; duan[4]~reg0 ; duan[4] ; clk        ;
; N/A   ; None         ; 8.698 ns   ; wei[7]~reg0  ; wei[7]  ; clk        ;
; N/A   ; None         ; 8.385 ns   ; duan[5]~reg0 ; duan[5] ; clk        ;
; N/A   ; None         ; 8.360 ns   ; wei[6]~reg0  ; wei[6]  ; clk        ;
; N/A   ; None         ; 8.235 ns   ; duan[3]~reg0 ; duan[3] ; clk        ;
; N/A   ; None         ; 8.179 ns   ; duan[2]~reg0 ; duan[2] ; clk        ;
; N/A   ; None         ; 7.623 ns   ; wei[0]~reg0  ; wei[0]  ; clk        ;
; N/A   ; None         ; 7.617 ns   ; wei[3]~reg0  ; wei[3]  ; clk        ;
; N/A   ; None         ; 7.612 ns   ; duan[6]~reg0 ; duan[6] ; clk        ;
; N/A   ; None         ; 7.585 ns   ; wei[5]~reg0  ; wei[5]  ; clk        ;
; N/A   ; None         ; 7.274 ns   ; duan[1]~reg0 ; duan[1] ; clk        ;
; N/A   ; None         ; 7.249 ns   ; wei[2]~reg0  ; wei[2]  ; clk        ;
; N/A   ; None         ; 7.244 ns   ; wei[4]~reg0  ; wei[4]  ; clk        ;
; N/A   ; None         ; 7.236 ns   ; wei[1]~reg0  ; wei[1]  ; clk        ;
+-------+--------------+------------+--------------+---------+------------+


+------------------------------------------------------------------------------------------------------+
; th                                                                                                   ;
+---------------+-------------+-----------+----------------------+--------------------------+----------+
; Minimum Slack ; Required th ; Actual th ; From                 ; To                       ; To Clock ;
+---------------+-------------+-----------+----------------------+--------------------------+----------+
; N/A           ; None        ; -2.778 ns ; second_counter_key   ; counter_miao_ge[1]       ; clk      ;
; N/A           ; None        ; -2.778 ns ; second_counter_key   ; counter_miao_shi[0]      ; clk      ;
; N/A           ; None        ; -2.779 ns ; second_counter_key   ; counter_miao_ge[0]       ; clk      ;
; N/A           ; None        ; -2.781 ns ; second_counter_key   ; counter_miao_ge[2]       ; clk      ;
; N/A           ; None        ; -2.826 ns ; second_counter_key   ; counter_haomiao_ge[1]    ; clk      ;
; N/A           ; None        ; -2.830 ns ; second_counter_key   ; counter_haomiao_ge[2]    ; clk      ;
; N/A           ; None        ; -2.831 ns ; second_counter_key   ; counter_haomiao_ge[0]    ; clk      ;
; N/A           ; None        ; -3.093 ns ; second_counter_key   ; counter_miao_shi[2]      ; clk      ;
; N/A           ; None        ; -3.115 ns ; second_counter_key   ; counter_fen_ge[1]        ; clk      ;
; N/A           ; None        ; -3.115 ns ; second_counter_key   ; counter_fen_shi[0]       ; clk      ;
; N/A           ; None        ; -3.115 ns ; second_counter_key   ; counter_fen_shi[2]       ; clk      ;
; N/A           ; None        ; -3.115 ns ; second_counter_key   ; counter_fen_shi[1]       ; clk      ;
; N/A           ; None        ; -3.115 ns ; second_counter_key   ; counter_shi_ge[1]        ; clk      ;
; N/A           ; None        ; -3.115 ns ; second_counter_key   ; counter_shi_ge[0]        ; clk      ;
; N/A           ; None        ; -3.128 ns ; second_counter_key   ; counter_miao_shi[1]      ; clk      ;
; N/A           ; None        ; -3.158 ns ; second_countdown_key ; countdown_miao_shi[0]    ; clk      ;
; N/A           ; None        ; -3.168 ns ; second_countdown_key ; countdown_miao_shi[2]    ; clk      ;
; N/A           ; None        ; -3.183 ns ; second_countdown_key ; countdown_miao_ge[2]     ; clk      ;
; N/A           ; None        ; -3.184 ns ; second_countdown_key ; countdown_miao_ge[3]     ; clk      ;
; N/A           ; None        ; -3.186 ns ; second_counter_key   ; counter_shi_shi[1]       ; clk      ;
; N/A           ; None        ; -3.186 ns ; second_counter_key   ; counter_fen_ge[2]        ; clk      ;
; N/A           ; None        ; -3.186 ns ; second_counter_key   ; counter_fen_ge[0]        ; clk      ;
; N/A           ; None        ; -3.186 ns ; second_counter_key   ; counter_fen_ge[3]        ; clk      ;
; N/A           ; None        ; -3.188 ns ; second_countdown_key ; countdown_miao_ge[1]     ; clk      ;
; N/A           ; None        ; -3.188 ns ; second_counter_key   ; counter_haomiao_shi[1]   ; clk      ;
; N/A           ; None        ; -3.189 ns ; second_countdown_key ; countdown_miao_ge[0]     ; clk      ;
; N/A           ; None        ; -3.192 ns ; second_countdown_key ; countdown_haomiao_shi[2] ; clk      ;
; N/A           ; None        ; -3.192 ns ; second_counter_key   ; counter_haomiao_shi[3]   ; clk      ;
; N/A           ; None        ; -3.192 ns ; second_counter_key   ; counter_haomiao_shi[2]   ; clk      ;
; N/A           ; None        ; -3.193 ns ; second_counter_key   ; counter_haomiao_shi[0]   ; clk      ;
; N/A           ; None        ; -3.194 ns ; second_countdown_key ; countdown_haomiao_shi[0] ; clk      ;
; N/A           ; None        ; -3.198 ns ; second_countdown_key ; countdown_haomiao_shi[3] ; clk      ;
; N/A           ; None        ; -3.225 ns ; second_counter_key   ; counter_shi_shi[0]       ; clk      ;
; N/A           ; None        ; -3.421 ns ; second_countdown_key ; countdown_miao_shi[1]    ; clk      ;
; N/A           ; None        ; -3.503 ns ; second_countdown_key ; countdown_haomiao_ge[2]  ; clk      ;
; N/A           ; None        ; -3.528 ns ; second_countdown_key ; countdown_haomiao_shi[1] ; clk      ;
; N/A           ; None        ; -3.542 ns ; second_countdown_key ; countdown_haomiao_ge[3]  ; clk      ;
; N/A           ; None        ; -3.543 ns ; second_countdown_key ; countdown_haomiao_ge[0]  ; clk      ;
; N/A           ; None        ; -3.549 ns ; second_countdown_key ; countdown_haomiao_ge[1]  ; clk      ;
; N/A           ; None        ; -4.179 ns ; hour_select_key      ; shi_select_ge[1]         ; clk      ;
; N/A           ; None        ; -4.521 ns ; second_counter_key   ; counter_haomiao_ge[3]    ; clk      ;
; N/A           ; None        ; -4.770 ns ; second_counter_key   ; counter_miao_ge[3]       ; clk      ;
; N/A           ; None        ; -4.990 ns ; second_counter_key   ; reg_haomiao_ge[1]        ; clk      ;
; N/A           ; None        ; -4.993 ns ; second_counter_key   ; reg_haomiao_ge[0]        ; clk      ;
; N/A           ; None        ; -4.998 ns ; second_counter_key   ; reg_haomiao_ge[2]        ; clk      ;
; N/A           ; None        ; -5.032 ns ; second_counter_key   ; reg_shi_ge[1]            ; clk      ;
; N/A           ; None        ; -5.065 ns ; second_counter_key   ; reg_shi_ge[3]            ; clk      ;
; N/A           ; None        ; -5.070 ns ; second_counter_key   ; reg_shi_ge[0]            ; clk      ;
; N/A           ; None        ; -5.077 ns ; second_countdown_key ; reg_shi_ge[3]            ; clk      ;
; N/A           ; None        ; -5.130 ns ; second_counter_key   ; reg_miao_ge[3]           ; clk      ;
; N/A           ; None        ; -5.143 ns ; second_countdown_key ; reg_miao_shi[0]          ; clk      ;
; N/A           ; None        ; -5.145 ns ; second_countdown_key ; reg_miao_shi[2]          ; clk      ;
; N/A           ; None        ; -5.212 ns ; second_counter_key   ; reg_shi_shi[1]           ; clk      ;
; N/A           ; None        ; -5.214 ns ; second_counter_key   ; reg_fen_ge[1]            ; clk      ;
; N/A           ; None        ; -5.215 ns ; second_counter_key   ; reg_shi_shi[0]           ; clk      ;
; N/A           ; None        ; -5.319 ns ; second_countdown_key ; reg_shi_ge[1]            ; clk      ;
; N/A           ; None        ; -5.328 ns ; second_countdown_key ; reg_shi_ge[0]            ; clk      ;
; N/A           ; None        ; -5.353 ns ; second_countdown_key ; reg_fen_ge[2]            ; clk      ;
; N/A           ; None        ; -5.354 ns ; second_countdown_key ; reg_shi_shi[1]           ; clk      ;
; N/A           ; None        ; -5.358 ns ; second_countdown_key ; reg_haomiao_shi[1]       ; clk      ;
; N/A           ; None        ; -5.360 ns ; second_countdown_key ; reg_fen_ge[0]            ; clk      ;
; N/A           ; None        ; -5.366 ns ; second_counter_key   ; reg_miao_shi[0]          ; clk      ;
; N/A           ; None        ; -5.367 ns ; second_countdown_key ; reg_haomiao_shi[0]       ; clk      ;
; N/A           ; None        ; -5.382 ns ; second_counter_key   ; reg_miao_ge[0]           ; clk      ;
; N/A           ; None        ; -5.389 ns ; second_counter_key   ; reg_miao_shi[2]          ; clk      ;
; N/A           ; None        ; -5.418 ns ; second_counter_key   ; reg_fen_shi[0]           ; clk      ;
; N/A           ; None        ; -5.429 ns ; second_counter_key   ; reg_haomiao_ge[3]        ; clk      ;
; N/A           ; None        ; -5.437 ns ; second_counter_key   ; reg_fen_ge[3]            ; clk      ;
; N/A           ; None        ; -5.447 ns ; second_counter_key   ; reg_fen_shi[1]           ; clk      ;
; N/A           ; None        ; -5.454 ns ; second_counter_key   ; reg_fen_shi[2]           ; clk      ;
; N/A           ; None        ; -5.457 ns ; second_counter_key   ; reg_fen_ge[2]            ; clk      ;
; N/A           ; None        ; -5.481 ns ; second_countdown_key ; reg_fen_shi[1]           ; clk      ;
; N/A           ; None        ; -5.485 ns ; second_countdown_key ; reg_fen_shi[2]           ; clk      ;
; N/A           ; None        ; -5.530 ns ; second_countdown_key ; reg_haomiao_ge[1]        ; clk      ;
; N/A           ; None        ; -5.533 ns ; second_counter_key   ; reg_haomiao_shi[3]       ; clk      ;
; N/A           ; None        ; -5.534 ns ; second_counter_key   ; reg_haomiao_shi[2]       ; clk      ;
; N/A           ; None        ; -5.536 ns ; second_countdown_key ; reg_haomiao_ge[0]        ; clk      ;
; N/A           ; None        ; -5.537 ns ; second_countdown_key ; reg_haomiao_ge[2]        ; clk      ;
; N/A           ; None        ; -5.539 ns ; second_countdown_key ; reg_haomiao_ge[3]        ; clk      ;
; N/A           ; None        ; -5.728 ns ; second_countdown_key ; reg_fen_shi[0]           ; clk      ;
; N/A           ; None        ; -5.803 ns ; second_counter_key   ; reg_fen_ge[0]            ; clk      ;
; N/A           ; None        ; -5.830 ns ; second_countdown_key ; reg_shi_shi[0]           ; clk      ;
; N/A           ; None        ; -5.830 ns ; second_countdown_key ; reg_fen_ge[1]            ; clk      ;
; N/A           ; None        ; -5.831 ns ; second_countdown_key ; reg_fen_ge[3]            ; clk      ;
; N/A           ; None        ; -5.834 ns ; second_counter_key   ; reg_haomiao_shi[0]       ; clk      ;
; N/A           ; None        ; -5.836 ns ; second_countdown_key ; reg_miao_ge[0]           ; clk      ;
; N/A           ; None        ; -5.836 ns ; second_countdown_key ; reg_miao_ge[3]           ; clk      ;
; N/A           ; None        ; -5.839 ns ; second_counter_key   ; reg_haomiao_shi[1]       ; clk      ;
; N/A           ; None        ; -5.957 ns ; pause_key            ; clk_100hz                ; clk      ;
; N/A           ; None        ; -6.069 ns ; second_countdown_key ; reg_haomiao_shi[3]       ; clk      ;
; N/A           ; None        ; -6.069 ns ; second_countdown_key ; reg_haomiao_shi[2]       ; clk      ;
; N/A           ; None        ; -6.175 ns ; second_countdown_key ; reg_miao_shi[1]          ; clk      ;
; N/A           ; None        ; -6.175 ns ; second_countdown_key ; reg_miao_ge[1]           ; clk      ;
; N/A           ; None        ; -6.323 ns ; second_counter_key   ; reg_miao_shi[1]          ; clk      ;
; N/A           ; None        ; -6.323 ns ; second_counter_key   ; reg_miao_ge[1]           ; clk      ;
; N/A           ; None        ; -6.424 ns ; pause_key            ; counter_count[3]         ; clk      ;
; N/A           ; None        ; -6.424 ns ; pause_key            ; counter_count[0]         ; clk      ;
; N/A           ; None        ; -6.424 ns ; pause_key            ; counter_count[1]         ; clk      ;
; N/A           ; None        ; -6.424 ns ; pause_key            ; counter_count[2]         ; clk      ;
; N/A           ; None        ; -6.424 ns ; pause_key            ; counter_count[8]         ; clk      ;
; N/A           ; None        ; -6.424 ns ; pause_key            ; counter_count[5]         ; clk      ;
; N/A           ; None        ; -6.424 ns ; pause_key            ; counter_count[7]         ; clk      ;
; N/A           ; None        ; -6.424 ns ; pause_key            ; counter_count[6]         ; clk      ;
; N/A           ; None        ; -6.424 ns ; pause_key            ; counter_count[4]         ; clk      ;
; N/A           ; None        ; -6.749 ns ; second_counter_key   ; reg_miao_ge[2]           ; clk      ;
; N/A           ; None        ; -6.761 ns ; second_countdown_key ; reg_miao_ge[2]           ; clk      ;
; N/A           ; None        ; -7.094 ns ; pause_key            ; counter_count[16]        ; clk      ;
; N/A           ; None        ; -7.094 ns ; pause_key            ; counter_count[17]        ; clk      ;
; N/A           ; None        ; -7.094 ns ; pause_key            ; counter_count[9]         ; clk      ;
; N/A           ; None        ; -7.094 ns ; pause_key            ; counter_count[11]        ; clk      ;
; N/A           ; None        ; -7.094 ns ; pause_key            ; counter_count[10]        ; clk      ;
; N/A           ; None        ; -7.094 ns ; pause_key            ; counter_count[14]        ; clk      ;
; N/A           ; None        ; -7.094 ns ; pause_key            ; counter_count[12]        ; clk      ;
; N/A           ; None        ; -7.094 ns ; pause_key            ; counter_count[15]        ; clk      ;
; N/A           ; None        ; -7.094 ns ; pause_key            ; counter_count[13]        ; clk      ;
+---------------+-------------+-----------+----------------------+--------------------------+----------+


+--------------------------+
; Timing Analyzer Messages ;
+--------------------------+
Info: *******************************************************************
Info: Running Quartus II Classic Timing Analyzer
    Info: Version 9.0 Build 132 02/25/2009 SJ Full Version
    Info: Processing started: Mon Mar 31 16:52:11 2014
Info: Command: quartus_tan --read_settings_files=off --write_settings_files=off time_clock -c time_clock --timing_analysis_only
Info: Parallel compilation is enabled and will use 2 of the 2 processors detected
Warning: Found pins functioning as undefined clocks and/or memory enables
    Info: Assuming node "clk" is an undefined clock
Warning: Found 3 node(s) in clock paths which may be acting as ripple and/or gated clocks -- node(s) analyzed as buffer(s) resulting in clock skew
    Info: Detected ripple clock "clk_1hz" as buffer
    Info: Detected ripple clock "clk_100hz" as buffer
    Info: Detected ripple clock "clk_scan" as buffer
Info: Clock "clk" has Internal fmax of 119.27 MHz between source register "select[1]" and destination register "duan[3]~reg0" (period= 8.384 ns)
    Info: + Longest register to register delay is 4.316 ns
        Info: 1: + IC(0.000 ns) + CELL(0.000 ns) = 0.000 ns; Loc. = LCFF_X19_Y12_N11; Fanout = 28; REG Node = 'select[1]'
        Info: 2: + IC(0.842 ns) + CELL(0.651 ns) = 1.493 ns; Loc. = LCCOMB_X20_Y12_N18; Fanout = 3; COMB Node = 'duan[3]~53'
        Info: 3: + IC(0.381 ns) + CELL(0.624 ns) = 2.498 ns; Loc. = LCCOMB_X20_Y12_N20; Fanout = 1; COMB Node = 'duan~79'
        Info: 4: + IC(0.376 ns) + CELL(0.370 ns) = 3.244 ns; Loc. = LCCOMB_X20_Y12_N30; Fanout = 1; COMB Node = 'duan~80'
        Info: 5: + IC(0.594 ns) + CELL(0.370 ns) = 4.208 ns; Loc. = LCCOMB_X20_Y12_N2; Fanout = 1; COMB Node = 'duan~81'
        Info: 6: + IC(0.000 ns) + CELL(0.108 ns) = 4.316 ns; Loc. = LCFF_X20_Y12_N3; Fanout = 1; REG Node = 'duan[3]~reg0'
        Info: Total cell delay = 2.123 ns ( 49.19 % )
        Info: Total interconnect delay = 2.193 ns ( 50.81 % )
    Info: - Smallest clock skew is -3.804 ns
        Info: + Shortest clock path from clock "clk" to destination register is 2.764 ns
            Info: 1: + IC(0.000 ns) + CELL(1.100 ns) = 1.100 ns; Loc. = PIN_17; Fanout = 4; CLK Node = 'clk'
            Info: 2: + IC(0.143 ns) + CELL(0.000 ns) = 1.243 ns; Loc. = CLKCTRL_G2; Fanout = 100; COMB Node = 'clk~clkctrl'
            Info: 3: + IC(0.855 ns) + CELL(0.666 ns) = 2.764 ns; Loc. = LCFF_X20_Y12_N3; Fanout = 1; REG Node = 'duan[3]~reg0'
            Info: Total cell delay = 1.766 ns ( 63.89 % )
            Info: Total interconnect delay = 0.998 ns ( 36.11 % )
        Info: - Longest clock path from clock "clk" to source register is 6.568 ns
            Info: 1: + IC(0.000 ns) + CELL(1.100 ns) = 1.100 ns; Loc. = PIN_17; Fanout = 4; CLK Node = 'clk'
            Info: 2: + IC(1.482 ns) + CELL(0.970 ns) = 3.552 ns; Loc. = LCFF_X8_Y5_N1; Fanout = 2; REG Node = 'clk_scan'
            Info: 3: + IC(1.497 ns) + CELL(0.000 ns) = 5.049 ns; Loc. = CLKCTRL_G0; Fanout = 3; COMB Node = 'clk_scan~clkctrl'
            Info: 4: + IC(0.853 ns) + CELL(0.666 ns) = 6.568 ns; Loc. = LCFF_X19_Y12_N11; Fanout = 28; REG Node = 'select[1]'
            Info: Total cell delay = 2.736 ns ( 41.66 % )
            Info: Total interconnect delay = 3.832 ns ( 58.34 % )
    Info: + Micro clock to output delay of source is 0.304 ns
    Info: + Micro setup delay of destination is -0.040 ns
Warning: Circuit may not operate. Detected 3 non-operational path(s) clocked by clock "clk" with clock skew larger than data delay. See Compilation Report for details.
Info: Found hold time violation between source  pin or register "shi_select_ge[1]" and destination pin or register "shi_ge[1]" for clock "clk" (Hold time is 3.411 ns)
    Info: + Largest clock skew is 4.169 ns
        Info: + Longest clock path from clock "clk" to destination register is 6.916 ns
            Info: 1: + IC(0.000 ns) + CELL(1.100 ns) = 1.100 ns; Loc. = PIN_17; Fanout = 4; CLK Node = 'clk'
            Info: 2: + IC(1.482 ns) + CELL(0.970 ns) = 3.552 ns; Loc. = LCFF_X8_Y5_N21; Fanout = 2; REG Node = 'clk_1hz'
            Info: 3: + IC(1.860 ns) + CELL(0.000 ns) = 5.412 ns; Loc. = CLKCTRL_G1; Fanout = 18; COMB Node = 'clk_1hz~clkctrl'
            Info: 4: + IC(0.838 ns) + CELL(0.666 ns) = 6.916 ns; Loc. = LCFF_X20_Y8_N11; Fanout = 3; REG Node = 'shi_ge[1]'
            Info: Total cell delay = 2.736 ns ( 39.56 % )
            Info: Total interconnect delay = 4.180 ns ( 60.44 % )
        Info: - Shortest clock path from clock "clk" to source register is 2.747 ns
            Info: 1: + IC(0.000 ns) + CELL(1.100 ns) = 1.100 ns; Loc. = PIN_17; Fanout = 4; CLK Node = 'clk'
            Info: 2: + IC(0.143 ns) + CELL(0.000 ns) = 1.243 ns; Loc. = CLKCTRL_G2; Fanout = 100; COMB Node = 'clk~clkctrl'
            Info: 3: + IC(0.838 ns) + CELL(0.666 ns) = 2.747 ns; Loc. = LCFF_X20_Y8_N1; Fanout = 4; REG Node = 'shi_select_ge[1]'
            Info: Total cell delay = 1.766 ns ( 64.29 % )
            Info: Total interconnect delay = 0.981 ns ( 35.71 % )
    Info: - Micro clock to output delay of source is 0.304 ns
    Info: - Shortest register to register delay is 0.760 ns
        Info: 1: + IC(0.000 ns) + CELL(0.000 ns) = 0.000 ns; Loc. = LCFF_X20_Y8_N1; Fanout = 4; REG Node = 'shi_select_ge[1]'
        Info: 2: + IC(0.446 ns) + CELL(0.206 ns) = 0.652 ns; Loc. = LCCOMB_X20_Y8_N10; Fanout = 1; COMB Node = 'shi_ge[1]~10'
        Info: 3: + IC(0.000 ns) + CELL(0.108 ns) = 0.760 ns; Loc. = LCFF_X20_Y8_N11; Fanout = 3; REG Node = 'shi_ge[1]'
        Info: Total cell delay = 0.314 ns ( 41.32 % )
        Info: Total interconnect delay = 0.446 ns ( 58.68 % )
    Info: + Micro hold delay of destination is 0.306 ns
Info: tsu for register "reg_miao_ge[2]" (data pin = "second_counter_key", clock pin = "clk") is 7.661 ns
    Info: + Longest pin to register delay is 10.459 ns
        Info: 1: + IC(0.000 ns) + CELL(0.934 ns) = 0.934 ns; Loc. = PIN_67; Fanout = 57; PIN Node = 'second_counter_key'
        Info: 2: + IC(6.762 ns) + CELL(0.544 ns) = 8.240 ns; Loc. = LCCOMB_X19_Y10_N24; Fanout = 3; COMB Node = 'Selector11~3'
        Info: 3: + IC(1.397 ns) + CELL(0.822 ns) = 10.459 ns; Loc. = LCFF_X18_Y11_N1; Fanout = 7; REG Node = 'reg_miao_ge[2]'
        Info: Total cell delay = 2.300 ns ( 21.99 % )
        Info: Total interconnect delay = 8.159 ns ( 78.01 % )
    Info: + Micro setup delay of destination is -0.040 ns
    Info: - Shortest clock path from clock "clk" to destination register is 2.758 ns
        Info: 1: + IC(0.000 ns) + CELL(1.100 ns) = 1.100 ns; Loc. = PIN_17; Fanout = 4; CLK Node = 'clk'
        Info: 2: + IC(0.143 ns) + CELL(0.000 ns) = 1.243 ns; Loc. = CLKCTRL_G2; Fanout = 100; COMB Node = 'clk~clkctrl'
        Info: 3: + IC(0.849 ns) + CELL(0.666 ns) = 2.758 ns; Loc. = LCFF_X18_Y11_N1; Fanout = 7; REG Node = 'reg_miao_ge[2]'
        Info: Total cell delay = 1.766 ns ( 64.03 % )
        Info: Total interconnect delay = 0.992 ns ( 35.97 % )
Info: tco from clock "clk" to destination pin "duan[0]" through register "duan[0]~reg0" is 8.814 ns
    Info: + Longest clock path from clock "clk" to source register is 2.764 ns
        Info: 1: + IC(0.000 ns) + CELL(1.100 ns) = 1.100 ns; Loc. = PIN_17; Fanout = 4; CLK Node = 'clk'
        Info: 2: + IC(0.143 ns) + CELL(0.000 ns) = 1.243 ns; Loc. = CLKCTRL_G2; Fanout = 100; COMB Node = 'clk~clkctrl'
        Info: 3: + IC(0.855 ns) + CELL(0.666 ns) = 2.764 ns; Loc. = LCFF_X20_Y12_N1; Fanout = 1; REG Node = 'duan[0]~reg0'
        Info: Total cell delay = 1.766 ns ( 63.89 % )
        Info: Total interconnect delay = 0.998 ns ( 36.11 % )
    Info: + Micro clock to output delay of source is 0.304 ns
    Info: + Longest register to pin delay is 5.746 ns
        Info: 1: + IC(0.000 ns) + CELL(0.000 ns) = 0.000 ns; Loc. = LCFF_X20_Y12_N1; Fanout = 1; REG Node = 'duan[0]~reg0'
        Info: 2: + IC(2.510 ns) + CELL(3.236 ns) = 5.746 ns; Loc. = PIN_136; Fanout = 0; PIN Node = 'duan[0]'
        Info: Total cell delay = 3.236 ns ( 56.32 % )
        Info: Total interconnect delay = 2.510 ns ( 43.68 % )
Info: th for register "counter_miao_ge[1]" (data pin = "second_counter_key", clock pin = "clk") is -2.778 ns
    Info: + Longest clock path from clock "clk" to destination register is 4.919 ns
        Info: 1: + IC(0.000 ns) + CELL(1.100 ns) = 1.100 ns; Loc. = PIN_17; Fanout = 4; CLK Node = 'clk'
        Info: 2: + IC(0.532 ns) + CELL(0.970 ns) = 2.602 ns; Loc. = LCFF_X1_Y6_N13; Fanout = 2; REG Node = 'clk_100hz'
        Info: 3: + IC(0.806 ns) + CELL(0.000 ns) = 3.408 ns; Loc. = CLKCTRL_G3; Fanout = 41; COMB Node = 'clk_100hz~clkctrl'
        Info: 4: + IC(0.845 ns) + CELL(0.666 ns) = 4.919 ns; Loc. = LCFF_X18_Y10_N13; Fanout = 4; REG Node = 'counter_miao_ge[1]'
        Info: Total cell delay = 2.736 ns ( 55.62 % )
        Info: Total interconnect delay = 2.183 ns ( 44.38 % )
    Info: + Micro hold delay of destination is 0.306 ns
    Info: - Shortest pin to register delay is 8.003 ns
        Info: 1: + IC(0.000 ns) + CELL(0.934 ns) = 0.934 ns; Loc. = PIN_67; Fanout = 57; PIN Node = 'second_counter_key'
        Info: 2: + IC(6.759 ns) + CELL(0.202 ns) = 7.895 ns; Loc. = LCCOMB_X18_Y10_N12; Fanout = 1; COMB Node = 'counter_miao_ge~18'
        Info: 3: + IC(0.000 ns) + CELL(0.108 ns) = 8.003 ns; Loc. = LCFF_X18_Y10_N13; Fanout = 4; REG Node = 'counter_miao_ge[1]'
        Info: Total cell delay = 1.244 ns ( 15.54 % )
        Info: Total interconnect delay = 6.759 ns ( 84.46 % )
Info: Quartus II Classic Timing Analyzer was successful. 0 errors, 3 warnings
    Info: Peak virtual memory: 135 megabytes
    Info: Processing ended: Mon Mar 31 16:52:12 2014
    Info: Elapsed time: 00:00:01
    Info: Total CPU time (on all processors): 00:00:01


