Classic Timing Analyzer report for time
Wed May 14 21:03:13 2014
Quartus II Version 9.0 Build 132 02/25/2009 SJ Full Version


---------------------
; Table of Contents ;
---------------------
  1. Legal Notice
  2. Timing Analyzer Summary
  3. Timing Analyzer Settings
  4. Clock Settings Summary
  5. Parallel Compilation
  6. Clock Setup: 'clk'
  7. Clock Hold: 'clk'
  8. tsu
  9. tco
 10. th
 11. Timing Analyzer Messages



----------------
; Legal Notice ;
----------------
Copyright (C) 1991-2009 Altera Corporation
Your use of Altera Corporation's design tools, logic functions 
and other software and tools, and its AMPP partner logic 
functions, and any output files from any of the foregoing 
(including device programming or simulation files), and any 
associated documentation or information are expressly subject 
to the terms and conditions of the Altera Program License 
Subscription Agreement, Altera MegaCore Function License 
Agreement, or other applicable license agreement, including, 
without limitation, that your use is for the sole purpose of 
programming logic devices manufactured by Altera and sold by 
Altera or its authorized distributors.  Please refer to the 
applicable agreement for further details.



+----------------------------------------------------------------------------------------------------------------------------------------------------------------------------------------------------------------------------------------+
; Timing Analyzer Summary                                                                                                                                                                                                                ;
+------------------------------+------------------------------------------+---------------+----------------------------------+-------------------------------------+------------------------------+------------+----------+--------------+
; Type                         ; Slack                                    ; Required Time ; Actual Time                      ; From                                ; To                           ; From Clock ; To Clock ; Failed Paths ;
+------------------------------+------------------------------------------+---------------+----------------------------------+-------------------------------------+------------------------------+------------+----------+--------------+
; Worst-case tsu               ; N/A                                      ; None          ; 13.102 ns                        ; reset_n                             ; seg:inst4|seg_duan[0]        ; --         ; clk      ; 0            ;
; Worst-case tco               ; N/A                                      ; None          ; 15.997 ns                        ; control:inst|mileage_counter[2]     ; mileage_out[2]               ; clk        ; --       ; 0            ;
; Worst-case th                ; N/A                                      ; None          ; -0.386 ns                        ; start_signal                        ; key:inst3|start_state[1]     ; --         ; clk      ; 0            ;
; Clock Setup: 'clk'           ; N/A                                      ; None          ; 40.49 MHz ( period = 24.698 ns ) ; control:inst|mileage_counter_shi[3] ; seg:inst4|seg_duan[0]        ; clk        ; clk      ; 0            ;
; Clock Hold: 'clk'            ; Not operational: Clock Skew > Data Delay ; None          ; N/A                              ; control:inst|minute_counter[0]      ; control:inst|cost_counter[0] ; clk        ; clk      ; 7            ;
; Total number of failed paths ;                                          ;               ;                                  ;                                     ;                              ;            ;          ; 7            ;
+------------------------------+------------------------------------------+---------------+----------------------------------+-------------------------------------+------------------------------+------------+----------+--------------+


+--------------------------------------------------------------------------------------------------------------------+
; Timing Analyzer Settings                                                                                           ;
+---------------------------------------------------------------------+--------------------+------+----+-------------+
; Option                                                              ; Setting            ; From ; To ; Entity Name ;
+---------------------------------------------------------------------+--------------------+------+----+-------------+
; Device Name                                                         ; EP2C5T144C8        ;      ;    ;             ;
; Timing Models                                                       ; Final              ;      ;    ;             ;
; Default hold multicycle                                             ; Same as Multicycle ;      ;    ;             ;
; Cut paths between unrelated clock domains                           ; On                 ;      ;    ;             ;
; Cut off read during write signal paths                              ; On                 ;      ;    ;             ;
; Cut off feedback from I/O pins                                      ; On                 ;      ;    ;             ;
; Report Combined Fast/Slow Timing                                    ; Off                ;      ;    ;             ;
; Ignore Clock Settings                                               ; Off                ;      ;    ;             ;
; Analyze latches as synchronous elements                             ; On                 ;      ;    ;             ;
; Enable Recovery/Removal analysis                                    ; Off                ;      ;    ;             ;
; Enable Clock Latency                                                ; Off                ;      ;    ;             ;
; Use TimeQuest Timing Analyzer                                       ; Off                ;      ;    ;             ;
; Minimum Core Junction Temperature                                   ; 0                  ;      ;    ;             ;
; Maximum Core Junction Temperature                                   ; 85                 ;      ;    ;             ;
; Number of source nodes to report per destination node               ; 10                 ;      ;    ;             ;
; Number of destination nodes to report                               ; 10                 ;      ;    ;             ;
; Number of paths to report                                           ; 200                ;      ;    ;             ;
; Report Minimum Timing Checks                                        ; Off                ;      ;    ;             ;
; Use Fast Timing Models                                              ; Off                ;      ;    ;             ;
; Report IO Paths Separately                                          ; Off                ;      ;    ;             ;
; Perform Multicorner Analysis                                        ; On                 ;      ;    ;             ;
; Reports the worst-case path for each clock domain and analysis      ; Off                ;      ;    ;             ;
; Removes common clock path pessimism (CCPP) during slack computation ; Off                ;      ;    ;             ;
; Output I/O Timing Endpoint                                          ; Near End           ;      ;    ;             ;
+---------------------------------------------------------------------+--------------------+------+----+-------------+


+------------------------------------------------------------------------------------------------------------------------------------------------------------------------------------+
; Clock Settings Summary                                                                                                                                                             ;
+-----------------+--------------------+----------+------------------+---------------+--------------+----------+-----------------------+---------------------+--------+--------------+
; Clock Node Name ; Clock Setting Name ; Type     ; Fmax Requirement ; Early Latency ; Late Latency ; Based on ; Multiply Base Fmax by ; Divide Base Fmax by ; Offset ; Phase offset ;
+-----------------+--------------------+----------+------------------+---------------+--------------+----------+-----------------------+---------------------+--------+--------------+
; clk             ;                    ; User Pin ; None             ; 0.000 ns      ; 0.000 ns     ; --       ; N/A                   ; N/A                 ; N/A    ;              ;
+-----------------+--------------------+----------+------------------+---------------+--------------+----------+-----------------------+---------------------+--------+--------------+


+------------------------------------------+
; Parallel Compilation                     ;
+----------------------------+-------------+
; Processors                 ; Number      ;
+----------------------------+-------------+
; Number detected on machine ; 2           ;
; Maximum allowed            ; 2           ;
;                            ;             ;
; Average used               ; 1.00        ;
; Maximum used               ; 1           ;
;                            ;             ;
; Usage by Processor         ; % Time Used ;
;     1 processor            ; 100.0%      ;
;     2 processors           ;   0.0%      ;
+----------------------------+-------------+


+----------------------------------------------------------------------------------------------------------------------------------------------------------------------------------------------------------------------------------------------------------------------------------+
; Clock Setup: 'clk'                                                                                                                                                                                                                                                               ;
+-----------------------------------------+-----------------------------------------------------+-------------------------------------+--------------------------------+------------+----------+-----------------------------+---------------------------+-------------------------+
; Slack                                   ; Actual fmax (period)                                ; From                                ; To                             ; From Clock ; To Clock ; Required Setup Relationship ; Required Longest P2P Time ; Actual Longest P2P Time ;
+-----------------------------------------+-----------------------------------------------------+-------------------------------------+--------------------------------+------------+----------+-----------------------------+---------------------------+-------------------------+
; N/A                                     ; 40.49 MHz ( period = 24.698 ns )                    ; control:inst|mileage_counter_shi[3] ; seg:inst4|seg_duan[6]          ; clk        ; clk      ; None                        ; None                      ; 5.594 ns                ;
; N/A                                     ; 40.49 MHz ( period = 24.698 ns )                    ; control:inst|mileage_counter_shi[3] ; seg:inst4|seg_duan[5]          ; clk        ; clk      ; None                        ; None                      ; 5.594 ns                ;
; N/A                                     ; 40.49 MHz ( period = 24.698 ns )                    ; control:inst|mileage_counter_shi[3] ; seg:inst4|seg_duan[4]          ; clk        ; clk      ; None                        ; None                      ; 5.594 ns                ;
; N/A                                     ; 40.49 MHz ( period = 24.698 ns )                    ; control:inst|mileage_counter_shi[3] ; seg:inst4|seg_duan[3]          ; clk        ; clk      ; None                        ; None                      ; 5.594 ns                ;
; N/A                                     ; 40.49 MHz ( period = 24.698 ns )                    ; control:inst|mileage_counter_shi[3] ; seg:inst4|seg_duan[2]          ; clk        ; clk      ; None                        ; None                      ; 5.594 ns                ;
; N/A                                     ; 40.49 MHz ( period = 24.698 ns )                    ; control:inst|mileage_counter_shi[3] ; seg:inst4|seg_duan[1]          ; clk        ; clk      ; None                        ; None                      ; 5.594 ns                ;
; N/A                                     ; 40.49 MHz ( period = 24.698 ns )                    ; control:inst|mileage_counter_shi[3] ; seg:inst4|seg_duan[0]          ; clk        ; clk      ; None                        ; None                      ; 5.594 ns                ;
; N/A                                     ; 40.97 MHz ( period = 24.408 ns )                    ; control:inst|mileage_counter_shi[1] ; seg:inst4|seg_duan[6]          ; clk        ; clk      ; None                        ; None                      ; 5.465 ns                ;
; N/A                                     ; 40.97 MHz ( period = 24.408 ns )                    ; control:inst|mileage_counter_shi[1] ; seg:inst4|seg_duan[5]          ; clk        ; clk      ; None                        ; None                      ; 5.465 ns                ;
; N/A                                     ; 40.97 MHz ( period = 24.408 ns )                    ; control:inst|mileage_counter_shi[1] ; seg:inst4|seg_duan[4]          ; clk        ; clk      ; None                        ; None                      ; 5.465 ns                ;
; N/A                                     ; 40.97 MHz ( period = 24.408 ns )                    ; control:inst|mileage_counter_shi[1] ; seg:inst4|seg_duan[3]          ; clk        ; clk      ; None                        ; None                      ; 5.465 ns                ;
; N/A                                     ; 40.97 MHz ( period = 24.408 ns )                    ; control:inst|mileage_counter_shi[1] ; seg:inst4|seg_duan[2]          ; clk        ; clk      ; None                        ; None                      ; 5.465 ns                ;
; N/A                                     ; 40.97 MHz ( period = 24.408 ns )                    ; control:inst|mileage_counter_shi[1] ; seg:inst4|seg_duan[1]          ; clk        ; clk      ; None                        ; None                      ; 5.465 ns                ;
; N/A                                     ; 40.97 MHz ( period = 24.408 ns )                    ; control:inst|mileage_counter_shi[1] ; seg:inst4|seg_duan[0]          ; clk        ; clk      ; None                        ; None                      ; 5.465 ns                ;
; N/A                                     ; 41.02 MHz ( period = 24.378 ns )                    ; control:inst|mileage_counter_ge[3]  ; seg:inst4|seg_duan[6]          ; clk        ; clk      ; None                        ; None                      ; 5.434 ns                ;
; N/A                                     ; 41.02 MHz ( period = 24.378 ns )                    ; control:inst|mileage_counter_ge[3]  ; seg:inst4|seg_duan[5]          ; clk        ; clk      ; None                        ; None                      ; 5.434 ns                ;
; N/A                                     ; 41.02 MHz ( period = 24.378 ns )                    ; control:inst|mileage_counter_ge[3]  ; seg:inst4|seg_duan[4]          ; clk        ; clk      ; None                        ; None                      ; 5.434 ns                ;
; N/A                                     ; 41.02 MHz ( period = 24.378 ns )                    ; control:inst|mileage_counter_ge[3]  ; seg:inst4|seg_duan[3]          ; clk        ; clk      ; None                        ; None                      ; 5.434 ns                ;
; N/A                                     ; 41.02 MHz ( period = 24.378 ns )                    ; control:inst|mileage_counter_ge[3]  ; seg:inst4|seg_duan[2]          ; clk        ; clk      ; None                        ; None                      ; 5.434 ns                ;
; N/A                                     ; 41.02 MHz ( period = 24.378 ns )                    ; control:inst|mileage_counter_ge[3]  ; seg:inst4|seg_duan[1]          ; clk        ; clk      ; None                        ; None                      ; 5.434 ns                ;
; N/A                                     ; 41.02 MHz ( period = 24.378 ns )                    ; control:inst|mileage_counter_ge[3]  ; seg:inst4|seg_duan[0]          ; clk        ; clk      ; None                        ; None                      ; 5.434 ns                ;
; N/A                                     ; 41.12 MHz ( period = 24.322 ns )                    ; control:inst|mileage_counter_ge[2]  ; seg:inst4|seg_duan[6]          ; clk        ; clk      ; None                        ; None                      ; 5.406 ns                ;
; N/A                                     ; 41.12 MHz ( period = 24.322 ns )                    ; control:inst|mileage_counter_ge[2]  ; seg:inst4|seg_duan[5]          ; clk        ; clk      ; None                        ; None                      ; 5.406 ns                ;
; N/A                                     ; 41.12 MHz ( period = 24.322 ns )                    ; control:inst|mileage_counter_ge[2]  ; seg:inst4|seg_duan[4]          ; clk        ; clk      ; None                        ; None                      ; 5.406 ns                ;
; N/A                                     ; 41.12 MHz ( period = 24.322 ns )                    ; control:inst|mileage_counter_ge[2]  ; seg:inst4|seg_duan[3]          ; clk        ; clk      ; None                        ; None                      ; 5.406 ns                ;
; N/A                                     ; 41.12 MHz ( period = 24.322 ns )                    ; control:inst|mileage_counter_ge[2]  ; seg:inst4|seg_duan[2]          ; clk        ; clk      ; None                        ; None                      ; 5.406 ns                ;
; N/A                                     ; 41.12 MHz ( period = 24.322 ns )                    ; control:inst|mileage_counter_ge[2]  ; seg:inst4|seg_duan[1]          ; clk        ; clk      ; None                        ; None                      ; 5.406 ns                ;
; N/A                                     ; 41.12 MHz ( period = 24.322 ns )                    ; control:inst|mileage_counter_ge[2]  ; seg:inst4|seg_duan[0]          ; clk        ; clk      ; None                        ; None                      ; 5.406 ns                ;
; N/A                                     ; 41.79 MHz ( period = 23.930 ns )                    ; control:inst|mileage_counter_ge[1]  ; seg:inst4|seg_duan[6]          ; clk        ; clk      ; None                        ; None                      ; 5.211 ns                ;
; N/A                                     ; 41.79 MHz ( period = 23.930 ns )                    ; control:inst|mileage_counter_ge[1]  ; seg:inst4|seg_duan[5]          ; clk        ; clk      ; None                        ; None                      ; 5.211 ns                ;
; N/A                                     ; 41.79 MHz ( period = 23.930 ns )                    ; control:inst|mileage_counter_ge[1]  ; seg:inst4|seg_duan[4]          ; clk        ; clk      ; None                        ; None                      ; 5.211 ns                ;
; N/A                                     ; 41.79 MHz ( period = 23.930 ns )                    ; control:inst|mileage_counter_ge[1]  ; seg:inst4|seg_duan[3]          ; clk        ; clk      ; None                        ; None                      ; 5.211 ns                ;
; N/A                                     ; 41.79 MHz ( period = 23.930 ns )                    ; control:inst|mileage_counter_ge[1]  ; seg:inst4|seg_duan[2]          ; clk        ; clk      ; None                        ; None                      ; 5.211 ns                ;
; N/A                                     ; 41.79 MHz ( period = 23.930 ns )                    ; control:inst|mileage_counter_ge[1]  ; seg:inst4|seg_duan[1]          ; clk        ; clk      ; None                        ; None                      ; 5.211 ns                ;
; N/A                                     ; 41.79 MHz ( period = 23.930 ns )                    ; control:inst|mileage_counter_ge[1]  ; seg:inst4|seg_duan[0]          ; clk        ; clk      ; None                        ; None                      ; 5.211 ns                ;
; N/A                                     ; 42.59 MHz ( period = 23.482 ns )                    ; control:inst|mileage_counter_shi[2] ; seg:inst4|seg_duan[6]          ; clk        ; clk      ; None                        ; None                      ; 4.987 ns                ;
; N/A                                     ; 42.59 MHz ( period = 23.482 ns )                    ; control:inst|mileage_counter_shi[2] ; seg:inst4|seg_duan[5]          ; clk        ; clk      ; None                        ; None                      ; 4.987 ns                ;
; N/A                                     ; 42.59 MHz ( period = 23.482 ns )                    ; control:inst|mileage_counter_shi[2] ; seg:inst4|seg_duan[4]          ; clk        ; clk      ; None                        ; None                      ; 4.987 ns                ;
; N/A                                     ; 42.59 MHz ( period = 23.482 ns )                    ; control:inst|mileage_counter_shi[2] ; seg:inst4|seg_duan[3]          ; clk        ; clk      ; None                        ; None                      ; 4.987 ns                ;
; N/A                                     ; 42.59 MHz ( period = 23.482 ns )                    ; control:inst|mileage_counter_shi[2] ; seg:inst4|seg_duan[2]          ; clk        ; clk      ; None                        ; None                      ; 4.987 ns                ;
; N/A                                     ; 42.59 MHz ( period = 23.482 ns )                    ; control:inst|mileage_counter_shi[2] ; seg:inst4|seg_duan[1]          ; clk        ; clk      ; None                        ; None                      ; 4.987 ns                ;
; N/A                                     ; 42.59 MHz ( period = 23.482 ns )                    ; control:inst|mileage_counter_shi[2] ; seg:inst4|seg_duan[0]          ; clk        ; clk      ; None                        ; None                      ; 4.987 ns                ;
; N/A                                     ; 46.46 MHz ( period = 21.526 ns )                    ; control:inst|mileage_counter_ge[1]  ; seg:inst4|seg_duan[7]          ; clk        ; clk      ; None                        ; None                      ; 3.983 ns                ;
; N/A                                     ; 46.70 MHz ( period = 21.412 ns )                    ; control:inst|mileage_counter_shi[0] ; seg:inst4|seg_duan[2]          ; clk        ; clk      ; None                        ; None                      ; 3.967 ns                ;
; N/A                                     ; 47.41 MHz ( period = 21.094 ns )                    ; control:inst|mileage_counter_shi[0] ; seg:inst4|seg_duan[5]          ; clk        ; clk      ; None                        ; None                      ; 3.808 ns                ;
; N/A                                     ; 47.42 MHz ( period = 21.090 ns )                    ; control:inst|mileage_counter_shi[0] ; seg:inst4|seg_duan[3]          ; clk        ; clk      ; None                        ; None                      ; 3.806 ns                ;
; N/A                                     ; 47.42 MHz ( period = 21.090 ns )                    ; control:inst|mileage_counter_shi[0] ; seg:inst4|seg_duan[0]          ; clk        ; clk      ; None                        ; None                      ; 3.806 ns                ;
; N/A                                     ; 47.42 MHz ( period = 21.088 ns )                    ; control:inst|mileage_counter_shi[0] ; seg:inst4|seg_duan[6]          ; clk        ; clk      ; None                        ; None                      ; 3.805 ns                ;
; N/A                                     ; 47.42 MHz ( period = 21.088 ns )                    ; control:inst|mileage_counter_shi[0] ; seg:inst4|seg_duan[1]          ; clk        ; clk      ; None                        ; None                      ; 3.805 ns                ;
; N/A                                     ; 47.64 MHz ( period = 20.990 ns )                    ; control:inst|mileage_counter_shi[0] ; seg:inst4|seg_duan[4]          ; clk        ; clk      ; None                        ; None                      ; 3.756 ns                ;
; N/A                                     ; 47.83 MHz ( period = 20.906 ns )                    ; control:inst|mileage_counter_ge[2]  ; seg:inst4|seg_duan[7]          ; clk        ; clk      ; None                        ; None                      ; 3.672 ns                ;
; N/A                                     ; 48.36 MHz ( period = 20.678 ns )                    ; control:inst|mileage_counter_ge[0]  ; seg:inst4|seg_duan[2]          ; clk        ; clk      ; None                        ; None                      ; 3.574 ns                ;
; N/A                                     ; 48.72 MHz ( period = 20.526 ns )                    ; control:inst|mileage_counter_ge[3]  ; seg:inst4|seg_duan[7]          ; clk        ; clk      ; None                        ; None                      ; 3.482 ns                ;
; N/A                                     ; 48.73 MHz ( period = 20.520 ns )                    ; control:inst|mileage_counter_shi[3] ; seg:inst4|seg_duan[7]          ; clk        ; clk      ; None                        ; None                      ; 3.479 ns                ;
; N/A                                     ; 49.12 MHz ( period = 20.360 ns )                    ; control:inst|mileage_counter_ge[0]  ; seg:inst4|seg_duan[5]          ; clk        ; clk      ; None                        ; None                      ; 3.415 ns                ;
; N/A                                     ; 49.13 MHz ( period = 20.356 ns )                    ; control:inst|mileage_counter_ge[0]  ; seg:inst4|seg_duan[3]          ; clk        ; clk      ; None                        ; None                      ; 3.413 ns                ;
; N/A                                     ; 49.13 MHz ( period = 20.356 ns )                    ; control:inst|mileage_counter_ge[0]  ; seg:inst4|seg_duan[0]          ; clk        ; clk      ; None                        ; None                      ; 3.413 ns                ;
; N/A                                     ; 49.13 MHz ( period = 20.354 ns )                    ; control:inst|mileage_counter_ge[0]  ; seg:inst4|seg_duan[6]          ; clk        ; clk      ; None                        ; None                      ; 3.412 ns                ;
; N/A                                     ; 49.13 MHz ( period = 20.354 ns )                    ; control:inst|mileage_counter_ge[0]  ; seg:inst4|seg_duan[1]          ; clk        ; clk      ; None                        ; None                      ; 3.412 ns                ;
; N/A                                     ; 49.37 MHz ( period = 20.256 ns )                    ; control:inst|mileage_counter_ge[0]  ; seg:inst4|seg_duan[4]          ; clk        ; clk      ; None                        ; None                      ; 3.363 ns                ;
; N/A                                     ; 49.63 MHz ( period = 20.148 ns )                    ; control:inst|mileage_counter_shi[2] ; seg:inst4|seg_duan[7]          ; clk        ; clk      ; None                        ; None                      ; 3.294 ns                ;
; N/A                                     ; 50.79 MHz ( period = 19.690 ns )                    ; control:inst|mileage_counter_shi[1] ; seg:inst4|seg_duan[7]          ; clk        ; clk      ; None                        ; None                      ; 3.080 ns                ;
; N/A                                     ; 58.86 MHz ( period = 16.990 ns )                    ; control:inst|start_flag             ; control:inst|minute_counter[1] ; clk        ; clk      ; None                        ; None                      ; 3.252 ns                ;
; N/A                                     ; 58.86 MHz ( period = 16.990 ns )                    ; control:inst|start_flag             ; control:inst|minute_counter[3] ; clk        ; clk      ; None                        ; None                      ; 3.252 ns                ;
; N/A                                     ; 58.86 MHz ( period = 16.990 ns )                    ; control:inst|start_flag             ; control:inst|minute_counter[4] ; clk        ; clk      ; None                        ; None                      ; 3.252 ns                ;
; N/A                                     ; 58.86 MHz ( period = 16.990 ns )                    ; control:inst|start_flag             ; control:inst|minute_counter[5] ; clk        ; clk      ; None                        ; None                      ; 3.252 ns                ;
; N/A                                     ; 60.88 MHz ( period = 16.426 ns )                    ; control:inst|mileage_counter[0]     ; control:inst|cost_counter[5]   ; clk        ; clk      ; None                        ; None                      ; 5.942 ns                ;
; N/A                                     ; 61.51 MHz ( period = 16.258 ns )                    ; control:inst|start_flag             ; control:inst|minute_counter[0] ; clk        ; clk      ; None                        ; None                      ; 2.894 ns                ;
; N/A                                     ; 61.51 MHz ( period = 16.258 ns )                    ; control:inst|start_flag             ; control:inst|minute_counter[2] ; clk        ; clk      ; None                        ; None                      ; 2.894 ns                ;
; N/A                                     ; 62.70 MHz ( period = 15.948 ns )                    ; control:inst|mileage_counter[1]     ; control:inst|cost_counter[5]   ; clk        ; clk      ; None                        ; None                      ; 5.703 ns                ;
; N/A                                     ; 63.06 MHz ( period = 15.858 ns )                    ; control:inst|mileage_counter[0]     ; control:inst|cost_counter[4]   ; clk        ; clk      ; None                        ; None                      ; 5.658 ns                ;
; N/A                                     ; 63.70 MHz ( period = 15.698 ns )                    ; control:inst|mileage_counter[0]     ; control:inst|cost_counter[3]   ; clk        ; clk      ; None                        ; None                      ; 5.583 ns                ;
; N/A                                     ; 63.88 MHz ( period = 15.654 ns )                    ; control:inst|mileage_counter[3]     ; control:inst|cost_counter[5]   ; clk        ; clk      ; None                        ; None                      ; 5.556 ns                ;
; N/A                                     ; 64.41 MHz ( period = 15.526 ns )                    ; control:inst|mileage_counter[0]     ; control:inst|cost_counter[2]   ; clk        ; clk      ; None                        ; None                      ; 5.497 ns                ;
; N/A                                     ; 64.67 MHz ( period = 15.462 ns )                    ; control:inst|start_flag             ; control:inst|second_count[0]   ; clk        ; clk      ; None                        ; None                      ; 2.491 ns                ;
; N/A                                     ; 64.67 MHz ( period = 15.462 ns )                    ; control:inst|start_flag             ; control:inst|second_count[6]   ; clk        ; clk      ; None                        ; None                      ; 2.491 ns                ;
; N/A                                     ; 64.67 MHz ( period = 15.462 ns )                    ; control:inst|start_flag             ; control:inst|second_count[8]   ; clk        ; clk      ; None                        ; None                      ; 2.491 ns                ;
; N/A                                     ; 64.67 MHz ( period = 15.462 ns )                    ; control:inst|start_flag             ; control:inst|second_count[5]   ; clk        ; clk      ; None                        ; None                      ; 2.491 ns                ;
; N/A                                     ; 64.67 MHz ( period = 15.462 ns )                    ; control:inst|start_flag             ; control:inst|second_count[9]   ; clk        ; clk      ; None                        ; None                      ; 2.491 ns                ;
; N/A                                     ; 65.02 MHz ( period = 15.380 ns )                    ; control:inst|mileage_counter[1]     ; control:inst|cost_counter[4]   ; clk        ; clk      ; None                        ; None                      ; 5.419 ns                ;
; N/A                                     ; 65.70 MHz ( period = 15.220 ns )                    ; control:inst|mileage_counter[1]     ; control:inst|cost_counter[3]   ; clk        ; clk      ; None                        ; None                      ; 5.344 ns                ;
; N/A                                     ; 66.39 MHz ( period = 15.062 ns )                    ; control:inst|mileage_counter[2]     ; control:inst|cost_counter[5]   ; clk        ; clk      ; None                        ; None                      ; 5.273 ns                ;
; N/A                                     ; 67.70 MHz ( period = 14.772 ns )                    ; control:inst|start_flag             ; control:inst|second_count[7]   ; clk        ; clk      ; None                        ; None                      ; 2.148 ns                ;
; N/A                                     ; 67.70 MHz ( period = 14.772 ns )                    ; control:inst|start_flag             ; control:inst|second_count[2]   ; clk        ; clk      ; None                        ; None                      ; 2.148 ns                ;
; N/A                                     ; 67.70 MHz ( period = 14.772 ns )                    ; control:inst|start_flag             ; control:inst|second_count[1]   ; clk        ; clk      ; None                        ; None                      ; 2.148 ns                ;
; N/A                                     ; 67.70 MHz ( period = 14.772 ns )                    ; control:inst|start_flag             ; control:inst|second_count[4]   ; clk        ; clk      ; None                        ; None                      ; 2.148 ns                ;
; N/A                                     ; 67.70 MHz ( period = 14.772 ns )                    ; control:inst|start_flag             ; control:inst|second_count[3]   ; clk        ; clk      ; None                        ; None                      ; 2.148 ns                ;
; N/A                                     ; 67.70 MHz ( period = 14.772 ns )                    ; control:inst|start_flag             ; control:inst|second_count[10]  ; clk        ; clk      ; None                        ; None                      ; 2.148 ns                ;
; N/A                                     ; 67.70 MHz ( period = 14.772 ns )                    ; control:inst|start_flag             ; control:inst|second_count[11]  ; clk        ; clk      ; None                        ; None                      ; 2.148 ns                ;
; N/A                                     ; 67.70 MHz ( period = 14.772 ns )                    ; control:inst|start_flag             ; control:inst|second_count[12]  ; clk        ; clk      ; None                        ; None                      ; 2.148 ns                ;
; N/A                                     ; 67.76 MHz ( period = 14.758 ns )                    ; control:inst|mileage_counter[4]     ; control:inst|cost_counter[3]   ; clk        ; clk      ; None                        ; None                      ; 5.113 ns                ;
; N/A                                     ; 68.13 MHz ( period = 14.678 ns )                    ; control:inst|mileage_counter[4]     ; control:inst|cost_counter[5]   ; clk        ; clk      ; None                        ; None                      ; 5.068 ns                ;
; N/A                                     ; 68.20 MHz ( period = 14.662 ns )                    ; control:inst|mileage_counter[4]     ; control:inst|cost_counter[4]   ; clk        ; clk      ; None                        ; None                      ; 5.060 ns                ;
; N/A                                     ; 68.99 MHz ( period = 14.494 ns )                    ; control:inst|mileage_counter[2]     ; control:inst|cost_counter[4]   ; clk        ; clk      ; None                        ; None                      ; 4.989 ns                ;
; N/A                                     ; 70.01 MHz ( period = 14.284 ns )                    ; control:inst|mileage_counter[3]     ; control:inst|cost_counter[4]   ; clk        ; clk      ; None                        ; None                      ; 4.871 ns                ;
; N/A                                     ; 70.06 MHz ( period = 14.274 ns )                    ; control:inst|mileage_counter[4]     ; control:inst|cost_counter[2]   ; clk        ; clk      ; None                        ; None                      ; 4.871 ns                ;
; N/A                                     ; 70.07 MHz ( period = 14.272 ns )                    ; control:inst|mileage_counter[4]     ; control:inst|cost_counter[0]   ; clk        ; clk      ; None                        ; None                      ; 4.870 ns                ;
; N/A                                     ; 70.10 MHz ( period = 14.266 ns )                    ; control:inst|mileage_counter[4]     ; control:inst|cost_counter[1]   ; clk        ; clk      ; None                        ; None                      ; 4.867 ns                ;
; N/A                                     ; 70.20 MHz ( period = 14.246 ns )                    ; control:inst|mileage_counter[1]     ; control:inst|cost_counter[2]   ; clk        ; clk      ; None                        ; None                      ; 4.857 ns                ;
; N/A                                     ; 70.97 MHz ( period = 14.090 ns )                    ; control:inst|mileage_counter[3]     ; control:inst|cost_counter[3]   ; clk        ; clk      ; None                        ; None                      ; 4.779 ns                ;
; N/A                                     ; 71.89 MHz ( period = 13.910 ns )                    ; control:inst|mileage_counter[0]     ; control:inst|cost_counter[1]   ; clk        ; clk      ; None                        ; None                      ; 4.689 ns                ;
; N/A                                     ; 72.79 MHz ( period = 13.738 ns )                    ; control:inst|cost_counter[6]        ; seg:inst4|seg_duan[6]          ; clk        ; clk      ; None                        ; None                      ; 9.018 ns                ;
; N/A                                     ; 72.79 MHz ( period = 13.738 ns )                    ; control:inst|cost_counter[6]        ; seg:inst4|seg_duan[5]          ; clk        ; clk      ; None                        ; None                      ; 9.018 ns                ;
; N/A                                     ; 72.79 MHz ( period = 13.738 ns )                    ; control:inst|cost_counter[6]        ; seg:inst4|seg_duan[4]          ; clk        ; clk      ; None                        ; None                      ; 9.018 ns                ;
; N/A                                     ; 72.79 MHz ( period = 13.738 ns )                    ; control:inst|cost_counter[6]        ; seg:inst4|seg_duan[3]          ; clk        ; clk      ; None                        ; None                      ; 9.018 ns                ;
; N/A                                     ; 72.79 MHz ( period = 13.738 ns )                    ; control:inst|cost_counter[6]        ; seg:inst4|seg_duan[2]          ; clk        ; clk      ; None                        ; None                      ; 9.018 ns                ;
; N/A                                     ; 72.79 MHz ( period = 13.738 ns )                    ; control:inst|cost_counter[6]        ; seg:inst4|seg_duan[1]          ; clk        ; clk      ; None                        ; None                      ; 9.018 ns                ;
; N/A                                     ; 72.79 MHz ( period = 13.738 ns )                    ; control:inst|cost_counter[6]        ; seg:inst4|seg_duan[0]          ; clk        ; clk      ; None                        ; None                      ; 9.018 ns                ;
; N/A                                     ; 73.07 MHz ( period = 13.686 ns )                    ; control:inst|cost_counter[2]        ; seg:inst4|seg_duan[6]          ; clk        ; clk      ; None                        ; None                      ; 8.934 ns                ;
; N/A                                     ; 73.07 MHz ( period = 13.686 ns )                    ; control:inst|cost_counter[2]        ; seg:inst4|seg_duan[5]          ; clk        ; clk      ; None                        ; None                      ; 8.934 ns                ;
; N/A                                     ; 73.07 MHz ( period = 13.686 ns )                    ; control:inst|cost_counter[2]        ; seg:inst4|seg_duan[4]          ; clk        ; clk      ; None                        ; None                      ; 8.934 ns                ;
; N/A                                     ; 73.07 MHz ( period = 13.686 ns )                    ; control:inst|cost_counter[2]        ; seg:inst4|seg_duan[3]          ; clk        ; clk      ; None                        ; None                      ; 8.934 ns                ;
; N/A                                     ; 73.07 MHz ( period = 13.686 ns )                    ; control:inst|cost_counter[2]        ; seg:inst4|seg_duan[2]          ; clk        ; clk      ; None                        ; None                      ; 8.934 ns                ;
; N/A                                     ; 73.07 MHz ( period = 13.686 ns )                    ; control:inst|cost_counter[2]        ; seg:inst4|seg_duan[1]          ; clk        ; clk      ; None                        ; None                      ; 8.934 ns                ;
; N/A                                     ; 73.07 MHz ( period = 13.686 ns )                    ; control:inst|cost_counter[2]        ; seg:inst4|seg_duan[0]          ; clk        ; clk      ; None                        ; None                      ; 8.934 ns                ;
; N/A                                     ; 73.50 MHz ( period = 13.606 ns )                    ; control:inst|mileage_counter[3]     ; control:inst|cost_counter[2]   ; clk        ; clk      ; None                        ; None                      ; 4.537 ns                ;
; N/A                                     ; 73.51 MHz ( period = 13.604 ns )                    ; control:inst|mileage_counter[3]     ; control:inst|cost_counter[0]   ; clk        ; clk      ; None                        ; None                      ; 4.536 ns                ;
; N/A                                     ; 73.51 MHz ( period = 13.604 ns )                    ; control:inst|cost_counter[4]        ; seg:inst4|seg_duan[6]          ; clk        ; clk      ; None                        ; None                      ; 8.857 ns                ;
; N/A                                     ; 73.51 MHz ( period = 13.604 ns )                    ; control:inst|cost_counter[4]        ; seg:inst4|seg_duan[5]          ; clk        ; clk      ; None                        ; None                      ; 8.857 ns                ;
; N/A                                     ; 73.51 MHz ( period = 13.604 ns )                    ; control:inst|cost_counter[4]        ; seg:inst4|seg_duan[4]          ; clk        ; clk      ; None                        ; None                      ; 8.857 ns                ;
; N/A                                     ; 73.51 MHz ( period = 13.604 ns )                    ; control:inst|cost_counter[4]        ; seg:inst4|seg_duan[3]          ; clk        ; clk      ; None                        ; None                      ; 8.857 ns                ;
; N/A                                     ; 73.51 MHz ( period = 13.604 ns )                    ; control:inst|cost_counter[4]        ; seg:inst4|seg_duan[2]          ; clk        ; clk      ; None                        ; None                      ; 8.857 ns                ;
; N/A                                     ; 73.51 MHz ( period = 13.604 ns )                    ; control:inst|cost_counter[4]        ; seg:inst4|seg_duan[1]          ; clk        ; clk      ; None                        ; None                      ; 8.857 ns                ;
; N/A                                     ; 73.51 MHz ( period = 13.604 ns )                    ; control:inst|cost_counter[4]        ; seg:inst4|seg_duan[0]          ; clk        ; clk      ; None                        ; None                      ; 8.857 ns                ;
; N/A                                     ; 73.54 MHz ( period = 13.598 ns )                    ; control:inst|mileage_counter[3]     ; control:inst|cost_counter[1]   ; clk        ; clk      ; None                        ; None                      ; 4.533 ns                ;
; N/A                                     ; 73.62 MHz ( period = 13.584 ns )                    ; control:inst|mileage_counter[2]     ; control:inst|cost_counter[3]   ; clk        ; clk      ; None                        ; None                      ; 4.539 ns                ;
; N/A                                     ; 74.59 MHz ( period = 13.406 ns )                    ; control:inst|cost_counter[1]        ; seg:inst4|seg_duan[6]          ; clk        ; clk      ; None                        ; None                      ; 8.654 ns                ;
; N/A                                     ; 74.59 MHz ( period = 13.406 ns )                    ; control:inst|cost_counter[1]        ; seg:inst4|seg_duan[5]          ; clk        ; clk      ; None                        ; None                      ; 8.654 ns                ;
; N/A                                     ; 74.59 MHz ( period = 13.406 ns )                    ; control:inst|cost_counter[1]        ; seg:inst4|seg_duan[4]          ; clk        ; clk      ; None                        ; None                      ; 8.654 ns                ;
; N/A                                     ; 74.59 MHz ( period = 13.406 ns )                    ; control:inst|cost_counter[1]        ; seg:inst4|seg_duan[3]          ; clk        ; clk      ; None                        ; None                      ; 8.654 ns                ;
; N/A                                     ; 74.59 MHz ( period = 13.406 ns )                    ; control:inst|cost_counter[1]        ; seg:inst4|seg_duan[2]          ; clk        ; clk      ; None                        ; None                      ; 8.654 ns                ;
; N/A                                     ; 74.59 MHz ( period = 13.406 ns )                    ; control:inst|cost_counter[1]        ; seg:inst4|seg_duan[1]          ; clk        ; clk      ; None                        ; None                      ; 8.654 ns                ;
; N/A                                     ; 74.59 MHz ( period = 13.406 ns )                    ; control:inst|cost_counter[1]        ; seg:inst4|seg_duan[0]          ; clk        ; clk      ; None                        ; None                      ; 8.654 ns                ;
; N/A                                     ; 75.14 MHz ( period = 13.308 ns )                    ; control:inst|cost_counter[3]        ; seg:inst4|seg_duan[6]          ; clk        ; clk      ; None                        ; None                      ; 8.556 ns                ;
; N/A                                     ; 75.14 MHz ( period = 13.308 ns )                    ; control:inst|cost_counter[3]        ; seg:inst4|seg_duan[5]          ; clk        ; clk      ; None                        ; None                      ; 8.556 ns                ;
; N/A                                     ; 75.14 MHz ( period = 13.308 ns )                    ; control:inst|cost_counter[3]        ; seg:inst4|seg_duan[4]          ; clk        ; clk      ; None                        ; None                      ; 8.556 ns                ;
; N/A                                     ; 75.14 MHz ( period = 13.308 ns )                    ; control:inst|cost_counter[3]        ; seg:inst4|seg_duan[3]          ; clk        ; clk      ; None                        ; None                      ; 8.556 ns                ;
; N/A                                     ; 75.14 MHz ( period = 13.308 ns )                    ; control:inst|cost_counter[3]        ; seg:inst4|seg_duan[2]          ; clk        ; clk      ; None                        ; None                      ; 8.556 ns                ;
; N/A                                     ; 75.14 MHz ( period = 13.308 ns )                    ; control:inst|cost_counter[3]        ; seg:inst4|seg_duan[1]          ; clk        ; clk      ; None                        ; None                      ; 8.556 ns                ;
; N/A                                     ; 75.14 MHz ( period = 13.308 ns )                    ; control:inst|cost_counter[3]        ; seg:inst4|seg_duan[0]          ; clk        ; clk      ; None                        ; None                      ; 8.556 ns                ;
; N/A                                     ; 75.35 MHz ( period = 13.272 ns )                    ; control:inst|mileage_counter[0]     ; control:inst|cost_counter[6]   ; clk        ; clk      ; None                        ; None                      ; 4.338 ns                ;
; N/A                                     ; 76.34 MHz ( period = 13.100 ns )                    ; control:inst|mileage_counter[2]     ; control:inst|cost_counter[2]   ; clk        ; clk      ; None                        ; None                      ; 4.297 ns                ;
; N/A                                     ; 76.35 MHz ( period = 13.098 ns )                    ; control:inst|mileage_counter[2]     ; control:inst|cost_counter[0]   ; clk        ; clk      ; None                        ; None                      ; 4.296 ns                ;
; N/A                                     ; 76.38 MHz ( period = 13.092 ns )                    ; control:inst|mileage_counter[2]     ; control:inst|cost_counter[1]   ; clk        ; clk      ; None                        ; None                      ; 4.293 ns                ;
; N/A                                     ; 77.87 MHz ( period = 12.842 ns )                    ; control:inst|cost_counter[5]        ; seg:inst4|seg_duan[6]          ; clk        ; clk      ; None                        ; None                      ; 8.095 ns                ;
; N/A                                     ; 77.87 MHz ( period = 12.842 ns )                    ; control:inst|cost_counter[5]        ; seg:inst4|seg_duan[5]          ; clk        ; clk      ; None                        ; None                      ; 8.095 ns                ;
; N/A                                     ; 77.87 MHz ( period = 12.842 ns )                    ; control:inst|cost_counter[5]        ; seg:inst4|seg_duan[4]          ; clk        ; clk      ; None                        ; None                      ; 8.095 ns                ;
; N/A                                     ; 77.87 MHz ( period = 12.842 ns )                    ; control:inst|cost_counter[5]        ; seg:inst4|seg_duan[3]          ; clk        ; clk      ; None                        ; None                      ; 8.095 ns                ;
; N/A                                     ; 77.87 MHz ( period = 12.842 ns )                    ; control:inst|cost_counter[5]        ; seg:inst4|seg_duan[2]          ; clk        ; clk      ; None                        ; None                      ; 8.095 ns                ;
; N/A                                     ; 77.87 MHz ( period = 12.842 ns )                    ; control:inst|cost_counter[5]        ; seg:inst4|seg_duan[1]          ; clk        ; clk      ; None                        ; None                      ; 8.095 ns                ;
; N/A                                     ; 77.87 MHz ( period = 12.842 ns )                    ; control:inst|cost_counter[5]        ; seg:inst4|seg_duan[0]          ; clk        ; clk      ; None                        ; None                      ; 8.095 ns                ;
; N/A                                     ; 78.16 MHz ( period = 12.794 ns )                    ; control:inst|mileage_counter[1]     ; control:inst|cost_counter[6]   ; clk        ; clk      ; None                        ; None                      ; 4.099 ns                ;
; N/A                                     ; 80.00 MHz ( period = 12.500 ns )                    ; control:inst|mileage_counter[3]     ; control:inst|cost_counter[6]   ; clk        ; clk      ; None                        ; None                      ; 3.952 ns                ;
; N/A                                     ; 80.76 MHz ( period = 12.382 ns )                    ; control:inst|cost_counter[2]        ; seg:inst4|seg_duan[7]          ; clk        ; clk      ; None                        ; None                      ; 7.604 ns                ;
; N/A                                     ; 80.97 MHz ( period = 12.350 ns )                    ; seg:inst4|seg_select[0]             ; seg:inst4|seg_duan[6]          ; clk        ; clk      ; None                        ; None                      ; 8.087 ns                ;
; N/A                                     ; 80.97 MHz ( period = 12.350 ns )                    ; seg:inst4|seg_select[0]             ; seg:inst4|seg_duan[5]          ; clk        ; clk      ; None                        ; None                      ; 8.087 ns                ;
; N/A                                     ; 80.97 MHz ( period = 12.350 ns )                    ; seg:inst4|seg_select[0]             ; seg:inst4|seg_duan[4]          ; clk        ; clk      ; None                        ; None                      ; 8.087 ns                ;
; N/A                                     ; 80.97 MHz ( period = 12.350 ns )                    ; seg:inst4|seg_select[0]             ; seg:inst4|seg_duan[3]          ; clk        ; clk      ; None                        ; None                      ; 8.087 ns                ;
; N/A                                     ; 80.97 MHz ( period = 12.350 ns )                    ; seg:inst4|seg_select[0]             ; seg:inst4|seg_duan[2]          ; clk        ; clk      ; None                        ; None                      ; 8.087 ns                ;
; N/A                                     ; 80.97 MHz ( period = 12.350 ns )                    ; seg:inst4|seg_select[0]             ; seg:inst4|seg_duan[1]          ; clk        ; clk      ; None                        ; None                      ; 8.087 ns                ;
; N/A                                     ; 80.97 MHz ( period = 12.350 ns )                    ; seg:inst4|seg_select[0]             ; seg:inst4|seg_duan[0]          ; clk        ; clk      ; None                        ; None                      ; 8.087 ns                ;
; N/A                                     ; 81.12 MHz ( period = 12.328 ns )                    ; control:inst|cost_counter[4]        ; seg:inst4|seg_duan[7]          ; clk        ; clk      ; None                        ; None                      ; 7.555 ns                ;
; N/A                                     ; 81.25 MHz ( period = 12.308 ns )                    ; control:inst|mileage_counter[4]     ; control:inst|cost_counter[6]   ; clk        ; clk      ; None                        ; None                      ; 3.856 ns                ;
; N/A                                     ; 82.37 MHz ( period = 12.140 ns )                    ; seg:inst4|seg_select[2]             ; seg:inst4|seg_duan[6]          ; clk        ; clk      ; None                        ; None                      ; 7.877 ns                ;
; N/A                                     ; 82.37 MHz ( period = 12.140 ns )                    ; seg:inst4|seg_select[2]             ; seg:inst4|seg_duan[5]          ; clk        ; clk      ; None                        ; None                      ; 7.877 ns                ;
; N/A                                     ; 82.37 MHz ( period = 12.140 ns )                    ; seg:inst4|seg_select[2]             ; seg:inst4|seg_duan[4]          ; clk        ; clk      ; None                        ; None                      ; 7.877 ns                ;
; N/A                                     ; 82.37 MHz ( period = 12.140 ns )                    ; seg:inst4|seg_select[2]             ; seg:inst4|seg_duan[3]          ; clk        ; clk      ; None                        ; None                      ; 7.877 ns                ;
; N/A                                     ; 82.37 MHz ( period = 12.140 ns )                    ; seg:inst4|seg_select[2]             ; seg:inst4|seg_duan[2]          ; clk        ; clk      ; None                        ; None                      ; 7.877 ns                ;
; N/A                                     ; 82.37 MHz ( period = 12.140 ns )                    ; seg:inst4|seg_select[2]             ; seg:inst4|seg_duan[1]          ; clk        ; clk      ; None                        ; None                      ; 7.877 ns                ;
; N/A                                     ; 82.37 MHz ( period = 12.140 ns )                    ; seg:inst4|seg_select[2]             ; seg:inst4|seg_duan[0]          ; clk        ; clk      ; None                        ; None                      ; 7.877 ns                ;
; N/A                                     ; 82.38 MHz ( period = 12.139 ns )                    ; control:inst|cost_counter[1]        ; seg:inst4|seg_duan[7]          ; clk        ; clk      ; None                        ; None                      ; 7.361 ns                ;
; N/A                                     ; 82.89 MHz ( period = 12.064 ns )                    ; control:inst|cost_counter[6]        ; seg:inst4|seg_duan[7]          ; clk        ; clk      ; None                        ; None                      ; 7.318 ns                ;
; N/A                                     ; 83.10 MHz ( period = 12.034 ns )                    ; control:inst|cost_counter[3]        ; seg:inst4|seg_duan[7]          ; clk        ; clk      ; None                        ; None                      ; 7.256 ns                ;
; N/A                                     ; 83.98 MHz ( period = 11.908 ns )                    ; control:inst|mileage_counter[2]     ; control:inst|cost_counter[6]   ; clk        ; clk      ; None                        ; None                      ; 3.669 ns                ;
; N/A                                     ; 86.07 MHz ( period = 11.619 ns )                    ; seg:inst4|seg_select[1]             ; seg:inst4|seg_duan[6]          ; clk        ; clk      ; None                        ; None                      ; 7.375 ns                ;
; N/A                                     ; 86.07 MHz ( period = 11.619 ns )                    ; seg:inst4|seg_select[1]             ; seg:inst4|seg_duan[5]          ; clk        ; clk      ; None                        ; None                      ; 7.375 ns                ;
; N/A                                     ; 86.07 MHz ( period = 11.619 ns )                    ; seg:inst4|seg_select[1]             ; seg:inst4|seg_duan[4]          ; clk        ; clk      ; None                        ; None                      ; 7.375 ns                ;
; N/A                                     ; 86.07 MHz ( period = 11.619 ns )                    ; seg:inst4|seg_select[1]             ; seg:inst4|seg_duan[3]          ; clk        ; clk      ; None                        ; None                      ; 7.375 ns                ;
; N/A                                     ; 86.07 MHz ( period = 11.619 ns )                    ; seg:inst4|seg_select[1]             ; seg:inst4|seg_duan[2]          ; clk        ; clk      ; None                        ; None                      ; 7.375 ns                ;
; N/A                                     ; 86.07 MHz ( period = 11.619 ns )                    ; seg:inst4|seg_select[1]             ; seg:inst4|seg_duan[1]          ; clk        ; clk      ; None                        ; None                      ; 7.375 ns                ;
; N/A                                     ; 86.07 MHz ( period = 11.619 ns )                    ; seg:inst4|seg_select[1]             ; seg:inst4|seg_duan[0]          ; clk        ; clk      ; None                        ; None                      ; 7.375 ns                ;
; N/A                                     ; 86.40 MHz ( period = 11.574 ns )                    ; control:inst|cost_counter[5]        ; seg:inst4|seg_duan[7]          ; clk        ; clk      ; None                        ; None                      ; 6.801 ns                ;
; N/A                                     ; 92.17 MHz ( period = 10.850 ns )                    ; control:inst|minute_counter[2]      ; seg:inst4|seg_duan[6]          ; clk        ; clk      ; None                        ; None                      ; 10.588 ns               ;
; N/A                                     ; 92.17 MHz ( period = 10.850 ns )                    ; control:inst|minute_counter[2]      ; seg:inst4|seg_duan[5]          ; clk        ; clk      ; None                        ; None                      ; 10.588 ns               ;
; N/A                                     ; 92.17 MHz ( period = 10.850 ns )                    ; control:inst|minute_counter[2]      ; seg:inst4|seg_duan[4]          ; clk        ; clk      ; None                        ; None                      ; 10.588 ns               ;
; N/A                                     ; 92.17 MHz ( period = 10.850 ns )                    ; control:inst|minute_counter[2]      ; seg:inst4|seg_duan[3]          ; clk        ; clk      ; None                        ; None                      ; 10.588 ns               ;
; N/A                                     ; 92.17 MHz ( period = 10.850 ns )                    ; control:inst|minute_counter[2]      ; seg:inst4|seg_duan[2]          ; clk        ; clk      ; None                        ; None                      ; 10.588 ns               ;
; N/A                                     ; 92.17 MHz ( period = 10.850 ns )                    ; control:inst|minute_counter[2]      ; seg:inst4|seg_duan[1]          ; clk        ; clk      ; None                        ; None                      ; 10.588 ns               ;
; N/A                                     ; 92.17 MHz ( period = 10.850 ns )                    ; control:inst|minute_counter[2]      ; seg:inst4|seg_duan[0]          ; clk        ; clk      ; None                        ; None                      ; 10.588 ns               ;
; N/A                                     ; 94.14 MHz ( period = 10.622 ns )                    ; control:inst|minute_counter[1]      ; seg:inst4|seg_duan[5]          ; clk        ; clk      ; None                        ; None                      ; 10.368 ns               ;
; N/A                                     ; 94.14 MHz ( period = 10.622 ns )                    ; control:inst|minute_counter[3]      ; seg:inst4|seg_duan[5]          ; clk        ; clk      ; None                        ; None                      ; 10.368 ns               ;
; N/A                                     ; 94.14 MHz ( period = 10.622 ns )                    ; control:inst|minute_counter[1]      ; seg:inst4|seg_duan[4]          ; clk        ; clk      ; None                        ; None                      ; 10.368 ns               ;
; N/A                                     ; 94.14 MHz ( period = 10.622 ns )                    ; control:inst|minute_counter[3]      ; seg:inst4|seg_duan[4]          ; clk        ; clk      ; None                        ; None                      ; 10.368 ns               ;
; N/A                                     ; 94.14 MHz ( period = 10.622 ns )                    ; control:inst|minute_counter[1]      ; seg:inst4|seg_duan[3]          ; clk        ; clk      ; None                        ; None                      ; 10.368 ns               ;
; N/A                                     ; 94.14 MHz ( period = 10.622 ns )                    ; control:inst|minute_counter[3]      ; seg:inst4|seg_duan[3]          ; clk        ; clk      ; None                        ; None                      ; 10.368 ns               ;
; N/A                                     ; 94.14 MHz ( period = 10.622 ns )                    ; control:inst|minute_counter[1]      ; seg:inst4|seg_duan[2]          ; clk        ; clk      ; None                        ; None                      ; 10.368 ns               ;
; N/A                                     ; 94.14 MHz ( period = 10.622 ns )                    ; control:inst|minute_counter[3]      ; seg:inst4|seg_duan[2]          ; clk        ; clk      ; None                        ; None                      ; 10.368 ns               ;
; N/A                                     ; 94.14 MHz ( period = 10.622 ns )                    ; control:inst|minute_counter[1]      ; seg:inst4|seg_duan[1]          ; clk        ; clk      ; None                        ; None                      ; 10.368 ns               ;
; N/A                                     ; 94.14 MHz ( period = 10.622 ns )                    ; control:inst|minute_counter[3]      ; seg:inst4|seg_duan[1]          ; clk        ; clk      ; None                        ; None                      ; 10.368 ns               ;
; N/A                                     ; 94.14 MHz ( period = 10.622 ns )                    ; control:inst|minute_counter[1]      ; seg:inst4|seg_duan[0]          ; clk        ; clk      ; None                        ; None                      ; 10.368 ns               ;
; Timing analysis restricted to 200 rows. ; To change the limit use Settings (Assignments menu) ;                                     ;                                ;            ;          ;                             ;                           ;                         ;
+-----------------------------------------+-----------------------------------------------------+-------------------------------------+--------------------------------+------------+----------+-----------------------------+---------------------------+-------------------------+


+-----------------------------------------------------------------------------------------------------------------------------------------------------------------------------------------------------------------------------+
; Clock Hold: 'clk'                                                                                                                                                                                                           ;
+------------------------------------------+--------------------------------+------------------------------------+------------+----------+----------------------------+----------------------------+--------------------------+
; Minimum Slack                            ; From                           ; To                                 ; From Clock ; To Clock ; Required Hold Relationship ; Required Shortest P2P Time ; Actual Shortest P2P Time ;
+------------------------------------------+--------------------------------+------------------------------------+------------+----------+----------------------------+----------------------------+--------------------------+
; Not operational: Clock Skew > Data Delay ; control:inst|minute_counter[0] ; control:inst|cost_counter[0]       ; clk        ; clk      ; None                       ; None                       ; 1.198 ns                 ;
; Not operational: Clock Skew > Data Delay ; control:inst|minute_counter[5] ; control:inst|cost_counter[6]       ; clk        ; clk      ; None                       ; None                       ; 3.576 ns                 ;
; Not operational: Clock Skew > Data Delay ; control:inst|minute_counter[4] ; control:inst|cost_counter[6]       ; clk        ; clk      ; None                       ; None                       ; 3.639 ns                 ;
; Not operational: Clock Skew > Data Delay ; control:inst|minute_counter[3] ; control:inst|cost_counter[6]       ; clk        ; clk      ; None                       ; None                       ; 3.887 ns                 ;
; Not operational: Clock Skew > Data Delay ; control:inst|minute_counter[1] ; control:inst|cost_counter[6]       ; clk        ; clk      ; None                       ; None                       ; 4.291 ns                 ;
; Not operational: Clock Skew > Data Delay ; control:inst|minute_counter[2] ; control:inst|cost_counter[6]       ; clk        ; clk      ; None                       ; None                       ; 4.406 ns                 ;
; Not operational: Clock Skew > Data Delay ; control:inst|start_flag        ; control:inst|mileage_counter_ge[1] ; clk        ; clk      ; None                       ; None                       ; 1.505 ns                 ;
+------------------------------------------+--------------------------------+------------------------------------+------------+----------+----------------------------+----------------------------+--------------------------+


+--------------------------------------------------------------------------------------------+
; tsu                                                                                        ;
+-------+--------------+------------+----------------+----------------------------+----------+
; Slack ; Required tsu ; Actual tsu ; From           ; To                         ; To Clock ;
+-------+--------------+------------+----------------+----------------------------+----------+
; N/A   ; None         ; 13.102 ns  ; reset_n        ; seg:inst4|seg_duan[6]      ; clk      ;
; N/A   ; None         ; 13.102 ns  ; reset_n        ; seg:inst4|seg_duan[5]      ; clk      ;
; N/A   ; None         ; 13.102 ns  ; reset_n        ; seg:inst4|seg_duan[4]      ; clk      ;
; N/A   ; None         ; 13.102 ns  ; reset_n        ; seg:inst4|seg_duan[3]      ; clk      ;
; N/A   ; None         ; 13.102 ns  ; reset_n        ; seg:inst4|seg_duan[2]      ; clk      ;
; N/A   ; None         ; 13.102 ns  ; reset_n        ; seg:inst4|seg_duan[1]      ; clk      ;
; N/A   ; None         ; 13.102 ns  ; reset_n        ; seg:inst4|seg_duan[0]      ; clk      ;
; N/A   ; None         ; 8.882 ns   ; reset_n        ; seg:inst4|seg_duan[7]      ; clk      ;
; N/A   ; None         ; 3.030 ns   ; mileage_signal ; key:inst3|mileage_key_out  ; clk      ;
; N/A   ; None         ; 2.680 ns   ; reset_n        ; key:inst3|mileage_key_out  ; clk      ;
; N/A   ; None         ; 2.680 ns   ; reset_n        ; key:inst3|start_key_out    ; clk      ;
; N/A   ; None         ; 2.675 ns   ; wait_signal    ; key:inst3|wait_key_out     ; clk      ;
; N/A   ; None         ; 2.666 ns   ; start_signal   ; key:inst3|start_key_out    ; clk      ;
; N/A   ; None         ; 1.042 ns   ; wait_signal    ; key:inst3|wait_state[2]    ; clk      ;
; N/A   ; None         ; 1.038 ns   ; wait_signal    ; key:inst3|wait_state[1]    ; clk      ;
; N/A   ; None         ; 1.038 ns   ; wait_signal    ; key:inst3|wait_state[0]    ; clk      ;
; N/A   ; None         ; 1.003 ns   ; mileage_signal ; key:inst3|mileage_state[1] ; clk      ;
; N/A   ; None         ; 1.002 ns   ; mileage_signal ; key:inst3|mileage_state[0] ; clk      ;
; N/A   ; None         ; 1.001 ns   ; mileage_signal ; key:inst3|mileage_state[2] ; clk      ;
; N/A   ; None         ; 0.994 ns   ; start_signal   ; key:inst3|start_state[0]   ; clk      ;
; N/A   ; None         ; 0.937 ns   ; reset_n        ; key:inst3|mileage_state[2] ; clk      ;
; N/A   ; None         ; 0.937 ns   ; reset_n        ; key:inst3|start_state[1]   ; clk      ;
; N/A   ; None         ; 0.937 ns   ; reset_n        ; key:inst3|start_state[0]   ; clk      ;
; N/A   ; None         ; 0.937 ns   ; reset_n        ; key:inst3|mileage_state[1] ; clk      ;
; N/A   ; None         ; 0.937 ns   ; reset_n        ; key:inst3|mileage_state[0] ; clk      ;
; N/A   ; None         ; 0.652 ns   ; start_signal   ; key:inst3|start_state[1]   ; clk      ;
+-------+--------------+------------+----------------+----------------------------+----------+


+---------------------------------------------------------------------------------------------------+
; tco                                                                                               ;
+-------+--------------+------------+---------------------------------+----------------+------------+
; Slack ; Required tco ; Actual tco ; From                            ; To             ; From Clock ;
+-------+--------------+------------+---------------------------------+----------------+------------+
; N/A   ; None         ; 15.997 ns  ; control:inst|mileage_counter[2] ; mileage_out[2] ; clk        ;
; N/A   ; None         ; 15.745 ns  ; control:inst|mileage_counter[4] ; mileage_out[4] ; clk        ;
; N/A   ; None         ; 15.170 ns  ; control:inst|mileage_counter[0] ; mileage_out[0] ; clk        ;
; N/A   ; None         ; 14.956 ns  ; control:inst|mileage_counter[5] ; mileage_out[5] ; clk        ;
; N/A   ; None         ; 14.795 ns  ; control:inst|mileage_counter[1] ; mileage_out[1] ; clk        ;
; N/A   ; None         ; 14.466 ns  ; control:inst|mileage_counter[6] ; mileage_out[6] ; clk        ;
; N/A   ; None         ; 14.004 ns  ; control:inst|mileage_counter[3] ; mileage_out[3] ; clk        ;
; N/A   ; None         ; 13.536 ns  ; control:inst|cost_counter[5]    ; cost_out[5]    ; clk        ;
; N/A   ; None         ; 13.525 ns  ; control:inst|cost_counter[6]    ; cost_out[6]    ; clk        ;
; N/A   ; None         ; 13.473 ns  ; control:inst|cost_counter[1]    ; cost_out[1]    ; clk        ;
; N/A   ; None         ; 13.239 ns  ; control:inst|cost_counter[4]    ; cost_out[4]    ; clk        ;
; N/A   ; None         ; 13.160 ns  ; control:inst|cost_counter[0]    ; cost_out[0]    ; clk        ;
; N/A   ; None         ; 13.009 ns  ; control:inst|cost_counter[2]    ; cost_out[2]    ; clk        ;
; N/A   ; None         ; 12.934 ns  ; control:inst|cost_counter[3]    ; cost_out[3]    ; clk        ;
; N/A   ; None         ; 9.149 ns   ; seg:inst4|seg_wei[7]            ; seg_wei[7]     ; clk        ;
; N/A   ; None         ; 9.138 ns   ; seg:inst4|seg_duan[3]           ; seg_duan[3]    ; clk        ;
; N/A   ; None         ; 9.098 ns   ; control:inst|minute_counter[3]  ; minute_out[3]  ; clk        ;
; N/A   ; None         ; 9.083 ns   ; control:inst|minute_counter[1]  ; minute_out[1]  ; clk        ;
; N/A   ; None         ; 9.077 ns   ; seg:inst4|seg_duan[4]           ; seg_duan[4]    ; clk        ;
; N/A   ; None         ; 8.917 ns   ; seg:inst4|seg_duan[0]           ; seg_duan[0]    ; clk        ;
; N/A   ; None         ; 8.816 ns   ; seg:inst4|seg_duan[7]           ; seg_duan[7]    ; clk        ;
; N/A   ; None         ; 8.777 ns   ; seg:inst4|seg_wei[6]            ; seg_wei[6]     ; clk        ;
; N/A   ; None         ; 8.445 ns   ; control:inst|minute_counter[4]  ; minute_out[4]  ; clk        ;
; N/A   ; None         ; 8.411 ns   ; seg:inst4|seg_duan[5]           ; seg_duan[5]    ; clk        ;
; N/A   ; None         ; 8.327 ns   ; control:inst|minute_counter[0]  ; minute_out[0]  ; clk        ;
; N/A   ; None         ; 8.284 ns   ; control:inst|minute_counter[2]  ; minute_out[2]  ; clk        ;
; N/A   ; None         ; 8.116 ns   ; control:inst|minute_counter[5]  ; minute_out[5]  ; clk        ;
; N/A   ; None         ; 8.090 ns   ; seg:inst4|seg_wei[0]            ; seg_wei[0]     ; clk        ;
; N/A   ; None         ; 8.035 ns   ; seg:inst4|seg_wei[3]            ; seg_wei[3]     ; clk        ;
; N/A   ; None         ; 8.019 ns   ; seg:inst4|seg_duan[2]           ; seg_duan[2]    ; clk        ;
; N/A   ; None         ; 7.685 ns   ; seg:inst4|seg_wei[4]            ; seg_wei[4]     ; clk        ;
; N/A   ; None         ; 7.645 ns   ; seg:inst4|seg_duan[6]           ; seg_duan[6]    ; clk        ;
; N/A   ; None         ; 7.617 ns   ; seg:inst4|seg_wei[1]            ; seg_wei[1]     ; clk        ;
; N/A   ; None         ; 7.299 ns   ; seg:inst4|seg_duan[1]           ; seg_duan[1]    ; clk        ;
+-------+--------------+------------+---------------------------------+----------------+------------+


+--------------------------------------------------------------------------------------------------+
; th                                                                                               ;
+---------------+-------------+-----------+----------------+----------------------------+----------+
; Minimum Slack ; Required th ; Actual th ; From           ; To                         ; To Clock ;
+---------------+-------------+-----------+----------------+----------------------------+----------+
; N/A           ; None        ; -0.386 ns ; start_signal   ; key:inst3|start_state[1]   ; clk      ;
; N/A           ; None        ; -0.671 ns ; reset_n        ; key:inst3|mileage_state[2] ; clk      ;
; N/A           ; None        ; -0.671 ns ; reset_n        ; key:inst3|start_state[1]   ; clk      ;
; N/A           ; None        ; -0.671 ns ; reset_n        ; key:inst3|start_state[0]   ; clk      ;
; N/A           ; None        ; -0.671 ns ; reset_n        ; key:inst3|mileage_state[1] ; clk      ;
; N/A           ; None        ; -0.671 ns ; reset_n        ; key:inst3|mileage_state[0] ; clk      ;
; N/A           ; None        ; -0.728 ns ; start_signal   ; key:inst3|start_state[0]   ; clk      ;
; N/A           ; None        ; -0.735 ns ; mileage_signal ; key:inst3|mileage_state[2] ; clk      ;
; N/A           ; None        ; -0.736 ns ; mileage_signal ; key:inst3|mileage_state[0] ; clk      ;
; N/A           ; None        ; -0.737 ns ; mileage_signal ; key:inst3|mileage_state[1] ; clk      ;
; N/A           ; None        ; -0.772 ns ; wait_signal    ; key:inst3|wait_state[1]    ; clk      ;
; N/A           ; None        ; -0.772 ns ; wait_signal    ; key:inst3|wait_state[0]    ; clk      ;
; N/A           ; None        ; -0.776 ns ; wait_signal    ; key:inst3|wait_state[2]    ; clk      ;
; N/A           ; None        ; -2.400 ns ; start_signal   ; key:inst3|start_key_out    ; clk      ;
; N/A           ; None        ; -2.409 ns ; wait_signal    ; key:inst3|wait_key_out     ; clk      ;
; N/A           ; None        ; -2.414 ns ; reset_n        ; key:inst3|mileage_key_out  ; clk      ;
; N/A           ; None        ; -2.414 ns ; reset_n        ; key:inst3|start_key_out    ; clk      ;
; N/A           ; None        ; -2.764 ns ; mileage_signal ; key:inst3|mileage_key_out  ; clk      ;
; N/A           ; None        ; -6.470 ns ; reset_n        ; seg:inst4|seg_duan[2]      ; clk      ;
; N/A           ; None        ; -6.478 ns ; reset_n        ; seg:inst4|seg_duan[4]      ; clk      ;
; N/A           ; None        ; -6.481 ns ; reset_n        ; seg:inst4|seg_duan[6]      ; clk      ;
; N/A           ; None        ; -6.481 ns ; reset_n        ; seg:inst4|seg_duan[3]      ; clk      ;
; N/A           ; None        ; -6.481 ns ; reset_n        ; seg:inst4|seg_duan[0]      ; clk      ;
; N/A           ; None        ; -6.899 ns ; reset_n        ; seg:inst4|seg_duan[5]      ; clk      ;
; N/A           ; None        ; -6.905 ns ; reset_n        ; seg:inst4|seg_duan[1]      ; clk      ;
; N/A           ; None        ; -7.844 ns ; reset_n        ; seg:inst4|seg_duan[7]      ; clk      ;
+---------------+-------------+-----------+----------------+----------------------------+----------+


+--------------------------+
; Timing Analyzer Messages ;
+--------------------------+
Info: *******************************************************************
Info: Running Quartus II Classic Timing Analyzer
    Info: Version 9.0 Build 132 02/25/2009 SJ Full Version
    Info: Processing started: Wed May 14 21:03:12 2014
Info: Command: quartus_tan --read_settings_files=off --write_settings_files=off time -c time --timing_analysis_only
Info: Parallel compilation is enabled and will use 2 of the 2 processors detected
Warning: Found pins functioning as undefined clocks and/or memory enables
    Info: Assuming node "clk" is an undefined clock
Warning: Found 6 node(s) in clock paths which may be acting as ripple and/or gated clocks -- node(s) analyzed as buffer(s) resulting in clock skew
    Info: Detected ripple clock "seg:inst4|clk_scan" as buffer
    Info: Detected ripple clock "control:inst|clk_div" as buffer
    Info: Detected ripple clock "key:inst3|wait_key_out" as buffer
    Info: Detected ripple clock "key:inst3|clk_div" as buffer
    Info: Detected ripple clock "key:inst3|start_key_out" as buffer
    Info: Detected ripple clock "key:inst3|mileage_key_out" as buffer
Info: Clock "clk" has Internal fmax of 40.49 MHz between source register "control:inst|mileage_counter_shi[3]" and destination register "seg:inst4|seg_duan[6]" (period= 24.698 ns)
    Info: + Longest register to register delay is 5.594 ns
        Info: 1: + IC(0.000 ns) + CELL(0.000 ns) = 0.000 ns; Loc. = LCFF_X21_Y8_N25; Fanout = 5; REG Node = 'control:inst|mileage_counter_shi[3]'
        Info: 2: + IC(0.447 ns) + CELL(0.370 ns) = 0.817 ns; Loc. = LCCOMB_X21_Y8_N22; Fanout = 1; COMB Node = 'seg:inst4|seg_duan[6]~51'
        Info: 3: + IC(0.365 ns) + CELL(0.206 ns) = 1.388 ns; Loc. = LCCOMB_X21_Y8_N30; Fanout = 1; COMB Node = 'seg:inst4|seg_duan[6]~61'
        Info: 4: + IC(0.365 ns) + CELL(0.206 ns) = 1.959 ns; Loc. = LCCOMB_X21_Y8_N8; Fanout = 1; COMB Node = 'seg:inst4|seg_duan[6]~57'
        Info: 5: + IC(0.374 ns) + CELL(0.319 ns) = 2.652 ns; Loc. = LCCOMB_X21_Y8_N2; Fanout = 8; COMB Node = 'seg:inst4|seg_duan[6]~58'
        Info: 6: + IC(0.383 ns) + CELL(0.615 ns) = 3.650 ns; Loc. = LCCOMB_X21_Y8_N20; Fanout = 7; COMB Node = 'seg:inst4|seg_duan[6]~60'
        Info: 7: + IC(1.089 ns) + CELL(0.855 ns) = 5.594 ns; Loc. = LCFF_X20_Y10_N9; Fanout = 1; REG Node = 'seg:inst4|seg_duan[6]'
        Info: Total cell delay = 2.571 ns ( 45.96 % )
        Info: Total interconnect delay = 3.023 ns ( 54.04 % )
    Info: - Smallest clock skew is -6.491 ns
        Info: + Shortest clock path from clock "clk" to destination register is 2.758 ns
            Info: 1: + IC(0.000 ns) + CELL(1.100 ns) = 1.100 ns; Loc. = PIN_17; Fanout = 4; CLK Node = 'clk'
            Info: 2: + IC(0.143 ns) + CELL(0.000 ns) = 1.243 ns; Loc. = CLKCTRL_G2; Fanout = 70; COMB Node = 'clk~clkctrl'
            Info: 3: + IC(0.849 ns) + CELL(0.666 ns) = 2.758 ns; Loc. = LCFF_X20_Y10_N9; Fanout = 1; REG Node = 'seg:inst4|seg_duan[6]'
            Info: Total cell delay = 1.766 ns ( 64.03 % )
            Info: Total interconnect delay = 0.992 ns ( 35.97 % )
        Info: - Longest clock path from clock "clk" to source register is 9.249 ns
            Info: 1: + IC(0.000 ns) + CELL(1.100 ns) = 1.100 ns; Loc. = PIN_17; Fanout = 4; CLK Node = 'clk'
            Info: 2: + IC(1.451 ns) + CELL(0.970 ns) = 3.521 ns; Loc. = LCFF_X21_Y6_N11; Fanout = 5; REG Node = 'key:inst3|clk_div'
            Info: 3: + IC(1.073 ns) + CELL(0.970 ns) = 5.564 ns; Loc. = LCFF_X24_Y6_N25; Fanout = 2; REG Node = 'key:inst3|mileage_key_out'
            Info: 4: + IC(2.180 ns) + CELL(0.000 ns) = 7.744 ns; Loc. = CLKCTRL_G1; Fanout = 15; COMB Node = 'key:inst3|mileage_key_out~clkctrl'
            Info: 5: + IC(0.839 ns) + CELL(0.666 ns) = 9.249 ns; Loc. = LCFF_X21_Y8_N25; Fanout = 5; REG Node = 'control:inst|mileage_counter_shi[3]'
            Info: Total cell delay = 3.706 ns ( 40.07 % )
            Info: Total interconnect delay = 5.543 ns ( 59.93 % )
    Info: + Micro clock to output delay of source is 0.304 ns
    Info: + Micro setup delay of destination is -0.040 ns
    Info: Delay path is controlled by inverted clocks -- if clock duty cycle is 50%, fmax is divided by two
Warning: Circuit may not operate. Detected 7 non-operational path(s) clocked by clock "clk" with clock skew larger than data delay. See Compilation Report for details.
Info: Found hold time violation between source  pin or register "control:inst|minute_counter[0]" and destination pin or register "control:inst|cost_counter[0]" for clock "clk" (Hold time is 3.294 ns)
    Info: + Largest clock skew is 4.490 ns
        Info: + Longest clock path from clock "clk" to destination register is 7.246 ns
            Info: 1: + IC(0.000 ns) + CELL(1.100 ns) = 1.100 ns; Loc. = PIN_17; Fanout = 4; CLK Node = 'clk'
            Info: 2: + IC(1.345 ns) + CELL(0.970 ns) = 3.415 ns; Loc. = LCFF_X10_Y6_N19; Fanout = 2; REG Node = 'control:inst|clk_div'
            Info: 3: + IC(2.314 ns) + CELL(0.000 ns) = 5.729 ns; Loc. = CLKCTRL_G7; Fanout = 7; COMB Node = 'control:inst|clk_div~clkctrl'
            Info: 4: + IC(0.851 ns) + CELL(0.666 ns) = 7.246 ns; Loc. = LCFF_X19_Y10_N31; Fanout = 2; REG Node = 'control:inst|cost_counter[0]'
            Info: Total cell delay = 2.736 ns ( 37.76 % )
            Info: Total interconnect delay = 4.510 ns ( 62.24 % )
        Info: - Shortest clock path from clock "clk" to source register is 2.756 ns
            Info: 1: + IC(0.000 ns) + CELL(1.100 ns) = 1.100 ns; Loc. = PIN_17; Fanout = 4; CLK Node = 'clk'
            Info: 2: + IC(0.143 ns) + CELL(0.000 ns) = 1.243 ns; Loc. = CLKCTRL_G2; Fanout = 70; COMB Node = 'clk~clkctrl'
            Info: 3: + IC(0.847 ns) + CELL(0.666 ns) = 2.756 ns; Loc. = LCFF_X19_Y10_N3; Fanout = 10; REG Node = 'control:inst|minute_counter[0]'
            Info: Total cell delay = 1.766 ns ( 64.08 % )
            Info: Total interconnect delay = 0.990 ns ( 35.92 % )
    Info: - Micro clock to output delay of source is 0.304 ns
    Info: - Shortest register to register delay is 1.198 ns
        Info: 1: + IC(0.000 ns) + CELL(0.000 ns) = 0.000 ns; Loc. = LCFF_X19_Y10_N3; Fanout = 10; REG Node = 'control:inst|minute_counter[0]'
        Info: 2: + IC(0.466 ns) + CELL(0.624 ns) = 1.090 ns; Loc. = LCCOMB_X19_Y10_N30; Fanout = 1; COMB Node = 'control:inst|cost_counter~21'
        Info: 3: + IC(0.000 ns) + CELL(0.108 ns) = 1.198 ns; Loc. = LCFF_X19_Y10_N31; Fanout = 2; REG Node = 'control:inst|cost_counter[0]'
        Info: Total cell delay = 0.732 ns ( 61.10 % )
        Info: Total interconnect delay = 0.466 ns ( 38.90 % )
    Info: + Micro hold delay of destination is 0.306 ns
Info: tsu for register "seg:inst4|seg_duan[6]" (data pin = "reset_n", clock pin = "clk") is 13.102 ns
    Info: + Longest pin to register delay is 15.900 ns
        Info: 1: + IC(0.000 ns) + CELL(0.954 ns) = 0.954 ns; Loc. = PIN_72; Fanout = 124; PIN Node = 'reset_n'
        Info: 2: + IC(7.481 ns) + CELL(0.589 ns) = 9.024 ns; Loc. = LCCOMB_X19_Y9_N22; Fanout = 1; COMB Node = 'seg:inst4|cost_in_temp[6]~0'
        Info: 3: + IC(1.470 ns) + CELL(0.370 ns) = 10.864 ns; Loc. = LCCOMB_X21_Y7_N2; Fanout = 1; COMB Node = 'seg:inst4|seg_duan[6]~52'
        Info: 4: + IC(1.082 ns) + CELL(0.319 ns) = 12.265 ns; Loc. = LCCOMB_X21_Y8_N8; Fanout = 1; COMB Node = 'seg:inst4|seg_duan[6]~57'
        Info: 5: + IC(0.374 ns) + CELL(0.319 ns) = 12.958 ns; Loc. = LCCOMB_X21_Y8_N2; Fanout = 8; COMB Node = 'seg:inst4|seg_duan[6]~58'
        Info: 6: + IC(0.383 ns) + CELL(0.615 ns) = 13.956 ns; Loc. = LCCOMB_X21_Y8_N20; Fanout = 7; COMB Node = 'seg:inst4|seg_duan[6]~60'
        Info: 7: + IC(1.089 ns) + CELL(0.855 ns) = 15.900 ns; Loc. = LCFF_X20_Y10_N9; Fanout = 1; REG Node = 'seg:inst4|seg_duan[6]'
        Info: Total cell delay = 4.021 ns ( 25.29 % )
        Info: Total interconnect delay = 11.879 ns ( 74.71 % )
    Info: + Micro setup delay of destination is -0.040 ns
    Info: - Shortest clock path from clock "clk" to destination register is 2.758 ns
        Info: 1: + IC(0.000 ns) + CELL(1.100 ns) = 1.100 ns; Loc. = PIN_17; Fanout = 4; CLK Node = 'clk'
        Info: 2: + IC(0.143 ns) + CELL(0.000 ns) = 1.243 ns; Loc. = CLKCTRL_G2; Fanout = 70; COMB Node = 'clk~clkctrl'
        Info: 3: + IC(0.849 ns) + CELL(0.666 ns) = 2.758 ns; Loc. = LCFF_X20_Y10_N9; Fanout = 1; REG Node = 'seg:inst4|seg_duan[6]'
        Info: Total cell delay = 1.766 ns ( 64.03 % )
        Info: Total interconnect delay = 0.992 ns ( 35.97 % )
Info: tco from clock "clk" to destination pin "mileage_out[2]" through register "control:inst|mileage_counter[2]" is 15.997 ns
    Info: + Longest clock path from clock "clk" to source register is 9.235 ns
        Info: 1: + IC(0.000 ns) + CELL(1.100 ns) = 1.100 ns; Loc. = PIN_17; Fanout = 4; CLK Node = 'clk'
        Info: 2: + IC(1.451 ns) + CELL(0.970 ns) = 3.521 ns; Loc. = LCFF_X21_Y6_N11; Fanout = 5; REG Node = 'key:inst3|clk_div'
        Info: 3: + IC(1.073 ns) + CELL(0.970 ns) = 5.564 ns; Loc. = LCFF_X24_Y6_N25; Fanout = 2; REG Node = 'key:inst3|mileage_key_out'
        Info: 4: + IC(2.180 ns) + CELL(0.000 ns) = 7.744 ns; Loc. = CLKCTRL_G1; Fanout = 15; COMB Node = 'key:inst3|mileage_key_out~clkctrl'
        Info: 5: + IC(0.825 ns) + CELL(0.666 ns) = 9.235 ns; Loc. = LCFF_X21_Y7_N29; Fanout = 6; REG Node = 'control:inst|mileage_counter[2]'
        Info: Total cell delay = 3.706 ns ( 40.13 % )
        Info: Total interconnect delay = 5.529 ns ( 59.87 % )
    Info: + Micro clock to output delay of source is 0.304 ns
    Info: + Longest register to pin delay is 6.458 ns
        Info: 1: + IC(0.000 ns) + CELL(0.000 ns) = 0.000 ns; Loc. = LCFF_X21_Y7_N29; Fanout = 6; REG Node = 'control:inst|mileage_counter[2]'
        Info: 2: + IC(3.212 ns) + CELL(3.246 ns) = 6.458 ns; Loc. = PIN_144; Fanout = 0; PIN Node = 'mileage_out[2]'
        Info: Total cell delay = 3.246 ns ( 50.26 % )
        Info: Total interconnect delay = 3.212 ns ( 49.74 % )
Info: th for register "key:inst3|start_state[1]" (data pin = "start_signal", clock pin = "clk") is -0.386 ns
    Info: + Longest clock path from clock "clk" to destination register is 6.820 ns
        Info: 1: + IC(0.000 ns) + CELL(1.100 ns) = 1.100 ns; Loc. = PIN_17; Fanout = 4; CLK Node = 'clk'
        Info: 2: + IC(1.451 ns) + CELL(0.970 ns) = 3.521 ns; Loc. = LCFF_X21_Y6_N11; Fanout = 5; REG Node = 'key:inst3|clk_div'
        Info: 3: + IC(1.806 ns) + CELL(0.000 ns) = 5.327 ns; Loc. = CLKCTRL_G3; Fanout = 8; COMB Node = 'key:inst3|clk_div~clkctrl'
        Info: 4: + IC(0.827 ns) + CELL(0.666 ns) = 6.820 ns; Loc. = LCFF_X25_Y6_N31; Fanout = 3; REG Node = 'key:inst3|start_state[1]'
        Info: Total cell delay = 2.736 ns ( 40.12 % )
        Info: Total interconnect delay = 4.084 ns ( 59.88 % )
    Info: + Micro hold delay of destination is 0.306 ns
    Info: - Shortest pin to register delay is 7.512 ns
        Info: 1: + IC(0.000 ns) + CELL(0.944 ns) = 0.944 ns; Loc. = PIN_64; Fanout = 3; PIN Node = 'start_signal'
        Info: 2: + IC(6.258 ns) + CELL(0.202 ns) = 7.404 ns; Loc. = LCCOMB_X25_Y6_N30; Fanout = 1; COMB Node = 'key:inst3|Mux1~0'
        Info: 3: + IC(0.000 ns) + CELL(0.108 ns) = 7.512 ns; Loc. = LCFF_X25_Y6_N31; Fanout = 3; REG Node = 'key:inst3|start_state[1]'
        Info: Total cell delay = 1.254 ns ( 16.69 % )
        Info: Total interconnect delay = 6.258 ns ( 83.31 % )
Info: Quartus II Classic Timing Analyzer was successful. 0 errors, 3 warnings
    Info: Peak virtual memory: 135 megabytes
    Info: Processing ended: Wed May 14 21:03:13 2014
    Info: Elapsed time: 00:00:01
    Info: Total CPU time (on all processors): 00:00:01


