Flow report for time_clock
Mon Mar 31 16:52:12 2014
Quartus II Version 9.0 Build 132 02/25/2009 SJ Full Version


---------------------
; Table of Contents ;
---------------------
  1. Legal Notice
  2. Flow Summary
  3. Flow Settings
  4. Flow Non-Default Global Settings
  5. Flow Elapsed Time
  6. Flow OS Summary
  7. Flow Log



----------------
; Legal Notice ;
----------------
Copyright (C) 1991-2009 Altera Corporation
Your use of Altera Corporation's design tools, logic functions 
and other software and tools, and its AMPP partner logic 
functions, and any output files from any of the foregoing 
(including device programming or simulation files), and any 
associated documentation or information are expressly subject 
to the terms and conditions of the Altera Program License 
Subscription Agreement, Altera MegaCore Function License 
Agreement, or other applicable license agreement, including, 
without limitation, that your use is for the sole purpose of 
programming logic devices manufactured by Altera and sold by 
Altera or its authorized distributors.  Please refer to the 
applicable agreement for further details.



+-------------------------------------------------------------------------------+
; Flow Summary                                                                  ;
+------------------------------------+------------------------------------------+
; Flow Status                        ; Successful - Mon Mar 31 16:52:12 2014    ;
; Quartus II Version                 ; 9.0 Build 132 02/25/2009 SJ Full Version ;
; Revision Name                      ; time_clock                               ;
; Top-level Entity Name              ; time_clock                               ;
; Family                             ; Cyclone II                               ;
; Device                             ; EP2C5T144C8                              ;
; Timing Models                      ; Final                                    ;
; Met timing requirements            ; No                                       ;
; Total logic elements               ; 320 / 4,608 ( 7 % )                      ;
;     Total combinational functions  ; 320 / 4,608 ( 7 % )                      ;
;     Dedicated logic registers      ; 165 / 4,608 ( 4 % )                      ;
; Total registers                    ; 165                                      ;
; Total pins                         ; 22 / 89 ( 25 % )                         ;
; Total virtual pins                 ; 0                                        ;
; Total memory bits                  ; 0 / 119,808 ( 0 % )                      ;
; Embedded Multiplier 9-bit elements ; 0 / 26 ( 0 % )                           ;
; Total PLLs                         ; 0 / 2 ( 0 % )                            ;
+------------------------------------+------------------------------------------+


+-----------------------------------------+
; Flow Settings                           ;
+-------------------+---------------------+
; Option            ; Setting             ;
+-------------------+---------------------+
; Start date & time ; 03/31/2014 16:51:46 ;
; Main task         ; Compilation         ;
; Revision Name     ; time_clock          ;
+-------------------+---------------------+


+---------------------------------------------------------------------------------------------------------------------------------------------------------+
; Flow Non-Default Global Settings                                                                                                                        ;
+------------------------------------+---------------------------------------------------------------------+---------------+-------------+----------------+
; Assignment Name                    ; Value                                                               ; Default Value ; Entity Name ; Section Id     ;
+------------------------------------+---------------------------------------------------------------------+---------------+-------------+----------------+
; COMPILER_SIGNATURE_ID              ; 220152335733488.139625590603392                                     ; --            ; --          ; --             ;
; MAX_CORE_JUNCTION_TEMP             ; 85                                                                  ; --            ; --          ; --             ;
; MIN_CORE_JUNCTION_TEMP             ; 0                                                                   ; --            ; --          ; --             ;
; MISC_FILE                          ; E:/FPGA开发板/my_licheng/example_3/time_clock.dpf                   ; --            ; --          ; --             ;
; MISC_FILE                          ; G:/外接项目/基于FPGA的数字秒表设计/project/time_clock.dpf           ; --            ; --          ; --             ;
; MISC_FILE                          ; G:/外接项目/基于fpga的会议发言限时器/project/Verilog/time_clock.dpf ; --            ; --          ; --             ;
; PARTITION_COLOR                    ; 16764057                                                            ; --            ; --          ; Top            ;
; PARTITION_NETLIST_TYPE             ; SOURCE                                                              ; --            ; --          ; Top            ;
; USE_GENERATED_PHYSICAL_CONSTRAINTS ; Off                                                                 ; --            ; --          ; eda_blast_fpga ;
+------------------------------------+---------------------------------------------------------------------+---------------+-------------+----------------+


+-----------------------------------------------------------------------------------------------------------------------------+
; Flow Elapsed Time                                                                                                           ;
+-------------------------+--------------+-------------------------+---------------------+------------------------------------+
; Module Name             ; Elapsed Time ; Average Processors Used ; Peak Virtual Memory ; Total CPU Time (on all processors) ;
+-------------------------+--------------+-------------------------+---------------------+------------------------------------+
; Analysis & Synthesis    ; 00:00:06     ; 1.0                     ; 174 MB              ; 00:00:05                           ;
; Fitter                  ; 00:00:06     ; 1.0                     ; 189 MB              ; 00:00:06                           ;
; Assembler               ; 00:00:06     ; 1.0                     ; 156 MB              ; 00:00:05                           ;
; Classic Timing Analyzer ; 00:00:01     ; 1.0                     ; 122 MB              ; 00:00:01                           ;
; Total                   ; 00:00:19     ; --                      ; --                  ; 00:00:17                           ;
+-------------------------+--------------+-------------------------+---------------------+------------------------------------+


+---------------------------------------------------------------------------------------+
; Flow OS Summary                                                                       ;
+-------------------------+------------------+------------+------------+----------------+
; Module Name             ; Machine Hostname ; OS Name    ; OS Version ; Processor type ;
+-------------------------+------------------+------------+------------+----------------+
; Analysis & Synthesis    ; PCPE             ; Windows XP ; 5.1        ; i686           ;
; Fitter                  ; PCPE             ; Windows XP ; 5.1        ; i686           ;
; Assembler               ; PCPE             ; Windows XP ; 5.1        ; i686           ;
; Classic Timing Analyzer ; PCPE             ; Windows XP ; 5.1        ; i686           ;
+-------------------------+------------------+------------+------------+----------------+


------------
; Flow Log ;
------------
quartus_map --read_settings_files=on --write_settings_files=off time_clock -c time_clock
quartus_fit --read_settings_files=off --write_settings_files=off time_clock -c time_clock
quartus_asm --read_settings_files=off --write_settings_files=off time_clock -c time_clock
quartus_tan --read_settings_files=off --write_settings_files=off time_clock -c time_clock --timing_analysis_only



