Analysis & Synthesis report for uart
Fri Jun 06 10:57:33 2014
Quartus II Version 9.0 Build 132 02/25/2009 SJ Full Version


---------------------
; Table of Contents ;
---------------------
  1. Legal Notice
  2. Analysis & Synthesis Summary
  3. Analysis & Synthesis Settings
  4. Analysis & Synthesis Source Files Read
  5. Analysis & Synthesis Resource Usage Summary
  6. Analysis & Synthesis Resource Utilization by Entity
  7. State Machine - |top|ADC_TLC549:inst2|state
  8. Registers Removed During Synthesis
  9. Removed Registers Triggering Further Register Optimizations
 10. General Register Statistics
 11. Inverted Register Statistics
 12. Multiplexer Restructuring Statistics (Restructuring Performed)
 13. Parameter Settings for User Entity Instance: uart:inst
 14. Parameter Settings for User Entity Instance: ADC_TLC549:inst2
 15. Parameter Settings for Inferred Entity Instance: ADC_TLC549:inst2|lpm_divide:Div2
 16. Parameter Settings for Inferred Entity Instance: ADC_TLC549:inst2|lpm_divide:Mod2
 17. Parameter Settings for Inferred Entity Instance: ADC_TLC549:inst2|lpm_divide:Div1
 18. Parameter Settings for Inferred Entity Instance: ADC_TLC549:inst2|lpm_divide:Mod1
 19. Parameter Settings for Inferred Entity Instance: ADC_TLC549:inst2|lpm_divide:Div0
 20. Parameter Settings for Inferred Entity Instance: ADC_TLC549:inst2|lpm_divide:Mod0
 21. Parameter Settings for Inferred Entity Instance: ADC_TLC549:inst2|lpm_divide:Div3
 22. Analysis & Synthesis Messages



----------------
; Legal Notice ;
----------------
Copyright (C) 1991-2009 Altera Corporation
Your use of Altera Corporation's design tools, logic functions 
and other software and tools, and its AMPP partner logic 
functions, and any output files from any of the foregoing 
(including device programming or simulation files), and any 
associated documentation or information are expressly subject 
to the terms and conditions of the Altera Program License 
Subscription Agreement, Altera MegaCore Function License 
Agreement, or other applicable license agreement, including, 
without limitation, that your use is for the sole purpose of 
programming logic devices manufactured by Altera and sold by 
Altera or its authorized distributors.  Please refer to the 
applicable agreement for further details.



+-------------------------------------------------------------------------------+
; Analysis & Synthesis Summary                                                  ;
+------------------------------------+------------------------------------------+
; Analysis & Synthesis Status        ; Successful - Fri Jun 06 10:57:33 2014    ;
; Quartus II Version                 ; 9.0 Build 132 02/25/2009 SJ Full Version ;
; Revision Name                      ; uart                                     ;
; Top-level Entity Name              ; top                                      ;
; Family                             ; Cyclone II                               ;
; Total logic elements               ; 1,159                                    ;
;     Total combinational functions  ; 1,137                                    ;
;     Dedicated logic registers      ; 149                                      ;
; Total registers                    ; 149                                      ;
; Total pins                         ; 19                                       ;
; Total virtual pins                 ; 0                                        ;
; Total memory bits                  ; 0                                        ;
; Embedded Multiplier 9-bit elements ; 0                                        ;
; Total PLLs                         ; 0                                        ;
+------------------------------------+------------------------------------------+


+----------------------------------------------------------------------------------------------------------+
; Analysis & Synthesis Settings                                                                            ;
+----------------------------------------------------------------+--------------------+--------------------+
; Option                                                         ; Setting            ; Default Value      ;
+----------------------------------------------------------------+--------------------+--------------------+
; Device                                                         ; EP2C5T144C8        ;                    ;
; Top-level entity name                                          ; top                ; uart               ;
; Family name                                                    ; Cyclone II         ; Stratix II         ;
; Use Generated Physical Constraints File                        ; Off                ;                    ;
; Use smart compilation                                          ; Off                ; Off                ;
; Restructure Multiplexers                                       ; Auto               ; Auto               ;
; Create Debugging Nodes for IP Cores                            ; Off                ; Off                ;
; Preserve fewer node names                                      ; On                 ; On                 ;
; Disable OpenCore Plus hardware evaluation                      ; Off                ; Off                ;
; Verilog Version                                                ; Verilog_2001       ; Verilog_2001       ;
; VHDL Version                                                   ; VHDL93             ; VHDL93             ;
; State Machine Processing                                       ; Auto               ; Auto               ;
; Safe State Machine                                             ; Off                ; Off                ;
; Extract Verilog State Machines                                 ; On                 ; On                 ;
; Extract VHDL State Machines                                    ; On                 ; On                 ;
; Ignore Verilog initial constructs                              ; Off                ; Off                ;
; Iteration limit for constant Verilog loops                     ; 5000               ; 5000               ;
; Iteration limit for non-constant Verilog loops                 ; 250                ; 250                ;
; Add Pass-Through Logic to Inferred RAMs                        ; On                 ; On                 ;
; Parallel Synthesis                                             ; Off                ; Off                ;
; DSP Block Balancing                                            ; Auto               ; Auto               ;
; NOT Gate Push-Back                                             ; On                 ; On                 ;
; Power-Up Don't Care                                            ; On                 ; On                 ;
; Remove Redundant Logic Cells                                   ; Off                ; Off                ;
; Remove Duplicate Registers                                     ; On                 ; On                 ;
; Ignore CARRY Buffers                                           ; Off                ; Off                ;
; Ignore CASCADE Buffers                                         ; Off                ; Off                ;
; Ignore GLOBAL Buffers                                          ; Off                ; Off                ;
; Ignore ROW GLOBAL Buffers                                      ; Off                ; Off                ;
; Ignore LCELL Buffers                                           ; Off                ; Off                ;
; Ignore SOFT Buffers                                            ; On                 ; On                 ;
; Limit AHDL Integers to 32 Bits                                 ; Off                ; Off                ;
; Optimization Technique                                         ; Balanced           ; Balanced           ;
; Carry Chain Length                                             ; 70                 ; 70                 ;
; Auto Carry Chains                                              ; On                 ; On                 ;
; Auto Open-Drain Pins                                           ; On                 ; On                 ;
; Perform WYSIWYG Primitive Resynthesis                          ; Off                ; Off                ;
; Auto ROM Replacement                                           ; On                 ; On                 ;
; Auto RAM Replacement                                           ; On                 ; On                 ;
; Auto Shift Register Replacement                                ; Auto               ; Auto               ;
; Auto Clock Enable Replacement                                  ; On                 ; On                 ;
; Strict RAM Replacement                                         ; Off                ; Off                ;
; Allow Synchronous Control Signals                              ; On                 ; On                 ;
; Force Use of Synchronous Clear Signals                         ; Off                ; Off                ;
; Auto RAM to Logic Cell Conversion                              ; Off                ; Off                ;
; Auto Resource Sharing                                          ; Off                ; Off                ;
; Allow Any RAM Size For Recognition                             ; Off                ; Off                ;
; Allow Any ROM Size For Recognition                             ; Off                ; Off                ;
; Allow Any Shift Register Size For Recognition                  ; Off                ; Off                ;
; Use LogicLock Constraints during Resource Balancing            ; On                 ; On                 ;
; Ignore translate_off and synthesis_off directives              ; Off                ; Off                ;
; Timing-Driven Synthesis                                        ; Off                ; Off                ;
; Show Parameter Settings Tables in Synthesis Report             ; On                 ; On                 ;
; Ignore Maximum Fan-Out Assignments                             ; Off                ; Off                ;
; Synchronization Register Chain Length                          ; 2                  ; 2                  ;
; PowerPlay Power Optimization                                   ; Normal compilation ; Normal compilation ;
; HDL message level                                              ; Level2             ; Level2             ;
; Suppress Register Optimization Related Messages                ; Off                ; Off                ;
; Number of Removed Registers Reported in Synthesis Report       ; 100                ; 100                ;
; Number of Inverted Registers Reported in Synthesis Report      ; 100                ; 100                ;
; Clock MUX Protection                                           ; On                 ; On                 ;
; Auto Gated Clock Conversion                                    ; Off                ; Off                ;
; Block Design Naming                                            ; Auto               ; Auto               ;
; SDC constraint protection                                      ; Off                ; Off                ;
; Synthesis Effort                                               ; Auto               ; Auto               ;
; Allows Asynchronous Clear Usage For Shift Register Replacement ; On                 ; On                 ;
; Analysis & Synthesis Message Level                             ; Medium             ; Medium             ;
+----------------------------------------------------------------+--------------------+--------------------+


+------------------------------------------------------------------------------------------------------------------------------------------------------------+
; Analysis & Synthesis Source Files Read                                                                                                                     ;
+----------------------------------+-----------------+------------------------------------+------------------------------------------------------------------+
; File Name with User-Entered Path ; Used in Netlist ; File Type                          ; File Name with Absolute Path                                     ;
+----------------------------------+-----------------+------------------------------------+------------------------------------------------------------------+
; top.bdf                          ; yes             ; User Block Diagram/Schematic File  ; G:/project/电压表与串口通信/project/top.bdf                      ;
; uart.v                           ; yes             ; User Verilog HDL File              ; G:/project/电压表与串口通信/project/uart.v                       ;
; ADC_TLC549.v                     ; yes             ; User Verilog HDL File              ; G:/project/电压表与串口通信/project/ADC_TLC549.v                 ;
; lpm_divide.tdf                   ; yes             ; Megafunction                       ; g:/quartusii/quartus/libraries/megafunctions/lpm_divide.tdf      ;
; abs_divider.inc                  ; yes             ; Megafunction                       ; g:/quartusii/quartus/libraries/megafunctions/abs_divider.inc     ;
; sign_div_unsign.inc              ; yes             ; Megafunction                       ; g:/quartusii/quartus/libraries/megafunctions/sign_div_unsign.inc ;
; aglobal90.inc                    ; yes             ; Megafunction                       ; g:/quartusii/quartus/libraries/megafunctions/aglobal90.inc       ;
; db/lpm_divide_ufm.tdf            ; yes             ; Auto-Generated Megafunction        ; G:/project/电压表与串口通信/project/db/lpm_divide_ufm.tdf        ;
; db/sign_div_unsign_8nh.tdf       ; yes             ; Auto-Generated Megafunction        ; G:/project/电压表与串口通信/project/db/sign_div_unsign_8nh.tdf   ;
; db/alt_u_div_i5f.tdf             ; yes             ; Auto-Generated Megafunction        ; G:/project/电压表与串口通信/project/db/alt_u_div_i5f.tdf         ;
; db/add_sub_lkc.tdf               ; yes             ; Auto-Generated Megafunction        ; G:/project/电压表与串口通信/project/db/add_sub_lkc.tdf           ;
; db/add_sub_mkc.tdf               ; yes             ; Auto-Generated Megafunction        ; G:/project/电压表与串口通信/project/db/add_sub_mkc.tdf           ;
; db/lpm_divide_k6m.tdf            ; yes             ; Auto-Generated Megafunction        ; G:/project/电压表与串口通信/project/db/lpm_divide_k6m.tdf        ;
; db/sign_div_unsign_rlh.tdf       ; yes             ; Auto-Generated Megafunction        ; G:/project/电压表与串口通信/project/db/sign_div_unsign_rlh.tdf   ;
; db/alt_u_div_o2f.tdf             ; yes             ; Auto-Generated Megafunction        ; G:/project/电压表与串口通信/project/db/alt_u_div_o2f.tdf         ;
; db/lpm_divide_kem.tdf            ; yes             ; Auto-Generated Megafunction        ; G:/project/电压表与串口通信/project/db/lpm_divide_kem.tdf        ;
; db/sign_div_unsign_ulh.tdf       ; yes             ; Auto-Generated Megafunction        ; G:/project/电压表与串口通信/project/db/sign_div_unsign_ulh.tdf   ;
; db/alt_u_div_u2f.tdf             ; yes             ; Auto-Generated Megafunction        ; G:/project/电压表与串口通信/project/db/alt_u_div_u2f.tdf         ;
; db/lpm_divide_hem.tdf            ; yes             ; Auto-Generated Megafunction        ; G:/project/电压表与串口通信/project/db/lpm_divide_hem.tdf        ;
; db/lpm_divide_2gm.tdf            ; yes             ; Auto-Generated Megafunction        ; G:/project/电压表与串口通信/project/db/lpm_divide_2gm.tdf        ;
; db/sign_div_unsign_cnh.tdf       ; yes             ; Auto-Generated Megafunction        ; G:/project/电压表与串口通信/project/db/sign_div_unsign_cnh.tdf   ;
; db/alt_u_div_q5f.tdf             ; yes             ; Auto-Generated Megafunction        ; G:/project/电压表与串口通信/project/db/alt_u_div_q5f.tdf         ;
+----------------------------------+-----------------+------------------------------------+------------------------------------------------------------------+


+-----------------------------------------------------+
; Analysis & Synthesis Resource Usage Summary         ;
+---------------------------------------------+-------+
; Resource                                    ; Usage ;
+---------------------------------------------+-------+
; Estimated Total logic elements              ; 1,159 ;
;                                             ;       ;
; Total combinational functions               ; 1137  ;
; Logic element usage by number of LUT inputs ;       ;
;     -- 4 input functions                    ; 259   ;
;     -- 3 input functions                    ; 278   ;
;     -- <=2 input functions                  ; 600   ;
;                                             ;       ;
; Logic elements by mode                      ;       ;
;     -- normal mode                          ; 790   ;
;     -- arithmetic mode                      ; 347   ;
;                                             ;       ;
; Total registers                             ; 149   ;
;     -- Dedicated logic registers            ; 149   ;
;     -- I/O registers                        ; 0     ;
;                                             ;       ;
; I/O pins                                    ; 19    ;
; Maximum fan-out node                        ; clk   ;
; Maximum fan-out                             ; 60    ;
; Total fan-out                               ; 3445  ;
; Average fan-out                             ; 2.64  ;
+---------------------------------------------+-------+


+----------------------------------------------------------------------------------------------------------------------------------------------------------------------------------------------------------------------------------------------------------------------------------------------+
; Analysis & Synthesis Resource Utilization by Entity                                                                                                                                                                                                                                          ;
+-------------------------------------------+-------------------+--------------+-------------+--------------+---------+-----------+------+--------------+-----------------------------------------------------------------------------------------------------------------------+--------------+
; Compilation Hierarchy Node                ; LC Combinationals ; LC Registers ; Memory Bits ; DSP Elements ; DSP 9x9 ; DSP 18x18 ; Pins ; Virtual Pins ; Full Hierarchy Name                                                                                                   ; Library Name ;
+-------------------------------------------+-------------------+--------------+-------------+--------------+---------+-----------+------+--------------+-----------------------------------------------------------------------------------------------------------------------+--------------+
; |top                                      ; 1137 (0)          ; 149 (0)      ; 0           ; 0            ; 0       ; 0         ; 19   ; 0            ; |top                                                                                                                  ; work         ;
;    |ADC_TLC549:inst2|                     ; 1048 (145)        ; 111 (111)    ; 0           ; 0            ; 0       ; 0         ; 0    ; 0            ; |top|ADC_TLC549:inst2                                                                                                 ; work         ;
;       |lpm_divide:Div0|                   ; 161 (0)           ; 0 (0)        ; 0           ; 0            ; 0       ; 0         ; 0    ; 0            ; |top|ADC_TLC549:inst2|lpm_divide:Div0                                                                                 ; work         ;
;          |lpm_divide_hem:auto_generated|  ; 161 (0)           ; 0 (0)        ; 0           ; 0            ; 0       ; 0         ; 0    ; 0            ; |top|ADC_TLC549:inst2|lpm_divide:Div0|lpm_divide_hem:auto_generated                                                   ; work         ;
;             |sign_div_unsign_rlh:divider| ; 161 (0)           ; 0 (0)        ; 0           ; 0            ; 0       ; 0         ; 0    ; 0            ; |top|ADC_TLC549:inst2|lpm_divide:Div0|lpm_divide_hem:auto_generated|sign_div_unsign_rlh:divider                       ; work         ;
;                |alt_u_div_o2f:divider|    ; 161 (161)         ; 0 (0)        ; 0           ; 0            ; 0       ; 0         ; 0    ; 0            ; |top|ADC_TLC549:inst2|lpm_divide:Div0|lpm_divide_hem:auto_generated|sign_div_unsign_rlh:divider|alt_u_div_o2f:divider ; work         ;
;       |lpm_divide:Div1|                   ; 202 (0)           ; 0 (0)        ; 0           ; 0            ; 0       ; 0         ; 0    ; 0            ; |top|ADC_TLC549:inst2|lpm_divide:Div1                                                                                 ; work         ;
;          |lpm_divide_kem:auto_generated|  ; 202 (0)           ; 0 (0)        ; 0           ; 0            ; 0       ; 0         ; 0    ; 0            ; |top|ADC_TLC549:inst2|lpm_divide:Div1|lpm_divide_kem:auto_generated                                                   ; work         ;
;             |sign_div_unsign_ulh:divider| ; 202 (0)           ; 0 (0)        ; 0           ; 0            ; 0       ; 0         ; 0    ; 0            ; |top|ADC_TLC549:inst2|lpm_divide:Div1|lpm_divide_kem:auto_generated|sign_div_unsign_ulh:divider                       ; work         ;
;                |alt_u_div_u2f:divider|    ; 202 (202)         ; 0 (0)        ; 0           ; 0            ; 0       ; 0         ; 0    ; 0            ; |top|ADC_TLC549:inst2|lpm_divide:Div1|lpm_divide_kem:auto_generated|sign_div_unsign_ulh:divider|alt_u_div_u2f:divider ; work         ;
;       |lpm_divide:Div2|                   ; 186 (0)           ; 0 (0)        ; 0           ; 0            ; 0       ; 0         ; 0    ; 0            ; |top|ADC_TLC549:inst2|lpm_divide:Div2                                                                                 ; work         ;
;          |lpm_divide_ufm:auto_generated|  ; 186 (0)           ; 0 (0)        ; 0           ; 0            ; 0       ; 0         ; 0    ; 0            ; |top|ADC_TLC549:inst2|lpm_divide:Div2|lpm_divide_ufm:auto_generated                                                   ; work         ;
;             |sign_div_unsign_8nh:divider| ; 186 (0)           ; 0 (0)        ; 0           ; 0            ; 0       ; 0         ; 0    ; 0            ; |top|ADC_TLC549:inst2|lpm_divide:Div2|lpm_divide_ufm:auto_generated|sign_div_unsign_8nh:divider                       ; work         ;
;                |alt_u_div_i5f:divider|    ; 186 (186)         ; 0 (0)        ; 0           ; 0            ; 0       ; 0         ; 0    ; 0            ; |top|ADC_TLC549:inst2|lpm_divide:Div2|lpm_divide_ufm:auto_generated|sign_div_unsign_8nh:divider|alt_u_div_i5f:divider ; work         ;
;       |lpm_divide:Div3|                   ; 83 (0)            ; 0 (0)        ; 0           ; 0            ; 0       ; 0         ; 0    ; 0            ; |top|ADC_TLC549:inst2|lpm_divide:Div3                                                                                 ; work         ;
;          |lpm_divide_2gm:auto_generated|  ; 83 (0)            ; 0 (0)        ; 0           ; 0            ; 0       ; 0         ; 0    ; 0            ; |top|ADC_TLC549:inst2|lpm_divide:Div3|lpm_divide_2gm:auto_generated                                                   ; work         ;
;             |sign_div_unsign_cnh:divider| ; 83 (0)            ; 0 (0)        ; 0           ; 0            ; 0       ; 0         ; 0    ; 0            ; |top|ADC_TLC549:inst2|lpm_divide:Div3|lpm_divide_2gm:auto_generated|sign_div_unsign_cnh:divider                       ; work         ;
;                |alt_u_div_q5f:divider|    ; 83 (83)           ; 0 (0)        ; 0           ; 0            ; 0       ; 0         ; 0    ; 0            ; |top|ADC_TLC549:inst2|lpm_divide:Div3|lpm_divide_2gm:auto_generated|sign_div_unsign_cnh:divider|alt_u_div_q5f:divider ; work         ;
;       |lpm_divide:Mod0|                   ; 125 (0)           ; 0 (0)        ; 0           ; 0            ; 0       ; 0         ; 0    ; 0            ; |top|ADC_TLC549:inst2|lpm_divide:Mod0                                                                                 ; work         ;
;          |lpm_divide_k6m:auto_generated|  ; 125 (0)           ; 0 (0)        ; 0           ; 0            ; 0       ; 0         ; 0    ; 0            ; |top|ADC_TLC549:inst2|lpm_divide:Mod0|lpm_divide_k6m:auto_generated                                                   ; work         ;
;             |sign_div_unsign_rlh:divider| ; 125 (0)           ; 0 (0)        ; 0           ; 0            ; 0       ; 0         ; 0    ; 0            ; |top|ADC_TLC549:inst2|lpm_divide:Mod0|lpm_divide_k6m:auto_generated|sign_div_unsign_rlh:divider                       ; work         ;
;                |alt_u_div_o2f:divider|    ; 125 (125)         ; 0 (0)        ; 0           ; 0            ; 0       ; 0         ; 0    ; 0            ; |top|ADC_TLC549:inst2|lpm_divide:Mod0|lpm_divide_k6m:auto_generated|sign_div_unsign_rlh:divider|alt_u_div_o2f:divider ; work         ;
;       |lpm_divide:Mod1|                   ; 94 (0)            ; 0 (0)        ; 0           ; 0            ; 0       ; 0         ; 0    ; 0            ; |top|ADC_TLC549:inst2|lpm_divide:Mod1                                                                                 ; work         ;
;          |lpm_divide_k6m:auto_generated|  ; 94 (0)            ; 0 (0)        ; 0           ; 0            ; 0       ; 0         ; 0    ; 0            ; |top|ADC_TLC549:inst2|lpm_divide:Mod1|lpm_divide_k6m:auto_generated                                                   ; work         ;
;             |sign_div_unsign_rlh:divider| ; 94 (0)            ; 0 (0)        ; 0           ; 0            ; 0       ; 0         ; 0    ; 0            ; |top|ADC_TLC549:inst2|lpm_divide:Mod1|lpm_divide_k6m:auto_generated|sign_div_unsign_rlh:divider                       ; work         ;
;                |alt_u_div_o2f:divider|    ; 94 (94)           ; 0 (0)        ; 0           ; 0            ; 0       ; 0         ; 0    ; 0            ; |top|ADC_TLC549:inst2|lpm_divide:Mod1|lpm_divide_k6m:auto_generated|sign_div_unsign_rlh:divider|alt_u_div_o2f:divider ; work         ;
;       |lpm_divide:Mod2|                   ; 52 (0)            ; 0 (0)        ; 0           ; 0            ; 0       ; 0         ; 0    ; 0            ; |top|ADC_TLC549:inst2|lpm_divide:Mod2                                                                                 ; work         ;
;          |lpm_divide_k6m:auto_generated|  ; 52 (0)            ; 0 (0)        ; 0           ; 0            ; 0       ; 0         ; 0    ; 0            ; |top|ADC_TLC549:inst2|lpm_divide:Mod2|lpm_divide_k6m:auto_generated                                                   ; work         ;
;             |sign_div_unsign_rlh:divider| ; 52 (0)            ; 0 (0)        ; 0           ; 0            ; 0       ; 0         ; 0    ; 0            ; |top|ADC_TLC549:inst2|lpm_divide:Mod2|lpm_divide_k6m:auto_generated|sign_div_unsign_rlh:divider                       ; work         ;
;                |alt_u_div_o2f:divider|    ; 52 (52)           ; 0 (0)        ; 0           ; 0            ; 0       ; 0         ; 0    ; 0            ; |top|ADC_TLC549:inst2|lpm_divide:Mod2|lpm_divide_k6m:auto_generated|sign_div_unsign_rlh:divider|alt_u_div_o2f:divider ; work         ;
;    |uart:inst|                            ; 89 (89)           ; 38 (38)      ; 0           ; 0            ; 0       ; 0         ; 0    ; 0            ; |top|uart:inst                                                                                                        ; work         ;
+-------------------------------------------+-------------------+--------------+-------------+--------------+---------+-----------+------+--------------+-----------------------------------------------------------------------------------------------------------------------+--------------+
Note: For table entries with two numbers listed, the numbers in parentheses indicate the number of resources of the given type used by the specific entity alone. The numbers listed outside of parentheses indicate the total resources of the given type used by the specific entity and all of its sub-entities in the hierarchy.


Encoding Type:  One-Hot
+---------------------------------------------+
; State Machine - |top|ADC_TLC549:inst2|state ;
+---------------+-----------------------------+
; Name          ; state.display               ;
+---------------+-----------------------------+
; state.sample  ; 0                           ;
; state.display ; 1                           ;
+---------------+-----------------------------+


+---------------------------------------------------------------------------------+
; Registers Removed During Synthesis                                              ;
+----------------------------------------+----------------------------------------+
; Register name                          ; Reason for Removal                     ;
+----------------------------------------+----------------------------------------+
; ADC_TLC549:inst2|tenvalue[16]          ; Stuck at GND due to stuck port data_in ;
; ADC_TLC549:inst2|voltage_data1[6..7]   ; Stuck at GND due to stuck port data_in ;
; ADC_TLC549:inst2|voltage_data1[4..5]   ; Stuck at VCC due to stuck port data_in ;
; ADC_TLC549:inst2|voltage_data2[6..7]   ; Stuck at GND due to stuck port data_in ;
; ADC_TLC549:inst2|voltage_data2[4..5]   ; Stuck at VCC due to stuck port data_in ;
; ADC_TLC549:inst2|voltage_data3[6..7]   ; Stuck at GND due to stuck port data_in ;
; ADC_TLC549:inst2|voltage_data3[4..5]   ; Stuck at VCC due to stuck port data_in ;
; ADC_TLC549:inst2|voltage_data4[6..7]   ; Stuck at GND due to stuck port data_in ;
; ADC_TLC549:inst2|voltage_data4[4..5]   ; Stuck at VCC due to stuck port data_in ;
; ADC_TLC549:inst2|state~13              ; Lost fanout                            ;
; uart:inst|txd_buf[7]                   ; Stuck at GND due to stuck port data_in ;
; ADC_TLC549:inst2|tenvalue[0]           ; Lost fanout                            ;
; ADC_TLC549:inst2|voltage_data4[3]      ; Stuck at GND due to stuck port data_in ;
; Total Number of Removed Registers = 21 ;                                        ;
+----------------------------------------+----------------------------------------+


+---------------------------------------------------------------------------------------------------------------------------------------+
; Removed Registers Triggering Further Register Optimizations                                                                           ;
+-----------------------------------+---------------------------+-----------------------------------------------------------------------+
; Register name                     ; Reason for Removal        ; Registers Removed due to This Register                                ;
+-----------------------------------+---------------------------+-----------------------------------------------------------------------+
; ADC_TLC549:inst2|tenvalue[16]     ; Stuck at GND              ; ADC_TLC549:inst2|voltage_data4[7], ADC_TLC549:inst2|voltage_data4[6], ;
;                                   ; due to stuck port data_in ; ADC_TLC549:inst2|voltage_data4[5], ADC_TLC549:inst2|voltage_data4[4]  ;
; ADC_TLC549:inst2|voltage_data1[7] ; Stuck at GND              ; uart:inst|txd_buf[7]                                                  ;
;                                   ; due to stuck port data_in ;                                                                       ;
+-----------------------------------+---------------------------+-----------------------------------------------------------------------+


+------------------------------------------------------+
; General Register Statistics                          ;
+----------------------------------------------+-------+
; Statistic                                    ; Value ;
+----------------------------------------------+-------+
; Total registers                              ; 149   ;
; Number of registers using Synchronous Clear  ; 60    ;
; Number of registers using Synchronous Load   ; 4     ;
; Number of registers using Asynchronous Clear ; 51    ;
; Number of registers using Asynchronous Load  ; 0     ;
; Number of registers using Clock Enable       ; 76    ;
; Number of registers using Preset             ; 0     ;
+----------------------------------------------+-------+


+--------------------------------------------------+
; Inverted Register Statistics                     ;
+----------------------------------------+---------+
; Inverted Register                      ; Fan out ;
+----------------------------------------+---------+
; uart:inst|txd_reg                      ; 2       ;
; ADC_TLC549:inst2|cs                    ; 1       ;
; Total number of inverted registers = 2 ;         ;
+----------------------------------------+---------+


+----------------------------------------------------------------------------------------------------------------------------------------------+
; Multiplexer Restructuring Statistics (Restructuring Performed)                                                                               ;
+--------------------+-----------+---------------+----------------------+------------------------+------------+--------------------------------+
; Multiplexer Inputs ; Bus Width ; Baseline Area ; Area if Restructured ; Saving if Restructured ; Registered ; Example Multiplexer Output     ;
+--------------------+-----------+---------------+----------------------+------------------------+------------+--------------------------------+
; 3:1                ; 16 bits   ; 32 LEs        ; 16 LEs               ; 16 LEs                 ; Yes        ; |top|uart:inst|div_reg[15]     ;
; 8:1                ; 4 bits    ; 20 LEs        ; 12 LEs               ; 8 LEs                  ; Yes        ; |top|ADC_TLC549:inst2|segcs[3] ;
; 12:1               ; 3 bits    ; 24 LEs        ; 6 LEs                ; 18 LEs                 ; Yes        ; |top|uart:inst|txd_buf[4]      ;
; 27:1               ; 4 bits    ; 72 LEs        ; 24 LEs               ; 48 LEs                 ; Yes        ; |top|uart:inst|txd_buf[0]      ;
+--------------------+-----------+---------------+----------------------+------------------------+------------+--------------------------------+


+--------------------------------------------------------+
; Parameter Settings for User Entity Instance: uart:inst ;
+----------------+------------------+--------------------+
; Parameter Name ; Value            ; Type               ;
+----------------+------------------+--------------------+
; div_par        ; 0000000101000101 ; Unsigned Binary    ;
+----------------+------------------+--------------------+
Note: In order to hide this table in the UI and the text report file, please set the "Show Parameter Settings Tables in Synthesis Report" option in "Analysis and Synthesis Settings -> More Settings" to "Off".


+---------------------------------------------------------------+
; Parameter Settings for User Entity Instance: ADC_TLC549:inst2 ;
+----------------+-------+--------------------------------------+
; Parameter Name ; Value ; Type                                 ;
+----------------+-------+--------------------------------------+
; sample         ; 00    ; Unsigned Binary                      ;
; display        ; 01    ; Unsigned Binary                      ;
+----------------+-------+--------------------------------------+
Note: In order to hide this table in the UI and the text report file, please set the "Show Parameter Settings Tables in Synthesis Report" option in "Analysis and Synthesis Settings -> More Settings" to "Off".


+-----------------------------------------------------------------------------------+
; Parameter Settings for Inferred Entity Instance: ADC_TLC549:inst2|lpm_divide:Div2 ;
+------------------------+----------------+-----------------------------------------+
; Parameter Name         ; Value          ; Type                                    ;
+------------------------+----------------+-----------------------------------------+
; LPM_WIDTHN             ; 17             ; Untyped                                 ;
; LPM_WIDTHD             ; 10             ; Untyped                                 ;
; LPM_NREPRESENTATION    ; UNSIGNED       ; Untyped                                 ;
; LPM_DREPRESENTATION    ; UNSIGNED       ; Untyped                                 ;
; LPM_PIPELINE           ; 0              ; Untyped                                 ;
; LPM_REMAINDERPOSITIVE  ; TRUE           ; Untyped                                 ;
; MAXIMIZE_SPEED         ; 5              ; Untyped                                 ;
; CBXI_PARAMETER         ; lpm_divide_ufm ; Untyped                                 ;
; CARRY_CHAIN            ; MANUAL         ; Untyped                                 ;
; OPTIMIZE_FOR_SPEED     ; 5              ; Untyped                                 ;
; AUTO_CARRY_CHAINS      ; ON             ; AUTO_CARRY                              ;
; IGNORE_CARRY_BUFFERS   ; OFF            ; IGNORE_CARRY                            ;
; AUTO_CASCADE_CHAINS    ; ON             ; AUTO_CASCADE                            ;
; IGNORE_CASCADE_BUFFERS ; OFF            ; IGNORE_CASCADE                          ;
+------------------------+----------------+-----------------------------------------+
Note: In order to hide this table in the UI and the text report file, please set the "Show Parameter Settings Tables in Synthesis Report" option in "Analysis and Synthesis Settings -> More Settings" to "Off".


+-----------------------------------------------------------------------------------+
; Parameter Settings for Inferred Entity Instance: ADC_TLC549:inst2|lpm_divide:Mod2 ;
+------------------------+----------------+-----------------------------------------+
; Parameter Name         ; Value          ; Type                                    ;
+------------------------+----------------+-----------------------------------------+
; LPM_WIDTHN             ; 17             ; Untyped                                 ;
; LPM_WIDTHD             ; 4              ; Untyped                                 ;
; LPM_NREPRESENTATION    ; UNSIGNED       ; Untyped                                 ;
; LPM_DREPRESENTATION    ; UNSIGNED       ; Untyped                                 ;
; LPM_PIPELINE           ; 0              ; Untyped                                 ;
; LPM_REMAINDERPOSITIVE  ; TRUE           ; Untyped                                 ;
; MAXIMIZE_SPEED         ; 5              ; Untyped                                 ;
; CBXI_PARAMETER         ; lpm_divide_k6m ; Untyped                                 ;
; CARRY_CHAIN            ; MANUAL         ; Untyped                                 ;
; OPTIMIZE_FOR_SPEED     ; 5              ; Untyped                                 ;
; AUTO_CARRY_CHAINS      ; ON             ; AUTO_CARRY                              ;
; IGNORE_CARRY_BUFFERS   ; OFF            ; IGNORE_CARRY                            ;
; AUTO_CASCADE_CHAINS    ; ON             ; AUTO_CASCADE                            ;
; IGNORE_CASCADE_BUFFERS ; OFF            ; IGNORE_CASCADE                          ;
+------------------------+----------------+-----------------------------------------+
Note: In order to hide this table in the UI and the text report file, please set the "Show Parameter Settings Tables in Synthesis Report" option in "Analysis and Synthesis Settings -> More Settings" to "Off".


+-----------------------------------------------------------------------------------+
; Parameter Settings for Inferred Entity Instance: ADC_TLC549:inst2|lpm_divide:Div1 ;
+------------------------+----------------+-----------------------------------------+
; Parameter Name         ; Value          ; Type                                    ;
+------------------------+----------------+-----------------------------------------+
; LPM_WIDTHN             ; 17             ; Untyped                                 ;
; LPM_WIDTHD             ; 7              ; Untyped                                 ;
; LPM_NREPRESENTATION    ; UNSIGNED       ; Untyped                                 ;
; LPM_DREPRESENTATION    ; UNSIGNED       ; Untyped                                 ;
; LPM_PIPELINE           ; 0              ; Untyped                                 ;
; LPM_REMAINDERPOSITIVE  ; TRUE           ; Untyped                                 ;
; MAXIMIZE_SPEED         ; 5              ; Untyped                                 ;
; CBXI_PARAMETER         ; lpm_divide_kem ; Untyped                                 ;
; CARRY_CHAIN            ; MANUAL         ; Untyped                                 ;
; OPTIMIZE_FOR_SPEED     ; 5              ; Untyped                                 ;
; AUTO_CARRY_CHAINS      ; ON             ; AUTO_CARRY                              ;
; IGNORE_CARRY_BUFFERS   ; OFF            ; IGNORE_CARRY                            ;
; AUTO_CASCADE_CHAINS    ; ON             ; AUTO_CASCADE                            ;
; IGNORE_CASCADE_BUFFERS ; OFF            ; IGNORE_CASCADE                          ;
+------------------------+----------------+-----------------------------------------+
Note: In order to hide this table in the UI and the text report file, please set the "Show Parameter Settings Tables in Synthesis Report" option in "Analysis and Synthesis Settings -> More Settings" to "Off".


+-----------------------------------------------------------------------------------+
; Parameter Settings for Inferred Entity Instance: ADC_TLC549:inst2|lpm_divide:Mod1 ;
+------------------------+----------------+-----------------------------------------+
; Parameter Name         ; Value          ; Type                                    ;
+------------------------+----------------+-----------------------------------------+
; LPM_WIDTHN             ; 17             ; Untyped                                 ;
; LPM_WIDTHD             ; 4              ; Untyped                                 ;
; LPM_NREPRESENTATION    ; UNSIGNED       ; Untyped                                 ;
; LPM_DREPRESENTATION    ; UNSIGNED       ; Untyped                                 ;
; LPM_PIPELINE           ; 0              ; Untyped                                 ;
; LPM_REMAINDERPOSITIVE  ; TRUE           ; Untyped                                 ;
; MAXIMIZE_SPEED         ; 5              ; Untyped                                 ;
; CBXI_PARAMETER         ; lpm_divide_k6m ; Untyped                                 ;
; CARRY_CHAIN            ; MANUAL         ; Untyped                                 ;
; OPTIMIZE_FOR_SPEED     ; 5              ; Untyped                                 ;
; AUTO_CARRY_CHAINS      ; ON             ; AUTO_CARRY                              ;
; IGNORE_CARRY_BUFFERS   ; OFF            ; IGNORE_CARRY                            ;
; AUTO_CASCADE_CHAINS    ; ON             ; AUTO_CASCADE                            ;
; IGNORE_CASCADE_BUFFERS ; OFF            ; IGNORE_CASCADE                          ;
+------------------------+----------------+-----------------------------------------+
Note: In order to hide this table in the UI and the text report file, please set the "Show Parameter Settings Tables in Synthesis Report" option in "Analysis and Synthesis Settings -> More Settings" to "Off".


+-----------------------------------------------------------------------------------+
; Parameter Settings for Inferred Entity Instance: ADC_TLC549:inst2|lpm_divide:Div0 ;
+------------------------+----------------+-----------------------------------------+
; Parameter Name         ; Value          ; Type                                    ;
+------------------------+----------------+-----------------------------------------+
; LPM_WIDTHN             ; 17             ; Untyped                                 ;
; LPM_WIDTHD             ; 4              ; Untyped                                 ;
; LPM_NREPRESENTATION    ; UNSIGNED       ; Untyped                                 ;
; LPM_DREPRESENTATION    ; UNSIGNED       ; Untyped                                 ;
; LPM_PIPELINE           ; 0              ; Untyped                                 ;
; LPM_REMAINDERPOSITIVE  ; TRUE           ; Untyped                                 ;
; MAXIMIZE_SPEED         ; 5              ; Untyped                                 ;
; CBXI_PARAMETER         ; lpm_divide_hem ; Untyped                                 ;
; CARRY_CHAIN            ; MANUAL         ; Untyped                                 ;
; OPTIMIZE_FOR_SPEED     ; 5              ; Untyped                                 ;
; AUTO_CARRY_CHAINS      ; ON             ; AUTO_CARRY                              ;
; IGNORE_CARRY_BUFFERS   ; OFF            ; IGNORE_CARRY                            ;
; AUTO_CASCADE_CHAINS    ; ON             ; AUTO_CASCADE                            ;
; IGNORE_CASCADE_BUFFERS ; OFF            ; IGNORE_CASCADE                          ;
+------------------------+----------------+-----------------------------------------+
Note: In order to hide this table in the UI and the text report file, please set the "Show Parameter Settings Tables in Synthesis Report" option in "Analysis and Synthesis Settings -> More Settings" to "Off".


+-----------------------------------------------------------------------------------+
; Parameter Settings for Inferred Entity Instance: ADC_TLC549:inst2|lpm_divide:Mod0 ;
+------------------------+----------------+-----------------------------------------+
; Parameter Name         ; Value          ; Type                                    ;
+------------------------+----------------+-----------------------------------------+
; LPM_WIDTHN             ; 17             ; Untyped                                 ;
; LPM_WIDTHD             ; 4              ; Untyped                                 ;
; LPM_NREPRESENTATION    ; UNSIGNED       ; Untyped                                 ;
; LPM_DREPRESENTATION    ; UNSIGNED       ; Untyped                                 ;
; LPM_PIPELINE           ; 0              ; Untyped                                 ;
; LPM_REMAINDERPOSITIVE  ; TRUE           ; Untyped                                 ;
; MAXIMIZE_SPEED         ; 5              ; Untyped                                 ;
; CBXI_PARAMETER         ; lpm_divide_k6m ; Untyped                                 ;
; CARRY_CHAIN            ; MANUAL         ; Untyped                                 ;
; OPTIMIZE_FOR_SPEED     ; 5              ; Untyped                                 ;
; AUTO_CARRY_CHAINS      ; ON             ; AUTO_CARRY                              ;
; IGNORE_CARRY_BUFFERS   ; OFF            ; IGNORE_CARRY                            ;
; AUTO_CASCADE_CHAINS    ; ON             ; AUTO_CASCADE                            ;
; IGNORE_CASCADE_BUFFERS ; OFF            ; IGNORE_CASCADE                          ;
+------------------------+----------------+-----------------------------------------+
Note: In order to hide this table in the UI and the text report file, please set the "Show Parameter Settings Tables in Synthesis Report" option in "Analysis and Synthesis Settings -> More Settings" to "Off".


+-----------------------------------------------------------------------------------+
; Parameter Settings for Inferred Entity Instance: ADC_TLC549:inst2|lpm_divide:Div3 ;
+------------------------+----------------+-----------------------------------------+
; Parameter Name         ; Value          ; Type                                    ;
+------------------------+----------------+-----------------------------------------+
; LPM_WIDTHN             ; 17             ; Untyped                                 ;
; LPM_WIDTHD             ; 14             ; Untyped                                 ;
; LPM_NREPRESENTATION    ; UNSIGNED       ; Untyped                                 ;
; LPM_DREPRESENTATION    ; UNSIGNED       ; Untyped                                 ;
; LPM_PIPELINE           ; 0              ; Untyped                                 ;
; LPM_REMAINDERPOSITIVE  ; TRUE           ; Untyped                                 ;
; MAXIMIZE_SPEED         ; 5              ; Untyped                                 ;
; CBXI_PARAMETER         ; lpm_divide_2gm ; Untyped                                 ;
; CARRY_CHAIN            ; MANUAL         ; Untyped                                 ;
; OPTIMIZE_FOR_SPEED     ; 5              ; Untyped                                 ;
; AUTO_CARRY_CHAINS      ; ON             ; AUTO_CARRY                              ;
; IGNORE_CARRY_BUFFERS   ; OFF            ; IGNORE_CARRY                            ;
; AUTO_CASCADE_CHAINS    ; ON             ; AUTO_CASCADE                            ;
; IGNORE_CASCADE_BUFFERS ; OFF            ; IGNORE_CASCADE                          ;
+------------------------+----------------+-----------------------------------------+
Note: In order to hide this table in the UI and the text report file, please set the "Show Parameter Settings Tables in Synthesis Report" option in "Analysis and Synthesis Settings -> More Settings" to "Off".


+-------------------------------+
; Analysis & Synthesis Messages ;
+-------------------------------+
Info: *******************************************************************
Info: Running Quartus II Analysis & Synthesis
    Info: Version 9.0 Build 132 02/25/2009 SJ Full Version
    Info: Processing started: Fri Jun 06 10:57:16 2014
Info: Command: quartus_map --read_settings_files=on --write_settings_files=off uart -c uart
Info: Found 1 design units, including 1 entities, in source file top.bdf
    Info: Found entity 1: top
Info: Found 1 design units, including 1 entities, in source file uart.v
    Info: Found entity 1: uart
Info: Found 1 design units, including 1 entities, in source file ADC_TLC549.v
    Info: Found entity 1: ADC_TLC549
Info: Elaborating entity "top" for the top level hierarchy
Info: Elaborating entity "uart" for hierarchy "uart:inst"
Info: Elaborating entity "ADC_TLC549" for hierarchy "ADC_TLC549:inst2"
Warning (10230): Verilog HDL assignment warning at ADC_TLC549.v(119): truncated value with size 32 to match size of target (17)
Warning (10230): Verilog HDL assignment warning at ADC_TLC549.v(122): truncated value with size 32 to match size of target (8)
Warning (10230): Verilog HDL assignment warning at ADC_TLC549.v(123): truncated value with size 32 to match size of target (8)
Warning (10230): Verilog HDL assignment warning at ADC_TLC549.v(124): truncated value with size 32 to match size of target (8)
Warning (10230): Verilog HDL assignment warning at ADC_TLC549.v(125): truncated value with size 32 to match size of target (8)
Warning (10230): Verilog HDL assignment warning at ADC_TLC549.v(190): truncated value with size 32 to match size of target (3)
Warning (10034): Output port "data_cnt[3]" at ADC_TLC549.v(36) has no driver
Warning (10034): Output port "data_cnt[2]" at ADC_TLC549.v(36) has no driver
Warning (10034): Output port "data_cnt[1]" at ADC_TLC549.v(36) has no driver
Warning (10034): Output port "data_cnt[0]" at ADC_TLC549.v(36) has no driver
Info: Inferred 7 megafunctions from design logic
    Info: Inferred divider/modulo megafunction ("lpm_divide") from the following logic: "ADC_TLC549:inst2|Div2"
    Info: Inferred divider/modulo megafunction ("lpm_divide") from the following logic: "ADC_TLC549:inst2|Mod2"
    Info: Inferred divider/modulo megafunction ("lpm_divide") from the following logic: "ADC_TLC549:inst2|Div1"
    Info: Inferred divider/modulo megafunction ("lpm_divide") from the following logic: "ADC_TLC549:inst2|Mod1"
    Info: Inferred divider/modulo megafunction ("lpm_divide") from the following logic: "ADC_TLC549:inst2|Div0"
    Info: Inferred divider/modulo megafunction ("lpm_divide") from the following logic: "ADC_TLC549:inst2|Mod0"
    Info: Inferred divider/modulo megafunction ("lpm_divide") from the following logic: "ADC_TLC549:inst2|Div3"
Info: Elaborated megafunction instantiation "ADC_TLC549:inst2|lpm_divide:Div2"
Info: Instantiated megafunction "ADC_TLC549:inst2|lpm_divide:Div2" with the following parameter:
    Info: Parameter "LPM_WIDTHN" = "17"
    Info: Parameter "LPM_WIDTHD" = "10"
    Info: Parameter "LPM_NREPRESENTATION" = "UNSIGNED"
    Info: Parameter "LPM_DREPRESENTATION" = "UNSIGNED"
Info: Found 1 design units, including 1 entities, in source file db/lpm_divide_ufm.tdf
    Info: Found entity 1: lpm_divide_ufm
Info: Found 1 design units, including 1 entities, in source file db/sign_div_unsign_8nh.tdf
    Info: Found entity 1: sign_div_unsign_8nh
Info: Found 1 design units, including 1 entities, in source file db/alt_u_div_i5f.tdf
    Info: Found entity 1: alt_u_div_i5f
Info: Found 1 design units, including 1 entities, in source file db/add_sub_lkc.tdf
    Info: Found entity 1: add_sub_lkc
Info: Found 1 design units, including 1 entities, in source file db/add_sub_mkc.tdf
    Info: Found entity 1: add_sub_mkc
Info: Elaborated megafunction instantiation "ADC_TLC549:inst2|lpm_divide:Mod2"
Info: Instantiated megafunction "ADC_TLC549:inst2|lpm_divide:Mod2" with the following parameter:
    Info: Parameter "LPM_WIDTHN" = "17"
    Info: Parameter "LPM_WIDTHD" = "4"
    Info: Parameter "LPM_NREPRESENTATION" = "UNSIGNED"
    Info: Parameter "LPM_DREPRESENTATION" = "UNSIGNED"
Info: Found 1 design units, including 1 entities, in source file db/lpm_divide_k6m.tdf
    Info: Found entity 1: lpm_divide_k6m
Info: Found 1 design units, including 1 entities, in source file db/sign_div_unsign_rlh.tdf
    Info: Found entity 1: sign_div_unsign_rlh
Info: Found 1 design units, including 1 entities, in source file db/alt_u_div_o2f.tdf
    Info: Found entity 1: alt_u_div_o2f
Info: Elaborated megafunction instantiation "ADC_TLC549:inst2|lpm_divide:Div1"
Info: Instantiated megafunction "ADC_TLC549:inst2|lpm_divide:Div1" with the following parameter:
    Info: Parameter "LPM_WIDTHN" = "17"
    Info: Parameter "LPM_WIDTHD" = "7"
    Info: Parameter "LPM_NREPRESENTATION" = "UNSIGNED"
    Info: Parameter "LPM_DREPRESENTATION" = "UNSIGNED"
Info: Found 1 design units, including 1 entities, in source file db/lpm_divide_kem.tdf
    Info: Found entity 1: lpm_divide_kem
Info: Found 1 design units, including 1 entities, in source file db/sign_div_unsign_ulh.tdf
    Info: Found entity 1: sign_div_unsign_ulh
Info: Found 1 design units, including 1 entities, in source file db/alt_u_div_u2f.tdf
    Info: Found entity 1: alt_u_div_u2f
Info: Elaborated megafunction instantiation "ADC_TLC549:inst2|lpm_divide:Div0"
Info: Instantiated megafunction "ADC_TLC549:inst2|lpm_divide:Div0" with the following parameter:
    Info: Parameter "LPM_WIDTHN" = "17"
    Info: Parameter "LPM_WIDTHD" = "4"
    Info: Parameter "LPM_NREPRESENTATION" = "UNSIGNED"
    Info: Parameter "LPM_DREPRESENTATION" = "UNSIGNED"
Info: Found 1 design units, including 1 entities, in source file db/lpm_divide_hem.tdf
    Info: Found entity 1: lpm_divide_hem
Info: Elaborated megafunction instantiation "ADC_TLC549:inst2|lpm_divide:Div3"
Info: Instantiated megafunction "ADC_TLC549:inst2|lpm_divide:Div3" with the following parameter:
    Info: Parameter "LPM_WIDTHN" = "17"
    Info: Parameter "LPM_WIDTHD" = "14"
    Info: Parameter "LPM_NREPRESENTATION" = "UNSIGNED"
    Info: Parameter "LPM_DREPRESENTATION" = "UNSIGNED"
Info: Found 1 design units, including 1 entities, in source file db/lpm_divide_2gm.tdf
    Info: Found entity 1: lpm_divide_2gm
Info: Found 1 design units, including 1 entities, in source file db/sign_div_unsign_cnh.tdf
    Info: Found entity 1: sign_div_unsign_cnh
Info: Found 1 design units, including 1 entities, in source file db/alt_u_div_q5f.tdf
    Info: Found entity 1: alt_u_div_q5f
Info: Registers with preset signals will power-up high
Info: DEV_CLRn pin will set, and not reset, register with preset signal due to NOT Gate Push-Back
Info: 2 registers lost all their fanouts during netlist optimizations. The first 2 are displayed below.
    Info: Register "ADC_TLC549:inst2|state~13" lost all its fanouts during netlist optimizations.
    Info: Register "ADC_TLC549:inst2|tenvalue[0]" lost all its fanouts during netlist optimizations.
Info: Found the following redundant logic cells in design
    Info (17048): Logic cell "ADC_TLC549:inst2|lpm_divide:Mod1|lpm_divide_k6m:auto_generated|sign_div_unsign_rlh:divider|alt_u_div_o2f:divider|add_sub_10_result_int[0]~10"
    Info (17048): Logic cell "ADC_TLC549:inst2|lpm_divide:Mod1|lpm_divide_k6m:auto_generated|sign_div_unsign_rlh:divider|alt_u_div_o2f:divider|add_sub_11_result_int[0]~10"
    Info (17048): Logic cell "ADC_TLC549:inst2|lpm_divide:Mod1|lpm_divide_k6m:auto_generated|sign_div_unsign_rlh:divider|alt_u_div_o2f:divider|add_sub_12_result_int[0]~10"
    Info (17048): Logic cell "ADC_TLC549:inst2|lpm_divide:Mod1|lpm_divide_k6m:auto_generated|sign_div_unsign_rlh:divider|alt_u_div_o2f:divider|add_sub_13_result_int[0]~10"
    Info (17048): Logic cell "ADC_TLC549:inst2|lpm_divide:Mod1|lpm_divide_k6m:auto_generated|sign_div_unsign_rlh:divider|alt_u_div_o2f:divider|add_sub_14_result_int[0]~10"
    Info (17048): Logic cell "ADC_TLC549:inst2|lpm_divide:Mod1|lpm_divide_k6m:auto_generated|sign_div_unsign_rlh:divider|alt_u_div_o2f:divider|add_sub_15_result_int[0]~10"
    Info (17048): Logic cell "ADC_TLC549:inst2|lpm_divide:Mod1|lpm_divide_k6m:auto_generated|sign_div_unsign_rlh:divider|alt_u_div_o2f:divider|add_sub_16_result_int[0]~10"
    Info (17048): Logic cell "ADC_TLC549:inst2|lpm_divide:Mod2|lpm_divide_k6m:auto_generated|sign_div_unsign_rlh:divider|alt_u_div_o2f:divider|add_sub_13_result_int[0]~10"
    Info (17048): Logic cell "ADC_TLC549:inst2|lpm_divide:Mod2|lpm_divide_k6m:auto_generated|sign_div_unsign_rlh:divider|alt_u_div_o2f:divider|add_sub_14_result_int[0]~10"
    Info (17048): Logic cell "ADC_TLC549:inst2|lpm_divide:Mod2|lpm_divide_k6m:auto_generated|sign_div_unsign_rlh:divider|alt_u_div_o2f:divider|add_sub_15_result_int[0]~10"
    Info (17048): Logic cell "ADC_TLC549:inst2|lpm_divide:Mod2|lpm_divide_k6m:auto_generated|sign_div_unsign_rlh:divider|alt_u_div_o2f:divider|add_sub_16_result_int[0]~10"
Info: Implemented 1191 device resources after synthesis - the final resource count might be different
    Info: Implemented 3 input pins
    Info: Implemented 16 output pins
    Info: Implemented 1172 logic cells
Info: Quartus II Analysis & Synthesis was successful. 0 errors, 10 warnings
    Info: Peak virtual memory: 186 megabytes
    Info: Processing ended: Fri Jun 06 10:57:33 2014
    Info: Elapsed time: 00:00:17
    Info: Total CPU time (on all processors): 00:00:16


