Analysis & Synthesis report for time
Mon Mar 31 21:02:45 2014
Quartus II Version 9.0 Build 132 02/25/2009 SJ Full Version


---------------------
; Table of Contents ;
---------------------
  1. Legal Notice
  2. Analysis & Synthesis Summary
  3. Analysis & Synthesis Settings
  4. Analysis & Synthesis Source Files Read
  5. Analysis & Synthesis Resource Usage Summary
  6. Analysis & Synthesis Resource Utilization by Entity
  7. Registers Removed During Synthesis
  8. General Register Statistics
  9. Inverted Register Statistics
 10. Multiplexer Restructuring Statistics (Restructuring Performed)
 11. Analysis & Synthesis Messages



----------------
; Legal Notice ;
----------------
Copyright (C) 1991-2009 Altera Corporation
Your use of Altera Corporation's design tools, logic functions 
and other software and tools, and its AMPP partner logic 
functions, and any output files from any of the foregoing 
(including device programming or simulation files), and any 
associated documentation or information are expressly subject 
to the terms and conditions of the Altera Program License 
Subscription Agreement, Altera MegaCore Function License 
Agreement, or other applicable license agreement, including, 
without limitation, that your use is for the sole purpose of 
programming logic devices manufactured by Altera and sold by 
Altera or its authorized distributors.  Please refer to the 
applicable agreement for further details.



+-------------------------------------------------------------------------------+
; Analysis & Synthesis Summary                                                  ;
+------------------------------------+------------------------------------------+
; Analysis & Synthesis Status        ; Successful - Mon Mar 31 21:02:45 2014    ;
; Quartus II Version                 ; 9.0 Build 132 02/25/2009 SJ Full Version ;
; Revision Name                      ; time                                     ;
; Top-level Entity Name              ; time                                     ;
; Family                             ; Cyclone II                               ;
; Total logic elements               ; 236                                      ;
;     Total combinational functions  ; 229                                      ;
;     Dedicated logic registers      ; 153                                      ;
; Total registers                    ; 153                                      ;
; Total pins                         ; 29                                       ;
; Total virtual pins                 ; 0                                        ;
; Total memory bits                  ; 0                                        ;
; Embedded Multiplier 9-bit elements ; 0                                        ;
; Total PLLs                         ; 0                                        ;
+------------------------------------+------------------------------------------+


+----------------------------------------------------------------------------------------------------------+
; Analysis & Synthesis Settings                                                                            ;
+----------------------------------------------------------------+--------------------+--------------------+
; Option                                                         ; Setting            ; Default Value      ;
+----------------------------------------------------------------+--------------------+--------------------+
; Device                                                         ; EP2C5T144C8        ;                    ;
; Top-level entity name                                          ; time               ; time               ;
; Family name                                                    ; Cyclone II         ; Stratix II         ;
; Use Generated Physical Constraints File                        ; Off                ;                    ;
; Use smart compilation                                          ; Off                ; Off                ;
; Restructure Multiplexers                                       ; Auto               ; Auto               ;
; Create Debugging Nodes for IP Cores                            ; Off                ; Off                ;
; Preserve fewer node names                                      ; On                 ; On                 ;
; Disable OpenCore Plus hardware evaluation                      ; Off                ; Off                ;
; Verilog Version                                                ; Verilog_2001       ; Verilog_2001       ;
; VHDL Version                                                   ; VHDL93             ; VHDL93             ;
; State Machine Processing                                       ; Auto               ; Auto               ;
; Safe State Machine                                             ; Off                ; Off                ;
; Extract Verilog State Machines                                 ; On                 ; On                 ;
; Extract VHDL State Machines                                    ; On                 ; On                 ;
; Ignore Verilog initial constructs                              ; Off                ; Off                ;
; Iteration limit for constant Verilog loops                     ; 5000               ; 5000               ;
; Iteration limit for non-constant Verilog loops                 ; 250                ; 250                ;
; Add Pass-Through Logic to Inferred RAMs                        ; On                 ; On                 ;
; Parallel Synthesis                                             ; Off                ; Off                ;
; DSP Block Balancing                                            ; Auto               ; Auto               ;
; NOT Gate Push-Back                                             ; On                 ; On                 ;
; Power-Up Don't Care                                            ; On                 ; On                 ;
; Remove Redundant Logic Cells                                   ; Off                ; Off                ;
; Remove Duplicate Registers                                     ; On                 ; On                 ;
; Ignore CARRY Buffers                                           ; Off                ; Off                ;
; Ignore CASCADE Buffers                                         ; Off                ; Off                ;
; Ignore GLOBAL Buffers                                          ; Off                ; Off                ;
; Ignore ROW GLOBAL Buffers                                      ; Off                ; Off                ;
; Ignore LCELL Buffers                                           ; Off                ; Off                ;
; Ignore SOFT Buffers                                            ; On                 ; On                 ;
; Limit AHDL Integers to 32 Bits                                 ; Off                ; Off                ;
; Optimization Technique                                         ; Balanced           ; Balanced           ;
; Carry Chain Length                                             ; 70                 ; 70                 ;
; Auto Carry Chains                                              ; On                 ; On                 ;
; Auto Open-Drain Pins                                           ; On                 ; On                 ;
; Perform WYSIWYG Primitive Resynthesis                          ; Off                ; Off                ;
; Auto ROM Replacement                                           ; On                 ; On                 ;
; Auto RAM Replacement                                           ; On                 ; On                 ;
; Auto Shift Register Replacement                                ; Auto               ; Auto               ;
; Auto Clock Enable Replacement                                  ; On                 ; On                 ;
; Strict RAM Replacement                                         ; Off                ; Off                ;
; Allow Synchronous Control Signals                              ; On                 ; On                 ;
; Force Use of Synchronous Clear Signals                         ; Off                ; Off                ;
; Auto RAM to Logic Cell Conversion                              ; Off                ; Off                ;
; Auto Resource Sharing                                          ; Off                ; Off                ;
; Allow Any RAM Size For Recognition                             ; Off                ; Off                ;
; Allow Any ROM Size For Recognition                             ; Off                ; Off                ;
; Allow Any Shift Register Size For Recognition                  ; Off                ; Off                ;
; Use LogicLock Constraints during Resource Balancing            ; On                 ; On                 ;
; Ignore translate_off and synthesis_off directives              ; Off                ; Off                ;
; Timing-Driven Synthesis                                        ; Off                ; Off                ;
; Show Parameter Settings Tables in Synthesis Report             ; On                 ; On                 ;
; Ignore Maximum Fan-Out Assignments                             ; Off                ; Off                ;
; Synchronization Register Chain Length                          ; 2                  ; 2                  ;
; PowerPlay Power Optimization                                   ; Normal compilation ; Normal compilation ;
; HDL message level                                              ; Level2             ; Level2             ;
; Suppress Register Optimization Related Messages                ; Off                ; Off                ;
; Number of Removed Registers Reported in Synthesis Report       ; 100                ; 100                ;
; Number of Inverted Registers Reported in Synthesis Report      ; 100                ; 100                ;
; Clock MUX Protection                                           ; On                 ; On                 ;
; Auto Gated Clock Conversion                                    ; Off                ; Off                ;
; Block Design Naming                                            ; Auto               ; Auto               ;
; SDC constraint protection                                      ; Off                ; Off                ;
; Synthesis Effort                                               ; Auto               ; Auto               ;
; Allows Asynchronous Clear Usage For Shift Register Replacement ; On                 ; On                 ;
; Analysis & Synthesis Message Level                             ; Medium             ; Medium             ;
+----------------------------------------------------------------+--------------------+--------------------+


+--------------------------------------------------------------------------------------------------------------------------------------------------------------+
; Analysis & Synthesis Source Files Read                                                                                                                       ;
+----------------------------------+-----------------+------------------------------------+--------------------------------------------------------------------+
; File Name with User-Entered Path ; Used in Netlist ; File Type                          ; File Name with Absolute Path                                       ;
+----------------------------------+-----------------+------------------------------------+--------------------------------------------------------------------+
; time.bdf                         ; yes             ; User Block Diagram/Schematic File  ; G:/外接项目/基于fpga的会议发言限时器/project/VHDL/time.bdf         ;
; time_counter.vhd                 ; yes             ; User VHDL File                     ; G:/外接项目/基于fpga的会议发言限时器/project/VHDL/time_counter.vhd ;
; key.vhd                          ; yes             ; User VHDL File                     ; G:/外接项目/基于fpga的会议发言限时器/project/VHDL/key.vhd          ;
; bell.vhd                         ; yes             ; User VHDL File                     ; G:/外接项目/基于fpga的会议发言限时器/project/VHDL/bell.vhd         ;
; led.vhd                          ; yes             ; User VHDL File                     ; G:/外接项目/基于fpga的会议发言限时器/project/VHDL/led.vhd          ;
+----------------------------------+-----------------+------------------------------------+--------------------------------------------------------------------+


+-------------------------------------------------------+
; Analysis & Synthesis Resource Usage Summary           ;
+---------------------------------------------+---------+
; Resource                                    ; Usage   ;
+---------------------------------------------+---------+
; Estimated Total logic elements              ; 236     ;
;                                             ;         ;
; Total combinational functions               ; 229     ;
; Logic element usage by number of LUT inputs ;         ;
;     -- 4 input functions                    ; 100     ;
;     -- 3 input functions                    ; 9       ;
;     -- <=2 input functions                  ; 120     ;
;                                             ;         ;
; Logic elements by mode                      ;         ;
;     -- normal mode                          ; 138     ;
;     -- arithmetic mode                      ; 91      ;
;                                             ;         ;
; Total registers                             ; 153     ;
;     -- Dedicated logic registers            ; 153     ;
;     -- I/O registers                        ; 0       ;
;                                             ;         ;
; I/O pins                                    ; 29      ;
; Maximum fan-out node                        ; reset_n ;
; Maximum fan-out                             ; 141     ;
; Total fan-out                               ; 1216    ;
; Average fan-out                             ; 2.96    ;
+---------------------------------------------+---------+


+----------------------------------------------------------------------------------------------------------------------------------------------------------------------------------+
; Analysis & Synthesis Resource Utilization by Entity                                                                                                                              ;
+----------------------------+-------------------+--------------+-------------+--------------+---------+-----------+------+--------------+--------------------------+--------------+
; Compilation Hierarchy Node ; LC Combinationals ; LC Registers ; Memory Bits ; DSP Elements ; DSP 9x9 ; DSP 18x18 ; Pins ; Virtual Pins ; Full Hierarchy Name      ; Library Name ;
+----------------------------+-------------------+--------------+-------------+--------------+---------+-----------+------+--------------+--------------------------+--------------+
; |time                      ; 229 (0)           ; 153 (0)      ; 0           ; 0            ; 0       ; 0         ; 29   ; 0            ; |time                    ; work         ;
;    |bell:inst|             ; 59 (59)           ; 40 (40)      ; 0           ; 0            ; 0       ; 0         ; 0    ; 0            ; |time|bell:inst          ; work         ;
;    |key:inst4|             ; 8 (8)             ; 8 (8)        ; 0           ; 0            ; 0       ; 0         ; 0    ; 0            ; |time|key:inst4          ; work         ;
;    |led:inst9|             ; 41 (41)           ; 31 (31)      ; 0           ; 0            ; 0       ; 0         ; 0    ; 0            ; |time|led:inst9          ; work         ;
;    |time_counter:inst5|    ; 121 (121)         ; 74 (74)      ; 0           ; 0            ; 0       ; 0         ; 0    ; 0            ; |time|time_counter:inst5 ; work         ;
+----------------------------+-------------------+--------------+-------------+--------------+---------+-----------+------+--------------+--------------------------+--------------+
Note: For table entries with two numbers listed, the numbers in parentheses indicate the number of resources of the given type used by the specific entity alone. The numbers listed outside of parentheses indicate the total resources of the given type used by the specific entity and all of its sub-entities in the hierarchy.


+--------------------------------------------------------------------------------+
; Registers Removed During Synthesis                                             ;
+---------------------------------------+----------------------------------------+
; Register name                         ; Reason for Removal                     ;
+---------------------------------------+----------------------------------------+
; time_counter:inst5|seg_wei[4..7]      ; Stuck at VCC due to stuck port data_in ;
; Total Number of Removed Registers = 4 ;                                        ;
+---------------------------------------+----------------------------------------+


+------------------------------------------------------+
; General Register Statistics                          ;
+----------------------------------------------+-------+
; Statistic                                    ; Value ;
+----------------------------------------------+-------+
; Total registers                              ; 153   ;
; Number of registers using Synchronous Clear  ; 28    ;
; Number of registers using Synchronous Load   ; 1     ;
; Number of registers using Asynchronous Clear ; 137   ;
; Number of registers using Asynchronous Load  ; 0     ;
; Number of registers using Clock Enable       ; 66    ;
; Number of registers using Preset             ; 0     ;
+----------------------------------------------+-------+


+--------------------------------------------------+
; Inverted Register Statistics                     ;
+----------------------------------------+---------+
; Inverted Register                      ; Fan out ;
+----------------------------------------+---------+
; led:inst9|led_reg[7]                   ; 1       ;
; led:inst9|led_reg[6]                   ; 1       ;
; led:inst9|led_reg[5]                   ; 1       ;
; led:inst9|led_reg[4]                   ; 1       ;
; led:inst9|led_reg[3]                   ; 1       ;
; led:inst9|led_reg[2]                   ; 1       ;
; led:inst9|led_reg[1]                   ; 1       ;
; led:inst9|led_reg[0]                   ; 1       ;
; key:inst4|pause_key_out                ; 2       ;
; Total number of inverted registers = 9 ;         ;
+----------------------------------------+---------+


+----------------------------------------------------------------------------------------------------------------------------------------------------+
; Multiplexer Restructuring Statistics (Restructuring Performed)                                                                                     ;
+--------------------+-----------+---------------+----------------------+------------------------+------------+--------------------------------------+
; Multiplexer Inputs ; Bus Width ; Baseline Area ; Area if Restructured ; Saving if Restructured ; Registered ; Example Multiplexer Output           ;
+--------------------+-----------+---------------+----------------------+------------------------+------------+--------------------------------------+
; 4:1                ; 25 bits   ; 50 LEs        ; 25 LEs               ; 25 LEs                 ; Yes        ; |time|time_counter:inst5|count[17]   ;
; 64:1               ; 7 bits    ; 294 LEs       ; 42 LEs               ; 252 LEs                ; Yes        ; |time|time_counter:inst5|seg_duan[6] ;
+--------------------+-----------+---------------+----------------------+------------------------+------------+--------------------------------------+


+-------------------------------+
; Analysis & Synthesis Messages ;
+-------------------------------+
Info: *******************************************************************
Info: Running Quartus II Analysis & Synthesis
    Info: Version 9.0 Build 132 02/25/2009 SJ Full Version
    Info: Processing started: Mon Mar 31 21:02:39 2014
Info: Command: quartus_map --read_settings_files=on --write_settings_files=off time -c time
Info: Found 1 design units, including 1 entities, in source file time.bdf
    Info: Found entity 1: time
Info: Found 2 design units, including 1 entities, in source file time_counter.vhd
    Info: Found design unit 1: time_counter-time_counter_behave
    Info: Found entity 1: time_counter
Info: Found 2 design units, including 1 entities, in source file key.vhd
    Info: Found design unit 1: key-key_behave
    Info: Found entity 1: key
Info: Found 2 design units, including 1 entities, in source file bell.vhd
    Info: Found design unit 1: bell-bell_behave
    Info: Found entity 1: bell
Info: Found 2 design units, including 1 entities, in source file led.vhd
    Info: Found design unit 1: led-led_behave
    Info: Found entity 1: led
Info: Elaborating entity "time" for the top level hierarchy
Info: Elaborating entity "bell" for hierarchy "bell:inst"
Info: Elaborating entity "time_counter" for hierarchy "time_counter:inst5"
Info: Elaborating entity "key" for hierarchy "key:inst4"
Info: Elaborating entity "led" for hierarchy "led:inst9"
Info: Registers with preset signals will power-up high
Info: DEV_CLRn pin will set, and not reset, register with preset signal due to NOT Gate Push-Back
Warning: Output pins are stuck at VCC or GND
    Warning (13410): Pin "seg_wei[7]" is stuck at VCC
    Warning (13410): Pin "seg_wei[6]" is stuck at VCC
    Warning (13410): Pin "seg_wei[5]" is stuck at VCC
    Warning (13410): Pin "seg_wei[4]" is stuck at VCC
Info: Implemented 268 device resources after synthesis - the final resource count might be different
    Info: Implemented 4 input pins
    Info: Implemented 25 output pins
    Info: Implemented 239 logic cells
Info: Quartus II Analysis & Synthesis was successful. 0 errors, 5 warnings
    Info: Peak virtual memory: 193 megabytes
    Info: Processing ended: Mon Mar 31 21:02:45 2014
    Info: Elapsed time: 00:00:06
    Info: Total CPU time (on all processors): 00:00:06


