Classic Timing Analyzer report for DS18B20
Tue May 13 20:34:12 2014
Quartus II Version 9.0 Build 132 02/25/2009 SJ Full Version


---------------------
; Table of Contents ;
---------------------
  1. Legal Notice
  2. Timing Analyzer Summary
  3. Timing Analyzer Settings
  4. Clock Settings Summary
  5. Parallel Compilation
  6. Clock Setup: 'clk'
  7. tsu
  8. tco
  9. th
 10. Timing Analyzer Messages



----------------
; Legal Notice ;
----------------
Copyright (C) 1991-2009 Altera Corporation
Your use of Altera Corporation's design tools, logic functions 
and other software and tools, and its AMPP partner logic 
functions, and any output files from any of the foregoing 
(including device programming or simulation files), and any 
associated documentation or information are expressly subject 
to the terms and conditions of the Altera Program License 
Subscription Agreement, Altera MegaCore Function License 
Agreement, or other applicable license agreement, including, 
without limitation, that your use is for the sole purpose of 
programming logic devices manufactured by Altera and sold by 
Altera or its authorized distributors.  Please refer to the 
applicable agreement for further details.



+------------------------------------------------------------------------------------------------------------------------------------------------------------------------+
; Timing Analyzer Summary                                                                                                                                                ;
+------------------------------+-------+---------------+----------------------------------+-----------------+---------------------+------------+----------+--------------+
; Type                         ; Slack ; Required Time ; Actual Time                      ; From            ; To                  ; From Clock ; To Clock ; Failed Paths ;
+------------------------------+-------+---------------+----------------------------------+-----------------+---------------------+------------+----------+--------------+
; Worst-case tsu               ; N/A   ; None          ; 6.373 ns                         ; rst_n           ; DS18B20_DATA_buf[0] ; --         ; clk      ; 0            ;
; Worst-case tco               ; N/A   ; None          ; 12.271 ns                        ; one_wire_buf~en ; one_wire            ; clk        ; --       ; 0            ;
; Worst-case th                ; N/A   ; None          ; 0.338 ns                         ; one_wire        ; state.S4            ; --         ; clk      ; 0            ;
; Clock Setup: 'clk'           ; N/A   ; None          ; 100.66 MHz ( period = 9.934 ns ) ; cnt_1us[0]      ; one_wire_buf~en     ; clk        ; clk      ; 0            ;
; Total number of failed paths ;       ;               ;                                  ;                 ;                     ;            ;          ; 0            ;
+------------------------------+-------+---------------+----------------------------------+-----------------+---------------------+------------+----------+--------------+


+--------------------------------------------------------------------------------------------------------------------+
; Timing Analyzer Settings                                                                                           ;
+---------------------------------------------------------------------+--------------------+------+----+-------------+
; Option                                                              ; Setting            ; From ; To ; Entity Name ;
+---------------------------------------------------------------------+--------------------+------+----+-------------+
; Device Name                                                         ; EP2C5T144C8        ;      ;    ;             ;
; Timing Models                                                       ; Final              ;      ;    ;             ;
; Default hold multicycle                                             ; Same as Multicycle ;      ;    ;             ;
; Cut paths between unrelated clock domains                           ; On                 ;      ;    ;             ;
; Cut off read during write signal paths                              ; On                 ;      ;    ;             ;
; Cut off feedback from I/O pins                                      ; On                 ;      ;    ;             ;
; Report Combined Fast/Slow Timing                                    ; Off                ;      ;    ;             ;
; Ignore Clock Settings                                               ; Off                ;      ;    ;             ;
; Analyze latches as synchronous elements                             ; On                 ;      ;    ;             ;
; Enable Recovery/Removal analysis                                    ; Off                ;      ;    ;             ;
; Enable Clock Latency                                                ; Off                ;      ;    ;             ;
; Use TimeQuest Timing Analyzer                                       ; Off                ;      ;    ;             ;
; Minimum Core Junction Temperature                                   ; 0                  ;      ;    ;             ;
; Maximum Core Junction Temperature                                   ; 85                 ;      ;    ;             ;
; Number of source nodes to report per destination node               ; 10                 ;      ;    ;             ;
; Number of destination nodes to report                               ; 10                 ;      ;    ;             ;
; Number of paths to report                                           ; 200                ;      ;    ;             ;
; Report Minimum Timing Checks                                        ; Off                ;      ;    ;             ;
; Use Fast Timing Models                                              ; Off                ;      ;    ;             ;
; Report IO Paths Separately                                          ; Off                ;      ;    ;             ;
; Perform Multicorner Analysis                                        ; On                 ;      ;    ;             ;
; Reports the worst-case path for each clock domain and analysis      ; Off                ;      ;    ;             ;
; Removes common clock path pessimism (CCPP) during slack computation ; Off                ;      ;    ;             ;
; Output I/O Timing Endpoint                                          ; Near End           ;      ;    ;             ;
+---------------------------------------------------------------------+--------------------+------+----+-------------+


+------------------------------------------------------------------------------------------------------------------------------------------------------------------------------------+
; Clock Settings Summary                                                                                                                                                             ;
+-----------------+--------------------+----------+------------------+---------------+--------------+----------+-----------------------+---------------------+--------+--------------+
; Clock Node Name ; Clock Setting Name ; Type     ; Fmax Requirement ; Early Latency ; Late Latency ; Based on ; Multiply Base Fmax by ; Divide Base Fmax by ; Offset ; Phase offset ;
+-----------------+--------------------+----------+------------------+---------------+--------------+----------+-----------------------+---------------------+--------+--------------+
; clk             ;                    ; User Pin ; None             ; 0.000 ns      ; 0.000 ns     ; --       ; N/A                   ; N/A                 ; N/A    ;              ;
+-----------------+--------------------+----------+------------------+---------------+--------------+----------+-----------------------+---------------------+--------+--------------+


+------------------------------------------+
; Parallel Compilation                     ;
+----------------------------+-------------+
; Processors                 ; Number      ;
+----------------------------+-------------+
; Number detected on machine ; 2           ;
; Maximum allowed            ; 2           ;
;                            ;             ;
; Average used               ; 1.00        ;
; Maximum used               ; 1           ;
;                            ;             ;
; Usage by Processor         ; % Time Used ;
;     1 processor            ; 100.0%      ;
;     2 processors           ;   0.0%      ;
+----------------------------+-------------+


+------------------------------------------------------------------------------------------------------------------------------------------------------------------------------------------------------------------------------------------------------------+
; Clock Setup: 'clk'                                                                                                                                                                                                                                         ;
+-----------------------------------------+-----------------------------------------------------+---------------------+--------------------------+------------+----------+-----------------------------+---------------------------+-------------------------+
; Slack                                   ; Actual fmax (period)                                ; From                ; To                       ; From Clock ; To Clock ; Required Setup Relationship ; Required Longest P2P Time ; Actual Longest P2P Time ;
+-----------------------------------------+-----------------------------------------------------+---------------------+--------------------------+------------+----------+-----------------------------+---------------------------+-------------------------+
; N/A                                     ; 100.66 MHz ( period = 9.934 ns )                    ; cnt_1us[0]          ; one_wire_buf~en          ; clk        ; clk      ; None                        ; None                      ; 9.685 ns                ;
; N/A                                     ; 101.07 MHz ( period = 9.894 ns )                    ; cnt_1us[13]         ; one_wire_buf~en          ; clk        ; clk      ; None                        ; None                      ; 9.646 ns                ;
; N/A                                     ; 101.29 MHz ( period = 9.873 ns )                    ; cnt_1us[12]         ; one_wire_buf~en          ; clk        ; clk      ; None                        ; None                      ; 9.625 ns                ;
; N/A                                     ; 102.63 MHz ( period = 9.744 ns )                    ; cnt_1us[1]          ; one_wire_buf~en          ; clk        ; clk      ; None                        ; None                      ; 9.495 ns                ;
; N/A                                     ; 102.90 MHz ( period = 9.718 ns )                    ; cnt_1us[14]         ; one_wire_buf~en          ; clk        ; clk      ; None                        ; None                      ; 9.470 ns                ;
; N/A                                     ; 103.57 MHz ( period = 9.655 ns )                    ; cnt_1us[17]         ; one_wire_buf~en          ; clk        ; clk      ; None                        ; None                      ; 9.407 ns                ;
; N/A                                     ; 104.04 MHz ( period = 9.612 ns )                    ; cnt_1us[10]         ; one_wire_buf~en          ; clk        ; clk      ; None                        ; None                      ; 9.364 ns                ;
; N/A                                     ; 104.38 MHz ( period = 9.580 ns )                    ; cnt_1us[3]          ; one_wire_buf~en          ; clk        ; clk      ; None                        ; None                      ; 9.331 ns                ;
; N/A                                     ; 104.95 MHz ( period = 9.528 ns )                    ; cnt_1us[16]         ; one_wire_buf~en          ; clk        ; clk      ; None                        ; None                      ; 9.280 ns                ;
; N/A                                     ; 105.70 MHz ( period = 9.461 ns )                    ; cnt_1us[19]         ; one_wire_buf~en          ; clk        ; clk      ; None                        ; None                      ; 9.213 ns                ;
; N/A                                     ; 106.73 MHz ( period = 9.369 ns )                    ; cnt_1us[15]         ; one_wire_buf~en          ; clk        ; clk      ; None                        ; None                      ; 9.121 ns                ;
; N/A                                     ; 106.88 MHz ( period = 9.356 ns )                    ; cnt_1us[9]          ; one_wire_buf~en          ; clk        ; clk      ; None                        ; None                      ; 9.107 ns                ;
; N/A                                     ; 107.53 MHz ( period = 9.300 ns )                    ; cnt_1us[4]          ; one_wire_buf~en          ; clk        ; clk      ; None                        ; None                      ; 9.051 ns                ;
; N/A                                     ; 107.61 MHz ( period = 9.293 ns )                    ; cnt_1us[11]         ; one_wire_buf~en          ; clk        ; clk      ; None                        ; None                      ; 9.045 ns                ;
; N/A                                     ; 108.05 MHz ( period = 9.255 ns )                    ; cnt_1us[18]         ; one_wire_buf~en          ; clk        ; clk      ; None                        ; None                      ; 9.007 ns                ;
; N/A                                     ; 108.42 MHz ( period = 9.223 ns )                    ; cnt_1us[7]          ; one_wire_buf~en          ; clk        ; clk      ; None                        ; None                      ; 8.974 ns                ;
; N/A                                     ; 109.51 MHz ( period = 9.132 ns )                    ; step[4]             ; one_wire_buf~en          ; clk        ; clk      ; None                        ; None                      ; 8.889 ns                ;
; N/A                                     ; 110.53 MHz ( period = 9.047 ns )                    ; step[2]             ; one_wire_buf~en          ; clk        ; clk      ; None                        ; None                      ; 8.786 ns                ;
; N/A                                     ; 110.75 MHz ( period = 9.029 ns )                    ; step[3]             ; one_wire_buf~en          ; clk        ; clk      ; None                        ; None                      ; 8.768 ns                ;
; N/A                                     ; 113.26 MHz ( period = 8.829 ns )                    ; cnt_1us[8]          ; one_wire_buf~en          ; clk        ; clk      ; None                        ; None                      ; 8.580 ns                ;
; N/A                                     ; 116.12 MHz ( period = 8.612 ns )                    ; state.WRITE1        ; one_wire_buf~en          ; clk        ; clk      ; None                        ; None                      ; 8.349 ns                ;
; N/A                                     ; 116.23 MHz ( period = 8.604 ns )                    ; cnt_1us[10]         ; state.WRITE0             ; clk        ; clk      ; None                        ; None                      ; 8.342 ns                ;
; N/A                                     ; 116.23 MHz ( period = 8.604 ns )                    ; cnt_1us[10]         ; state.S6                 ; clk        ; clk      ; None                        ; None                      ; 8.342 ns                ;
; N/A                                     ; 117.14 MHz ( period = 8.537 ns )                    ; step[2]             ; state.WRITE0             ; clk        ; clk      ; None                        ; None                      ; 8.262 ns                ;
; N/A                                     ; 117.14 MHz ( period = 8.537 ns )                    ; step[2]             ; state.S6                 ; clk        ; clk      ; None                        ; None                      ; 8.262 ns                ;
; N/A                                     ; 117.47 MHz ( period = 8.513 ns )                    ; step[1]             ; one_wire_buf~en          ; clk        ; clk      ; None                        ; None                      ; 8.248 ns                ;
; N/A                                     ; 118.37 MHz ( period = 8.448 ns )                    ; step[1]             ; state.WRITE0             ; clk        ; clk      ; None                        ; None                      ; 8.169 ns                ;
; N/A                                     ; 118.37 MHz ( period = 8.448 ns )                    ; step[1]             ; state.S6                 ; clk        ; clk      ; None                        ; None                      ; 8.169 ns                ;
; N/A                                     ; 119.39 MHz ( period = 8.376 ns )                    ; state.S0            ; one_wire_buf~en          ; clk        ; clk      ; None                        ; None                      ; 8.111 ns                ;
; N/A                                     ; 119.60 MHz ( period = 8.361 ns )                    ; cnt_1us[15]         ; state.WRITE0             ; clk        ; clk      ; None                        ; None                      ; 8.099 ns                ;
; N/A                                     ; 119.60 MHz ( period = 8.361 ns )                    ; cnt_1us[15]         ; state.S6                 ; clk        ; clk      ; None                        ; None                      ; 8.099 ns                ;
; N/A                                     ; 119.79 MHz ( period = 8.348 ns )                    ; cnt_1us[9]          ; state.WRITE0             ; clk        ; clk      ; None                        ; None                      ; 8.085 ns                ;
; N/A                                     ; 119.79 MHz ( period = 8.348 ns )                    ; cnt_1us[9]          ; state.S6                 ; clk        ; clk      ; None                        ; None                      ; 8.085 ns                ;
; N/A                                     ; 120.16 MHz ( period = 8.322 ns )                    ; step[5]             ; one_wire_buf~en          ; clk        ; clk      ; None                        ; None                      ; 8.061 ns                ;
; N/A                                     ; 120.22 MHz ( period = 8.318 ns )                    ; cnt_1us[5]          ; cnt_1us_clear            ; clk        ; clk      ; None                        ; None                      ; 8.064 ns                ;
; N/A                                     ; 120.70 MHz ( period = 8.285 ns )                    ; cnt_1us[11]         ; state.WRITE0             ; clk        ; clk      ; None                        ; None                      ; 8.023 ns                ;
; N/A                                     ; 120.70 MHz ( period = 8.285 ns )                    ; cnt_1us[11]         ; state.S6                 ; clk        ; clk      ; None                        ; None                      ; 8.023 ns                ;
; N/A                                     ; 121.05 MHz ( period = 8.261 ns )                    ; cnt_1us[0]          ; state.WRITE0             ; clk        ; clk      ; None                        ; None                      ; 7.998 ns                ;
; N/A                                     ; 121.05 MHz ( period = 8.261 ns )                    ; cnt_1us[0]          ; state.S6                 ; clk        ; clk      ; None                        ; None                      ; 7.998 ns                ;
; N/A                                     ; 121.26 MHz ( period = 8.247 ns )                    ; cnt_1us[18]         ; state.WRITE0             ; clk        ; clk      ; None                        ; None                      ; 7.985 ns                ;
; N/A                                     ; 121.26 MHz ( period = 8.247 ns )                    ; cnt_1us[18]         ; state.S6                 ; clk        ; clk      ; None                        ; None                      ; 7.985 ns                ;
; N/A                                     ; 122.38 MHz ( period = 8.171 ns )                    ; step[3]             ; state.WRITE0             ; clk        ; clk      ; None                        ; None                      ; 7.896 ns                ;
; N/A                                     ; 122.38 MHz ( period = 8.171 ns )                    ; step[3]             ; state.S6                 ; clk        ; clk      ; None                        ; None                      ; 7.896 ns                ;
; N/A                                     ; 122.67 MHz ( period = 8.152 ns )                    ; cnt_1us[2]          ; cnt_1us_clear            ; clk        ; clk      ; None                        ; None                      ; 7.898 ns                ;
; N/A                                     ; 122.73 MHz ( period = 8.148 ns )                    ; state.S1            ; one_wire_buf~en          ; clk        ; clk      ; None                        ; None                      ; 7.884 ns                ;
; N/A                                     ; 123.02 MHz ( period = 8.129 ns )                    ; state.READ1         ; one_wire_buf~en          ; clk        ; clk      ; None                        ; None                      ; 7.866 ns                ;
; N/A                                     ; 123.14 MHz ( period = 8.121 ns )                    ; temperature_buf[8]  ; DS18B20_DATA_buf[10]     ; clk        ; clk      ; None                        ; None                      ; 3.152 ns                ;
; N/A                                     ; 123.40 MHz ( period = 8.104 ns )                    ; cnt_1us[17]         ; state.WRITE0             ; clk        ; clk      ; None                        ; None                      ; 7.842 ns                ;
; N/A                                     ; 123.40 MHz ( period = 8.104 ns )                    ; cnt_1us[17]         ; state.S6                 ; clk        ; clk      ; None                        ; None                      ; 7.842 ns                ;
; N/A                                     ; 123.47 MHz ( period = 8.099 ns )                    ; cnt_1us[5]          ; state.WRITE0             ; clk        ; clk      ; None                        ; None                      ; 7.836 ns                ;
; N/A                                     ; 123.47 MHz ( period = 8.099 ns )                    ; cnt_1us[5]          ; state.S6                 ; clk        ; clk      ; None                        ; None                      ; 7.836 ns                ;
; N/A                                     ; 123.90 MHz ( period = 8.071 ns )                    ; cnt_1us[1]          ; state.WRITE0             ; clk        ; clk      ; None                        ; None                      ; 7.808 ns                ;
; N/A                                     ; 123.90 MHz ( period = 8.071 ns )                    ; cnt_1us[13]         ; state.WRITE0             ; clk        ; clk      ; None                        ; None                      ; 7.809 ns                ;
; N/A                                     ; 123.90 MHz ( period = 8.071 ns )                    ; cnt_1us[1]          ; state.S6                 ; clk        ; clk      ; None                        ; None                      ; 7.808 ns                ;
; N/A                                     ; 123.90 MHz ( period = 8.071 ns )                    ; cnt_1us[13]         ; state.S6                 ; clk        ; clk      ; None                        ; None                      ; 7.809 ns                ;
; N/A                                     ; 124.22 MHz ( period = 8.050 ns )                    ; cnt_1us[12]         ; state.WRITE0             ; clk        ; clk      ; None                        ; None                      ; 7.788 ns                ;
; N/A                                     ; 124.22 MHz ( period = 8.050 ns )                    ; cnt_1us[12]         ; state.S6                 ; clk        ; clk      ; None                        ; None                      ; 7.788 ns                ;
; N/A                                     ; 124.38 MHz ( period = 8.040 ns )                    ; cnt_1us[6]          ; one_wire_buf~en          ; clk        ; clk      ; None                        ; None                      ; 7.791 ns                ;
; N/A                                     ; 124.80 MHz ( period = 8.013 ns )                    ; step[0]             ; one_wire_buf~en          ; clk        ; clk      ; None                        ; None                      ; 7.748 ns                ;
; N/A                                     ; 125.19 MHz ( period = 7.988 ns )                    ; cnt_1us[8]          ; state.WRITE0             ; clk        ; clk      ; None                        ; None                      ; 7.725 ns                ;
; N/A                                     ; 125.19 MHz ( period = 7.988 ns )                    ; cnt_1us[8]          ; state.S6                 ; clk        ; clk      ; None                        ; None                      ; 7.725 ns                ;
; N/A                                     ; 125.31 MHz ( period = 7.980 ns )                    ; temperature_buf[8]  ; DS18B20_DATA_buf[9]      ; clk        ; clk      ; None                        ; None                      ; 3.012 ns                ;
; N/A                                     ; 125.31 MHz ( period = 7.980 ns )                    ; temperature_buf[8]  ; DS18B20_DATA_buf[11]     ; clk        ; clk      ; None                        ; None                      ; 3.012 ns                ;
; N/A                                     ; 125.87 MHz ( period = 7.945 ns )                    ; cnt_1us[5]          ; one_wire_buf~en          ; clk        ; clk      ; None                        ; None                      ; 7.696 ns                ;
; N/A                                     ; 126.39 MHz ( period = 7.912 ns )                    ; state.READ2         ; state.WRITE0             ; clk        ; clk      ; None                        ; None                      ; 7.635 ns                ;
; N/A                                     ; 126.39 MHz ( period = 7.912 ns )                    ; state.READ2         ; state.S6                 ; clk        ; clk      ; None                        ; None                      ; 7.635 ns                ;
; N/A                                     ; 126.42 MHz ( period = 7.910 ns )                    ; cnt_1us[19]         ; state.WRITE0             ; clk        ; clk      ; None                        ; None                      ; 7.648 ns                ;
; N/A                                     ; 126.42 MHz ( period = 7.910 ns )                    ; cnt_1us[19]         ; state.S6                 ; clk        ; clk      ; None                        ; None                      ; 7.648 ns                ;
; N/A                                     ; 126.47 MHz ( period = 7.907 ns )                    ; cnt_1us[3]          ; state.WRITE0             ; clk        ; clk      ; None                        ; None                      ; 7.644 ns                ;
; N/A                                     ; 126.47 MHz ( period = 7.907 ns )                    ; cnt_1us[3]          ; state.S6                 ; clk        ; clk      ; None                        ; None                      ; 7.644 ns                ;
; N/A                                     ; 126.66 MHz ( period = 7.895 ns )                    ; cnt_1us[14]         ; state.WRITE0             ; clk        ; clk      ; None                        ; None                      ; 7.633 ns                ;
; N/A                                     ; 126.66 MHz ( period = 7.895 ns )                    ; cnt_1us[14]         ; state.S6                 ; clk        ; clk      ; None                        ; None                      ; 7.633 ns                ;
; N/A                                     ; 127.91 MHz ( period = 7.818 ns )                    ; cnt_1us[0]          ; state.S2                 ; clk        ; clk      ; None                        ; None                      ; 7.555 ns                ;
; N/A                                     ; 128.02 MHz ( period = 7.811 ns )                    ; cnt_1us[0]          ; state.S3                 ; clk        ; clk      ; None                        ; None                      ; 7.548 ns                ;
; N/A                                     ; 128.12 MHz ( period = 7.805 ns )                    ; cnt_1us[2]          ; state.WRITE0             ; clk        ; clk      ; None                        ; None                      ; 7.542 ns                ;
; N/A                                     ; 128.12 MHz ( period = 7.805 ns )                    ; cnt_1us[2]          ; state.S6                 ; clk        ; clk      ; None                        ; None                      ; 7.542 ns                ;
; N/A                                     ; 128.55 MHz ( period = 7.779 ns )                    ; cnt_1us[2]          ; one_wire_buf~en          ; clk        ; clk      ; None                        ; None                      ; 7.530 ns                ;
; N/A                                     ; 128.57 MHz ( period = 7.778 ns )                    ; cnt_1us[13]         ; state.S2                 ; clk        ; clk      ; None                        ; None                      ; 7.516 ns                ;
; N/A                                     ; 128.68 MHz ( period = 7.771 ns )                    ; cnt_1us[13]         ; state.S3                 ; clk        ; clk      ; None                        ; None                      ; 7.509 ns                ;
; N/A                                     ; 128.92 MHz ( period = 7.757 ns )                    ; cnt_1us[12]         ; state.S2                 ; clk        ; clk      ; None                        ; None                      ; 7.495 ns                ;
; N/A                                     ; 129.03 MHz ( period = 7.750 ns )                    ; cnt_1us[12]         ; state.S3                 ; clk        ; clk      ; None                        ; None                      ; 7.488 ns                ;
; N/A                                     ; 129.79 MHz ( period = 7.705 ns )                    ; cnt_1us[16]         ; state.WRITE0             ; clk        ; clk      ; None                        ; None                      ; 7.443 ns                ;
; N/A                                     ; 129.79 MHz ( period = 7.705 ns )                    ; cnt_1us[16]         ; state.S6                 ; clk        ; clk      ; None                        ; None                      ; 7.443 ns                ;
; N/A                                     ; 131.10 MHz ( period = 7.628 ns )                    ; cnt_1us[1]          ; state.S2                 ; clk        ; clk      ; None                        ; None                      ; 7.365 ns                ;
; N/A                                     ; 131.11 MHz ( period = 7.627 ns )                    ; cnt_1us[6]          ; state.WRITE0             ; clk        ; clk      ; None                        ; None                      ; 7.364 ns                ;
; N/A                                     ; 131.11 MHz ( period = 7.627 ns )                    ; cnt_1us[4]          ; state.WRITE0             ; clk        ; clk      ; None                        ; None                      ; 7.364 ns                ;
; N/A                                     ; 131.11 MHz ( period = 7.627 ns )                    ; cnt_1us[6]          ; state.S6                 ; clk        ; clk      ; None                        ; None                      ; 7.364 ns                ;
; N/A                                     ; 131.11 MHz ( period = 7.627 ns )                    ; cnt_1us[4]          ; state.S6                 ; clk        ; clk      ; None                        ; None                      ; 7.364 ns                ;
; N/A                                     ; 131.22 MHz ( period = 7.621 ns )                    ; cnt_1us[1]          ; state.S3                 ; clk        ; clk      ; None                        ; None                      ; 7.358 ns                ;
; N/A                                     ; 131.54 MHz ( period = 7.602 ns )                    ; cnt_1us[14]         ; state.S2                 ; clk        ; clk      ; None                        ; None                      ; 7.340 ns                ;
; N/A                                     ; 131.63 MHz ( period = 7.597 ns )                    ; state.S5            ; one_wire_buf~en          ; clk        ; clk      ; None                        ; None                      ; 7.334 ns                ;
; N/A                                     ; 131.67 MHz ( period = 7.595 ns )                    ; cnt_1us[14]         ; state.S3                 ; clk        ; clk      ; None                        ; None                      ; 7.333 ns                ;
; N/A                                     ; 132.05 MHz ( period = 7.573 ns )                    ; cnt_1us[17]         ; cnt_1us_clear            ; clk        ; clk      ; None                        ; None                      ; 7.320 ns                ;
; N/A                                     ; 132.38 MHz ( period = 7.554 ns )                    ; cnt_1us[10]         ; cnt_1us_clear            ; clk        ; clk      ; None                        ; None                      ; 7.301 ns                ;
; N/A                                     ; 132.45 MHz ( period = 7.550 ns )                    ; cnt_1us[7]          ; state.WRITE0             ; clk        ; clk      ; None                        ; None                      ; 7.287 ns                ;
; N/A                                     ; 132.45 MHz ( period = 7.550 ns )                    ; cnt_1us[7]          ; state.S6                 ; clk        ; clk      ; None                        ; None                      ; 7.287 ns                ;
; N/A                                     ; 132.63 MHz ( period = 7.540 ns )                    ; cnt_1us[13]         ; cnt_1us_clear            ; clk        ; clk      ; None                        ; None                      ; 7.287 ns                ;
; N/A                                     ; 132.64 MHz ( period = 7.539 ns )                    ; cnt_1us[17]         ; state.S2                 ; clk        ; clk      ; None                        ; None                      ; 7.277 ns                ;
; N/A                                     ; 132.70 MHz ( period = 7.536 ns )                    ; state.READ2         ; cnt_1us_clear            ; clk        ; clk      ; None                        ; None                      ; 7.268 ns                ;
; N/A                                     ; 132.77 MHz ( period = 7.532 ns )                    ; cnt_1us[5]          ; state.S2                 ; clk        ; clk      ; None                        ; None                      ; 7.269 ns                ;
; N/A                                     ; 132.77 MHz ( period = 7.532 ns )                    ; cnt_1us[17]         ; state.S3                 ; clk        ; clk      ; None                        ; None                      ; 7.270 ns                ;
; N/A                                     ; 132.89 MHz ( period = 7.525 ns )                    ; cnt_1us[5]          ; state.S3                 ; clk        ; clk      ; None                        ; None                      ; 7.262 ns                ;
; N/A                                     ; 132.94 MHz ( period = 7.522 ns )                    ; state.WRITE01       ; state.WRITE0             ; clk        ; clk      ; None                        ; None                      ; 7.265 ns                ;
; N/A                                     ; 132.94 MHz ( period = 7.522 ns )                    ; state.WRITE01       ; state.S6                 ; clk        ; clk      ; None                        ; None                      ; 7.265 ns                ;
; N/A                                     ; 133.00 MHz ( period = 7.519 ns )                    ; cnt_1us[12]         ; cnt_1us_clear            ; clk        ; clk      ; None                        ; None                      ; 7.266 ns                ;
; N/A                                     ; 133.40 MHz ( period = 7.496 ns )                    ; cnt_1us[10]         ; state.S2                 ; clk        ; clk      ; None                        ; None                      ; 7.234 ns                ;
; N/A                                     ; 133.53 MHz ( period = 7.489 ns )                    ; cnt_1us[10]         ; state.S3                 ; clk        ; clk      ; None                        ; None                      ; 7.227 ns                ;
; N/A                                     ; 133.98 MHz ( period = 7.464 ns )                    ; cnt_1us[3]          ; state.S2                 ; clk        ; clk      ; None                        ; None                      ; 7.201 ns                ;
; N/A                                     ; 134.10 MHz ( period = 7.457 ns )                    ; cnt_1us[8]          ; cnt_1us_clear            ; clk        ; clk      ; None                        ; None                      ; 7.203 ns                ;
; N/A                                     ; 134.10 MHz ( period = 7.457 ns )                    ; cnt_1us[3]          ; state.S3                 ; clk        ; clk      ; None                        ; None                      ; 7.194 ns                ;
; N/A                                     ; 134.19 MHz ( period = 7.452 ns )                    ; cnt_1us[5]          ; state.WRITE01            ; clk        ; clk      ; None                        ; None                      ; 7.182 ns                ;
; N/A                                     ; 134.55 MHz ( period = 7.432 ns )                    ; cnt_1us[17]         ; state.WRITE01            ; clk        ; clk      ; None                        ; None                      ; 7.163 ns                ;
; N/A                                     ; 134.73 MHz ( period = 7.422 ns )                    ; state.S7            ; one_wire_buf~en          ; clk        ; clk      ; None                        ; None                      ; 7.159 ns                ;
; N/A                                     ; 134.75 MHz ( period = 7.421 ns )                    ; cnt_1us[8]          ; state.WRITE01            ; clk        ; clk      ; None                        ; None                      ; 7.151 ns                ;
; N/A                                     ; 134.92 MHz ( period = 7.412 ns )                    ; cnt_1us[16]         ; state.S2                 ; clk        ; clk      ; None                        ; None                      ; 7.150 ns                ;
; N/A                                     ; 135.04 MHz ( period = 7.405 ns )                    ; cnt_1us[16]         ; state.S3                 ; clk        ; clk      ; None                        ; None                      ; 7.143 ns                ;
; N/A                                     ; 135.26 MHz ( period = 7.393 ns )                    ; temperature_buf[5]  ; DS18B20_DATA_buf[7]      ; clk        ; clk      ; None                        ; None                      ; 2.425 ns                ;
; N/A                                     ; 135.37 MHz ( period = 7.387 ns )                    ; step[2]             ; state.S2                 ; clk        ; clk      ; None                        ; None                      ; 7.112 ns                ;
; N/A                                     ; 135.39 MHz ( period = 7.386 ns )                    ; cnt_1us[10]         ; state.WRITE01            ; clk        ; clk      ; None                        ; None                      ; 7.117 ns                ;
; N/A                                     ; 135.52 MHz ( period = 7.379 ns )                    ; cnt_1us[0]          ; cnt_1us_clear            ; clk        ; clk      ; None                        ; None                      ; 7.125 ns                ;
; N/A                                     ; 135.52 MHz ( period = 7.379 ns )                    ; cnt_1us[19]         ; cnt_1us_clear            ; clk        ; clk      ; None                        ; None                      ; 7.126 ns                ;
; N/A                                     ; 135.76 MHz ( period = 7.366 ns )                    ; cnt_1us[2]          ; state.S2                 ; clk        ; clk      ; None                        ; None                      ; 7.103 ns                ;
; N/A                                     ; 135.80 MHz ( period = 7.364 ns )                    ; cnt_1us[14]         ; cnt_1us_clear            ; clk        ; clk      ; None                        ; None                      ; 7.111 ns                ;
; N/A                                     ; 135.89 MHz ( period = 7.359 ns )                    ; cnt_1us[2]          ; state.S3                 ; clk        ; clk      ; None                        ; None                      ; 7.096 ns                ;
; N/A                                     ; 135.91 MHz ( period = 7.358 ns )                    ; temperature_buf[9]  ; DS18B20_DATA_buf[10]     ; clk        ; clk      ; None                        ; None                      ; 2.389 ns                ;
; N/A                                     ; 136.05 MHz ( period = 7.350 ns )                    ; temperature_buf[9]  ; DS18B20_DATA_buf[11]     ; clk        ; clk      ; None                        ; None                      ; 2.382 ns                ;
; N/A                                     ; 136.15 MHz ( period = 7.345 ns )                    ; cnt_1us[19]         ; state.S2                 ; clk        ; clk      ; None                        ; None                      ; 7.083 ns                ;
; N/A                                     ; 136.28 MHz ( period = 7.338 ns )                    ; cnt_1us[19]         ; state.S3                 ; clk        ; clk      ; None                        ; None                      ; 7.076 ns                ;
; N/A                                     ; 136.39 MHz ( period = 7.332 ns )                    ; state.WRITE0        ; one_wire_buf~en          ; clk        ; clk      ; None                        ; None                      ; 7.082 ns                ;
; N/A                                     ; 136.78 MHz ( period = 7.311 ns )                    ; cnt_1us[15]         ; cnt_1us_clear            ; clk        ; clk      ; None                        ; None                      ; 7.058 ns                ;
; N/A                                     ; 137.02 MHz ( period = 7.298 ns )                    ; cnt_1us[9]          ; cnt_1us_clear            ; clk        ; clk      ; None                        ; None                      ; 7.044 ns                ;
; N/A                                     ; 137.02 MHz ( period = 7.298 ns )                    ; step[1]             ; state.S2                 ; clk        ; clk      ; None                        ; None                      ; 7.019 ns                ;
; N/A                                     ; 137.23 MHz ( period = 7.287 ns )                    ; temperature_buf[10] ; DS18B20_DATA_buf[10]     ; clk        ; clk      ; None                        ; None                      ; 2.318 ns                ;
; N/A                                     ; 137.25 MHz ( period = 7.286 ns )                    ; cnt_1us[2]          ; state.WRITE01            ; clk        ; clk      ; None                        ; None                      ; 7.016 ns                ;
; N/A                                     ; 137.87 MHz ( period = 7.253 ns )                    ; cnt_1us[15]         ; state.S2                 ; clk        ; clk      ; None                        ; None                      ; 6.991 ns                ;
; N/A                                     ; 138.01 MHz ( period = 7.246 ns )                    ; cnt_1us[15]         ; state.S3                 ; clk        ; clk      ; None                        ; None                      ; 6.984 ns                ;
; N/A                                     ; 138.12 MHz ( period = 7.240 ns )                    ; cnt_1us[9]          ; state.S2                 ; clk        ; clk      ; None                        ; None                      ; 6.977 ns                ;
; N/A                                     ; 138.16 MHz ( period = 7.238 ns )                    ; cnt_1us[19]         ; state.WRITE01            ; clk        ; clk      ; None                        ; None                      ; 6.969 ns                ;
; N/A                                     ; 138.22 MHz ( period = 7.235 ns )                    ; cnt_1us[11]         ; cnt_1us_clear            ; clk        ; clk      ; None                        ; None                      ; 6.982 ns                ;
; N/A                                     ; 138.26 MHz ( period = 7.233 ns )                    ; cnt_1us[9]          ; state.S3                 ; clk        ; clk      ; None                        ; None                      ; 6.970 ns                ;
; N/A                                     ; 138.95 MHz ( period = 7.197 ns )                    ; cnt_1us[18]         ; cnt_1us_clear            ; clk        ; clk      ; None                        ; None                      ; 6.944 ns                ;
; N/A                                     ; 139.10 MHz ( period = 7.189 ns )                    ; cnt_1us[1]          ; cnt_1us_clear            ; clk        ; clk      ; None                        ; None                      ; 6.935 ns                ;
; N/A                                     ; 139.20 MHz ( period = 7.184 ns )                    ; cnt_1us[4]          ; state.S2                 ; clk        ; clk      ; None                        ; None                      ; 6.921 ns                ;
; N/A                                     ; 139.33 MHz ( period = 7.177 ns )                    ; cnt_1us[11]         ; state.S2                 ; clk        ; clk      ; None                        ; None                      ; 6.915 ns                ;
; N/A                                     ; 139.33 MHz ( period = 7.177 ns )                    ; cnt_1us[4]          ; state.S3                 ; clk        ; clk      ; None                        ; None                      ; 6.914 ns                ;
; N/A                                     ; 139.39 MHz ( period = 7.174 ns )                    ; cnt_1us[16]         ; cnt_1us_clear            ; clk        ; clk      ; None                        ; None                      ; 6.921 ns                ;
; N/A                                     ; 139.47 MHz ( period = 7.170 ns )                    ; cnt_1us[11]         ; state.S3                 ; clk        ; clk      ; None                        ; None                      ; 6.908 ns                ;
; N/A                                     ; 139.94 MHz ( period = 7.146 ns )                    ; state.WRITE01       ; cnt_1us_clear            ; clk        ; clk      ; None                        ; None                      ; 6.898 ns                ;
; N/A                                     ; 140.00 MHz ( period = 7.143 ns )                    ; cnt_1us[15]         ; state.WRITE01            ; clk        ; clk      ; None                        ; None                      ; 6.874 ns                ;
; N/A                                     ; 140.06 MHz ( period = 7.140 ns )                    ; temperature_buf[4]  ; DS18B20_DATA_buf[4]      ; clk        ; clk      ; None                        ; None                      ; 2.188 ns                ;
; N/A                                     ; 140.08 MHz ( period = 7.139 ns )                    ; cnt_1us[18]         ; state.S2                 ; clk        ; clk      ; None                        ; None                      ; 6.877 ns                ;
; N/A                                     ; 140.21 MHz ( period = 7.132 ns )                    ; step[2]             ; state.S3                 ; clk        ; clk      ; None                        ; None                      ; 6.857 ns                ;
; N/A                                     ; 140.21 MHz ( period = 7.132 ns )                    ; cnt_1us[18]         ; state.S3                 ; clk        ; clk      ; None                        ; None                      ; 6.870 ns                ;
; N/A                                     ; 140.25 MHz ( period = 7.130 ns )                    ; cnt_1us[9]          ; state.WRITE01            ; clk        ; clk      ; None                        ; None                      ; 6.860 ns                ;
; N/A                                     ; 140.71 MHz ( period = 7.107 ns )                    ; cnt_1us[7]          ; state.S2                 ; clk        ; clk      ; None                        ; None                      ; 6.844 ns                ;
; N/A                                     ; 140.85 MHz ( period = 7.100 ns )                    ; cnt_1us[7]          ; state.S3                 ; clk        ; clk      ; None                        ; None                      ; 6.837 ns                ;
; N/A                                     ; 141.50 MHz ( period = 7.067 ns )                    ; cnt_1us[11]         ; state.WRITE01            ; clk        ; clk      ; None                        ; None                      ; 6.798 ns                ;
; N/A                                     ; 141.98 MHz ( period = 7.043 ns )                    ; step[1]             ; state.S3                 ; clk        ; clk      ; None                        ; None                      ; 6.764 ns                ;
; N/A                                     ; 142.17 MHz ( period = 7.034 ns )                    ; temperature_buf[6]  ; DS18B20_DATA_buf[7]      ; clk        ; clk      ; None                        ; None                      ; 2.066 ns                ;
; N/A                                     ; 142.23 MHz ( period = 7.031 ns )                    ; temperature_buf[6]  ; DS18B20_DATA_buf[6]      ; clk        ; clk      ; None                        ; None                      ; 2.063 ns                ;
; N/A                                     ; 142.27 MHz ( period = 7.029 ns )                    ; cnt_1us[18]         ; state.WRITE01            ; clk        ; clk      ; None                        ; None                      ; 6.760 ns                ;
; N/A                                     ; 142.35 MHz ( period = 7.025 ns )                    ; cnt_1us[3]          ; cnt_1us_clear            ; clk        ; clk      ; None                        ; None                      ; 6.771 ns                ;
; N/A                                     ; 142.43 MHz ( period = 7.021 ns )                    ; step[3]             ; state.S2                 ; clk        ; clk      ; None                        ; None                      ; 6.746 ns                ;
; N/A                                     ; 142.78 MHz ( period = 7.004 ns )                    ; cnt_1us[10]         ; state.S0                 ; clk        ; clk      ; None                        ; None                      ; 6.757 ns                ;
; N/A                                     ; 142.86 MHz ( period = 7.000 ns )                    ; temperature_buf[7]  ; t_buf_temp[7]            ; clk        ; clk      ; None                        ; None                      ; 2.038 ns                ;
; N/A                                     ; 143.00 MHz ( period = 6.993 ns )                    ; step[4]             ; state.WRITE0             ; clk        ; clk      ; None                        ; None                      ; 6.736 ns                ;
; N/A                                     ; 143.00 MHz ( period = 6.993 ns )                    ; step[4]             ; state.S6                 ; clk        ; clk      ; None                        ; None                      ; 6.736 ns                ;
; N/A                                     ; 143.12 MHz ( period = 6.987 ns )                    ; cnt_1us[7]          ; cnt_1us_clear            ; clk        ; clk      ; None                        ; None                      ; 6.733 ns                ;
; N/A                                     ; 143.29 MHz ( period = 6.979 ns )                    ; temperature_buf[6]  ; t_buf_temp[6]            ; clk        ; clk      ; None                        ; None                      ; 2.017 ns                ;
; N/A                                     ; 143.60 MHz ( period = 6.964 ns )                    ; step[2]             ; state.S7                 ; clk        ; clk      ; None                        ; None                      ; 6.702 ns                ;
; N/A                                     ; 143.86 MHz ( period = 6.951 ns )                    ; cnt_1us[7]          ; state.WRITE01            ; clk        ; clk      ; None                        ; None                      ; 6.681 ns                ;
; N/A                                     ; 144.61 MHz ( period = 6.915 ns )                    ; temperature_buf[5]  ; DS18B20_DATA_buf[6]      ; clk        ; clk      ; None                        ; None                      ; 1.947 ns                ;
; N/A                                     ; 144.76 MHz ( period = 6.908 ns )                    ; temperature_buf[9]  ; DS18B20_DATA_buf[9]      ; clk        ; clk      ; None                        ; None                      ; 1.940 ns                ;
; N/A                                     ; 144.84 MHz ( period = 6.904 ns )                    ; temperature_buf[5]  ; DS18B20_DATA_buf[5]      ; clk        ; clk      ; None                        ; None                      ; 1.936 ns                ;
; N/A                                     ; 145.45 MHz ( period = 6.875 ns )                    ; step[1]             ; state.S7                 ; clk        ; clk      ; None                        ; None                      ; 6.609 ns                ;
; N/A                                     ; 145.67 MHz ( period = 6.865 ns )                    ; temperature_buf[7]  ; DS18B20_DATA_buf[7]      ; clk        ; clk      ; None                        ; None                      ; 1.897 ns                ;
; N/A                                     ; 146.31 MHz ( period = 6.835 ns )                    ; temperature_buf[10] ; DS18B20_DATA_buf[11]     ; clk        ; clk      ; None                        ; None                      ; 1.867 ns                ;
; N/A                                     ; 146.63 MHz ( period = 6.820 ns )                    ; state.S00           ; state.WRITE0             ; clk        ; clk      ; None                        ; None                      ; 6.540 ns                ;
; N/A                                     ; 146.63 MHz ( period = 6.820 ns )                    ; cnt_1us[3]          ; state.WRITE01            ; clk        ; clk      ; None                        ; None                      ; 6.550 ns                ;
; N/A                                     ; 146.63 MHz ( period = 6.820 ns )                    ; state.S00           ; state.S6                 ; clk        ; clk      ; None                        ; None                      ; 6.540 ns                ;
; N/A                                     ; 146.76 MHz ( period = 6.814 ns )                    ; temperature_buf[8]  ; DS18B20_DATA_buf[8]      ; clk        ; clk      ; None                        ; None                      ; 1.845 ns                ;
; N/A                                     ; 147.30 MHz ( period = 6.789 ns )                    ; cnt_1us[13]         ; state.WRITE01            ; clk        ; clk      ; None                        ; None                      ; 6.520 ns                ;
; N/A                                     ; 147.49 MHz ( period = 6.780 ns )                    ; temperature_buf[0]  ; DS18B20_DATA_buf_temp[7] ; clk        ; clk      ; None                        ; None                      ; 1.826 ns                ;
; N/A                                     ; 147.73 MHz ( period = 6.769 ns )                    ; step[2]             ; state.WRITE01            ; clk        ; clk      ; None                        ; None                      ; 6.487 ns                ;
; N/A                                     ; 147.75 MHz ( period = 6.768 ns )                    ; cnt_1us[12]         ; state.WRITE01            ; clk        ; clk      ; None                        ; None                      ; 6.499 ns                ;
; N/A                                     ; 147.80 MHz ( period = 6.766 ns )                    ; step[3]             ; state.S3                 ; clk        ; clk      ; None                        ; None                      ; 6.491 ns                ;
; N/A                                     ; 147.91 MHz ( period = 6.761 ns )                    ; cnt_1us[15]         ; state.S0                 ; clk        ; clk      ; None                        ; None                      ; 6.514 ns                ;
; N/A                                     ; 148.08 MHz ( period = 6.753 ns )                    ; state.S5            ; state.WRITE0             ; clk        ; clk      ; None                        ; None                      ; 6.476 ns                ;
; N/A                                     ; 148.08 MHz ( period = 6.753 ns )                    ; state.S5            ; state.S6                 ; clk        ; clk      ; None                        ; None                      ; 6.476 ns                ;
; N/A                                     ; 148.19 MHz ( period = 6.748 ns )                    ; cnt_1us[9]          ; state.S0                 ; clk        ; clk      ; None                        ; None                      ; 6.500 ns                ;
; N/A                                     ; 148.26 MHz ( period = 6.745 ns )                    ; cnt_1us[4]          ; cnt_1us_clear            ; clk        ; clk      ; None                        ; None                      ; 6.491 ns                ;
; N/A                                     ; 148.39 MHz ( period = 6.739 ns )                    ; temperature_buf[5]  ; t_buf_temp[5]            ; clk        ; clk      ; None                        ; None                      ; 1.777 ns                ;
; N/A                                     ; 148.72 MHz ( period = 6.724 ns )                    ; temperature_buf[3]  ; DS18B20_DATA_buf_temp[7] ; clk        ; clk      ; None                        ; None                      ; 1.770 ns                ;
; N/A                                     ; 148.96 MHz ( period = 6.713 ns )                    ; cnt_1us[8]          ; state.S2                 ; clk        ; clk      ; None                        ; None                      ; 6.450 ns                ;
; N/A                                     ; 149.12 MHz ( period = 6.706 ns )                    ; cnt_1us[8]          ; state.S3                 ; clk        ; clk      ; None                        ; None                      ; 6.443 ns                ;
; N/A                                     ; 149.59 MHz ( period = 6.685 ns )                    ; cnt_1us[11]         ; state.S0                 ; clk        ; clk      ; None                        ; None                      ; 6.438 ns                ;
; N/A                                     ; 149.70 MHz ( period = 6.680 ns )                    ; step[1]             ; state.WRITE01            ; clk        ; clk      ; None                        ; None                      ; 6.394 ns                ;
; N/A                                     ; 150.13 MHz ( period = 6.661 ns )                    ; cnt_1us[0]          ; state.S0                 ; clk        ; clk      ; None                        ; None                      ; 6.413 ns                ;
; N/A                                     ; 150.15 MHz ( period = 6.660 ns )                    ; cnt_1us[4]          ; state.WRITE01            ; clk        ; clk      ; None                        ; None                      ; 6.390 ns                ;
; N/A                                     ; 150.44 MHz ( period = 6.647 ns )                    ; cnt_1us[18]         ; state.S0                 ; clk        ; clk      ; None                        ; None                      ; 6.400 ns                ;
; Timing analysis restricted to 200 rows. ; To change the limit use Settings (Assignments menu) ;                     ;                          ;            ;          ;                             ;                           ;                         ;
+-----------------------------------------+-----------------------------------------------------+---------------------+--------------------------+------------+----------+-----------------------------+---------------------------+-------------------------+


+------------------------------------------------------------------------------------+
; tsu                                                                                ;
+-------+--------------+------------+----------+--------------------------+----------+
; Slack ; Required tsu ; Actual tsu ; From     ; To                       ; To Clock ;
+-------+--------------+------------+----------+--------------------------+----------+
; N/A   ; None         ; 6.373 ns   ; rst_n    ; DS18B20_DATA_buf[0]      ; clk      ;
; N/A   ; None         ; 6.371 ns   ; rst_n    ; DS18B20_DATA_buf[2]      ; clk      ;
; N/A   ; None         ; 6.333 ns   ; rst_n    ; DS18B20_DATA_buf_temp[7] ; clk      ;
; N/A   ; None         ; 6.198 ns   ; rst_n    ; DS18B20_DATA_buf_temp[4] ; clk      ;
; N/A   ; None         ; 6.198 ns   ; rst_n    ; DS18B20_DATA_buf_temp[5] ; clk      ;
; N/A   ; None         ; 6.198 ns   ; rst_n    ; DS18B20_DATA_buf_temp[6] ; clk      ;
; N/A   ; None         ; 6.070 ns   ; rst_n    ; DS18B20_DATA_buf[1]      ; clk      ;
; N/A   ; None         ; 6.068 ns   ; rst_n    ; DS18B20_DATA_buf[3]      ; clk      ;
; N/A   ; None         ; 6.005 ns   ; rst_n    ; t_buf_temp[5]            ; clk      ;
; N/A   ; None         ; 6.005 ns   ; rst_n    ; cnt[4]                   ; clk      ;
; N/A   ; None         ; 6.005 ns   ; rst_n    ; cnt[5]                   ; clk      ;
; N/A   ; None         ; 6.005 ns   ; rst_n    ; cnt[2]                   ; clk      ;
; N/A   ; None         ; 6.005 ns   ; rst_n    ; cnt[0]                   ; clk      ;
; N/A   ; None         ; 6.005 ns   ; rst_n    ; cnt[1]                   ; clk      ;
; N/A   ; None         ; 6.005 ns   ; rst_n    ; cnt[3]                   ; clk      ;
; N/A   ; None         ; 5.625 ns   ; rst_n    ; t_buf_temp[6]            ; clk      ;
; N/A   ; None         ; 5.625 ns   ; rst_n    ; t_buf_temp[7]            ; clk      ;
; N/A   ; None         ; 5.562 ns   ; rst_n    ; cnt_scan[0]              ; clk      ;
; N/A   ; None         ; 5.439 ns   ; rst_n    ; count[8]                 ; clk      ;
; N/A   ; None         ; 5.439 ns   ; rst_n    ; count[7]                 ; clk      ;
; N/A   ; None         ; 5.439 ns   ; rst_n    ; count[6]                 ; clk      ;
; N/A   ; None         ; 5.439 ns   ; rst_n    ; count[5]                 ; clk      ;
; N/A   ; None         ; 5.439 ns   ; rst_n    ; count[4]                 ; clk      ;
; N/A   ; None         ; 5.439 ns   ; rst_n    ; count[3]                 ; clk      ;
; N/A   ; None         ; 5.439 ns   ; rst_n    ; count[2]                 ; clk      ;
; N/A   ; None         ; 5.439 ns   ; rst_n    ; count[1]                 ; clk      ;
; N/A   ; None         ; 5.307 ns   ; rst_n    ; DS18B20_DATA_buf[4]      ; clk      ;
; N/A   ; None         ; 5.281 ns   ; rst_n    ; count[16]                ; clk      ;
; N/A   ; None         ; 5.281 ns   ; rst_n    ; count[17]                ; clk      ;
; N/A   ; None         ; 5.281 ns   ; rst_n    ; DS18B20_DATA_buf[8]      ; clk      ;
; N/A   ; None         ; 5.281 ns   ; rst_n    ; count[15]                ; clk      ;
; N/A   ; None         ; 5.281 ns   ; rst_n    ; count[14]                ; clk      ;
; N/A   ; None         ; 5.281 ns   ; rst_n    ; count[13]                ; clk      ;
; N/A   ; None         ; 5.281 ns   ; rst_n    ; count[12]                ; clk      ;
; N/A   ; None         ; 5.281 ns   ; rst_n    ; count[11]                ; clk      ;
; N/A   ; None         ; 5.281 ns   ; rst_n    ; count[10]                ; clk      ;
; N/A   ; None         ; 5.281 ns   ; rst_n    ; count[9]                 ; clk      ;
; N/A   ; None         ; 5.281 ns   ; rst_n    ; DS18B20_DATA_buf[10]     ; clk      ;
; N/A   ; None         ; 5.247 ns   ; rst_n    ; clk_1us                  ; clk      ;
; N/A   ; None         ; 5.119 ns   ; rst_n    ; DS18B20_DATA_buf[11]     ; clk      ;
; N/A   ; None         ; 5.028 ns   ; rst_n    ; DS18B20_DATA_buf[9]      ; clk      ;
; N/A   ; None         ; 5.028 ns   ; rst_n    ; DS18B20_DATA_buf[5]      ; clk      ;
; N/A   ; None         ; 5.028 ns   ; rst_n    ; DS18B20_DATA_buf[6]      ; clk      ;
; N/A   ; None         ; 5.028 ns   ; rst_n    ; DS18B20_DATA_buf[7]      ; clk      ;
; N/A   ; None         ; 4.760 ns   ; one_wire ; state.WRITE0             ; clk      ;
; N/A   ; None         ; 4.760 ns   ; one_wire ; state.S6                 ; clk      ;
; N/A   ; None         ; 3.956 ns   ; rst_n    ; state.WRITE01            ; clk      ;
; N/A   ; None         ; 3.772 ns   ; rst_n    ; one_wire_buf~en          ; clk      ;
; N/A   ; None         ; 3.710 ns   ; one_wire ; cnt_1us_clear            ; clk      ;
; N/A   ; None         ; 3.612 ns   ; one_wire ; state.S2                 ; clk      ;
; N/A   ; None         ; 3.605 ns   ; one_wire ; state.S3                 ; clk      ;
; N/A   ; None         ; 3.583 ns   ; rst_n    ; state.WRITE0             ; clk      ;
; N/A   ; None         ; 3.583 ns   ; rst_n    ; state.S6                 ; clk      ;
; N/A   ; None         ; 3.160 ns   ; one_wire ; state.S0                 ; clk      ;
; N/A   ; None         ; 2.178 ns   ; one_wire ; temperature_buf[4]       ; clk      ;
; N/A   ; None         ; 2.039 ns   ; rst_n    ; bit_valid[3]             ; clk      ;
; N/A   ; None         ; 2.039 ns   ; rst_n    ; bit_valid[2]             ; clk      ;
; N/A   ; None         ; 2.039 ns   ; rst_n    ; bit_valid[1]             ; clk      ;
; N/A   ; None         ; 2.039 ns   ; rst_n    ; bit_valid[0]             ; clk      ;
; N/A   ; None         ; 1.849 ns   ; rst_n    ; state.S2                 ; clk      ;
; N/A   ; None         ; 1.703 ns   ; rst_n    ; temperature_buf[0]       ; clk      ;
; N/A   ; None         ; 1.703 ns   ; rst_n    ; temperature_buf[3]       ; clk      ;
; N/A   ; None         ; 1.703 ns   ; rst_n    ; temperature_buf[2]       ; clk      ;
; N/A   ; None         ; 1.703 ns   ; rst_n    ; temperature_buf[1]       ; clk      ;
; N/A   ; None         ; 1.594 ns   ; rst_n    ; state.S3                 ; clk      ;
; N/A   ; None         ; 1.476 ns   ; rst_n    ; step[2]                  ; clk      ;
; N/A   ; None         ; 1.476 ns   ; rst_n    ; step[3]                  ; clk      ;
; N/A   ; None         ; 1.476 ns   ; rst_n    ; step[5]                  ; clk      ;
; N/A   ; None         ; 1.319 ns   ; rst_n    ; state.WRITE00            ; clk      ;
; N/A   ; None         ; 1.291 ns   ; one_wire ; temperature_buf[1]       ; clk      ;
; N/A   ; None         ; 1.064 ns   ; rst_n    ; state.S1                 ; clk      ;
; N/A   ; None         ; 1.064 ns   ; rst_n    ; state.S4                 ; clk      ;
; N/A   ; None         ; 1.034 ns   ; rst_n    ; temperature_buf[4]       ; clk      ;
; N/A   ; None         ; 0.839 ns   ; rst_n    ; state.READ1              ; clk      ;
; N/A   ; None         ; 0.839 ns   ; rst_n    ; state.WRITE1             ; clk      ;
; N/A   ; None         ; 0.839 ns   ; rst_n    ; state.S5                 ; clk      ;
; N/A   ; None         ; 0.839 ns   ; rst_n    ; state.READ3              ; clk      ;
; N/A   ; None         ; 0.809 ns   ; one_wire ; temperature_buf[0]       ; clk      ;
; N/A   ; None         ; 0.807 ns   ; one_wire ; temperature_buf[2]       ; clk      ;
; N/A   ; None         ; 0.803 ns   ; one_wire ; temperature_buf[3]       ; clk      ;
; N/A   ; None         ; 0.785 ns   ; rst_n    ; cnt_1us_clear            ; clk      ;
; N/A   ; None         ; 0.749 ns   ; rst_n    ; step[1]                  ; clk      ;
; N/A   ; None         ; 0.749 ns   ; rst_n    ; step[0]                  ; clk      ;
; N/A   ; None         ; 0.749 ns   ; rst_n    ; state.S0                 ; clk      ;
; N/A   ; None         ; 0.710 ns   ; rst_n    ; state.S7                 ; clk      ;
; N/A   ; None         ; 0.709 ns   ; rst_n    ; state.READ2              ; clk      ;
; N/A   ; None         ; 0.551 ns   ; rst_n    ; temperature_buf[8]       ; clk      ;
; N/A   ; None         ; 0.551 ns   ; rst_n    ; temperature_buf[6]       ; clk      ;
; N/A   ; None         ; 0.551 ns   ; rst_n    ; temperature_buf[7]       ; clk      ;
; N/A   ; None         ; 0.551 ns   ; rst_n    ; temperature_buf[5]       ; clk      ;
; N/A   ; None         ; 0.551 ns   ; rst_n    ; temperature_buf[9]       ; clk      ;
; N/A   ; None         ; 0.551 ns   ; rst_n    ; temperature_buf[10]      ; clk      ;
; N/A   ; None         ; 0.355 ns   ; one_wire ; temperature_buf[8]       ; clk      ;
; N/A   ; None         ; 0.354 ns   ; one_wire ; temperature_buf[5]       ; clk      ;
; N/A   ; None         ; 0.352 ns   ; one_wire ; temperature_buf[7]       ; clk      ;
; N/A   ; None         ; 0.352 ns   ; one_wire ; temperature_buf[9]       ; clk      ;
; N/A   ; None         ; 0.349 ns   ; one_wire ; temperature_buf[6]       ; clk      ;
; N/A   ; None         ; 0.348 ns   ; one_wire ; temperature_buf[10]      ; clk      ;
; N/A   ; None         ; 0.310 ns   ; rst_n    ; state.READ0              ; clk      ;
; N/A   ; None         ; 0.299 ns   ; rst_n    ; step[4]                  ; clk      ;
; N/A   ; None         ; 0.291 ns   ; rst_n    ; state.S00                ; clk      ;
; N/A   ; None         ; -0.072 ns  ; one_wire ; state.S4                 ; clk      ;
+-------+--------------+------------+----------+--------------------------+----------+


+-------------------------------------------------------------------------------+
; tco                                                                           ;
+-------+--------------+------------+-----------------+------------+------------+
; Slack ; Required tco ; Actual tco ; From            ; To         ; From Clock ;
+-------+--------------+------------+-----------------+------------+------------+
; N/A   ; None         ; 12.271 ns  ; one_wire_buf~en ; one_wire   ; clk        ;
; N/A   ; None         ; 10.874 ns  ; dataout_buf[0]  ; dataout[4] ; clk        ;
; N/A   ; None         ; 10.809 ns  ; dataout_buf[2]  ; dataout[4] ; clk        ;
; N/A   ; None         ; 10.590 ns  ; dataout_buf[0]  ; dataout[3] ; clk        ;
; N/A   ; None         ; 10.549 ns  ; dataout_buf[3]  ; dataout[4] ; clk        ;
; N/A   ; None         ; 10.533 ns  ; dataout_buf[0]  ; dataout[0] ; clk        ;
; N/A   ; None         ; 10.530 ns  ; dataout_buf[2]  ; dataout[3] ; clk        ;
; N/A   ; None         ; 10.469 ns  ; dataout_buf[2]  ; dataout[0] ; clk        ;
; N/A   ; None         ; 10.386 ns  ; dataout_buf[1]  ; dataout[4] ; clk        ;
; N/A   ; None         ; 10.267 ns  ; dataout_buf[3]  ; dataout[3] ; clk        ;
; N/A   ; None         ; 10.235 ns  ; count[17]       ; en[2]      ; clk        ;
; N/A   ; None         ; 10.212 ns  ; dataout_buf[3]  ; dataout[0] ; clk        ;
; N/A   ; None         ; 10.184 ns  ; dataout_buf[0]  ; dataout[5] ; clk        ;
; N/A   ; None         ; 10.117 ns  ; count[16]       ; en[2]      ; clk        ;
; N/A   ; None         ; 10.113 ns  ; dataout_buf[1]  ; dataout[3] ; clk        ;
; N/A   ; None         ; 10.089 ns  ; dataout_buf[2]  ; dataout[5] ; clk        ;
; N/A   ; None         ; 10.053 ns  ; dataout_buf[1]  ; dataout[0] ; clk        ;
; N/A   ; None         ; 10.031 ns  ; dataout_buf[0]  ; dataout[7] ; clk        ;
; N/A   ; None         ; 10.005 ns  ; dataout_buf[2]  ; dataout[7] ; clk        ;
; N/A   ; None         ; 9.861 ns   ; dataout_buf[3]  ; dataout[5] ; clk        ;
; N/A   ; None         ; 9.858 ns   ; dataout_buf[3]  ; dataout[7] ; clk        ;
; N/A   ; None         ; 9.810 ns   ; dataout_buf[0]  ; dataout[2] ; clk        ;
; N/A   ; None         ; 9.784 ns   ; dataout_buf[2]  ; dataout[2] ; clk        ;
; N/A   ; None         ; 9.765 ns   ; dataout_buf[0]  ; dataout[1] ; clk        ;
; N/A   ; None         ; 9.764 ns   ; dataout_buf[0]  ; dataout[6] ; clk        ;
; N/A   ; None         ; 9.735 ns   ; count[17]       ; en[1]      ; clk        ;
; N/A   ; None         ; 9.711 ns   ; dataout_buf[1]  ; dataout[5] ; clk        ;
; N/A   ; None         ; 9.709 ns   ; dataout_buf[1]  ; dataout[7] ; clk        ;
; N/A   ; None         ; 9.708 ns   ; dataout_buf[2]  ; dataout[6] ; clk        ;
; N/A   ; None         ; 9.706 ns   ; dataout_buf[2]  ; dataout[1] ; clk        ;
; N/A   ; None         ; 9.489 ns   ; dataout_buf[1]  ; dataout[2] ; clk        ;
; N/A   ; None         ; 9.446 ns   ; dataout_buf[3]  ; dataout[1] ; clk        ;
; N/A   ; None         ; 9.439 ns   ; dataout_buf[3]  ; dataout[6] ; clk        ;
; N/A   ; None         ; 9.283 ns   ; dataout_buf[1]  ; dataout[6] ; clk        ;
; N/A   ; None         ; 9.283 ns   ; dataout_buf[1]  ; dataout[1] ; clk        ;
; N/A   ; None         ; 9.247 ns   ; count[16]       ; en[1]      ; clk        ;
; N/A   ; None         ; 9.001 ns   ; count[17]       ; en[0]      ; clk        ;
; N/A   ; None         ; 8.511 ns   ; count[16]       ; en[0]      ; clk        ;
+-------+--------------+------------+-----------------+------------+------------+


+------------------------------------------------------------------------------------------+
; th                                                                                       ;
+---------------+-------------+-----------+----------+--------------------------+----------+
; Minimum Slack ; Required th ; Actual th ; From     ; To                       ; To Clock ;
+---------------+-------------+-----------+----------+--------------------------+----------+
; N/A           ; None        ; 0.338 ns  ; one_wire ; state.S4                 ; clk      ;
; N/A           ; None        ; -0.025 ns ; rst_n    ; state.S00                ; clk      ;
; N/A           ; None        ; -0.033 ns ; rst_n    ; step[4]                  ; clk      ;
; N/A           ; None        ; -0.044 ns ; rst_n    ; state.READ0              ; clk      ;
; N/A           ; None        ; -0.082 ns ; one_wire ; temperature_buf[10]      ; clk      ;
; N/A           ; None        ; -0.083 ns ; one_wire ; temperature_buf[6]       ; clk      ;
; N/A           ; None        ; -0.086 ns ; one_wire ; temperature_buf[7]       ; clk      ;
; N/A           ; None        ; -0.086 ns ; one_wire ; temperature_buf[9]       ; clk      ;
; N/A           ; None        ; -0.088 ns ; one_wire ; temperature_buf[5]       ; clk      ;
; N/A           ; None        ; -0.089 ns ; one_wire ; temperature_buf[8]       ; clk      ;
; N/A           ; None        ; -0.252 ns ; one_wire ; state.S0                 ; clk      ;
; N/A           ; None        ; -0.285 ns ; rst_n    ; temperature_buf[8]       ; clk      ;
; N/A           ; None        ; -0.285 ns ; rst_n    ; temperature_buf[6]       ; clk      ;
; N/A           ; None        ; -0.285 ns ; rst_n    ; temperature_buf[7]       ; clk      ;
; N/A           ; None        ; -0.285 ns ; rst_n    ; temperature_buf[5]       ; clk      ;
; N/A           ; None        ; -0.285 ns ; rst_n    ; temperature_buf[9]       ; clk      ;
; N/A           ; None        ; -0.285 ns ; rst_n    ; temperature_buf[10]      ; clk      ;
; N/A           ; None        ; -0.443 ns ; rst_n    ; state.READ2              ; clk      ;
; N/A           ; None        ; -0.444 ns ; rst_n    ; state.S7                 ; clk      ;
; N/A           ; None        ; -0.483 ns ; rst_n    ; step[1]                  ; clk      ;
; N/A           ; None        ; -0.483 ns ; rst_n    ; step[0]                  ; clk      ;
; N/A           ; None        ; -0.483 ns ; rst_n    ; state.S0                 ; clk      ;
; N/A           ; None        ; -0.519 ns ; rst_n    ; cnt_1us_clear            ; clk      ;
; N/A           ; None        ; -0.537 ns ; one_wire ; temperature_buf[3]       ; clk      ;
; N/A           ; None        ; -0.541 ns ; one_wire ; temperature_buf[2]       ; clk      ;
; N/A           ; None        ; -0.543 ns ; one_wire ; temperature_buf[0]       ; clk      ;
; N/A           ; None        ; -0.573 ns ; rst_n    ; state.READ1              ; clk      ;
; N/A           ; None        ; -0.573 ns ; rst_n    ; state.WRITE1             ; clk      ;
; N/A           ; None        ; -0.573 ns ; rst_n    ; state.S5                 ; clk      ;
; N/A           ; None        ; -0.573 ns ; rst_n    ; state.READ3              ; clk      ;
; N/A           ; None        ; -0.768 ns ; rst_n    ; temperature_buf[4]       ; clk      ;
; N/A           ; None        ; -0.798 ns ; rst_n    ; one_wire_buf~en          ; clk      ;
; N/A           ; None        ; -0.798 ns ; rst_n    ; state.S1                 ; clk      ;
; N/A           ; None        ; -0.798 ns ; rst_n    ; state.S4                 ; clk      ;
; N/A           ; None        ; -1.025 ns ; one_wire ; temperature_buf[1]       ; clk      ;
; N/A           ; None        ; -1.053 ns ; rst_n    ; state.WRITE00            ; clk      ;
; N/A           ; None        ; -1.210 ns ; rst_n    ; step[2]                  ; clk      ;
; N/A           ; None        ; -1.210 ns ; rst_n    ; step[3]                  ; clk      ;
; N/A           ; None        ; -1.210 ns ; rst_n    ; step[5]                  ; clk      ;
; N/A           ; None        ; -1.328 ns ; rst_n    ; state.S3                 ; clk      ;
; N/A           ; None        ; -1.437 ns ; rst_n    ; temperature_buf[0]       ; clk      ;
; N/A           ; None        ; -1.437 ns ; rst_n    ; temperature_buf[3]       ; clk      ;
; N/A           ; None        ; -1.437 ns ; rst_n    ; temperature_buf[2]       ; clk      ;
; N/A           ; None        ; -1.437 ns ; rst_n    ; temperature_buf[1]       ; clk      ;
; N/A           ; None        ; -1.583 ns ; rst_n    ; state.S2                 ; clk      ;
; N/A           ; None        ; -1.773 ns ; rst_n    ; bit_valid[3]             ; clk      ;
; N/A           ; None        ; -1.773 ns ; rst_n    ; bit_valid[2]             ; clk      ;
; N/A           ; None        ; -1.773 ns ; rst_n    ; bit_valid[1]             ; clk      ;
; N/A           ; None        ; -1.773 ns ; rst_n    ; bit_valid[0]             ; clk      ;
; N/A           ; None        ; -1.912 ns ; one_wire ; temperature_buf[4]       ; clk      ;
; N/A           ; None        ; -2.235 ns ; rst_n    ; state.WRITE01            ; clk      ;
; N/A           ; None        ; -2.237 ns ; rst_n    ; state.S6                 ; clk      ;
; N/A           ; None        ; -2.238 ns ; rst_n    ; state.WRITE0             ; clk      ;
; N/A           ; None        ; -3.339 ns ; one_wire ; state.S3                 ; clk      ;
; N/A           ; None        ; -3.346 ns ; one_wire ; state.S2                 ; clk      ;
; N/A           ; None        ; -3.444 ns ; one_wire ; cnt_1us_clear            ; clk      ;
; N/A           ; None        ; -4.494 ns ; one_wire ; state.WRITE0             ; clk      ;
; N/A           ; None        ; -4.494 ns ; one_wire ; state.S6                 ; clk      ;
; N/A           ; None        ; -4.762 ns ; rst_n    ; DS18B20_DATA_buf[9]      ; clk      ;
; N/A           ; None        ; -4.762 ns ; rst_n    ; DS18B20_DATA_buf[5]      ; clk      ;
; N/A           ; None        ; -4.762 ns ; rst_n    ; DS18B20_DATA_buf[6]      ; clk      ;
; N/A           ; None        ; -4.762 ns ; rst_n    ; DS18B20_DATA_buf[7]      ; clk      ;
; N/A           ; None        ; -4.853 ns ; rst_n    ; DS18B20_DATA_buf[11]     ; clk      ;
; N/A           ; None        ; -4.981 ns ; rst_n    ; clk_1us                  ; clk      ;
; N/A           ; None        ; -5.015 ns ; rst_n    ; count[16]                ; clk      ;
; N/A           ; None        ; -5.015 ns ; rst_n    ; count[17]                ; clk      ;
; N/A           ; None        ; -5.015 ns ; rst_n    ; DS18B20_DATA_buf[8]      ; clk      ;
; N/A           ; None        ; -5.015 ns ; rst_n    ; count[15]                ; clk      ;
; N/A           ; None        ; -5.015 ns ; rst_n    ; count[14]                ; clk      ;
; N/A           ; None        ; -5.015 ns ; rst_n    ; count[13]                ; clk      ;
; N/A           ; None        ; -5.015 ns ; rst_n    ; count[12]                ; clk      ;
; N/A           ; None        ; -5.015 ns ; rst_n    ; count[11]                ; clk      ;
; N/A           ; None        ; -5.015 ns ; rst_n    ; count[10]                ; clk      ;
; N/A           ; None        ; -5.015 ns ; rst_n    ; count[9]                 ; clk      ;
; N/A           ; None        ; -5.015 ns ; rst_n    ; DS18B20_DATA_buf[10]     ; clk      ;
; N/A           ; None        ; -5.041 ns ; rst_n    ; DS18B20_DATA_buf[4]      ; clk      ;
; N/A           ; None        ; -5.173 ns ; rst_n    ; count[8]                 ; clk      ;
; N/A           ; None        ; -5.173 ns ; rst_n    ; count[7]                 ; clk      ;
; N/A           ; None        ; -5.173 ns ; rst_n    ; count[6]                 ; clk      ;
; N/A           ; None        ; -5.173 ns ; rst_n    ; count[5]                 ; clk      ;
; N/A           ; None        ; -5.173 ns ; rst_n    ; count[4]                 ; clk      ;
; N/A           ; None        ; -5.173 ns ; rst_n    ; count[3]                 ; clk      ;
; N/A           ; None        ; -5.173 ns ; rst_n    ; count[2]                 ; clk      ;
; N/A           ; None        ; -5.173 ns ; rst_n    ; count[1]                 ; clk      ;
; N/A           ; None        ; -5.296 ns ; rst_n    ; cnt_scan[0]              ; clk      ;
; N/A           ; None        ; -5.359 ns ; rst_n    ; t_buf_temp[6]            ; clk      ;
; N/A           ; None        ; -5.359 ns ; rst_n    ; t_buf_temp[7]            ; clk      ;
; N/A           ; None        ; -5.739 ns ; rst_n    ; t_buf_temp[5]            ; clk      ;
; N/A           ; None        ; -5.739 ns ; rst_n    ; cnt[4]                   ; clk      ;
; N/A           ; None        ; -5.739 ns ; rst_n    ; cnt[5]                   ; clk      ;
; N/A           ; None        ; -5.739 ns ; rst_n    ; cnt[2]                   ; clk      ;
; N/A           ; None        ; -5.739 ns ; rst_n    ; cnt[0]                   ; clk      ;
; N/A           ; None        ; -5.739 ns ; rst_n    ; cnt[1]                   ; clk      ;
; N/A           ; None        ; -5.739 ns ; rst_n    ; cnt[3]                   ; clk      ;
; N/A           ; None        ; -5.802 ns ; rst_n    ; DS18B20_DATA_buf[3]      ; clk      ;
; N/A           ; None        ; -5.804 ns ; rst_n    ; DS18B20_DATA_buf[1]      ; clk      ;
; N/A           ; None        ; -5.932 ns ; rst_n    ; DS18B20_DATA_buf_temp[4] ; clk      ;
; N/A           ; None        ; -5.932 ns ; rst_n    ; DS18B20_DATA_buf_temp[5] ; clk      ;
; N/A           ; None        ; -5.932 ns ; rst_n    ; DS18B20_DATA_buf_temp[6] ; clk      ;
; N/A           ; None        ; -6.067 ns ; rst_n    ; DS18B20_DATA_buf_temp[7] ; clk      ;
; N/A           ; None        ; -6.105 ns ; rst_n    ; DS18B20_DATA_buf[2]      ; clk      ;
; N/A           ; None        ; -6.107 ns ; rst_n    ; DS18B20_DATA_buf[0]      ; clk      ;
+---------------+-------------+-----------+----------+--------------------------+----------+


+--------------------------+
; Timing Analyzer Messages ;
+--------------------------+
Info: *******************************************************************
Info: Running Quartus II Classic Timing Analyzer
    Info: Version 9.0 Build 132 02/25/2009 SJ Full Version
    Info: Processing started: Tue May 13 20:34:11 2014
Info: Command: quartus_tan --read_settings_files=off --write_settings_files=off DS18B20 -c DS18B20 --timing_analysis_only
Info: Parallel compilation is enabled and will use 2 of the 2 processors detected
Warning: Found pins functioning as undefined clocks and/or memory enables
    Info: Assuming node "clk" is an undefined clock
Warning: Found 1 node(s) in clock paths which may be acting as ripple and/or gated clocks -- node(s) analyzed as buffer(s) resulting in clock skew
    Info: Detected ripple clock "clk_1us" as buffer
Info: Clock "clk" has Internal fmax of 100.66 MHz between source register "cnt_1us[0]" and destination register "one_wire_buf~en" (period= 9.934 ns)
    Info: + Longest register to register delay is 9.685 ns
        Info: 1: + IC(0.000 ns) + CELL(0.000 ns) = 0.000 ns; Loc. = LCFF_X25_Y7_N13; Fanout = 6; REG Node = 'cnt_1us[0]'
        Info: 2: + IC(0.482 ns) + CELL(0.534 ns) = 1.016 ns; Loc. = LCCOMB_X25_Y7_N4; Fanout = 1; COMB Node = 'Equal2~1'
        Info: 3: + IC(0.374 ns) + CELL(0.370 ns) = 1.760 ns; Loc. = LCCOMB_X25_Y7_N6; Fanout = 2; COMB Node = 'Equal1~2'
        Info: 4: + IC(1.025 ns) + CELL(0.370 ns) = 3.155 ns; Loc. = LCCOMB_X27_Y7_N2; Fanout = 4; COMB Node = 'Equal1~3'
        Info: 5: + IC(1.090 ns) + CELL(0.206 ns) = 4.451 ns; Loc. = LCCOMB_X26_Y8_N18; Fanout = 3; COMB Node = 'Selector35~26'
        Info: 6: + IC(1.833 ns) + CELL(0.206 ns) = 6.490 ns; Loc. = LCCOMB_X18_Y10_N18; Fanout = 1; COMB Node = 'one_wire_buf~60'
        Info: 7: + IC(0.368 ns) + CELL(0.206 ns) = 7.064 ns; Loc. = LCCOMB_X18_Y10_N0; Fanout = 1; COMB Node = 'one_wire_buf~61'
        Info: 8: + IC(1.766 ns) + CELL(0.855 ns) = 9.685 ns; Loc. = LCFF_X26_Y8_N25; Fanout = 1; REG Node = 'one_wire_buf~en'
        Info: Total cell delay = 2.747 ns ( 28.36 % )
        Info: Total interconnect delay = 6.938 ns ( 71.64 % )
    Info: - Smallest clock skew is 0.015 ns
        Info: + Shortest clock path from clock "clk" to destination register is 7.442 ns
            Info: 1: + IC(0.000 ns) + CELL(1.100 ns) = 1.100 ns; Loc. = PIN_17; Fanout = 2; CLK Node = 'clk'
            Info: 2: + IC(1.552 ns) + CELL(0.970 ns) = 3.622 ns; Loc. = LCFF_X18_Y10_N21; Fanout = 2; REG Node = 'clk_1us'
            Info: 3: + IC(2.307 ns) + CELL(0.000 ns) = 5.929 ns; Loc. = CLKCTRL_G7; Fanout = 60; COMB Node = 'clk_1us~clkctrl'
            Info: 4: + IC(0.847 ns) + CELL(0.666 ns) = 7.442 ns; Loc. = LCFF_X26_Y8_N25; Fanout = 1; REG Node = 'one_wire_buf~en'
            Info: Total cell delay = 2.736 ns ( 36.76 % )
            Info: Total interconnect delay = 4.706 ns ( 63.24 % )
        Info: - Longest clock path from clock "clk" to source register is 7.427 ns
            Info: 1: + IC(0.000 ns) + CELL(1.100 ns) = 1.100 ns; Loc. = PIN_17; Fanout = 2; CLK Node = 'clk'
            Info: 2: + IC(1.552 ns) + CELL(0.970 ns) = 3.622 ns; Loc. = LCFF_X18_Y10_N21; Fanout = 2; REG Node = 'clk_1us'
            Info: 3: + IC(2.307 ns) + CELL(0.000 ns) = 5.929 ns; Loc. = CLKCTRL_G7; Fanout = 60; COMB Node = 'clk_1us~clkctrl'
            Info: 4: + IC(0.832 ns) + CELL(0.666 ns) = 7.427 ns; Loc. = LCFF_X25_Y7_N13; Fanout = 6; REG Node = 'cnt_1us[0]'
            Info: Total cell delay = 2.736 ns ( 36.84 % )
            Info: Total interconnect delay = 4.691 ns ( 63.16 % )
    Info: + Micro clock to output delay of source is 0.304 ns
    Info: + Micro setup delay of destination is -0.040 ns
Info: tsu for register "DS18B20_DATA_buf[0]" (data pin = "rst_n", clock pin = "clk") is 6.373 ns
    Info: + Longest pin to register delay is 9.164 ns
        Info: 1: + IC(0.000 ns) + CELL(0.944 ns) = 0.944 ns; Loc. = PIN_64; Fanout = 79; PIN Node = 'rst_n'
        Info: 2: + IC(7.461 ns) + CELL(0.651 ns) = 9.056 ns; Loc. = LCCOMB_X19_Y9_N16; Fanout = 1; COMB Node = 'DS18B20_DATA_buf~20'
        Info: 3: + IC(0.000 ns) + CELL(0.108 ns) = 9.164 ns; Loc. = LCFF_X19_Y9_N17; Fanout = 1; REG Node = 'DS18B20_DATA_buf[0]'
        Info: Total cell delay = 1.703 ns ( 18.58 % )
        Info: Total interconnect delay = 7.461 ns ( 81.42 % )
    Info: + Micro setup delay of destination is -0.040 ns
    Info: - Shortest clock path from clock "clk" to destination register is 2.751 ns
        Info: 1: + IC(0.000 ns) + CELL(1.100 ns) = 1.100 ns; Loc. = PIN_17; Fanout = 2; CLK Node = 'clk'
        Info: 2: + IC(0.143 ns) + CELL(0.000 ns) = 1.243 ns; Loc. = CLKCTRL_G2; Fanout = 47; COMB Node = 'clk~clkctrl'
        Info: 3: + IC(0.842 ns) + CELL(0.666 ns) = 2.751 ns; Loc. = LCFF_X19_Y9_N17; Fanout = 1; REG Node = 'DS18B20_DATA_buf[0]'
        Info: Total cell delay = 1.766 ns ( 64.19 % )
        Info: Total interconnect delay = 0.985 ns ( 35.81 % )
Info: tco from clock "clk" to destination pin "one_wire" through register "one_wire_buf~en" is 12.271 ns
    Info: + Longest clock path from clock "clk" to source register is 7.442 ns
        Info: 1: + IC(0.000 ns) + CELL(1.100 ns) = 1.100 ns; Loc. = PIN_17; Fanout = 2; CLK Node = 'clk'
        Info: 2: + IC(1.552 ns) + CELL(0.970 ns) = 3.622 ns; Loc. = LCFF_X18_Y10_N21; Fanout = 2; REG Node = 'clk_1us'
        Info: 3: + IC(2.307 ns) + CELL(0.000 ns) = 5.929 ns; Loc. = CLKCTRL_G7; Fanout = 60; COMB Node = 'clk_1us~clkctrl'
        Info: 4: + IC(0.847 ns) + CELL(0.666 ns) = 7.442 ns; Loc. = LCFF_X26_Y8_N25; Fanout = 1; REG Node = 'one_wire_buf~en'
        Info: Total cell delay = 2.736 ns ( 36.76 % )
        Info: Total interconnect delay = 4.706 ns ( 63.24 % )
    Info: + Micro clock to output delay of source is 0.304 ns
    Info: + Longest register to pin delay is 4.525 ns
        Info: 1: + IC(0.000 ns) + CELL(0.000 ns) = 0.000 ns; Loc. = LCFF_X26_Y8_N25; Fanout = 1; REG Node = 'one_wire_buf~en'
        Info: 2: + IC(1.469 ns) + CELL(3.056 ns) = 4.525 ns; Loc. = PIN_81; Fanout = 0; PIN Node = 'one_wire'
        Info: Total cell delay = 3.056 ns ( 67.54 % )
        Info: Total interconnect delay = 1.469 ns ( 32.46 % )
Info: th for register "state.S4" (data pin = "one_wire", clock pin = "clk") is 0.338 ns
    Info: + Longest clock path from clock "clk" to destination register is 7.442 ns
        Info: 1: + IC(0.000 ns) + CELL(1.100 ns) = 1.100 ns; Loc. = PIN_17; Fanout = 2; CLK Node = 'clk'
        Info: 2: + IC(1.552 ns) + CELL(0.970 ns) = 3.622 ns; Loc. = LCFF_X18_Y10_N21; Fanout = 2; REG Node = 'clk_1us'
        Info: 3: + IC(2.307 ns) + CELL(0.000 ns) = 5.929 ns; Loc. = CLKCTRL_G7; Fanout = 60; COMB Node = 'clk_1us~clkctrl'
        Info: 4: + IC(0.847 ns) + CELL(0.666 ns) = 7.442 ns; Loc. = LCFF_X26_Y8_N3; Fanout = 4; REG Node = 'state.S4'
        Info: Total cell delay = 2.736 ns ( 36.76 % )
        Info: Total interconnect delay = 4.706 ns ( 63.24 % )
    Info: + Micro hold delay of destination is 0.306 ns
    Info: - Shortest pin to register delay is 7.410 ns
        Info: 1: + IC(0.000 ns) + CELL(0.000 ns) = 0.000 ns; Loc. = PIN_81; Fanout = 1; PIN Node = 'one_wire'
        Info: 2: + IC(0.000 ns) + CELL(0.945 ns) = 0.945 ns; Loc. = IOC_X28_Y5_N1; Fanout = 14; COMB Node = 'one_wire~1'
        Info: 3: + IC(6.151 ns) + CELL(0.206 ns) = 7.302 ns; Loc. = LCCOMB_X26_Y8_N2; Fanout = 1; COMB Node = 'Selector16~0'
        Info: 4: + IC(0.000 ns) + CELL(0.108 ns) = 7.410 ns; Loc. = LCFF_X26_Y8_N3; Fanout = 4; REG Node = 'state.S4'
        Info: Total cell delay = 1.259 ns ( 16.99 % )
        Info: Total interconnect delay = 6.151 ns ( 83.01 % )
Info: Quartus II Classic Timing Analyzer was successful. 0 errors, 2 warnings
    Info: Peak virtual memory: 135 megabytes
    Info: Processing ended: Tue May 13 20:34:12 2014
    Info: Elapsed time: 00:00:01
    Info: Total CPU time (on all processors): 00:00:01


