Analysis & Synthesis report for DS18B20
Tue May 13 20:33:49 2014
Quartus II Version 9.0 Build 132 02/25/2009 SJ Full Version


---------------------
; Table of Contents ;
---------------------
  1. Legal Notice
  2. Analysis & Synthesis Summary
  3. Analysis & Synthesis Settings
  4. Analysis & Synthesis Source Files Read
  5. Analysis & Synthesis Resource Usage Summary
  6. Analysis & Synthesis Resource Utilization by Entity
  7. State Machine - |ds18B20|state
  8. Registers Removed During Synthesis
  9. General Register Statistics
 10. Multiplexer Restructuring Statistics (Restructuring Performed)
 11. Analysis & Synthesis Messages



----------------
; Legal Notice ;
----------------
Copyright (C) 1991-2009 Altera Corporation
Your use of Altera Corporation's design tools, logic functions 
and other software and tools, and its AMPP partner logic 
functions, and any output files from any of the foregoing 
(including device programming or simulation files), and any 
associated documentation or information are expressly subject 
to the terms and conditions of the Altera Program License 
Subscription Agreement, Altera MegaCore Function License 
Agreement, or other applicable license agreement, including, 
without limitation, that your use is for the sole purpose of 
programming logic devices manufactured by Altera and sold by 
Altera or its authorized distributors.  Please refer to the 
applicable agreement for further details.



+-------------------------------------------------------------------------------+
; Analysis & Synthesis Summary                                                  ;
+------------------------------------+------------------------------------------+
; Analysis & Synthesis Status        ; Successful - Tue May 13 20:33:49 2014    ;
; Quartus II Version                 ; 9.0 Build 132 02/25/2009 SJ Full Version ;
; Revision Name                      ; DS18B20                                  ;
; Top-level Entity Name              ; ds18B20                                  ;
; Family                             ; Cyclone II                               ;
; Total logic elements               ; 265                                      ;
;     Total combinational functions  ; 261                                      ;
;     Dedicated logic registers      ; 108                                      ;
; Total registers                    ; 108                                      ;
; Total pins                         ; 15                                       ;
; Total virtual pins                 ; 0                                        ;
; Total memory bits                  ; 0                                        ;
; Embedded Multiplier 9-bit elements ; 0                                        ;
; Total PLLs                         ; 0                                        ;
+------------------------------------+------------------------------------------+


+----------------------------------------------------------------------------------------------------------+
; Analysis & Synthesis Settings                                                                            ;
+----------------------------------------------------------------+--------------------+--------------------+
; Option                                                         ; Setting            ; Default Value      ;
+----------------------------------------------------------------+--------------------+--------------------+
; Device                                                         ; EP2C5T144C8        ;                    ;
; Top-level entity name                                          ; DS18B20            ; DS18B20            ;
; Family name                                                    ; Cyclone II         ; Stratix            ;
; Use smart compilation                                          ; Off                ; Off                ;
; Restructure Multiplexers                                       ; Auto               ; Auto               ;
; Create Debugging Nodes for IP Cores                            ; Off                ; Off                ;
; Preserve fewer node names                                      ; On                 ; On                 ;
; Disable OpenCore Plus hardware evaluation                      ; Off                ; Off                ;
; Verilog Version                                                ; Verilog_2001       ; Verilog_2001       ;
; VHDL Version                                                   ; VHDL93             ; VHDL93             ;
; State Machine Processing                                       ; Auto               ; Auto               ;
; Safe State Machine                                             ; Off                ; Off                ;
; Extract Verilog State Machines                                 ; On                 ; On                 ;
; Extract VHDL State Machines                                    ; On                 ; On                 ;
; Ignore Verilog initial constructs                              ; Off                ; Off                ;
; Iteration limit for constant Verilog loops                     ; 5000               ; 5000               ;
; Iteration limit for non-constant Verilog loops                 ; 250                ; 250                ;
; Add Pass-Through Logic to Inferred RAMs                        ; On                 ; On                 ;
; Parallel Synthesis                                             ; Off                ; Off                ;
; DSP Block Balancing                                            ; Auto               ; Auto               ;
; NOT Gate Push-Back                                             ; On                 ; On                 ;
; Power-Up Don't Care                                            ; On                 ; On                 ;
; Remove Redundant Logic Cells                                   ; Off                ; Off                ;
; Remove Duplicate Registers                                     ; On                 ; On                 ;
; Ignore CARRY Buffers                                           ; Off                ; Off                ;
; Ignore CASCADE Buffers                                         ; Off                ; Off                ;
; Ignore GLOBAL Buffers                                          ; Off                ; Off                ;
; Ignore ROW GLOBAL Buffers                                      ; Off                ; Off                ;
; Ignore LCELL Buffers                                           ; Off                ; Off                ;
; Ignore SOFT Buffers                                            ; On                 ; On                 ;
; Limit AHDL Integers to 32 Bits                                 ; Off                ; Off                ;
; Optimization Technique                                         ; Balanced           ; Balanced           ;
; Carry Chain Length                                             ; 70                 ; 70                 ;
; Auto Carry Chains                                              ; On                 ; On                 ;
; Auto Open-Drain Pins                                           ; On                 ; On                 ;
; Perform WYSIWYG Primitive Resynthesis                          ; Off                ; Off                ;
; Auto ROM Replacement                                           ; On                 ; On                 ;
; Auto RAM Replacement                                           ; On                 ; On                 ;
; Auto Shift Register Replacement                                ; Auto               ; Auto               ;
; Auto Clock Enable Replacement                                  ; On                 ; On                 ;
; Strict RAM Replacement                                         ; Off                ; Off                ;
; Allow Synchronous Control Signals                              ; On                 ; On                 ;
; Force Use of Synchronous Clear Signals                         ; Off                ; Off                ;
; Auto RAM to Logic Cell Conversion                              ; Off                ; Off                ;
; Auto Resource Sharing                                          ; Off                ; Off                ;
; Allow Any RAM Size For Recognition                             ; Off                ; Off                ;
; Allow Any ROM Size For Recognition                             ; Off                ; Off                ;
; Allow Any Shift Register Size For Recognition                  ; Off                ; Off                ;
; Use LogicLock Constraints during Resource Balancing            ; On                 ; On                 ;
; Ignore translate_off and synthesis_off directives              ; Off                ; Off                ;
; Timing-Driven Synthesis                                        ; Off                ; Off                ;
; Show Parameter Settings Tables in Synthesis Report             ; On                 ; On                 ;
; Ignore Maximum Fan-Out Assignments                             ; Off                ; Off                ;
; Synchronization Register Chain Length                          ; 2                  ; 2                  ;
; PowerPlay Power Optimization                                   ; Normal compilation ; Normal compilation ;
; HDL message level                                              ; Level2             ; Level2             ;
; Suppress Register Optimization Related Messages                ; Off                ; Off                ;
; Number of Removed Registers Reported in Synthesis Report       ; 100                ; 100                ;
; Number of Inverted Registers Reported in Synthesis Report      ; 100                ; 100                ;
; Clock MUX Protection                                           ; On                 ; On                 ;
; Auto Gated Clock Conversion                                    ; Off                ; Off                ;
; Block Design Naming                                            ; Auto               ; Auto               ;
; SDC constraint protection                                      ; Off                ; Off                ;
; Synthesis Effort                                               ; Auto               ; Auto               ;
; Allows Asynchronous Clear Usage For Shift Register Replacement ; On                 ; On                 ;
; Analysis & Synthesis Message Level                             ; Medium             ; Medium             ;
+----------------------------------------------------------------+--------------------+--------------------+


+-------------------------------------------------------------------------------------------------------------------------------------------------------+
; Analysis & Synthesis Source Files Read                                                                                                                ;
+----------------------------------+-----------------+-----------------+--------------------------------------------------------------------------------+
; File Name with User-Entered Path ; Used in Netlist ; File Type       ; File Name with Absolute Path                                                   ;
+----------------------------------+-----------------+-----------------+--------------------------------------------------------------------------------+
; DS18B20.vhd                      ; yes             ; User VHDL File  ; G:/project/FPGA与DS18B20温度传感器的通信实现/DS18B20数码管显示温度/DS18B20.vhd ;
+----------------------------------+-----------------+-----------------+--------------------------------------------------------------------------------+


+-----------------------------------------------------+
; Analysis & Synthesis Resource Usage Summary         ;
+---------------------------------------------+-------+
; Resource                                    ; Usage ;
+---------------------------------------------+-------+
; Estimated Total logic elements              ; 265   ;
;                                             ;       ;
; Total combinational functions               ; 261   ;
; Logic element usage by number of LUT inputs ;       ;
;     -- 4 input functions                    ; 142   ;
;     -- 3 input functions                    ; 46    ;
;     -- <=2 input functions                  ; 73    ;
;                                             ;       ;
; Logic elements by mode                      ;       ;
;     -- normal mode                          ; 221   ;
;     -- arithmetic mode                      ; 40    ;
;                                             ;       ;
; Total registers                             ; 108   ;
;     -- Dedicated logic registers            ; 108   ;
;     -- I/O registers                        ; 0     ;
;                                             ;       ;
; I/O pins                                    ; 15    ;
; Maximum fan-out node                        ; rst_n ;
; Maximum fan-out                             ; 79    ;
; Total fan-out                               ; 1178  ;
; Average fan-out                             ; 3.07  ;
+---------------------------------------------+-------+


+-----------------------------------------------------------------------------------------------------------------------------------------------------------------------------+
; Analysis & Synthesis Resource Utilization by Entity                                                                                                                         ;
+----------------------------+-------------------+--------------+-------------+--------------+---------+-----------+------+--------------+---------------------+--------------+
; Compilation Hierarchy Node ; LC Combinationals ; LC Registers ; Memory Bits ; DSP Elements ; DSP 9x9 ; DSP 18x18 ; Pins ; Virtual Pins ; Full Hierarchy Name ; Library Name ;
+----------------------------+-------------------+--------------+-------------+--------------+---------+-----------+------+--------------+---------------------+--------------+
; |ds18B20                   ; 261 (261)         ; 108 (108)    ; 0           ; 0            ; 0       ; 0         ; 15   ; 0            ; |ds18B20            ; work         ;
+----------------------------+-------------------+--------------+-------------+--------------+---------+-----------+------+--------------+---------------------+--------------+
Note: For table entries with two numbers listed, the numbers in parentheses indicate the number of resources of the given type used by the specific entity alone. The numbers listed outside of parentheses indicate the total resources of the given type used by the specific entity and all of its sub-entities in the hierarchy.


Encoding Type:  One-Hot
+-----------------------------------------------------------------------------------------------------------------------------------------------------------------------------------------------------------------------------------------+
; State Machine - |ds18B20|state                                                                                                                                                                                                          ;
+---------------+-------------+-------------+-------------+-------------+---------------+---------------+--------------+--------------+----------+----------+----------+----------+----------+----------+----------+----------+-----------+
; Name          ; state.READ3 ; state.READ2 ; state.READ1 ; state.READ0 ; state.WRITE01 ; state.WRITE00 ; state.WRITE1 ; state.WRITE0 ; state.S7 ; state.S6 ; state.S5 ; state.S4 ; state.S3 ; state.S2 ; state.S1 ; state.S0 ; state.S00 ;
+---------------+-------------+-------------+-------------+-------------+---------------+---------------+--------------+--------------+----------+----------+----------+----------+----------+----------+----------+----------+-----------+
; state.S00     ; 0           ; 0           ; 0           ; 0           ; 0             ; 0             ; 0            ; 0            ; 0        ; 0        ; 0        ; 0        ; 0        ; 0        ; 0        ; 0        ; 0         ;
; state.S0      ; 0           ; 0           ; 0           ; 0           ; 0             ; 0             ; 0            ; 0            ; 0        ; 0        ; 0        ; 0        ; 0        ; 0        ; 0        ; 1        ; 1         ;
; state.S1      ; 0           ; 0           ; 0           ; 0           ; 0             ; 0             ; 0            ; 0            ; 0        ; 0        ; 0        ; 0        ; 0        ; 0        ; 1        ; 0        ; 1         ;
; state.S2      ; 0           ; 0           ; 0           ; 0           ; 0             ; 0             ; 0            ; 0            ; 0        ; 0        ; 0        ; 0        ; 0        ; 1        ; 0        ; 0        ; 1         ;
; state.S3      ; 0           ; 0           ; 0           ; 0           ; 0             ; 0             ; 0            ; 0            ; 0        ; 0        ; 0        ; 0        ; 1        ; 0        ; 0        ; 0        ; 1         ;
; state.S4      ; 0           ; 0           ; 0           ; 0           ; 0             ; 0             ; 0            ; 0            ; 0        ; 0        ; 0        ; 1        ; 0        ; 0        ; 0        ; 0        ; 1         ;
; state.S5      ; 0           ; 0           ; 0           ; 0           ; 0             ; 0             ; 0            ; 0            ; 0        ; 0        ; 1        ; 0        ; 0        ; 0        ; 0        ; 0        ; 1         ;
; state.S6      ; 0           ; 0           ; 0           ; 0           ; 0             ; 0             ; 0            ; 0            ; 0        ; 1        ; 0        ; 0        ; 0        ; 0        ; 0        ; 0        ; 1         ;
; state.S7      ; 0           ; 0           ; 0           ; 0           ; 0             ; 0             ; 0            ; 0            ; 1        ; 0        ; 0        ; 0        ; 0        ; 0        ; 0        ; 0        ; 1         ;
; state.WRITE0  ; 0           ; 0           ; 0           ; 0           ; 0             ; 0             ; 0            ; 1            ; 0        ; 0        ; 0        ; 0        ; 0        ; 0        ; 0        ; 0        ; 1         ;
; state.WRITE1  ; 0           ; 0           ; 0           ; 0           ; 0             ; 0             ; 1            ; 0            ; 0        ; 0        ; 0        ; 0        ; 0        ; 0        ; 0        ; 0        ; 1         ;
; state.WRITE00 ; 0           ; 0           ; 0           ; 0           ; 0             ; 1             ; 0            ; 0            ; 0        ; 0        ; 0        ; 0        ; 0        ; 0        ; 0        ; 0        ; 1         ;
; state.WRITE01 ; 0           ; 0           ; 0           ; 0           ; 1             ; 0             ; 0            ; 0            ; 0        ; 0        ; 0        ; 0        ; 0        ; 0        ; 0        ; 0        ; 1         ;
; state.READ0   ; 0           ; 0           ; 0           ; 1           ; 0             ; 0             ; 0            ; 0            ; 0        ; 0        ; 0        ; 0        ; 0        ; 0        ; 0        ; 0        ; 1         ;
; state.READ1   ; 0           ; 0           ; 1           ; 0           ; 0             ; 0             ; 0            ; 0            ; 0        ; 0        ; 0        ; 0        ; 0        ; 0        ; 0        ; 0        ; 1         ;
; state.READ2   ; 0           ; 1           ; 0           ; 0           ; 0             ; 0             ; 0            ; 0            ; 0        ; 0        ; 0        ; 0        ; 0        ; 0        ; 0        ; 0        ; 1         ;
; state.READ3   ; 1           ; 0           ; 0           ; 0           ; 0             ; 0             ; 0            ; 0            ; 0        ; 0        ; 0        ; 0        ; 0        ; 0        ; 0        ; 0        ; 1         ;
+---------------+-------------+-------------+-------------+-------------+---------------+---------------+--------------+--------------+----------+----------+----------+----------+----------+----------+----------+----------+-----------+


+---------------------------------------------------------------------------------+
; Registers Removed During Synthesis                                              ;
+----------------------------------------+----------------------------------------+
; Register name                          ; Reason for Removal                     ;
+----------------------------------------+----------------------------------------+
; one_wire_buf                           ; Stuck at GND due to stuck port data_in ;
; count[0]                               ; Merged with cnt_scan[0]                ;
; cnt_scan[1]                            ; Merged with count[1]                   ;
; cnt_scan[2]                            ; Merged with count[2]                   ;
; cnt_scan[3]                            ; Merged with count[3]                   ;
; cnt_scan[4]                            ; Merged with count[4]                   ;
; cnt_scan[5]                            ; Merged with count[5]                   ;
; cnt_scan[6]                            ; Merged with count[6]                   ;
; cnt_scan[7]                            ; Merged with count[7]                   ;
; cnt_scan[8]                            ; Merged with count[8]                   ;
; cnt_scan[9]                            ; Merged with count[9]                   ;
; cnt_scan[10]                           ; Merged with count[10]                  ;
; cnt_scan[11]                           ; Merged with count[11]                  ;
; cnt_scan[12]                           ; Merged with count[12]                  ;
; cnt_scan[13]                           ; Merged with count[13]                  ;
; cnt_scan[14]                           ; Merged with count[14]                  ;
; cnt_scan[15]                           ; Merged with count[15]                  ;
; cnt_scan[16]                           ; Merged with count[16]                  ;
; cnt_scan[17]                           ; Merged with count[17]                  ;
; t_buf_temp[4]                          ; Lost fanout                            ;
; Total Number of Removed Registers = 20 ;                                        ;
+----------------------------------------+----------------------------------------+


+------------------------------------------------------+
; General Register Statistics                          ;
+----------------------------------------------+-------+
; Statistic                                    ; Value ;
+----------------------------------------------+-------+
; Total registers                              ; 108   ;
; Number of registers using Synchronous Clear  ; 61    ;
; Number of registers using Synchronous Load   ; 6     ;
; Number of registers using Asynchronous Clear ; 0     ;
; Number of registers using Asynchronous Load  ; 0     ;
; Number of registers using Clock Enable       ; 28    ;
; Number of registers using Preset             ; 0     ;
+----------------------------------------------+-------+


+--------------------------------------------------------------------------------------------------------------------------------------------+
; Multiplexer Restructuring Statistics (Restructuring Performed)                                                                             ;
+--------------------+-----------+---------------+----------------------+------------------------+------------+------------------------------+
; Multiplexer Inputs ; Bus Width ; Baseline Area ; Area if Restructured ; Saving if Restructured ; Registered ; Example Multiplexer Output   ;
+--------------------+-----------+---------------+----------------------+------------------------+------------+------------------------------+
; 4:1                ; 4 bits    ; 8 LEs         ; 8 LEs                ; 0 LEs                  ; Yes        ; |ds18B20|dataout_buf[0]      ;
; 3:1                ; 3 bits    ; 6 LEs         ; 6 LEs                ; 0 LEs                  ; Yes        ; |ds18B20|DS18B20_DATA_buf[6] ;
; 10:1               ; 4 bits    ; 24 LEs        ; 4 LEs                ; 20 LEs                 ; Yes        ; |ds18B20|bit_valid[0]        ;
; 25:1               ; 4 bits    ; 64 LEs        ; 24 LEs               ; 40 LEs                 ; No         ; |ds18B20|state~1026          ;
; 82:1               ; 4 bits    ; 216 LEs       ; 72 LEs               ; 144 LEs                ; No         ; |ds18B20|state~1030          ;
+--------------------+-----------+---------------+----------------------+------------------------+------------+------------------------------+


+-------------------------------+
; Analysis & Synthesis Messages ;
+-------------------------------+
Info: *******************************************************************
Info: Running Quartus II Analysis & Synthesis
    Info: Version 9.0 Build 132 02/25/2009 SJ Full Version
    Info: Processing started: Tue May 13 20:33:39 2014
Info: Command: quartus_map --read_settings_files=on --write_settings_files=off DS18B20 -c DS18B20
Info: Found 2 design units, including 1 entities, in source file DS18B20.vhd
    Info: Found design unit 1: ds18B20-Behavioral
    Info: Found entity 1: ds18B20
Info: Elaborating entity "DS18B20" for the top level hierarchy
Warning: Output pins are stuck at VCC or GND
    Warning (13410): Pin "en[3]" is stuck at VCC
Info: 1 registers lost all their fanouts during netlist optimizations. The first 1 are displayed below.
    Info: Register "t_buf_temp[4]" lost all its fanouts during netlist optimizations.
Info: Implemented 281 device resources after synthesis - the final resource count might be different
    Info: Implemented 2 input pins
    Info: Implemented 12 output pins
    Info: Implemented 1 bidirectional pins
    Info: Implemented 266 logic cells
Info: Quartus II Analysis & Synthesis was successful. 0 errors, 2 warnings
    Info: Peak virtual memory: 194 megabytes
    Info: Processing ended: Tue May 13 20:33:49 2014
    Info: Elapsed time: 00:00:10
    Info: Total CPU time (on all processors): 00:00:10


