Fitter report for DS18B20
Tue May 13 20:33:59 2014
Quartus II Version 9.0 Build 132 02/25/2009 SJ Full Version


---------------------
; Table of Contents ;
---------------------
  1. Legal Notice
  2. Fitter Summary
  3. Fitter Settings
  4. Parallel Compilation
  5. Pin-Out File
  6. Fitter Resource Usage Summary
  7. Input Pins
  8. Output Pins
  9. Bidir Pins
 10. I/O Bank Usage
 11. All Package Pins
 12. Output Pin Default Load For Reported TCO
 13. Fitter Resource Utilization by Entity
 14. Delay Chain Summary
 15. Pad To Core Delay Chain Fanout
 16. Control Signals
 17. Global & Other Fast Signals
 18. Non-Global High Fan-Out Signals
 19. Interconnect Usage Summary
 20. LAB Logic Elements
 21. LAB-wide Signals
 22. LAB Signals Sourced
 23. LAB Signals Sourced Out
 24. LAB Distinct Inputs
 25. Fitter Device Options
 26. Operating Settings and Conditions
 27. Estimated Delay Added for Hold Timing
 28. Fitter Messages
 29. Fitter Suppressed Messages



----------------
; Legal Notice ;
----------------
Copyright (C) 1991-2009 Altera Corporation
Your use of Altera Corporation's design tools, logic functions 
and other software and tools, and its AMPP partner logic 
functions, and any output files from any of the foregoing 
(including device programming or simulation files), and any 
associated documentation or information are expressly subject 
to the terms and conditions of the Altera Program License 
Subscription Agreement, Altera MegaCore Function License 
Agreement, or other applicable license agreement, including, 
without limitation, that your use is for the sole purpose of 
programming logic devices manufactured by Altera and sold by 
Altera or its authorized distributors.  Please refer to the 
applicable agreement for further details.



+-------------------------------------------------------------------------------+
; Fitter Summary                                                                ;
+------------------------------------+------------------------------------------+
; Fitter Status                      ; Successful - Tue May 13 20:33:59 2014    ;
; Quartus II Version                 ; 9.0 Build 132 02/25/2009 SJ Full Version ;
; Revision Name                      ; DS18B20                                  ;
; Top-level Entity Name              ; ds18B20                                  ;
; Family                             ; Cyclone II                               ;
; Device                             ; EP2C5T144C8                              ;
; Timing Models                      ; Final                                    ;
; Total logic elements               ; 262 / 4,608 ( 6 % )                      ;
;     Total combinational functions  ; 261 / 4,608 ( 6 % )                      ;
;     Dedicated logic registers      ; 108 / 4,608 ( 2 % )                      ;
; Total registers                    ; 108                                      ;
; Total pins                         ; 15 / 89 ( 17 % )                         ;
; Total virtual pins                 ; 0                                        ;
; Total memory bits                  ; 0 / 119,808 ( 0 % )                      ;
; Embedded Multiplier 9-bit elements ; 0 / 26 ( 0 % )                           ;
; Total PLLs                         ; 0 / 2 ( 0 % )                            ;
+------------------------------------+------------------------------------------+


+--------------------------------------------------------------------------------------------------------------------------------------+
; Fitter Settings                                                                                                                      ;
+--------------------------------------------------------------------+--------------------------------+--------------------------------+
; Option                                                             ; Setting                        ; Default Value                  ;
+--------------------------------------------------------------------+--------------------------------+--------------------------------+
; Device                                                             ; EP2C5T144C8                    ;                                ;
; Minimum Core Junction Temperature                                  ; 0                              ;                                ;
; Maximum Core Junction Temperature                                  ; 85                             ;                                ;
; Fit Attempts to Skip                                               ; 0                              ; 0.0                            ;
; Device I/O Standard                                                ; 3.3-V LVTTL                    ;                                ;
; Use smart compilation                                              ; Off                            ; Off                            ;
; Use TimeQuest Timing Analyzer                                      ; Off                            ; Off                            ;
; Router Timing Optimization Level                                   ; Normal                         ; Normal                         ;
; Placement Effort Multiplier                                        ; 1.0                            ; 1.0                            ;
; Router Effort Multiplier                                           ; 1.0                            ; 1.0                            ;
; Always Enable Input Buffers                                        ; Off                            ; Off                            ;
; Optimize Hold Timing                                               ; IO Paths and Minimum TPD Paths ; IO Paths and Minimum TPD Paths ;
; Optimize Multi-Corner Timing                                       ; Off                            ; Off                            ;
; PowerPlay Power Optimization                                       ; Normal compilation             ; Normal compilation             ;
; Optimize Timing                                                    ; Normal compilation             ; Normal compilation             ;
; Optimize Timing for ECOs                                           ; Off                            ; Off                            ;
; Regenerate full fit report during ECO compiles                     ; Off                            ; Off                            ;
; Optimize IOC Register Placement for Timing                         ; On                             ; On                             ;
; Limit to One Fitting Attempt                                       ; Off                            ; Off                            ;
; Final Placement Optimizations                                      ; Automatically                  ; Automatically                  ;
; Fitter Aggressive Routability Optimizations                        ; Automatically                  ; Automatically                  ;
; Fitter Initial Placement Seed                                      ; 1                              ; 1                              ;
; PCI I/O                                                            ; Off                            ; Off                            ;
; Weak Pull-Up Resistor                                              ; Off                            ; Off                            ;
; Enable Bus-Hold Circuitry                                          ; Off                            ; Off                            ;
; Auto Global Memory Control Signals                                 ; Off                            ; Off                            ;
; Auto Packed Registers                                              ; Auto                           ; Auto                           ;
; Auto Delay Chains                                                  ; On                             ; On                             ;
; Auto Merge PLLs                                                    ; On                             ; On                             ;
; Ignore PLL Mode When Merging PLLs                                  ; Off                            ; Off                            ;
; Perform Physical Synthesis for Combinational Logic for Fitting     ; Off                            ; Off                            ;
; Perform Physical Synthesis for Combinational Logic for Performance ; Off                            ; Off                            ;
; Perform Register Duplication for Performance                       ; Off                            ; Off                            ;
; Perform Logic to Memory Mapping for Fitting                        ; Off                            ; Off                            ;
; Perform Register Retiming for Performance                          ; Off                            ; Off                            ;
; Perform Asynchronous Signal Pipelining                             ; Off                            ; Off                            ;
; Fitter Effort                                                      ; Auto Fit                       ; Auto Fit                       ;
; Physical Synthesis Effort Level                                    ; Normal                         ; Normal                         ;
; Auto Global Clock                                                  ; On                             ; On                             ;
; Auto Global Register Control Signals                               ; On                             ; On                             ;
; Stop After Congestion Map Generation                               ; Off                            ; Off                            ;
; Save Intermediate Fitting Results                                  ; Off                            ; Off                            ;
; Force Fitter to Avoid Periphery Placement Warnings                 ; Off                            ; Off                            ;
+--------------------------------------------------------------------+--------------------------------+--------------------------------+


+------------------------------------------+
; Parallel Compilation                     ;
+----------------------------+-------------+
; Processors                 ; Number      ;
+----------------------------+-------------+
; Number detected on machine ; 2           ;
; Maximum allowed            ; 2           ;
;                            ;             ;
; Average used               ; 1.00        ;
; Maximum used               ; 2           ;
;                            ;             ;
; Usage by Processor         ; % Time Used ;
;     1 processor            ; 100.0%      ;
;     2 processors           ; < 0.1%      ;
+----------------------------+-------------+


+--------------+
; Pin-Out File ;
+--------------+
The pin-out file can be found in G:/project/FPGA与DS18B20温度传感器的通信实现/DS18B20数码管显示温度/DS18B20.pin.


+-------------------------------------------------------------------+
; Fitter Resource Usage Summary                                     ;
+---------------------------------------------+---------------------+
; Resource                                    ; Usage               ;
+---------------------------------------------+---------------------+
; Total logic elements                        ; 262 / 4,608 ( 6 % ) ;
;     -- Combinational with no register       ; 154                 ;
;     -- Register only                        ; 1                   ;
;     -- Combinational with a register        ; 107                 ;
;                                             ;                     ;
; Logic element usage by number of LUT inputs ;                     ;
;     -- 4 input functions                    ; 142                 ;
;     -- 3 input functions                    ; 46                  ;
;     -- <=2 input functions                  ; 73                  ;
;     -- Register only                        ; 1                   ;
;                                             ;                     ;
; Logic elements by mode                      ;                     ;
;     -- normal mode                          ; 221                 ;
;     -- arithmetic mode                      ; 40                  ;
;                                             ;                     ;
; Total registers*                            ; 108 / 4,851 ( 2 % ) ;
;     -- Dedicated logic registers            ; 108 / 4,608 ( 2 % ) ;
;     -- I/O registers                        ; 0 / 243 ( 0 % )     ;
;                                             ;                     ;
; Total LABs:  partially or completely used   ; 18 / 288 ( 6 % )    ;
; User inserted logic elements                ; 0                   ;
; Virtual pins                                ; 0                   ;
; I/O pins                                    ; 15 / 89 ( 17 % )    ;
;     -- Clock pins                           ; 1 / 4 ( 25 % )      ;
; Global signals                              ; 2                   ;
; M4Ks                                        ; 0 / 26 ( 0 % )      ;
; Total block memory bits                     ; 0 / 119,808 ( 0 % ) ;
; Total block memory implementation bits      ; 0 / 119,808 ( 0 % ) ;
; Embedded Multiplier 9-bit elements          ; 0 / 26 ( 0 % )      ;
; PLLs                                        ; 0 / 2 ( 0 % )       ;
; Global clocks                               ; 2 / 8 ( 25 % )      ;
; JTAGs                                       ; 0 / 1 ( 0 % )       ;
; ASMI blocks                                 ; 0 / 1 ( 0 % )       ;
; CRC blocks                                  ; 0 / 1 ( 0 % )       ;
; Average interconnect usage (total/H/V)      ; 1% / 1% / 1%        ;
; Peak interconnect usage (total/H/V)         ; 2% / 2% / 3%        ;
; Maximum fan-out node                        ; rst_n               ;
; Maximum fan-out                             ; 79                  ;
; Highest non-global fan-out signal           ; rst_n               ;
; Highest non-global fan-out                  ; 79                  ;
; Total fan-out                               ; 1181                ;
; Average fan-out                             ; 3.03                ;
+---------------------------------------------+---------------------+
*  Register count does not include registers inside RAM blocks or DSP blocks.



+-------------------------------------------------------------------------------------------------------------------------------------------------------------------------------------------------------------------------------------------------------------+
; Input Pins                                                                                                                                                                                                                                                  ;
+-------+-------+----------+--------------+--------------+-------------+-----------------------+--------------------+--------+----------------+---------------+-----------------+----------+--------------+--------------+-------------+----------------------+
; Name  ; Pin # ; I/O Bank ; X coordinate ; Y coordinate ; Cell number ; Combinational Fan-Out ; Registered Fan-Out ; Global ; Input Register ; Power Up High ; PCI I/O Enabled ; Bus Hold ; Weak Pull Up ; I/O Standard ; Termination ; Location assigned by ;
+-------+-------+----------+--------------+--------------+-------------+-----------------------+--------------------+--------+----------------+---------------+-----------------+----------+--------------+--------------+-------------+----------------------+
; clk   ; 17    ; 1        ; 0            ; 6            ; 0           ; 2                     ; 0                  ; yes    ; no             ; no            ; no              ; no       ; Off          ; 3.3-V LVTTL  ; Off         ; User                 ;
; rst_n ; 64    ; 4        ; 21           ; 0            ; 1           ; 79                    ; 0                  ; no     ; no             ; no            ; no              ; no       ; Off          ; 3.3-V LVTTL  ; Off         ; User                 ;
+-------+-------+----------+--------------+--------------+-------------+-----------------------+--------------------+--------+----------------+---------------+-----------------+----------+--------------+--------------+-------------+----------------------+


+---------------------------------------------------------------------------------------------------------------------------------------------------------------------------------------------------------------------------------------------------------------------------------------------+
; Output Pins                                                                                                                                                                                                                                                                                 ;
+------------+-------+----------+--------------+--------------+-------------+-----------------+------------------------+---------------+-----------------+------------+---------------+----------+--------------+--------------+------------------+-------------+----------------------+------+
; Name       ; Pin # ; I/O Bank ; X coordinate ; Y coordinate ; Cell number ; Output Register ; Output Enable Register ; Power Up High ; PCI I/O Enabled ; Open Drain ; TRI Primitive ; Bus Hold ; Weak Pull Up ; I/O Standard ; Current Strength ; Termination ; Location assigned by ; Load ;
+------------+-------+----------+--------------+--------------+-------------+-----------------+------------------------+---------------+-----------------+------------+---------------+----------+--------------+--------------+------------------+-------------+----------------------+------+
; dataout[0] ; 136   ; 2        ; 3            ; 14           ; 1           ; no              ; no                     ; no            ; no              ; no         ; no            ; no       ; Off          ; 3.3-V LVTTL  ; 24mA             ; Off         ; User                 ; 0 pF ;
; dataout[1] ; 122   ; 2        ; 19           ; 14           ; 2           ; no              ; no                     ; no            ; no              ; no         ; no            ; no       ; Off          ; 3.3-V LVTTL  ; 24mA             ; Off         ; User                 ; 0 pF ;
; dataout[2] ; 129   ; 2        ; 12           ; 14           ; 0           ; no              ; no                     ; no            ; no              ; no         ; no            ; no       ; Off          ; 3.3-V LVTTL  ; 24mA             ; Off         ; User                 ; 0 pF ;
; dataout[3] ; 135   ; 2        ; 3            ; 14           ; 0           ; no              ; no                     ; no            ; no              ; no         ; no            ; no       ; Off          ; 3.3-V LVTTL  ; 24mA             ; Off         ; User                 ; 0 pF ;
; dataout[4] ; 137   ; 2        ; 3            ; 14           ; 2           ; no              ; no                     ; no            ; no              ; no         ; no            ; no       ; Off          ; 3.3-V LVTTL  ; 24mA             ; Off         ; User                 ; 0 pF ;
; dataout[5] ; 134   ; 2        ; 7            ; 14           ; 1           ; no              ; no                     ; no            ; no              ; no         ; no            ; no       ; Off          ; 3.3-V LVTTL  ; 24mA             ; Off         ; User                 ; 0 pF ;
; dataout[6] ; 125   ; 2        ; 14           ; 14           ; 0           ; no              ; no                     ; no            ; no              ; no         ; no            ; no       ; Off          ; 3.3-V LVTTL  ; 24mA             ; Off         ; User                 ; 0 pF ;
; dataout[7] ; 133   ; 2        ; 7            ; 14           ; 0           ; no              ; no                     ; no            ; no              ; no         ; no            ; no       ; Off          ; 3.3-V LVTTL  ; 24mA             ; Off         ; User                 ; 0 pF ;
; en[0]      ; 121   ; 2        ; 19           ; 14           ; 1           ; no              ; no                     ; no            ; no              ; no         ; no            ; no       ; Off          ; 3.3-V LVTTL  ; 24mA             ; Off         ; User                 ; 0 pF ;
; en[1]      ; 126   ; 2        ; 14           ; 14           ; 1           ; no              ; no                     ; no            ; no              ; no         ; no            ; no       ; Off          ; 3.3-V LVTTL  ; 24mA             ; Off         ; User                 ; 0 pF ;
; en[2]      ; 132   ; 2        ; 9            ; 14           ; 2           ; no              ; no                     ; no            ; no              ; no         ; no            ; no       ; Off          ; 3.3-V LVTTL  ; 24mA             ; Off         ; User                 ; 0 pF ;
; en[3]      ; 139   ; 2        ; 3            ; 14           ; 3           ; no              ; no                     ; no            ; no              ; no         ; no            ; no       ; Off          ; 3.3-V LVTTL  ; 24mA             ; Off         ; User                 ; 0 pF ;
+------------+-------+----------+--------------+--------------+-------------+-----------------+------------------------+---------------+-----------------+------------+---------------+----------+--------------+--------------+------------------+-------------+----------------------+------+


+--------------------------------------------------------------------------------------------------------------------------------------------------------------------------------------------------------------------------------------------------------------------------------------------------------------------------------------------------+
; Bidir Pins                                                                                                                                                                                                                                                                                                                                       ;
+----------+-------+----------+--------------+--------------+-------------+-----------------------+--------------------+--------+----------------+-----------------+------------------------+---------------+-----------------+------------+----------+--------------+--------------+------------------+-------------+----------------------+------+
; Name     ; Pin # ; I/O Bank ; X coordinate ; Y coordinate ; Cell number ; Combinational Fan-Out ; Registered Fan-Out ; Global ; Input Register ; Output Register ; Output Enable Register ; Power Up High ; PCI I/O Enabled ; Open Drain ; Bus Hold ; Weak Pull Up ; I/O Standard ; Current Strength ; Termination ; Location assigned by ; Load ;
+----------+-------+----------+--------------+--------------+-------------+-----------------------+--------------------+--------+----------------+-----------------+------------------------+---------------+-----------------+------------+----------+--------------+--------------+------------------+-------------+----------------------+------+
; one_wire ; 81    ; 3        ; 28           ; 5            ; 1           ; 14                    ; 0                  ; no     ; no             ; no              ; no                     ; no            ; no              ; yes        ; no       ; Off          ; 3.3-V LVTTL  ; 24mA             ; Off         ; User                 ; 0 pF ;
+----------+-------+----------+--------------+--------------+-------------+-----------------------+--------------------+--------+----------------+-----------------+------------------------+---------------+-----------------+------------+----------+--------------+--------------+------------------+-------------+----------------------+------+


+------------------------------------------------------------+
; I/O Bank Usage                                             ;
+----------+------------------+---------------+--------------+
; I/O Bank ; Usage            ; VCCIO Voltage ; VREF Voltage ;
+----------+------------------+---------------+--------------+
; 1        ; 3 / 19 ( 16 % )  ; 3.3V          ; --           ;
; 2        ; 12 / 23 ( 52 % ) ; 3.3V          ; --           ;
; 3        ; 2 / 23 ( 9 % )   ; 3.3V          ; --           ;
; 4        ; 1 / 24 ( 4 % )   ; 3.3V          ; --           ;
+----------+------------------+---------------+--------------+


+------------------------------------------------------------------------------------------------------------------------------------------------------------------------+
; All Package Pins                                                                                                                                                       ;
+----------+------------+----------+------------------------------------------+--------+--------------+---------+------------+-----------------+----------+--------------+
; Location ; Pad Number ; I/O Bank ; Pin Name/Usage                           ; Dir.   ; I/O Standard ; Voltage ; I/O Type   ; User Assignment ; Bus Hold ; Weak Pull Up ;
+----------+------------+----------+------------------------------------------+--------+--------------+---------+------------+-----------------+----------+--------------+
; 1        ; 0          ; 1        ; ~ASDO~ / RESERVED_INPUT_WITH_WEAK_PULLUP ; input  ; 3.3-V LVTTL  ;         ; Row I/O    ; N               ; no       ; On           ;
; 2        ; 1          ; 1        ; ~nCSO~ / RESERVED_INPUT_WITH_WEAK_PULLUP ; input  ; 3.3-V LVTTL  ;         ; Row I/O    ; N               ; no       ; On           ;
; 3        ; 2          ; 1        ; RESERVED_INPUT                           ;        ;              ;         ; Row I/O    ;                 ; no       ; Off          ;
; 4        ; 3          ; 1        ; RESERVED_INPUT                           ;        ;              ;         ; Row I/O    ;                 ; no       ; Off          ;
; 5        ;            ; 1        ; VCCIO1                                   ; power  ;              ; 3.3V    ; --         ;                 ; --       ; --           ;
; 6        ;            ;          ; GND                                      ; gnd    ;              ;         ; --         ;                 ; --       ; --           ;
; 7        ; 10         ; 1        ; RESERVED_INPUT                           ;        ;              ;         ; Row I/O    ;                 ; no       ; Off          ;
; 8        ; 11         ; 1        ; RESERVED_INPUT                           ;        ;              ;         ; Row I/O    ;                 ; no       ; Off          ;
; 9        ; 12         ; 1        ; RESERVED_INPUT                           ;        ;              ;         ; Row I/O    ;                 ; no       ; Off          ;
; 10       ; 13         ; 1        ; #TDO                                     ; output ;              ;         ; --         ;                 ; --       ; --           ;
; 11       ; 14         ; 1        ; #TMS                                     ; input  ;              ;         ; --         ;                 ; --       ; --           ;
; 12       ; 15         ; 1        ; #TCK                                     ; input  ;              ;         ; --         ;                 ; --       ; --           ;
; 13       ; 16         ; 1        ; #TDI                                     ; input  ;              ;         ; --         ;                 ; --       ; --           ;
; 14       ; 17         ; 1        ; ^DATA0                                   ; input  ;              ;         ; --         ;                 ; --       ; --           ;
; 15       ; 18         ; 1        ; ^DCLK                                    ;        ;              ;         ; --         ;                 ; --       ; --           ;
; 16       ; 19         ; 1        ; ^nCE                                     ;        ;              ;         ; --         ;                 ; --       ; --           ;
; 17       ; 20         ; 1        ; clk                                      ; input  ; 3.3-V LVTTL  ;         ; Row I/O    ; Y               ; no       ; Off          ;
; 18       ; 21         ; 1        ; GND+                                     ;        ;              ;         ; Row I/O    ;                 ; --       ; --           ;
; 19       ;            ;          ; GND                                      ; gnd    ;              ;         ; --         ;                 ; --       ; --           ;
; 20       ; 22         ; 1        ; ^nCONFIG                                 ;        ;              ;         ; --         ;                 ; --       ; --           ;
; 21       ; 23         ; 1        ; GND+                                     ;        ;              ;         ; Row I/O    ;                 ; --       ; --           ;
; 22       ; 24         ; 1        ; GND+                                     ;        ;              ;         ; Row I/O    ;                 ; --       ; --           ;
; 23       ;            ; 1        ; VCCIO1                                   ; power  ;              ; 3.3V    ; --         ;                 ; --       ; --           ;
; 24       ; 25         ; 1        ; RESERVED_INPUT                           ;        ;              ;         ; Row I/O    ;                 ; no       ; Off          ;
; 25       ; 26         ; 1        ; RESERVED_INPUT                           ;        ;              ;         ; Row I/O    ;                 ; no       ; Off          ;
; 26       ; 27         ; 1        ; RESERVED_INPUT                           ;        ;              ;         ; Row I/O    ;                 ; no       ; Off          ;
; 27       ; 28         ; 1        ; RESERVED_INPUT                           ;        ;              ;         ; Row I/O    ;                 ; no       ; Off          ;
; 28       ; 32         ; 1        ; RESERVED_INPUT                           ;        ;              ;         ; Row I/O    ;                 ; no       ; Off          ;
; 29       ;            ; 1        ; VCCIO1                                   ; power  ;              ; 3.3V    ; --         ;                 ; --       ; --           ;
; 30       ; 40         ; 1        ; RESERVED_INPUT                           ;        ;              ;         ; Row I/O    ;                 ; no       ; Off          ;
; 31       ; 41         ; 1        ; RESERVED_INPUT                           ;        ;              ;         ; Row I/O    ;                 ; no       ; Off          ;
; 32       ; 42         ; 1        ; RESERVED_INPUT                           ;        ;              ;         ; Row I/O    ;                 ; no       ; Off          ;
; 33       ;            ;          ; GND                                      ; gnd    ;              ;         ; --         ;                 ; --       ; --           ;
; 34       ;            ;          ; GND_PLL1                                 ; gnd    ;              ;         ; --         ;                 ; --       ; --           ;
; 35       ;            ;          ; VCCD_PLL1                                ; power  ;              ; 1.2V    ; --         ;                 ; --       ; --           ;
; 36       ;            ;          ; GND_PLL1                                 ; gnd    ;              ;         ; --         ;                 ; --       ; --           ;
; 37       ;            ;          ; VCCA_PLL1                                ; power  ;              ; 1.2V    ; --         ;                 ; --       ; --           ;
; 38       ;            ;          ; GNDA_PLL1                                ; gnd    ;              ;         ; --         ;                 ; --       ; --           ;
; 39       ;            ;          ; GND                                      ; gnd    ;              ;         ; --         ;                 ; --       ; --           ;
; 40       ; 43         ; 4        ; RESERVED_INPUT                           ;        ;              ;         ; Column I/O ;                 ; no       ; Off          ;
; 41       ; 44         ; 4        ; RESERVED_INPUT                           ;        ;              ;         ; Column I/O ;                 ; no       ; Off          ;
; 42       ; 45         ; 4        ; RESERVED_INPUT                           ;        ;              ;         ; Column I/O ;                 ; no       ; Off          ;
; 43       ; 46         ; 4        ; RESERVED_INPUT                           ;        ;              ;         ; Column I/O ;                 ; no       ; Off          ;
; 44       ; 47         ; 4        ; RESERVED_INPUT                           ;        ;              ;         ; Column I/O ;                 ; no       ; Off          ;
; 45       ; 48         ; 4        ; RESERVED_INPUT                           ;        ;              ;         ; Column I/O ;                 ; no       ; Off          ;
; 46       ;            ; 4        ; VCCIO4                                   ; power  ;              ; 3.3V    ; --         ;                 ; --       ; --           ;
; 47       ; 49         ; 4        ; RESERVED_INPUT                           ;        ;              ;         ; Column I/O ;                 ; no       ; Off          ;
; 48       ; 50         ; 4        ; RESERVED_INPUT                           ;        ;              ;         ; Column I/O ;                 ; no       ; Off          ;
; 49       ;            ;          ; GND                                      ; gnd    ;              ;         ; --         ;                 ; --       ; --           ;
; 50       ;            ;          ; VCCINT                                   ; power  ;              ; 1.2V    ; --         ;                 ; --       ; --           ;
; 51       ; 52         ; 4        ; RESERVED_INPUT                           ;        ;              ;         ; Column I/O ;                 ; no       ; Off          ;
; 52       ; 53         ; 4        ; RESERVED_INPUT                           ;        ;              ;         ; Column I/O ;                 ; no       ; Off          ;
; 53       ; 57         ; 4        ; RESERVED_INPUT                           ;        ;              ;         ; Column I/O ;                 ; no       ; Off          ;
; 54       ;            ; 4        ; VCCIO4                                   ; power  ;              ; 3.3V    ; --         ;                 ; --       ; --           ;
; 55       ; 58         ; 4        ; RESERVED_INPUT                           ;        ;              ;         ; Column I/O ;                 ; no       ; Off          ;
; 56       ;            ;          ; GND                                      ; gnd    ;              ;         ; --         ;                 ; --       ; --           ;
; 57       ; 59         ; 4        ; RESERVED_INPUT                           ;        ;              ;         ; Column I/O ;                 ; no       ; Off          ;
; 58       ; 60         ; 4        ; RESERVED_INPUT                           ;        ;              ;         ; Column I/O ;                 ; no       ; Off          ;
; 59       ; 63         ; 4        ; RESERVED_INPUT                           ;        ;              ;         ; Column I/O ;                 ; no       ; Off          ;
; 60       ; 64         ; 4        ; RESERVED_INPUT                           ;        ;              ;         ; Column I/O ;                 ; no       ; Off          ;
; 61       ;            ;          ; GND                                      ; gnd    ;              ;         ; --         ;                 ; --       ; --           ;
; 62       ;            ;          ; VCCINT                                   ; power  ;              ; 1.2V    ; --         ;                 ; --       ; --           ;
; 63       ; 72         ; 4        ; RESERVED_INPUT                           ;        ;              ;         ; Column I/O ;                 ; no       ; Off          ;
; 64       ; 75         ; 4        ; rst_n                                    ; input  ; 3.3-V LVTTL  ;         ; Column I/O ; Y               ; no       ; Off          ;
; 65       ; 76         ; 4        ; RESERVED_INPUT                           ;        ;              ;         ; Column I/O ;                 ; no       ; Off          ;
; 66       ;            ; 4        ; VCCIO4                                   ; power  ;              ; 3.3V    ; --         ;                 ; --       ; --           ;
; 67       ; 79         ; 4        ; RESERVED_INPUT                           ;        ;              ;         ; Column I/O ;                 ; no       ; Off          ;
; 68       ;            ;          ; GND                                      ; gnd    ;              ;         ; --         ;                 ; --       ; --           ;
; 69       ; 80         ; 4        ; RESERVED_INPUT                           ;        ;              ;         ; Column I/O ;                 ; no       ; Off          ;
; 70       ; 81         ; 4        ; RESERVED_INPUT                           ;        ;              ;         ; Column I/O ;                 ; no       ; Off          ;
; 71       ; 82         ; 4        ; RESERVED_INPUT                           ;        ;              ;         ; Column I/O ;                 ; no       ; Off          ;
; 72       ; 83         ; 4        ; RESERVED_INPUT                           ;        ;              ;         ; Column I/O ;                 ; no       ; Off          ;
; 73       ; 84         ; 3        ; RESERVED_INPUT                           ;        ;              ;         ; Row I/O    ;                 ; no       ; Off          ;
; 74       ; 85         ; 3        ; RESERVED_INPUT                           ;        ;              ;         ; Row I/O    ;                 ; no       ; Off          ;
; 75       ; 86         ; 3        ; RESERVED_INPUT                           ;        ;              ;         ; Row I/O    ;                 ; no       ; Off          ;
; 76       ; 87         ; 3        ; ~LVDS41p/nCEO~                           ; output ; 3.3-V LVTTL  ;         ; Row I/O    ; N               ; no       ; Off          ;
; 77       ;            ; 3        ; VCCIO3                                   ; power  ;              ; 3.3V    ; --         ;                 ; --       ; --           ;
; 78       ;            ;          ; GND                                      ; gnd    ;              ;         ; --         ;                 ; --       ; --           ;
; 79       ; 95         ; 3        ; RESERVED_INPUT                           ;        ;              ;         ; Row I/O    ;                 ; no       ; Off          ;
; 80       ; 97         ; 3        ; RESERVED_INPUT                           ;        ;              ;         ; Row I/O    ;                 ; no       ; Off          ;
; 81       ; 98         ; 3        ; one_wire                                 ; bidir  ; 3.3-V LVTTL  ;         ; Row I/O    ; Y               ; no       ; Off          ;
; 82       ; 99         ; 3        ; ^nSTATUS                                 ;        ;              ;         ; --         ;                 ; --       ; --           ;
; 83       ; 100        ; 3        ; ^CONF_DONE                               ;        ;              ;         ; --         ;                 ; --       ; --           ;
; 84       ; 101        ; 3        ; ^MSEL1                                   ;        ;              ;         ; --         ;                 ; --       ; --           ;
; 85       ; 102        ; 3        ; ^MSEL0                                   ;        ;              ;         ; --         ;                 ; --       ; --           ;
; 86       ; 103        ; 3        ; RESERVED_INPUT                           ;        ;              ;         ; Row I/O    ;                 ; no       ; Off          ;
; 87       ; 104        ; 3        ; RESERVED_INPUT                           ;        ;              ;         ; Row I/O    ;                 ; no       ; Off          ;
; 88       ; 105        ; 3        ; GND+                                     ;        ;              ;         ; Row I/O    ;                 ; --       ; --           ;
; 89       ; 106        ; 3        ; GND+                                     ;        ;              ;         ; Row I/O    ;                 ; --       ; --           ;
; 90       ; 107        ; 3        ; GND+                                     ;        ;              ;         ; Row I/O    ;                 ; --       ; --           ;
; 91       ; 108        ; 3        ; GND+                                     ;        ;              ;         ; Row I/O    ;                 ; --       ; --           ;
; 92       ; 109        ; 3        ; RESERVED_INPUT                           ;        ;              ;         ; Row I/O    ;                 ; no       ; Off          ;
; 93       ; 110        ; 3        ; RESERVED_INPUT                           ;        ;              ;         ; Row I/O    ;                 ; no       ; Off          ;
; 94       ; 111        ; 3        ; RESERVED_INPUT                           ;        ;              ;         ; Row I/O    ;                 ; no       ; Off          ;
; 95       ;            ; 3        ; VCCIO3                                   ; power  ;              ; 3.3V    ; --         ;                 ; --       ; --           ;
; 96       ; 112        ; 3        ; RESERVED_INPUT                           ;        ;              ;         ; Row I/O    ;                 ; no       ; Off          ;
; 97       ; 113        ; 3        ; RESERVED_INPUT                           ;        ;              ;         ; Row I/O    ;                 ; no       ; Off          ;
; 98       ;            ;          ; GND                                      ; gnd    ;              ;         ; --         ;                 ; --       ; --           ;
; 99       ; 119        ; 3        ; RESERVED_INPUT                           ;        ;              ;         ; Row I/O    ;                 ; no       ; Off          ;
; 100      ; 120        ; 3        ; RESERVED_INPUT                           ;        ;              ;         ; Row I/O    ;                 ; no       ; Off          ;
; 101      ; 121        ; 3        ; RESERVED_INPUT                           ;        ;              ;         ; Row I/O    ;                 ; no       ; Off          ;
; 102      ;            ; 3        ; VCCIO3                                   ; power  ;              ; 3.3V    ; --         ;                 ; --       ; --           ;
; 103      ; 125        ; 3        ; RESERVED_INPUT                           ;        ;              ;         ; Row I/O    ;                 ; no       ; Off          ;
; 104      ; 126        ; 3        ; RESERVED_INPUT                           ;        ;              ;         ; Row I/O    ;                 ; no       ; Off          ;
; 105      ;            ;          ; GND                                      ; gnd    ;              ;         ; --         ;                 ; --       ; --           ;
; 106      ;            ;          ; GND_PLL2                                 ; gnd    ;              ;         ; --         ;                 ; --       ; --           ;
; 107      ;            ;          ; VCCD_PLL2                                ; power  ;              ; 1.2V    ; --         ;                 ; --       ; --           ;
; 108      ;            ;          ; GND_PLL2                                 ; gnd    ;              ;         ; --         ;                 ; --       ; --           ;
; 109      ;            ;          ; VCCA_PLL2                                ; power  ;              ; 1.2V    ; --         ;                 ; --       ; --           ;
; 110      ;            ;          ; GNDA_PLL2                                ; gnd    ;              ;         ; --         ;                 ; --       ; --           ;
; 111      ;            ;          ; GND                                      ; gnd    ;              ;         ; --         ;                 ; --       ; --           ;
; 112      ; 127        ; 2        ; RESERVED_INPUT                           ;        ;              ;         ; Column I/O ;                 ; no       ; Off          ;
; 113      ; 128        ; 2        ; RESERVED_INPUT                           ;        ;              ;         ; Column I/O ;                 ; no       ; Off          ;
; 114      ; 129        ; 2        ; RESERVED_INPUT                           ;        ;              ;         ; Column I/O ;                 ; no       ; Off          ;
; 115      ; 130        ; 2        ; RESERVED_INPUT                           ;        ;              ;         ; Column I/O ;                 ; no       ; Off          ;
; 116      ;            ; 2        ; VCCIO2                                   ; power  ;              ; 3.3V    ; --         ;                 ; --       ; --           ;
; 117      ;            ;          ; GND                                      ; gnd    ;              ;         ; --         ;                 ; --       ; --           ;
; 118      ; 134        ; 2        ; RESERVED_INPUT                           ;        ;              ;         ; Column I/O ;                 ; no       ; Off          ;
; 119      ; 135        ; 2        ; RESERVED_INPUT                           ;        ;              ;         ; Column I/O ;                 ; no       ; Off          ;
; 120      ; 137        ; 2        ; RESERVED_INPUT                           ;        ;              ;         ; Column I/O ;                 ; no       ; Off          ;
; 121      ; 138        ; 2        ; en[0]                                    ; output ; 3.3-V LVTTL  ;         ; Column I/O ; Y               ; no       ; Off          ;
; 122      ; 139        ; 2        ; dataout[1]                               ; output ; 3.3-V LVTTL  ;         ; Column I/O ; Y               ; no       ; Off          ;
; 123      ;            ;          ; GND                                      ; gnd    ;              ;         ; --         ;                 ; --       ; --           ;
; 124      ;            ;          ; VCCINT                                   ; power  ;              ; 1.2V    ; --         ;                 ; --       ; --           ;
; 125      ; 144        ; 2        ; dataout[6]                               ; output ; 3.3-V LVTTL  ;         ; Column I/O ; Y               ; no       ; Off          ;
; 126      ; 145        ; 2        ; en[1]                                    ; output ; 3.3-V LVTTL  ;         ; Column I/O ; Y               ; no       ; Off          ;
; 127      ;            ; 2        ; VCCIO2                                   ; power  ;              ; 3.3V    ; --         ;                 ; --       ; --           ;
; 128      ;            ;          ; GND                                      ; gnd    ;              ;         ; --         ;                 ; --       ; --           ;
; 129      ; 148        ; 2        ; dataout[2]                               ; output ; 3.3-V LVTTL  ;         ; Column I/O ; Y               ; no       ; Off          ;
; 130      ;            ;          ; GND                                      ; gnd    ;              ;         ; --         ;                 ; --       ; --           ;
; 131      ;            ;          ; VCCINT                                   ; power  ;              ; 1.2V    ; --         ;                 ; --       ; --           ;
; 132      ; 153        ; 2        ; en[2]                                    ; output ; 3.3-V LVTTL  ;         ; Column I/O ; Y               ; no       ; Off          ;
; 133      ; 154        ; 2        ; dataout[7]                               ; output ; 3.3-V LVTTL  ;         ; Column I/O ; Y               ; no       ; Off          ;
; 134      ; 155        ; 2        ; dataout[5]                               ; output ; 3.3-V LVTTL  ;         ; Column I/O ; Y               ; no       ; Off          ;
; 135      ; 162        ; 2        ; dataout[3]                               ; output ; 3.3-V LVTTL  ;         ; Column I/O ; Y               ; no       ; Off          ;
; 136      ; 163        ; 2        ; dataout[0]                               ; output ; 3.3-V LVTTL  ;         ; Column I/O ; Y               ; no       ; Off          ;
; 137      ; 164        ; 2        ; dataout[4]                               ; output ; 3.3-V LVTTL  ;         ; Column I/O ; Y               ; no       ; Off          ;
; 138      ;            ; 2        ; VCCIO2                                   ; power  ;              ; 3.3V    ; --         ;                 ; --       ; --           ;
; 139      ; 165        ; 2        ; en[3]                                    ; output ; 3.3-V LVTTL  ;         ; Column I/O ; Y               ; no       ; Off          ;
; 140      ;            ;          ; GND                                      ; gnd    ;              ;         ; --         ;                 ; --       ; --           ;
; 141      ; 166        ; 2        ; RESERVED_INPUT                           ;        ;              ;         ; Column I/O ;                 ; no       ; Off          ;
; 142      ; 167        ; 2        ; RESERVED_INPUT                           ;        ;              ;         ; Column I/O ;                 ; no       ; Off          ;
; 143      ; 168        ; 2        ; RESERVED_INPUT                           ;        ;              ;         ; Column I/O ;                 ; no       ; Off          ;
; 144      ; 169        ; 2        ; RESERVED_INPUT                           ;        ;              ;         ; Column I/O ;                 ; no       ; Off          ;
+----------+------------+----------+------------------------------------------+--------+--------------+---------+------------+-----------------+----------+--------------+
Note: Pin directions (input, output or bidir) are based on device operating in user mode.


+-------------------------------------------------------------------------------+
; Output Pin Default Load For Reported TCO                                      ;
+----------------------------------+-------+------------------------------------+
; I/O Standard                     ; Load  ; Termination Resistance             ;
+----------------------------------+-------+------------------------------------+
; 3.3-V LVTTL                      ; 0 pF  ; Not Available                      ;
; 3.3-V LVCMOS                     ; 0 pF  ; Not Available                      ;
; 2.5 V                            ; 0 pF  ; Not Available                      ;
; 1.8 V                            ; 0 pF  ; Not Available                      ;
; 1.5 V                            ; 0 pF  ; Not Available                      ;
; 3.3-V PCI                        ; 10 pF ; 25 Ohm (Parallel)                  ;
; 3.3-V PCI-X                      ; 10 pF ; 25 Ohm (Parallel)                  ;
; SSTL-2 Class I                   ; 0 pF  ; 50 Ohm (Parallel), 25 Ohm (Serial) ;
; SSTL-2 Class II                  ; 0 pF  ; 25 Ohm (Parallel), 25 Ohm (Serial) ;
; SSTL-18 Class I                  ; 0 pF  ; 50 Ohm (Parallel), 25 Ohm (Serial) ;
; SSTL-18 Class II                 ; 0 pF  ; 25 Ohm (Parallel), 25 Ohm (Serial) ;
; 1.5-V HSTL Class I               ; 0 pF  ; 50 Ohm (Parallel)                  ;
; 1.5-V HSTL Class II              ; 0 pF  ; 25 Ohm (Parallel)                  ;
; 1.8-V HSTL Class I               ; 0 pF  ; 50 Ohm (Parallel)                  ;
; 1.8-V HSTL Class II              ; 0 pF  ; 25 Ohm (Parallel)                  ;
; Differential SSTL-2              ; 0 pF  ; (See SSTL-2)                       ;
; Differential 2.5-V SSTL Class II ; 0 pF  ; (See SSTL-2 Class II)              ;
; Differential 1.8-V SSTL Class I  ; 0 pF  ; (See 1.8-V SSTL Class I)           ;
; Differential 1.8-V SSTL Class II ; 0 pF  ; (See 1.8-V SSTL Class II)          ;
; Differential 1.5-V HSTL Class I  ; 0 pF  ; (See 1.5-V HSTL Class I)           ;
; Differential 1.5-V HSTL Class II ; 0 pF  ; (See 1.5-V HSTL Class II)          ;
; Differential 1.8-V HSTL Class I  ; 0 pF  ; (See 1.8-V HSTL Class I)           ;
; Differential 1.8-V HSTL Class II ; 0 pF  ; (See 1.8-V HSTL Class II)          ;
; LVDS                             ; 0 pF  ; 100 Ohm (Differential)             ;
; mini-LVDS                        ; 0 pF  ; 100 Ohm (Differential)             ;
; RSDS                             ; 0 pF  ; 100 Ohm (Differential)             ;
; Simple RSDS                      ; 0 pF  ; Not Available                      ;
; Differential LVPECL              ; 0 pF  ; 100 Ohm (Differential)             ;
+----------------------------------+-------+------------------------------------+
Note: User assignments will override these defaults. The user specified values are listed in the Output Pins and Bidir Pins tables.


+-----------------------------------------------------------------------------------------------------------------------------------------------------------------------------------------------------------------------------------------------------------------+
; Fitter Resource Utilization by Entity                                                                                                                                                                                                                           ;
+----------------------------+-------------+---------------------------+---------------+-------------+------+--------------+---------+-----------+------+--------------+--------------+-------------------+------------------+---------------------+--------------+
; Compilation Hierarchy Node ; Logic Cells ; Dedicated Logic Registers ; I/O Registers ; Memory Bits ; M4Ks ; DSP Elements ; DSP 9x9 ; DSP 18x18 ; Pins ; Virtual Pins ; LUT-Only LCs ; Register-Only LCs ; LUT/Register LCs ; Full Hierarchy Name ; Library Name ;
+----------------------------+-------------+---------------------------+---------------+-------------+------+--------------+---------+-----------+------+--------------+--------------+-------------------+------------------+---------------------+--------------+
; |ds18B20                   ; 262 (262)   ; 108 (108)                 ; 0 (0)         ; 0           ; 0    ; 0            ; 0       ; 0         ; 15   ; 0            ; 154 (154)    ; 1 (1)             ; 107 (107)        ; |ds18B20            ; work         ;
+----------------------------+-------------+---------------------------+---------------+-------------+------+--------------+---------+-----------+------+--------------+--------------+-------------------+------------------+---------------------+--------------+
Note: For table entries with two numbers listed, the numbers in parentheses indicate the number of resources of the given type used by the specific entity alone. The numbers listed outside of parentheses indicate the total resources of the given type used by the specific entity and all of its sub-entities in the hierarchy.


+-------------------------------------------------------------------------------------+
; Delay Chain Summary                                                                 ;
+------------+----------+---------------+---------------+-----------------------+-----+
; Name       ; Pin Type ; Pad to Core 0 ; Pad to Core 1 ; Pad to Input Register ; TCO ;
+------------+----------+---------------+---------------+-----------------------+-----+
; clk        ; Input    ; 0             ; 0             ; --                    ; --  ;
; rst_n      ; Input    ; 6             ; 6             ; --                    ; --  ;
; dataout[0] ; Output   ; --            ; --            ; --                    ; --  ;
; dataout[1] ; Output   ; --            ; --            ; --                    ; --  ;
; dataout[2] ; Output   ; --            ; --            ; --                    ; --  ;
; dataout[3] ; Output   ; --            ; --            ; --                    ; --  ;
; dataout[4] ; Output   ; --            ; --            ; --                    ; --  ;
; dataout[5] ; Output   ; --            ; --            ; --                    ; --  ;
; dataout[6] ; Output   ; --            ; --            ; --                    ; --  ;
; dataout[7] ; Output   ; --            ; --            ; --                    ; --  ;
; en[0]      ; Output   ; --            ; --            ; --                    ; --  ;
; en[1]      ; Output   ; --            ; --            ; --                    ; --  ;
; en[2]      ; Output   ; --            ; --            ; --                    ; --  ;
; en[3]      ; Output   ; --            ; --            ; --                    ; --  ;
; one_wire   ; Bidir    ; 6             ; 6             ; --                    ; --  ;
+------------+----------+---------------+---------------+-----------------------+-----+


+---------------------------------------------------------------+
; Pad To Core Delay Chain Fanout                                ;
+---------------------------------+-------------------+---------+
; Source Pin / Fanout             ; Pad To Core Index ; Setting ;
+---------------------------------+-------------------+---------+
; clk                             ;                   ;         ;
; rst_n                           ;                   ;         ;
;      - DS18B20_DATA_buf[7]      ; 0                 ; 6       ;
;      - DS18B20_DATA_buf[6]      ; 0                 ; 6       ;
;      - DS18B20_DATA_buf[5]      ; 0                 ; 6       ;
;      - DS18B20_DATA_buf[8]      ; 0                 ; 6       ;
;      - DS18B20_DATA_buf[9]      ; 0                 ; 6       ;
;      - DS18B20_DATA_buf[10]     ; 0                 ; 6       ;
;      - count[16]                ; 0                 ; 6       ;
;      - count[17]                ; 0                 ; 6       ;
;      - count[15]                ; 0                 ; 6       ;
;      - count[14]                ; 0                 ; 6       ;
;      - count[13]                ; 0                 ; 6       ;
;      - count[12]                ; 0                 ; 6       ;
;      - count[11]                ; 0                 ; 6       ;
;      - count[10]                ; 0                 ; 6       ;
;      - count[9]                 ; 0                 ; 6       ;
;      - count[8]                 ; 0                 ; 6       ;
;      - count[7]                 ; 0                 ; 6       ;
;      - count[6]                 ; 0                 ; 6       ;
;      - count[5]                 ; 0                 ; 6       ;
;      - count[4]                 ; 0                 ; 6       ;
;      - count[3]                 ; 0                 ; 6       ;
;      - count[2]                 ; 0                 ; 6       ;
;      - count[1]                 ; 0                 ; 6       ;
;      - t_buf_temp[7]            ; 0                 ; 6       ;
;      - temperature_buf[8]       ; 0                 ; 6       ;
;      - t_buf_temp[6]            ; 0                 ; 6       ;
;      - t_buf_temp[5]            ; 0                 ; 6       ;
;      - temperature_buf[4]       ; 0                 ; 6       ;
;      - DS18B20_DATA_buf~19      ; 0                 ; 6       ;
;      - DS18B20_DATA_buf_temp[4] ; 0                 ; 6       ;
;      - DS18B20_DATA_buf~20      ; 0                 ; 6       ;
;      - temperature_buf[5]       ; 0                 ; 6       ;
;      - DS18B20_DATA_buf_temp[5] ; 0                 ; 6       ;
;      - DS18B20_DATA_buf~22      ; 0                 ; 6       ;
;      - temperature_buf[9]       ; 0                 ; 6       ;
;      - temperature_buf[10]      ; 0                 ; 6       ;
;      - temperature_buf[6]       ; 0                 ; 6       ;
;      - DS18B20_DATA_buf_temp[6] ; 0                 ; 6       ;
;      - DS18B20_DATA_buf~24      ; 0                 ; 6       ;
;      - temperature_buf[7]       ; 0                 ; 6       ;
;      - DS18B20_DATA_buf~26      ; 0                 ; 6       ;
;      - DS18B20_DATA_buf~27      ; 0                 ; 6       ;
;      - cnt_scan~18              ; 0                 ; 6       ;
;      - one_wire_buf~en          ; 0                 ; 6       ;
;      - clk_1us                  ; 0                 ; 6       ;
;      - state.S00                ; 0                 ; 6       ;
;      - temperature_buf[2]       ; 0                 ; 6       ;
;      - temperature_buf[0]       ; 0                 ; 6       ;
;      - temperature_buf[3]       ; 0                 ; 6       ;
;      - temperature_buf[1]       ; 0                 ; 6       ;
;      - DS18B20_DATA_buf_temp~4  ; 0                 ; 6       ;
;      - step[1]                  ; 0                 ; 6       ;
;      - step[0]                  ; 0                 ; 6       ;
;      - state.S5                 ; 0                 ; 6       ;
;      - step[5]                  ; 0                 ; 6       ;
;      - step[4]                  ; 0                 ; 6       ;
;      - step[3]                  ; 0                 ; 6       ;
;      - step[2]                  ; 0                 ; 6       ;
;      - state.READ1              ; 0                 ; 6       ;
;      - state.S1                 ; 0                 ; 6       ;
;      - state.WRITE1             ; 0                 ; 6       ;
;      - state.S0                 ; 0                 ; 6       ;
;      - one_wire_buf~61          ; 0                 ; 6       ;
;      - cnt[5]                   ; 0                 ; 6       ;
;      - cnt[3]                   ; 0                 ; 6       ;
;      - cnt[0]                   ; 0                 ; 6       ;
;      - cnt[1]                   ; 0                 ; 6       ;
;      - cnt[2]                   ; 0                 ; 6       ;
;      - cnt[4]                   ; 0                 ; 6       ;
;      - bit_valid[3]~72          ; 0                 ; 6       ;
;      - state~1064               ; 0                 ; 6       ;
;      - state.S4                 ; 0                 ; 6       ;
;      - state.READ3              ; 0                 ; 6       ;
;      - state~1069               ; 0                 ; 6       ;
;      - state~1072               ; 0                 ; 6       ;
;      - cnt_1us_clear            ; 0                 ; 6       ;
;      - state~1085               ; 0                 ; 6       ;
;      - state~1086               ; 0                 ; 6       ;
;      - state~1097               ; 0                 ; 6       ;
; one_wire                        ;                   ;         ;
;      - temperature_buf[8]~11    ; 0                 ; 6       ;
;      - Selector6~0              ; 0                 ; 6       ;
;      - temperature_buf[5]~12    ; 0                 ; 6       ;
;      - temperature_buf[9]~13    ; 0                 ; 6       ;
;      - temperature_buf[10]~15   ; 0                 ; 6       ;
;      - temperature_buf[6]~14    ; 0                 ; 6       ;
;      - temperature_buf[7]~16    ; 0                 ; 6       ;
;      - Selector8~0              ; 0                 ; 6       ;
;      - Selector10~0             ; 0                 ; 6       ;
;      - Selector7~0              ; 0                 ; 6       ;
;      - Selector9~0              ; 0                 ; 6       ;
;      - process_2~0              ; 0                 ; 6       ;
;      - Selector16~0             ; 0                 ; 6       ;
;      - Selector12~2             ; 0                 ; 6       ;
+---------------------------------+-------------------+---------+


+----------------------------------------------------------------------------------------------------------------------------------------------------------+
; Control Signals                                                                                                                                          ;
+-----------------+-------------------+---------+---------------------------+--------+----------------------+------------------+---------------------------+
; Name            ; Location          ; Fan-Out ; Usage                     ; Global ; Global Resource Used ; Global Line Name ; Enable Signal Source Name ;
+-----------------+-------------------+---------+---------------------------+--------+----------------------+------------------+---------------------------+
; bit_valid[3]~72 ; LCCOMB_X21_Y9_N8  ; 5       ; Clock enable              ; no     ; --                   ; --               ; --                        ;
; clk             ; PIN_17            ; 2       ; Clock                     ; no     ; --                   ; --               ; --                        ;
; clk             ; PIN_17            ; 47      ; Clock                     ; yes    ; Global Clock         ; GCLK2            ; --                        ;
; clk_1us         ; LCFF_X18_Y10_N21  ; 60      ; Clock                     ; yes    ; Global Clock         ; GCLK7            ; --                        ;
; cnt_1us_clear   ; LCFF_X20_Y8_N23   ; 21      ; Sync. clear               ; no     ; --                   ; --               ; --                        ;
; one_wire_buf~61 ; LCCOMB_X18_Y10_N0 ; 1       ; Clock enable              ; no     ; --                   ; --               ; --                        ;
; rst_n           ; PIN_64            ; 79      ; Clock enable, Sync. clear ; no     ; --                   ; --               ; --                        ;
; state.READ2     ; LCFF_X25_Y8_N11   ; 18      ; Sync. load                ; no     ; --                   ; --               ; --                        ;
; state~1078      ; LCCOMB_X27_Y7_N20 ; 2       ; Clock enable              ; no     ; --                   ; --               ; --                        ;
+-----------------+-------------------+---------+---------------------------+--------+----------------------+------------------+---------------------------+


+------------------------------------------------------------------------------------------------------------+
; Global & Other Fast Signals                                                                                ;
+---------+------------------+---------+----------------------+------------------+---------------------------+
; Name    ; Location         ; Fan-Out ; Global Resource Used ; Global Line Name ; Enable Signal Source Name ;
+---------+------------------+---------+----------------------+------------------+---------------------------+
; clk     ; PIN_17           ; 47      ; Global Clock         ; GCLK2            ; --                        ;
; clk_1us ; LCFF_X18_Y10_N21 ; 60      ; Global Clock         ; GCLK7            ; --                        ;
+---------+------------------+---------+----------------------+------------------+---------------------------+


+---------------------------------+
; Non-Global High Fan-Out Signals ;
+--------------------+------------+
; Name               ; Fan-Out    ;
+--------------------+------------+
; rst_n              ; 79         ;
; step[4]            ; 28         ;
; step[5]            ; 23         ;
; step[3]            ; 22         ;
; step[1]            ; 22         ;
; cnt_1us_clear      ; 21         ;
; state.S7           ; 21         ;
; step[2]            ; 20         ;
; step[0]            ; 19         ;
; state.READ2        ; 18         ;
; state.S5           ; 17         ;
; bit_valid[0]       ; 15         ;
; one_wire~1         ; 14         ;
; bit_valid[1]       ; 14         ;
; state.S00          ; 13         ;
; bit_valid[2]       ; 13         ;
; bit_valid[3]       ; 12         ;
; count[17]          ; 10         ;
; count[16]          ; 10         ;
; cnt_1us[6]         ; 9          ;
; state.READ3        ; 8          ;
; Equal56~0          ; 8          ;
; dataout_buf[2]     ; 8          ;
; dataout_buf[1]     ; 8          ;
; dataout_buf[0]     ; 8          ;
; temperature_buf[3] ; 7          ;
; temperature_buf[2] ; 7          ;
; dataout_buf[3]     ; 7          ;
; Equal58~2          ; 6          ;
; bit_valid[0]~70    ; 6          ;
; cnt_1us[4]         ; 6          ;
; state.READ1        ; 6          ;
; temperature_buf[1] ; 6          ;
; temperature_buf[0] ; 6          ;
; temperature_buf[5] ; 6          ;
; state.S6           ; 5          ;
; state.S2           ; 5          ;
; Equal57~3          ; 5          ;
; bit_valid[3]~72    ; 5          ;
; state~1063         ; 5          ;
; cnt[4]             ; 5          ;
; cnt[5]             ; 5          ;
; cnt_1us[3]         ; 5          ;
; cnt_1us[1]         ; 5          ;
; cnt_1us[0]         ; 5          ;
; state.WRITE0       ; 5          ;
; state.WRITE1       ; 5          ;
; temperature_buf[6] ; 5          ;
; temperature_buf[9] ; 5          ;
; process_2~0        ; 4          ;
+--------------------+------------+


+----------------------------------------------------+
; Interconnect Usage Summary                         ;
+----------------------------+-----------------------+
; Interconnect Resource Type ; Usage                 ;
+----------------------------+-----------------------+
; Block interconnects        ; 307 / 15,666 ( 2 % )  ;
; C16 interconnects          ; 1 / 812 ( < 1 % )     ;
; C4 interconnects           ; 176 / 11,424 ( 2 % )  ;
; Direct links               ; 50 / 15,666 ( < 1 % ) ;
; Global clocks              ; 2 / 8 ( 25 % )        ;
; Local interconnects        ; 163 / 4,608 ( 4 % )   ;
; R24 interconnects          ; 4 / 652 ( < 1 % )     ;
; R4 interconnects           ; 235 / 13,328 ( 2 % )  ;
+----------------------------+-----------------------+


+----------------------------------------------------------------------------+
; LAB Logic Elements                                                         ;
+---------------------------------------------+------------------------------+
; Number of Logic Elements  (Average = 14.56) ; Number of LABs  (Total = 18) ;
+---------------------------------------------+------------------------------+
; 1                                           ; 1                            ;
; 2                                           ; 0                            ;
; 3                                           ; 0                            ;
; 4                                           ; 0                            ;
; 5                                           ; 0                            ;
; 6                                           ; 0                            ;
; 7                                           ; 0                            ;
; 8                                           ; 1                            ;
; 9                                           ; 0                            ;
; 10                                          ; 0                            ;
; 11                                          ; 0                            ;
; 12                                          ; 0                            ;
; 13                                          ; 1                            ;
; 14                                          ; 0                            ;
; 15                                          ; 0                            ;
; 16                                          ; 15                           ;
+---------------------------------------------+------------------------------+


+-------------------------------------------------------------------+
; LAB-wide Signals                                                  ;
+------------------------------------+------------------------------+
; LAB-wide Signals  (Average = 1.61) ; Number of LABs  (Total = 18) ;
+------------------------------------+------------------------------+
; 1 Clock                            ; 10                           ;
; 1 Clock enable                     ; 6                            ;
; 1 Sync. clear                      ; 7                            ;
; 1 Sync. load                       ; 1                            ;
; 2 Clocks                           ; 5                            ;
+------------------------------------+------------------------------+


+-----------------------------------------------------------------------------+
; LAB Signals Sourced                                                         ;
+----------------------------------------------+------------------------------+
; Number of Signals Sourced  (Average = 20.56) ; Number of LABs  (Total = 18) ;
+----------------------------------------------+------------------------------+
; 0                                            ; 0                            ;
; 1                                            ; 1                            ;
; 2                                            ; 0                            ;
; 3                                            ; 0                            ;
; 4                                            ; 0                            ;
; 5                                            ; 0                            ;
; 6                                            ; 0                            ;
; 7                                            ; 0                            ;
; 8                                            ; 1                            ;
; 9                                            ; 0                            ;
; 10                                           ; 0                            ;
; 11                                           ; 0                            ;
; 12                                           ; 0                            ;
; 13                                           ; 0                            ;
; 14                                           ; 0                            ;
; 15                                           ; 0                            ;
; 16                                           ; 1                            ;
; 17                                           ; 0                            ;
; 18                                           ; 3                            ;
; 19                                           ; 1                            ;
; 20                                           ; 2                            ;
; 21                                           ; 0                            ;
; 22                                           ; 0                            ;
; 23                                           ; 3                            ;
; 24                                           ; 1                            ;
; 25                                           ; 0                            ;
; 26                                           ; 2                            ;
; 27                                           ; 0                            ;
; 28                                           ; 1                            ;
; 29                                           ; 1                            ;
; 30                                           ; 1                            ;
+----------------------------------------------+------------------------------+


+--------------------------------------------------------------------------------+
; LAB Signals Sourced Out                                                        ;
+-------------------------------------------------+------------------------------+
; Number of Signals Sourced Out  (Average = 8.61) ; Number of LABs  (Total = 18) ;
+-------------------------------------------------+------------------------------+
; 0                                               ; 0                            ;
; 1                                               ; 1                            ;
; 2                                               ; 0                            ;
; 3                                               ; 1                            ;
; 4                                               ; 0                            ;
; 5                                               ; 3                            ;
; 6                                               ; 0                            ;
; 7                                               ; 2                            ;
; 8                                               ; 3                            ;
; 9                                               ; 1                            ;
; 10                                              ; 2                            ;
; 11                                              ; 2                            ;
; 12                                              ; 0                            ;
; 13                                              ; 1                            ;
; 14                                              ; 1                            ;
; 15                                              ; 0                            ;
; 16                                              ; 0                            ;
; 17                                              ; 0                            ;
; 18                                              ; 0                            ;
; 19                                              ; 0                            ;
; 20                                              ; 1                            ;
+-------------------------------------------------+------------------------------+


+-----------------------------------------------------------------------------+
; LAB Distinct Inputs                                                         ;
+----------------------------------------------+------------------------------+
; Number of Distinct Inputs  (Average = 15.56) ; Number of LABs  (Total = 18) ;
+----------------------------------------------+------------------------------+
; 0                                            ; 0                            ;
; 1                                            ; 0                            ;
; 2                                            ; 2                            ;
; 3                                            ; 0                            ;
; 4                                            ; 1                            ;
; 5                                            ; 0                            ;
; 6                                            ; 0                            ;
; 7                                            ; 0                            ;
; 8                                            ; 0                            ;
; 9                                            ; 2                            ;
; 10                                           ; 1                            ;
; 11                                           ; 0                            ;
; 12                                           ; 0                            ;
; 13                                           ; 2                            ;
; 14                                           ; 2                            ;
; 15                                           ; 0                            ;
; 16                                           ; 0                            ;
; 17                                           ; 1                            ;
; 18                                           ; 0                            ;
; 19                                           ; 3                            ;
; 20                                           ; 0                            ;
; 21                                           ; 0                            ;
; 22                                           ; 0                            ;
; 23                                           ; 0                            ;
; 24                                           ; 0                            ;
; 25                                           ; 0                            ;
; 26                                           ; 0                            ;
; 27                                           ; 1                            ;
; 28                                           ; 0                            ;
; 29                                           ; 1                            ;
; 30                                           ; 2                            ;
+----------------------------------------------+------------------------------+


+-------------------------------------------------------------------------+
; Fitter Device Options                                                   ;
+----------------------------------------------+--------------------------+
; Option                                       ; Setting                  ;
+----------------------------------------------+--------------------------+
; Enable user-supplied start-up clock (CLKUSR) ; Off                      ;
; Enable device-wide reset (DEV_CLRn)          ; Off                      ;
; Enable device-wide output enable (DEV_OE)    ; Off                      ;
; Enable INIT_DONE output                      ; Off                      ;
; Configuration scheme                         ; Active Serial            ;
; Error detection CRC                          ; Off                      ;
; nCEO                                         ; As output driving ground ;
; ASDO,nCSO                                    ; As input tri-stated      ;
; Reserve all unused pins                      ; As input tri-stated      ;
; Base pin-out file on sameframe device        ; Off                      ;
+----------------------------------------------+--------------------------+


+------------------------------------+
; Operating Settings and Conditions  ;
+---------------------------+--------+
; Setting                   ; Value  ;
+---------------------------+--------+
; Nominal Core Voltage      ; 1.20 V ;
; Low Junction Temperature  ; 0 C   ;
; High Junction Temperature ; 85 C  ;
+---------------------------+--------+


+------------------------------------------------------------+
; Estimated Delay Added for Hold Timing                      ;
+-----------------+----------------------+-------------------+
; Source Clock(s) ; Destination Clock(s) ; Delay Added in ns ;
+-----------------+----------------------+-------------------+


+-----------------+
; Fitter Messages ;
+-----------------+
Info: *******************************************************************
Info: Running Quartus II Fitter
    Info: Version 9.0 Build 132 02/25/2009 SJ Full Version
    Info: Processing started: Tue May 13 20:33:52 2014
Info: Command: quartus_fit --read_settings_files=off --write_settings_files=off DS18B20 -c DS18B20
Info: Parallel compilation is enabled and will use 2 of the 2 processors detected
Info: Selected device EP2C5T144C8 for design "DS18B20"
Info: Low junction temperature is 0 degrees C
Info: High junction temperature is 85 degrees C
Info: Fitter is performing an Auto Fit compilation, which may decrease Fitter effort to reduce compilation time
Info: Device migration not selected. If you intend to use device migration later, you may need to change the pin assignments as they may be incompatible with other devices
    Info: Device EP2C5T144I8 is compatible
    Info: Device EP2C8T144C8 is compatible
    Info: Device EP2C8T144I8 is compatible
Info: Fitter converted 3 user pins into dedicated programming pins
    Info: Pin ~ASDO~ is reserved at location 1
    Info: Pin ~nCSO~ is reserved at location 2
    Info: Pin ~LVDS41p/nCEO~ is reserved at location 76
Info: Fitter is using the Classic Timing Analyzer
Info: Timing requirements not specified -- quality metrics such as performance and power consumption may be sacrificed to reduce compilation time.
Info: Automatically promoted node clk (placed in PIN 17 (CLK0, LVDSCLK0p, Input))
    Info: Automatically promoted destinations to use location or clock signal Global Clock CLKCTRL_G2
    Info: Following destination nodes may be non-global or may not use global or regional clocks
        Info: Destination node clk_1us
Info: Automatically promoted node clk_1us 
    Info: Automatically promoted destinations to use location or clock signal Global Clock
    Info: Following destination nodes may be non-global or may not use global or regional clocks
        Info: Destination node clk_1us~2
Info: Starting register packing
Info: Finished register packing
    Extra Info: No registers were packed into other blocks
Info: Fitter preparation operations ending: elapsed time is 00:00:01
Info: Fitter placement preparation operations beginning
Info: Fitter placement preparation operations ending: elapsed time is 00:00:00
Info: Fitter placement operations beginning
Info: Fitter placement was successful
Info: Fitter placement operations ending: elapsed time is 00:00:00
Info: Slack time is -10.173 ns between source register "cnt_1us[10]" and destination register "one_wire_buf~en"
    Info: + Largest register to register requirement is 0.736 ns
    Info:   Shortest clock path from clock "clk" to destination register is 7.525 ns
        Info: 1: + IC(0.000 ns) + CELL(0.854 ns) = 0.854 ns; Loc. = Unassigned; Fanout = 2; CLK Node = 'clk'
        Info: 2: + IC(1.705 ns) + CELL(0.970 ns) = 3.529 ns; Loc. = Unassigned; Fanout = 2; REG Node = 'clk_1us'
        Info: 3: + IC(2.498 ns) + CELL(0.000 ns) = 6.027 ns; Loc. = Unassigned; Fanout = 60; COMB Node = 'clk_1us~clkctrl'
        Info: 4: + IC(0.832 ns) + CELL(0.666 ns) = 7.525 ns; Loc. = Unassigned; Fanout = 1; REG Node = 'one_wire_buf~en'
        Info: Total cell delay = 2.490 ns ( 33.09 % )
        Info: Total interconnect delay = 5.035 ns ( 66.91 % )
    Info:   Longest clock path from clock "clk" to destination register is 7.525 ns
        Info: 1: + IC(0.000 ns) + CELL(0.854 ns) = 0.854 ns; Loc. = Unassigned; Fanout = 2; CLK Node = 'clk'
        Info: 2: + IC(1.705 ns) + CELL(0.970 ns) = 3.529 ns; Loc. = Unassigned; Fanout = 2; REG Node = 'clk_1us'
        Info: 3: + IC(2.498 ns) + CELL(0.000 ns) = 6.027 ns; Loc. = Unassigned; Fanout = 60; COMB Node = 'clk_1us~clkctrl'
        Info: 4: + IC(0.832 ns) + CELL(0.666 ns) = 7.525 ns; Loc. = Unassigned; Fanout = 1; REG Node = 'one_wire_buf~en'
        Info: Total cell delay = 2.490 ns ( 33.09 % )
        Info: Total interconnect delay = 5.035 ns ( 66.91 % )
    Info:   Shortest clock path from clock "clk" to source register is 7.525 ns
        Info: 1: + IC(0.000 ns) + CELL(0.854 ns) = 0.854 ns; Loc. = Unassigned; Fanout = 2; CLK Node = 'clk'
        Info: 2: + IC(1.705 ns) + CELL(0.970 ns) = 3.529 ns; Loc. = Unassigned; Fanout = 2; REG Node = 'clk_1us'
        Info: 3: + IC(2.498 ns) + CELL(0.000 ns) = 6.027 ns; Loc. = Unassigned; Fanout = 60; COMB Node = 'clk_1us~clkctrl'
        Info: 4: + IC(0.832 ns) + CELL(0.666 ns) = 7.525 ns; Loc. = Unassigned; Fanout = 3; REG Node = 'cnt_1us[10]'
        Info: Total cell delay = 2.490 ns ( 33.09 % )
        Info: Total interconnect delay = 5.035 ns ( 66.91 % )
    Info:   Longest clock path from clock "clk" to source register is 7.525 ns
        Info: 1: + IC(0.000 ns) + CELL(0.854 ns) = 0.854 ns; Loc. = Unassigned; Fanout = 2; CLK Node = 'clk'
        Info: 2: + IC(1.705 ns) + CELL(0.970 ns) = 3.529 ns; Loc. = Unassigned; Fanout = 2; REG Node = 'clk_1us'
        Info: 3: + IC(2.498 ns) + CELL(0.000 ns) = 6.027 ns; Loc. = Unassigned; Fanout = 60; COMB Node = 'clk_1us~clkctrl'
        Info: 4: + IC(0.832 ns) + CELL(0.666 ns) = 7.525 ns; Loc. = Unassigned; Fanout = 3; REG Node = 'cnt_1us[10]'
        Info: Total cell delay = 2.490 ns ( 33.09 % )
        Info: Total interconnect delay = 5.035 ns ( 66.91 % )
    Info:   Micro clock to output delay of source is 0.304 ns
    Info:   Micro setup delay of destination is -0.040 ns
    Info: - Longest register to register delay is 10.909 ns
        Info: 1: + IC(0.000 ns) + CELL(0.000 ns) = 0.000 ns; Loc. = Unassigned; Fanout = 3; REG Node = 'cnt_1us[10]'
        Info: 2: + IC(1.755 ns) + CELL(0.202 ns) = 1.957 ns; Loc. = Unassigned; Fanout = 1; COMB Node = 'Equal38~0'
        Info: 3: + IC(0.160 ns) + CELL(0.647 ns) = 2.764 ns; Loc. = Unassigned; Fanout = 4; COMB Node = 'Equal38~1'
        Info: 4: + IC(0.160 ns) + CELL(0.614 ns) = 3.538 ns; Loc. = Unassigned; Fanout = 4; COMB Node = 'Equal1~3'
        Info: 5: + IC(0.902 ns) + CELL(0.624 ns) = 5.064 ns; Loc. = Unassigned; Fanout = 3; COMB Node = 'Selector35~26'
        Info: 6: + IC(1.663 ns) + CELL(0.650 ns) = 7.377 ns; Loc. = Unassigned; Fanout = 1; COMB Node = 'one_wire_buf~60'
        Info: 7: + IC(0.160 ns) + CELL(0.651 ns) = 8.188 ns; Loc. = Unassigned; Fanout = 1; COMB Node = 'one_wire_buf~61'
        Info: 8: + IC(1.866 ns) + CELL(0.855 ns) = 10.909 ns; Loc. = Unassigned; Fanout = 1; REG Node = 'one_wire_buf~en'
        Info: Total cell delay = 4.243 ns ( 38.89 % )
        Info: Total interconnect delay = 6.666 ns ( 61.11 % )
Info: Estimated most critical path is register to register delay of 10.909 ns
    Info: 1: + IC(0.000 ns) + CELL(0.000 ns) = 0.000 ns; Loc. = LAB_X25_Y6; Fanout = 3; REG Node = 'cnt_1us[10]'
    Info: 2: + IC(1.755 ns) + CELL(0.202 ns) = 1.957 ns; Loc. = LAB_X27_Y7; Fanout = 1; COMB Node = 'Equal38~0'
    Info: 3: + IC(0.160 ns) + CELL(0.647 ns) = 2.764 ns; Loc. = LAB_X27_Y7; Fanout = 4; COMB Node = 'Equal38~1'
    Info: 4: + IC(0.160 ns) + CELL(0.614 ns) = 3.538 ns; Loc. = LAB_X27_Y7; Fanout = 4; COMB Node = 'Equal1~3'
    Info: 5: + IC(0.902 ns) + CELL(0.624 ns) = 5.064 ns; Loc. = LAB_X26_Y8; Fanout = 3; COMB Node = 'Selector35~26'
    Info: 6: + IC(1.663 ns) + CELL(0.650 ns) = 7.377 ns; Loc. = LAB_X18_Y10; Fanout = 1; COMB Node = 'one_wire_buf~60'
    Info: 7: + IC(0.160 ns) + CELL(0.651 ns) = 8.188 ns; Loc. = LAB_X18_Y10; Fanout = 1; COMB Node = 'one_wire_buf~61'
    Info: 8: + IC(1.866 ns) + CELL(0.855 ns) = 10.909 ns; Loc. = LAB_X26_Y8; Fanout = 1; REG Node = 'one_wire_buf~en'
    Info: Total cell delay = 4.243 ns ( 38.89 % )
    Info: Total interconnect delay = 6.666 ns ( 61.11 % )
Info: Fitter routing operations beginning
Info: Average interconnect usage is 1% of the available device resources
    Info: Peak interconnect usage is 2% of the available device resources in the region that extends from location X14_Y0 to location X28_Y14
Info: Fitter routing operations ending: elapsed time is 00:00:00
Info: The Fitter performed an Auto Fit compilation.  Optimizations were skipped to reduce compilation time.
    Info: Optimizations that may affect the design's routability were skipped
    Info: Optimizations that may affect the design's timing were skipped
Info: Started post-fitting delay annotation
Warning: Found 13 output pins without output pin load capacitance assignment
    Info: Pin "dataout[0]" has no specified output pin load capacitance -- assuming default load capacitance of 0 pF for timing analysis
    Info: Pin "dataout[1]" has no specified output pin load capacitance -- assuming default load capacitance of 0 pF for timing analysis
    Info: Pin "dataout[2]" has no specified output pin load capacitance -- assuming default load capacitance of 0 pF for timing analysis
    Info: Pin "dataout[3]" has no specified output pin load capacitance -- assuming default load capacitance of 0 pF for timing analysis
    Info: Pin "dataout[4]" has no specified output pin load capacitance -- assuming default load capacitance of 0 pF for timing analysis
    Info: Pin "dataout[5]" has no specified output pin load capacitance -- assuming default load capacitance of 0 pF for timing analysis
    Info: Pin "dataout[6]" has no specified output pin load capacitance -- assuming default load capacitance of 0 pF for timing analysis
    Info: Pin "dataout[7]" has no specified output pin load capacitance -- assuming default load capacitance of 0 pF for timing analysis
    Info: Pin "en[0]" has no specified output pin load capacitance -- assuming default load capacitance of 0 pF for timing analysis
    Info: Pin "en[1]" has no specified output pin load capacitance -- assuming default load capacitance of 0 pF for timing analysis
    Info: Pin "en[2]" has no specified output pin load capacitance -- assuming default load capacitance of 0 pF for timing analysis
    Info: Pin "en[3]" has no specified output pin load capacitance -- assuming default load capacitance of 0 pF for timing analysis
    Info: Pin "one_wire" has no specified output pin load capacitance -- assuming default load capacitance of 0 pF for timing analysis
Info: Delay annotation completed successfully
Warning: Following 1 pins have nothing, GND, or VCC driving datain port -- changes to this connectivity may change fitting results
    Info: Pin en[3] has VCC driving its datain port
Info: Following groups of pins have the same output enable
    Info: Following pins have the same output enable: one_wire_buf~en
        Info: Type bi-directional pin one_wire uses the 3.3-V LVTTL I/O standard
Info: Generated suppressed messages file G:/project/FPGA与DS18B20温度传感器的通信实现/DS18B20数码管显示温度/DS18B20.fit.smsg
Info: Quartus II Fitter was successful. 0 errors, 2 warnings
    Info: Peak virtual memory: 196 megabytes
    Info: Processing ended: Tue May 13 20:34:00 2014
    Info: Elapsed time: 00:00:08
    Info: Total CPU time (on all processors): 00:00:07


+----------------------------+
; Fitter Suppressed Messages ;
+----------------------------+
The suppressed messages can be found in G:/project/FPGA与DS18B20温度传感器的通信实现/DS18B20数码管显示温度/DS18B20.fit.smsg.


