Flow report for DS18B20
Tue May 13 20:34:12 2014
Quartus II Version 9.0 Build 132 02/25/2009 SJ Full Version


---------------------
; Table of Contents ;
---------------------
  1. Legal Notice
  2. Flow Summary
  3. Flow Settings
  4. Flow Non-Default Global Settings
  5. Flow Elapsed Time
  6. Flow OS Summary
  7. Flow Log



----------------
; Legal Notice ;
----------------
Copyright (C) 1991-2009 Altera Corporation
Your use of Altera Corporation's design tools, logic functions 
and other software and tools, and its AMPP partner logic 
functions, and any output files from any of the foregoing 
(including device programming or simulation files), and any 
associated documentation or information are expressly subject 
to the terms and conditions of the Altera Program License 
Subscription Agreement, Altera MegaCore Function License 
Agreement, or other applicable license agreement, including, 
without limitation, that your use is for the sole purpose of 
programming logic devices manufactured by Altera and sold by 
Altera or its authorized distributors.  Please refer to the 
applicable agreement for further details.



+-------------------------------------------------------------------------------+
; Flow Summary                                                                  ;
+------------------------------------+------------------------------------------+
; Flow Status                        ; Successful - Tue May 13 20:34:12 2014    ;
; Quartus II Version                 ; 9.0 Build 132 02/25/2009 SJ Full Version ;
; Revision Name                      ; DS18B20                                  ;
; Top-level Entity Name              ; ds18B20                                  ;
; Family                             ; Cyclone II                               ;
; Device                             ; EP2C5T144C8                              ;
; Timing Models                      ; Final                                    ;
; Met timing requirements            ; Yes                                      ;
; Total logic elements               ; 262 / 4,608 ( 6 % )                      ;
;     Total combinational functions  ; 261 / 4,608 ( 6 % )                      ;
;     Dedicated logic registers      ; 108 / 4,608 ( 2 % )                      ;
; Total registers                    ; 108                                      ;
; Total pins                         ; 15 / 89 ( 17 % )                         ;
; Total virtual pins                 ; 0                                        ;
; Total memory bits                  ; 0 / 119,808 ( 0 % )                      ;
; Embedded Multiplier 9-bit elements ; 0 / 26 ( 0 % )                           ;
; Total PLLs                         ; 0 / 2 ( 0 % )                            ;
+------------------------------------+------------------------------------------+


+-----------------------------------------+
; Flow Settings                           ;
+-------------------+---------------------+
; Option            ; Setting             ;
+-------------------+---------------------+
; Start date & time ; 05/13/2014 20:33:40 ;
; Main task         ; Compilation         ;
; Revision Name     ; DS18B20             ;
+-------------------+---------------------+


+------------------------------------------------------------------------------------------------------------------------------------------------------------------+
; Flow Non-Default Global Settings                                                                                                                                 ;
+------------------------+----------------------------------------------------------------------------------------------+---------------+-------------+------------+
; Assignment Name        ; Value                                                                                        ; Default Value ; Entity Name ; Section Id ;
+------------------------+----------------------------------------------------------------------------------------------+---------------+-------------+------------+
; COMPILER_SIGNATURE_ID  ; 220152335733488.139998442005736                                                              ; --            ; --          ; --         ;
; MAX_CORE_JUNCTION_TEMP ; 85                                                                                           ; --            ; --          ; --         ;
; MIN_CORE_JUNCTION_TEMP ; 0                                                                                            ; --            ; --          ; --         ;
; MISC_FILE              ; F:/EP2C8 350/VHDL 实验已经调试/DS18B20/DS18B20.dpf                                           ; --            ; --          ; --         ;
; MISC_FILE              ; F:/EP2C8_350/VHDL 实验已经调试/DS18B20/DS18B20.dpf                                           ; --            ; --          ; --         ;
; MISC_FILE              ; H:/A-C5FB/A-C8V4开发板-整理的VHDL程序/29实验二十九：DS18B20数码管显示温度/DS18B20.dpf        ; --            ; --          ; --         ;
; MISC_FILE              ; G:/A-C5FB/A-C5FB/A-C8V4开发板-整理的VHDL程序/29实验二十九：DS18B20数码管显示温度/DS18B20.dpf ; --            ; --          ; --         ;
; MISC_FILE              ; E:/A-C5FB资料/A-C5FB开发板-整理的VHDL程序/29实验二十九：DS18B20数码管显示温度/DS18B20.dpf    ; --            ; --          ; --         ;
; MISC_FILE              ; G:/project/FPGA与DS18B20温度传感器的通信实现/DS18B20数码管显示温度/DS18B20.dpf               ; --            ; --          ; --         ;
+------------------------+----------------------------------------------------------------------------------------------+---------------+-------------+------------+


+-----------------------------------------------------------------------------------------------------------------------------+
; Flow Elapsed Time                                                                                                           ;
+-------------------------+--------------+-------------------------+---------------------+------------------------------------+
; Module Name             ; Elapsed Time ; Average Processors Used ; Peak Virtual Memory ; Total CPU Time (on all processors) ;
+-------------------------+--------------+-------------------------+---------------------+------------------------------------+
; Analysis & Synthesis    ; 00:00:10     ; 1.0                     ; 194 MB              ; 00:00:09                           ;
; Fitter                  ; 00:00:07     ; 1.0                     ; 188 MB              ; 00:00:06                           ;
; Assembler               ; 00:00:06     ; 1.0                     ; 156 MB              ; 00:00:06                           ;
; Classic Timing Analyzer ; 00:00:01     ; 1.0                     ; 122 MB              ; 00:00:01                           ;
; Total                   ; 00:00:24     ; --                      ; --                  ; 00:00:22                           ;
+-------------------------+--------------+-------------------------+---------------------+------------------------------------+


+---------------------------------------------------------------------------------------+
; Flow OS Summary                                                                       ;
+-------------------------+------------------+------------+------------+----------------+
; Module Name             ; Machine Hostname ; OS Name    ; OS Version ; Processor type ;
+-------------------------+------------------+------------+------------+----------------+
; Analysis & Synthesis    ; PCPE             ; Windows XP ; 5.1        ; i686           ;
; Fitter                  ; PCPE             ; Windows XP ; 5.1        ; i686           ;
; Assembler               ; PCPE             ; Windows XP ; 5.1        ; i686           ;
; Classic Timing Analyzer ; PCPE             ; Windows XP ; 5.1        ; i686           ;
+-------------------------+------------------+------------+------------+----------------+


------------
; Flow Log ;
------------
quartus_map --read_settings_files=on --write_settings_files=off DS18B20 -c DS18B20
quartus_fit --read_settings_files=off --write_settings_files=off DS18B20 -c DS18B20
quartus_asm --read_settings_files=off --write_settings_files=off DS18B20 -c DS18B20
quartus_tan --read_settings_files=off --write_settings_files=off DS18B20 -c DS18B20 --timing_analysis_only



