Classic Timing Analyzer report for time
Mon Mar 31 21:03:08 2014
Quartus II Version 9.0 Build 132 02/25/2009 SJ Full Version


---------------------
; Table of Contents ;
---------------------
  1. Legal Notice
  2. Timing Analyzer Summary
  3. Timing Analyzer Settings
  4. Clock Settings Summary
  5. Parallel Compilation
  6. Clock Setup: 'clk'
  7. Clock Hold: 'clk'
  8. tsu
  9. tco
 10. th
 11. Timing Analyzer Messages



----------------
; Legal Notice ;
----------------
Copyright (C) 1991-2009 Altera Corporation
Your use of Altera Corporation's design tools, logic functions 
and other software and tools, and its AMPP partner logic 
functions, and any output files from any of the foregoing 
(including device programming or simulation files), and any 
associated documentation or information are expressly subject 
to the terms and conditions of the Altera Program License 
Subscription Agreement, Altera MegaCore Function License 
Agreement, or other applicable license agreement, including, 
without limitation, that your use is for the sole purpose of 
programming logic devices manufactured by Altera and sold by 
Altera or its authorized distributors.  Please refer to the 
applicable agreement for further details.



+----------------------------------------------------------------------------------------------------------------------------------------------------------------------------------------------------------------------------------------------+
; Timing Analyzer Summary                                                                                                                                                                                                                      ;
+------------------------------+------------------------------------------+---------------+----------------------------------+----------------------------------+---------------------------------------+------------+----------+--------------+
; Type                         ; Slack                                    ; Required Time ; Actual Time                      ; From                             ; To                                    ; From Clock ; To Clock ; Failed Paths ;
+------------------------------+------------------------------------------+---------------+----------------------------------+----------------------------------+---------------------------------------+------------+----------+--------------+
; Worst-case tsu               ; N/A                                      ; None          ; 5.810 ns                         ; pause_key                        ; key:inst4|pause_key_out               ; --         ; clk      ; 0            ;
; Worst-case tco               ; N/A                                      ; None          ; 9.865 ns                         ; led:inst9|led_reg[3]             ; led[3]                                ; clk        ; --       ; 0            ;
; Worst-case th                ; N/A                                      ; None          ; -4.304 ns                        ; start_key                        ; key:inst4|start_state[0]              ; --         ; clk      ; 0            ;
; Clock Setup: 'clk'           ; N/A                                      ; None          ; 113.46 MHz ( period = 8.814 ns ) ; time_counter:inst5|seg_select[0] ; time_counter:inst5|seg_duan[0]        ; clk        ; clk      ; 0            ;
; Clock Hold: 'clk'            ; Not operational: Clock Skew > Data Delay ; None          ; N/A                              ; time_counter:inst5|time_over_reg ; time_counter:inst5|second_count_ge[2] ; clk        ; clk      ; 39           ;
; Total number of failed paths ;                                          ;               ;                                  ;                                  ;                                       ;            ;          ; 39           ;
+------------------------------+------------------------------------------+---------------+----------------------------------+----------------------------------+---------------------------------------+------------+----------+--------------+


+--------------------------------------------------------------------------------------------------------------------+
; Timing Analyzer Settings                                                                                           ;
+---------------------------------------------------------------------+--------------------+------+----+-------------+
; Option                                                              ; Setting            ; From ; To ; Entity Name ;
+---------------------------------------------------------------------+--------------------+------+----+-------------+
; Device Name                                                         ; EP2C5T144C8        ;      ;    ;             ;
; Timing Models                                                       ; Final              ;      ;    ;             ;
; Default hold multicycle                                             ; Same as Multicycle ;      ;    ;             ;
; Cut paths between unrelated clock domains                           ; On                 ;      ;    ;             ;
; Cut off read during write signal paths                              ; On                 ;      ;    ;             ;
; Cut off feedback from I/O pins                                      ; On                 ;      ;    ;             ;
; Report Combined Fast/Slow Timing                                    ; Off                ;      ;    ;             ;
; Ignore Clock Settings                                               ; Off                ;      ;    ;             ;
; Analyze latches as synchronous elements                             ; On                 ;      ;    ;             ;
; Enable Recovery/Removal analysis                                    ; Off                ;      ;    ;             ;
; Enable Clock Latency                                                ; Off                ;      ;    ;             ;
; Use TimeQuest Timing Analyzer                                       ; Off                ;      ;    ;             ;
; Minimum Core Junction Temperature                                   ; 0                  ;      ;    ;             ;
; Maximum Core Junction Temperature                                   ; 85                 ;      ;    ;             ;
; Number of source nodes to report per destination node               ; 10                 ;      ;    ;             ;
; Number of destination nodes to report                               ; 10                 ;      ;    ;             ;
; Number of paths to report                                           ; 200                ;      ;    ;             ;
; Report Minimum Timing Checks                                        ; Off                ;      ;    ;             ;
; Use Fast Timing Models                                              ; Off                ;      ;    ;             ;
; Report IO Paths Separately                                          ; Off                ;      ;    ;             ;
; Perform Multicorner Analysis                                        ; On                 ;      ;    ;             ;
; Reports the worst-case path for each clock domain and analysis      ; Off                ;      ;    ;             ;
; Removes common clock path pessimism (CCPP) during slack computation ; Off                ;      ;    ;             ;
; Output I/O Timing Endpoint                                          ; Near End           ;      ;    ;             ;
+---------------------------------------------------------------------+--------------------+------+----+-------------+


+------------------------------------------------------------------------------------------------------------------------------------------------------------------------------------+
; Clock Settings Summary                                                                                                                                                             ;
+-----------------+--------------------+----------+------------------+---------------+--------------+----------+-----------------------+---------------------+--------+--------------+
; Clock Node Name ; Clock Setting Name ; Type     ; Fmax Requirement ; Early Latency ; Late Latency ; Based on ; Multiply Base Fmax by ; Divide Base Fmax by ; Offset ; Phase offset ;
+-----------------+--------------------+----------+------------------+---------------+--------------+----------+-----------------------+---------------------+--------+--------------+
; clk             ;                    ; User Pin ; None             ; 0.000 ns      ; 0.000 ns     ; --       ; N/A                   ; N/A                 ; N/A    ;              ;
+-----------------+--------------------+----------+------------------+---------------+--------------+----------+-----------------------+---------------------+--------+--------------+


+------------------------------------------+
; Parallel Compilation                     ;
+----------------------------+-------------+
; Processors                 ; Number      ;
+----------------------------+-------------+
; Number detected on machine ; 2           ;
; Maximum allowed            ; 2           ;
;                            ;             ;
; Average used               ; 1.00        ;
; Maximum used               ; 1           ;
;                            ;             ;
; Usage by Processor         ; % Time Used ;
;     1 processor            ; 100.0%      ;
;     2 processors           ;   0.0%      ;
+----------------------------+-------------+


+---------------------------------------------------------------------------------------------------------------------------------------------------------------------------------------------------------------------------------------------------------------------------------------+
; Clock Setup: 'clk'                                                                                                                                                                                                                                                                    ;
+-----------------------------------------+-----------------------------------------------------+----------------------------------------+----------------------------------+------------+----------+-----------------------------+---------------------------+-------------------------+
; Slack                                   ; Actual fmax (period)                                ; From                                   ; To                               ; From Clock ; To Clock ; Required Setup Relationship ; Required Longest P2P Time ; Actual Longest P2P Time ;
+-----------------------------------------+-----------------------------------------------------+----------------------------------------+----------------------------------+------------+----------+-----------------------------+---------------------------+-------------------------+
; N/A                                     ; 113.46 MHz ( period = 8.814 ns )                    ; time_counter:inst5|seg_select[0]       ; time_counter:inst5|seg_duan[6]   ; clk        ; clk      ; None                        ; None                      ; 3.984 ns                ;
; N/A                                     ; 113.46 MHz ( period = 8.814 ns )                    ; time_counter:inst5|seg_select[0]       ; time_counter:inst5|seg_duan[5]   ; clk        ; clk      ; None                        ; None                      ; 3.984 ns                ;
; N/A                                     ; 113.46 MHz ( period = 8.814 ns )                    ; time_counter:inst5|seg_select[0]       ; time_counter:inst5|seg_duan[4]   ; clk        ; clk      ; None                        ; None                      ; 3.984 ns                ;
; N/A                                     ; 113.46 MHz ( period = 8.814 ns )                    ; time_counter:inst5|seg_select[0]       ; time_counter:inst5|seg_duan[3]   ; clk        ; clk      ; None                        ; None                      ; 3.984 ns                ;
; N/A                                     ; 113.46 MHz ( period = 8.814 ns )                    ; time_counter:inst5|seg_select[0]       ; time_counter:inst5|seg_duan[2]   ; clk        ; clk      ; None                        ; None                      ; 3.984 ns                ;
; N/A                                     ; 113.46 MHz ( period = 8.814 ns )                    ; time_counter:inst5|seg_select[0]       ; time_counter:inst5|seg_duan[1]   ; clk        ; clk      ; None                        ; None                      ; 3.984 ns                ;
; N/A                                     ; 113.46 MHz ( period = 8.814 ns )                    ; time_counter:inst5|seg_select[0]       ; time_counter:inst5|seg_duan[0]   ; clk        ; clk      ; None                        ; None                      ; 3.984 ns                ;
; N/A                                     ; 114.56 MHz ( period = 8.729 ns )                    ; time_counter:inst5|seg_select[1]       ; time_counter:inst5|seg_duan[6]   ; clk        ; clk      ; None                        ; None                      ; 3.899 ns                ;
; N/A                                     ; 114.56 MHz ( period = 8.729 ns )                    ; time_counter:inst5|seg_select[1]       ; time_counter:inst5|seg_duan[5]   ; clk        ; clk      ; None                        ; None                      ; 3.899 ns                ;
; N/A                                     ; 114.56 MHz ( period = 8.729 ns )                    ; time_counter:inst5|seg_select[1]       ; time_counter:inst5|seg_duan[4]   ; clk        ; clk      ; None                        ; None                      ; 3.899 ns                ;
; N/A                                     ; 114.56 MHz ( period = 8.729 ns )                    ; time_counter:inst5|seg_select[1]       ; time_counter:inst5|seg_duan[3]   ; clk        ; clk      ; None                        ; None                      ; 3.899 ns                ;
; N/A                                     ; 114.56 MHz ( period = 8.729 ns )                    ; time_counter:inst5|seg_select[1]       ; time_counter:inst5|seg_duan[2]   ; clk        ; clk      ; None                        ; None                      ; 3.899 ns                ;
; N/A                                     ; 114.56 MHz ( period = 8.729 ns )                    ; time_counter:inst5|seg_select[1]       ; time_counter:inst5|seg_duan[1]   ; clk        ; clk      ; None                        ; None                      ; 3.899 ns                ;
; N/A                                     ; 114.56 MHz ( period = 8.729 ns )                    ; time_counter:inst5|seg_select[1]       ; time_counter:inst5|seg_duan[0]   ; clk        ; clk      ; None                        ; None                      ; 3.899 ns                ;
; N/A                                     ; 115.26 MHz ( period = 8.676 ns )                    ; time_counter:inst5|second_count_shi[1] ; time_counter:inst5|seg_duan[6]   ; clk        ; clk      ; None                        ; None                      ; 4.321 ns                ;
; N/A                                     ; 115.26 MHz ( period = 8.676 ns )                    ; time_counter:inst5|second_count_shi[1] ; time_counter:inst5|seg_duan[5]   ; clk        ; clk      ; None                        ; None                      ; 4.321 ns                ;
; N/A                                     ; 115.26 MHz ( period = 8.676 ns )                    ; time_counter:inst5|second_count_shi[1] ; time_counter:inst5|seg_duan[4]   ; clk        ; clk      ; None                        ; None                      ; 4.321 ns                ;
; N/A                                     ; 115.26 MHz ( period = 8.676 ns )                    ; time_counter:inst5|second_count_shi[1] ; time_counter:inst5|seg_duan[3]   ; clk        ; clk      ; None                        ; None                      ; 4.321 ns                ;
; N/A                                     ; 115.26 MHz ( period = 8.676 ns )                    ; time_counter:inst5|second_count_shi[1] ; time_counter:inst5|seg_duan[2]   ; clk        ; clk      ; None                        ; None                      ; 4.321 ns                ;
; N/A                                     ; 115.26 MHz ( period = 8.676 ns )                    ; time_counter:inst5|second_count_shi[1] ; time_counter:inst5|seg_duan[1]   ; clk        ; clk      ; None                        ; None                      ; 4.321 ns                ;
; N/A                                     ; 115.26 MHz ( period = 8.676 ns )                    ; time_counter:inst5|second_count_shi[1] ; time_counter:inst5|seg_duan[0]   ; clk        ; clk      ; None                        ; None                      ; 4.321 ns                ;
; N/A                                     ; 117.66 MHz ( period = 8.499 ns )                    ; time_counter:inst5|second_count_ge[1]  ; time_counter:inst5|seg_duan[6]   ; clk        ; clk      ; None                        ; None                      ; 4.144 ns                ;
; N/A                                     ; 117.66 MHz ( period = 8.499 ns )                    ; time_counter:inst5|second_count_ge[1]  ; time_counter:inst5|seg_duan[5]   ; clk        ; clk      ; None                        ; None                      ; 4.144 ns                ;
; N/A                                     ; 117.66 MHz ( period = 8.499 ns )                    ; time_counter:inst5|second_count_ge[1]  ; time_counter:inst5|seg_duan[4]   ; clk        ; clk      ; None                        ; None                      ; 4.144 ns                ;
; N/A                                     ; 117.66 MHz ( period = 8.499 ns )                    ; time_counter:inst5|second_count_ge[1]  ; time_counter:inst5|seg_duan[3]   ; clk        ; clk      ; None                        ; None                      ; 4.144 ns                ;
; N/A                                     ; 117.66 MHz ( period = 8.499 ns )                    ; time_counter:inst5|second_count_ge[1]  ; time_counter:inst5|seg_duan[2]   ; clk        ; clk      ; None                        ; None                      ; 4.144 ns                ;
; N/A                                     ; 117.66 MHz ( period = 8.499 ns )                    ; time_counter:inst5|second_count_ge[1]  ; time_counter:inst5|seg_duan[1]   ; clk        ; clk      ; None                        ; None                      ; 4.144 ns                ;
; N/A                                     ; 117.66 MHz ( period = 8.499 ns )                    ; time_counter:inst5|second_count_ge[1]  ; time_counter:inst5|seg_duan[0]   ; clk        ; clk      ; None                        ; None                      ; 4.144 ns                ;
; N/A                                     ; 118.85 MHz ( period = 8.414 ns )                    ; time_counter:inst5|minute_count_shi[1] ; time_counter:inst5|seg_duan[6]   ; clk        ; clk      ; None                        ; None                      ; 4.059 ns                ;
; N/A                                     ; 118.85 MHz ( period = 8.414 ns )                    ; time_counter:inst5|minute_count_shi[1] ; time_counter:inst5|seg_duan[5]   ; clk        ; clk      ; None                        ; None                      ; 4.059 ns                ;
; N/A                                     ; 118.85 MHz ( period = 8.414 ns )                    ; time_counter:inst5|minute_count_shi[1] ; time_counter:inst5|seg_duan[4]   ; clk        ; clk      ; None                        ; None                      ; 4.059 ns                ;
; N/A                                     ; 118.85 MHz ( period = 8.414 ns )                    ; time_counter:inst5|minute_count_shi[1] ; time_counter:inst5|seg_duan[3]   ; clk        ; clk      ; None                        ; None                      ; 4.059 ns                ;
; N/A                                     ; 118.85 MHz ( period = 8.414 ns )                    ; time_counter:inst5|minute_count_shi[1] ; time_counter:inst5|seg_duan[2]   ; clk        ; clk      ; None                        ; None                      ; 4.059 ns                ;
; N/A                                     ; 118.85 MHz ( period = 8.414 ns )                    ; time_counter:inst5|minute_count_shi[1] ; time_counter:inst5|seg_duan[1]   ; clk        ; clk      ; None                        ; None                      ; 4.059 ns                ;
; N/A                                     ; 118.85 MHz ( period = 8.414 ns )                    ; time_counter:inst5|minute_count_shi[1] ; time_counter:inst5|seg_duan[0]   ; clk        ; clk      ; None                        ; None                      ; 4.059 ns                ;
; N/A                                     ; 119.55 MHz ( period = 8.365 ns )                    ; time_counter:inst5|second_count_shi[3] ; time_counter:inst5|seg_duan[6]   ; clk        ; clk      ; None                        ; None                      ; 4.006 ns                ;
; N/A                                     ; 119.55 MHz ( period = 8.365 ns )                    ; time_counter:inst5|second_count_shi[3] ; time_counter:inst5|seg_duan[5]   ; clk        ; clk      ; None                        ; None                      ; 4.006 ns                ;
; N/A                                     ; 119.55 MHz ( period = 8.365 ns )                    ; time_counter:inst5|second_count_shi[3] ; time_counter:inst5|seg_duan[4]   ; clk        ; clk      ; None                        ; None                      ; 4.006 ns                ;
; N/A                                     ; 119.55 MHz ( period = 8.365 ns )                    ; time_counter:inst5|second_count_shi[3] ; time_counter:inst5|seg_duan[3]   ; clk        ; clk      ; None                        ; None                      ; 4.006 ns                ;
; N/A                                     ; 119.55 MHz ( period = 8.365 ns )                    ; time_counter:inst5|second_count_shi[3] ; time_counter:inst5|seg_duan[2]   ; clk        ; clk      ; None                        ; None                      ; 4.006 ns                ;
; N/A                                     ; 119.55 MHz ( period = 8.365 ns )                    ; time_counter:inst5|second_count_shi[3] ; time_counter:inst5|seg_duan[1]   ; clk        ; clk      ; None                        ; None                      ; 4.006 ns                ;
; N/A                                     ; 119.55 MHz ( period = 8.365 ns )                    ; time_counter:inst5|second_count_shi[3] ; time_counter:inst5|seg_duan[0]   ; clk        ; clk      ; None                        ; None                      ; 4.006 ns                ;
; N/A                                     ; 121.27 MHz ( period = 8.246 ns )                    ; time_counter:inst5|second_count_shi[2] ; time_counter:inst5|seg_duan[6]   ; clk        ; clk      ; None                        ; None                      ; 3.891 ns                ;
; N/A                                     ; 121.27 MHz ( period = 8.246 ns )                    ; time_counter:inst5|second_count_shi[2] ; time_counter:inst5|seg_duan[5]   ; clk        ; clk      ; None                        ; None                      ; 3.891 ns                ;
; N/A                                     ; 121.27 MHz ( period = 8.246 ns )                    ; time_counter:inst5|second_count_shi[2] ; time_counter:inst5|seg_duan[4]   ; clk        ; clk      ; None                        ; None                      ; 3.891 ns                ;
; N/A                                     ; 121.27 MHz ( period = 8.246 ns )                    ; time_counter:inst5|second_count_shi[2] ; time_counter:inst5|seg_duan[3]   ; clk        ; clk      ; None                        ; None                      ; 3.891 ns                ;
; N/A                                     ; 121.27 MHz ( period = 8.246 ns )                    ; time_counter:inst5|second_count_shi[2] ; time_counter:inst5|seg_duan[2]   ; clk        ; clk      ; None                        ; None                      ; 3.891 ns                ;
; N/A                                     ; 121.27 MHz ( period = 8.246 ns )                    ; time_counter:inst5|second_count_shi[2] ; time_counter:inst5|seg_duan[1]   ; clk        ; clk      ; None                        ; None                      ; 3.891 ns                ;
; N/A                                     ; 121.27 MHz ( period = 8.246 ns )                    ; time_counter:inst5|second_count_shi[2] ; time_counter:inst5|seg_duan[0]   ; clk        ; clk      ; None                        ; None                      ; 3.891 ns                ;
; N/A                                     ; 121.30 MHz ( period = 8.244 ns )                    ; time_counter:inst5|second_count_ge[3]  ; time_counter:inst5|seg_duan[6]   ; clk        ; clk      ; None                        ; None                      ; 3.889 ns                ;
; N/A                                     ; 121.30 MHz ( period = 8.244 ns )                    ; time_counter:inst5|second_count_ge[3]  ; time_counter:inst5|seg_duan[5]   ; clk        ; clk      ; None                        ; None                      ; 3.889 ns                ;
; N/A                                     ; 121.30 MHz ( period = 8.244 ns )                    ; time_counter:inst5|second_count_ge[3]  ; time_counter:inst5|seg_duan[4]   ; clk        ; clk      ; None                        ; None                      ; 3.889 ns                ;
; N/A                                     ; 121.30 MHz ( period = 8.244 ns )                    ; time_counter:inst5|second_count_ge[3]  ; time_counter:inst5|seg_duan[3]   ; clk        ; clk      ; None                        ; None                      ; 3.889 ns                ;
; N/A                                     ; 121.30 MHz ( period = 8.244 ns )                    ; time_counter:inst5|second_count_ge[3]  ; time_counter:inst5|seg_duan[2]   ; clk        ; clk      ; None                        ; None                      ; 3.889 ns                ;
; N/A                                     ; 121.30 MHz ( period = 8.244 ns )                    ; time_counter:inst5|second_count_ge[3]  ; time_counter:inst5|seg_duan[1]   ; clk        ; clk      ; None                        ; None                      ; 3.889 ns                ;
; N/A                                     ; 121.30 MHz ( period = 8.244 ns )                    ; time_counter:inst5|second_count_ge[3]  ; time_counter:inst5|seg_duan[0]   ; clk        ; clk      ; None                        ; None                      ; 3.889 ns                ;
; N/A                                     ; 122.43 MHz ( period = 8.168 ns )                    ; time_counter:inst5|minute_count_shi[3] ; time_counter:inst5|seg_duan[6]   ; clk        ; clk      ; None                        ; None                      ; 3.813 ns                ;
; N/A                                     ; 122.43 MHz ( period = 8.168 ns )                    ; time_counter:inst5|minute_count_shi[3] ; time_counter:inst5|seg_duan[5]   ; clk        ; clk      ; None                        ; None                      ; 3.813 ns                ;
; N/A                                     ; 122.43 MHz ( period = 8.168 ns )                    ; time_counter:inst5|minute_count_shi[3] ; time_counter:inst5|seg_duan[4]   ; clk        ; clk      ; None                        ; None                      ; 3.813 ns                ;
; N/A                                     ; 122.43 MHz ( period = 8.168 ns )                    ; time_counter:inst5|minute_count_shi[3] ; time_counter:inst5|seg_duan[3]   ; clk        ; clk      ; None                        ; None                      ; 3.813 ns                ;
; N/A                                     ; 122.43 MHz ( period = 8.168 ns )                    ; time_counter:inst5|minute_count_shi[3] ; time_counter:inst5|seg_duan[2]   ; clk        ; clk      ; None                        ; None                      ; 3.813 ns                ;
; N/A                                     ; 122.43 MHz ( period = 8.168 ns )                    ; time_counter:inst5|minute_count_shi[3] ; time_counter:inst5|seg_duan[1]   ; clk        ; clk      ; None                        ; None                      ; 3.813 ns                ;
; N/A                                     ; 122.43 MHz ( period = 8.168 ns )                    ; time_counter:inst5|minute_count_shi[3] ; time_counter:inst5|seg_duan[0]   ; clk        ; clk      ; None                        ; None                      ; 3.813 ns                ;
; N/A                                     ; 123.41 MHz ( period = 8.103 ns )                    ; time_counter:inst5|minute_count_ge[3]  ; time_counter:inst5|seg_duan[6]   ; clk        ; clk      ; None                        ; None                      ; 3.748 ns                ;
; N/A                                     ; 123.41 MHz ( period = 8.103 ns )                    ; time_counter:inst5|minute_count_ge[3]  ; time_counter:inst5|seg_duan[5]   ; clk        ; clk      ; None                        ; None                      ; 3.748 ns                ;
; N/A                                     ; 123.41 MHz ( period = 8.103 ns )                    ; time_counter:inst5|minute_count_ge[3]  ; time_counter:inst5|seg_duan[4]   ; clk        ; clk      ; None                        ; None                      ; 3.748 ns                ;
; N/A                                     ; 123.41 MHz ( period = 8.103 ns )                    ; time_counter:inst5|minute_count_ge[3]  ; time_counter:inst5|seg_duan[3]   ; clk        ; clk      ; None                        ; None                      ; 3.748 ns                ;
; N/A                                     ; 123.41 MHz ( period = 8.103 ns )                    ; time_counter:inst5|minute_count_ge[3]  ; time_counter:inst5|seg_duan[2]   ; clk        ; clk      ; None                        ; None                      ; 3.748 ns                ;
; N/A                                     ; 123.41 MHz ( period = 8.103 ns )                    ; time_counter:inst5|minute_count_ge[3]  ; time_counter:inst5|seg_duan[1]   ; clk        ; clk      ; None                        ; None                      ; 3.748 ns                ;
; N/A                                     ; 123.41 MHz ( period = 8.103 ns )                    ; time_counter:inst5|minute_count_ge[3]  ; time_counter:inst5|seg_duan[0]   ; clk        ; clk      ; None                        ; None                      ; 3.748 ns                ;
; N/A                                     ; 124.61 MHz ( period = 8.025 ns )                    ; time_counter:inst5|minute_count_shi[2] ; time_counter:inst5|seg_duan[6]   ; clk        ; clk      ; None                        ; None                      ; 3.670 ns                ;
; N/A                                     ; 124.61 MHz ( period = 8.025 ns )                    ; time_counter:inst5|minute_count_shi[2] ; time_counter:inst5|seg_duan[5]   ; clk        ; clk      ; None                        ; None                      ; 3.670 ns                ;
; N/A                                     ; 124.61 MHz ( period = 8.025 ns )                    ; time_counter:inst5|minute_count_shi[2] ; time_counter:inst5|seg_duan[4]   ; clk        ; clk      ; None                        ; None                      ; 3.670 ns                ;
; N/A                                     ; 124.61 MHz ( period = 8.025 ns )                    ; time_counter:inst5|minute_count_shi[2] ; time_counter:inst5|seg_duan[3]   ; clk        ; clk      ; None                        ; None                      ; 3.670 ns                ;
; N/A                                     ; 124.61 MHz ( period = 8.025 ns )                    ; time_counter:inst5|minute_count_shi[2] ; time_counter:inst5|seg_duan[2]   ; clk        ; clk      ; None                        ; None                      ; 3.670 ns                ;
; N/A                                     ; 124.61 MHz ( period = 8.025 ns )                    ; time_counter:inst5|minute_count_shi[2] ; time_counter:inst5|seg_duan[1]   ; clk        ; clk      ; None                        ; None                      ; 3.670 ns                ;
; N/A                                     ; 124.61 MHz ( period = 8.025 ns )                    ; time_counter:inst5|minute_count_shi[2] ; time_counter:inst5|seg_duan[0]   ; clk        ; clk      ; None                        ; None                      ; 3.670 ns                ;
; N/A                                     ; 125.03 MHz ( period = 7.998 ns )                    ; time_counter:inst5|second_count_ge[2]  ; time_counter:inst5|seg_duan[6]   ; clk        ; clk      ; None                        ; None                      ; 3.643 ns                ;
; N/A                                     ; 125.03 MHz ( period = 7.998 ns )                    ; time_counter:inst5|second_count_ge[2]  ; time_counter:inst5|seg_duan[5]   ; clk        ; clk      ; None                        ; None                      ; 3.643 ns                ;
; N/A                                     ; 125.03 MHz ( period = 7.998 ns )                    ; time_counter:inst5|second_count_ge[2]  ; time_counter:inst5|seg_duan[4]   ; clk        ; clk      ; None                        ; None                      ; 3.643 ns                ;
; N/A                                     ; 125.03 MHz ( period = 7.998 ns )                    ; time_counter:inst5|second_count_ge[2]  ; time_counter:inst5|seg_duan[3]   ; clk        ; clk      ; None                        ; None                      ; 3.643 ns                ;
; N/A                                     ; 125.03 MHz ( period = 7.998 ns )                    ; time_counter:inst5|second_count_ge[2]  ; time_counter:inst5|seg_duan[2]   ; clk        ; clk      ; None                        ; None                      ; 3.643 ns                ;
; N/A                                     ; 125.03 MHz ( period = 7.998 ns )                    ; time_counter:inst5|second_count_ge[2]  ; time_counter:inst5|seg_duan[1]   ; clk        ; clk      ; None                        ; None                      ; 3.643 ns                ;
; N/A                                     ; 125.03 MHz ( period = 7.998 ns )                    ; time_counter:inst5|second_count_ge[2]  ; time_counter:inst5|seg_duan[0]   ; clk        ; clk      ; None                        ; None                      ; 3.643 ns                ;
; N/A                                     ; 125.44 MHz ( period = 7.972 ns )                    ; time_counter:inst5|minute_count_ge[1]  ; time_counter:inst5|seg_duan[6]   ; clk        ; clk      ; None                        ; None                      ; 3.617 ns                ;
; N/A                                     ; 125.44 MHz ( period = 7.972 ns )                    ; time_counter:inst5|minute_count_ge[1]  ; time_counter:inst5|seg_duan[5]   ; clk        ; clk      ; None                        ; None                      ; 3.617 ns                ;
; N/A                                     ; 125.44 MHz ( period = 7.972 ns )                    ; time_counter:inst5|minute_count_ge[1]  ; time_counter:inst5|seg_duan[4]   ; clk        ; clk      ; None                        ; None                      ; 3.617 ns                ;
; N/A                                     ; 125.44 MHz ( period = 7.972 ns )                    ; time_counter:inst5|minute_count_ge[1]  ; time_counter:inst5|seg_duan[3]   ; clk        ; clk      ; None                        ; None                      ; 3.617 ns                ;
; N/A                                     ; 125.44 MHz ( period = 7.972 ns )                    ; time_counter:inst5|minute_count_ge[1]  ; time_counter:inst5|seg_duan[2]   ; clk        ; clk      ; None                        ; None                      ; 3.617 ns                ;
; N/A                                     ; 125.44 MHz ( period = 7.972 ns )                    ; time_counter:inst5|minute_count_ge[1]  ; time_counter:inst5|seg_duan[1]   ; clk        ; clk      ; None                        ; None                      ; 3.617 ns                ;
; N/A                                     ; 125.44 MHz ( period = 7.972 ns )                    ; time_counter:inst5|minute_count_ge[1]  ; time_counter:inst5|seg_duan[0]   ; clk        ; clk      ; None                        ; None                      ; 3.617 ns                ;
; N/A                                     ; 126.42 MHz ( period = 7.910 ns )                    ; time_counter:inst5|minute_count_ge[2]  ; time_counter:inst5|seg_duan[6]   ; clk        ; clk      ; None                        ; None                      ; 3.555 ns                ;
; N/A                                     ; 126.42 MHz ( period = 7.910 ns )                    ; time_counter:inst5|minute_count_ge[2]  ; time_counter:inst5|seg_duan[5]   ; clk        ; clk      ; None                        ; None                      ; 3.555 ns                ;
; N/A                                     ; 126.42 MHz ( period = 7.910 ns )                    ; time_counter:inst5|minute_count_ge[2]  ; time_counter:inst5|seg_duan[4]   ; clk        ; clk      ; None                        ; None                      ; 3.555 ns                ;
; N/A                                     ; 126.42 MHz ( period = 7.910 ns )                    ; time_counter:inst5|minute_count_ge[2]  ; time_counter:inst5|seg_duan[3]   ; clk        ; clk      ; None                        ; None                      ; 3.555 ns                ;
; N/A                                     ; 126.42 MHz ( period = 7.910 ns )                    ; time_counter:inst5|minute_count_ge[2]  ; time_counter:inst5|seg_duan[2]   ; clk        ; clk      ; None                        ; None                      ; 3.555 ns                ;
; N/A                                     ; 126.42 MHz ( period = 7.910 ns )                    ; time_counter:inst5|minute_count_ge[2]  ; time_counter:inst5|seg_duan[1]   ; clk        ; clk      ; None                        ; None                      ; 3.555 ns                ;
; N/A                                     ; 126.42 MHz ( period = 7.910 ns )                    ; time_counter:inst5|minute_count_ge[2]  ; time_counter:inst5|seg_duan[0]   ; clk        ; clk      ; None                        ; None                      ; 3.555 ns                ;
; N/A                                     ; 126.71 MHz ( period = 7.892 ns )                    ; bell:inst|short_signal                 ; bell:inst|pwm_out                ; clk        ; clk      ; None                        ; None                      ; 1.970 ns                ;
; N/A                                     ; 126.73 MHz ( period = 7.891 ns )                    ; bell:inst|long_signal                  ; bell:inst|pwm_out                ; clk        ; clk      ; None                        ; None                      ; 1.981 ns                ;
; N/A                                     ; 127.75 MHz ( period = 7.828 ns )                    ; time_counter:inst5|second_count_shi[3] ; time_counter:inst5|seg_duan[7]   ; clk        ; clk      ; None                        ; None                      ; 3.465 ns                ;
; N/A                                     ; 128.55 MHz ( period = 7.779 ns )                    ; time_counter:inst5|second_count_ge[2]  ; time_counter:inst5|seg_duan[7]   ; clk        ; clk      ; None                        ; None                      ; 3.420 ns                ;
; N/A                                     ; 128.98 MHz ( period = 7.753 ns )                    ; time_counter:inst5|second_count_ge[1]  ; time_counter:inst5|seg_duan[7]   ; clk        ; clk      ; None                        ; None                      ; 3.394 ns                ;
; N/A                                     ; 131.68 MHz ( period = 7.594 ns )                    ; time_counter:inst5|minute_count_shi[0] ; time_counter:inst5|seg_duan[6]   ; clk        ; clk      ; None                        ; None                      ; 3.239 ns                ;
; N/A                                     ; 131.68 MHz ( period = 7.594 ns )                    ; time_counter:inst5|minute_count_shi[0] ; time_counter:inst5|seg_duan[5]   ; clk        ; clk      ; None                        ; None                      ; 3.239 ns                ;
; N/A                                     ; 131.70 MHz ( period = 7.593 ns )                    ; time_counter:inst5|minute_count_shi[0] ; time_counter:inst5|seg_duan[4]   ; clk        ; clk      ; None                        ; None                      ; 3.238 ns                ;
; N/A                                     ; 131.70 MHz ( period = 7.593 ns )                    ; time_counter:inst5|minute_count_shi[0] ; time_counter:inst5|seg_duan[3]   ; clk        ; clk      ; None                        ; None                      ; 3.238 ns                ;
; N/A                                     ; 131.72 MHz ( period = 7.592 ns )                    ; time_counter:inst5|minute_count_shi[0] ; time_counter:inst5|seg_duan[1]   ; clk        ; clk      ; None                        ; None                      ; 3.237 ns                ;
; N/A                                     ; 131.77 MHz ( period = 7.589 ns )                    ; time_counter:inst5|minute_count_shi[0] ; time_counter:inst5|seg_duan[0]   ; clk        ; clk      ; None                        ; None                      ; 3.234 ns                ;
; N/A                                     ; 131.91 MHz ( period = 7.581 ns )                    ; time_counter:inst5|minute_count_shi[0] ; time_counter:inst5|seg_duan[2]   ; clk        ; clk      ; None                        ; None                      ; 3.226 ns                ;
; N/A                                     ; 132.82 MHz ( period = 7.529 ns )                    ; time_counter:inst5|second_count_ge[0]  ; time_counter:inst5|seg_duan[6]   ; clk        ; clk      ; None                        ; None                      ; 3.174 ns                ;
; N/A                                     ; 132.82 MHz ( period = 7.529 ns )                    ; time_counter:inst5|second_count_ge[0]  ; time_counter:inst5|seg_duan[5]   ; clk        ; clk      ; None                        ; None                      ; 3.174 ns                ;
; N/A                                     ; 132.84 MHz ( period = 7.528 ns )                    ; time_counter:inst5|second_count_ge[0]  ; time_counter:inst5|seg_duan[4]   ; clk        ; clk      ; None                        ; None                      ; 3.173 ns                ;
; N/A                                     ; 132.84 MHz ( period = 7.528 ns )                    ; time_counter:inst5|second_count_ge[0]  ; time_counter:inst5|seg_duan[3]   ; clk        ; clk      ; None                        ; None                      ; 3.173 ns                ;
; N/A                                     ; 132.86 MHz ( period = 7.527 ns )                    ; time_counter:inst5|second_count_ge[0]  ; time_counter:inst5|seg_duan[1]   ; clk        ; clk      ; None                        ; None                      ; 3.172 ns                ;
; N/A                                     ; 132.91 MHz ( period = 7.524 ns )                    ; time_counter:inst5|second_count_ge[0]  ; time_counter:inst5|seg_duan[0]   ; clk        ; clk      ; None                        ; None                      ; 3.169 ns                ;
; N/A                                     ; 133.05 MHz ( period = 7.516 ns )                    ; time_counter:inst5|second_count_ge[0]  ; time_counter:inst5|seg_duan[2]   ; clk        ; clk      ; None                        ; None                      ; 3.161 ns                ;
; N/A                                     ; 134.12 MHz ( period = 7.456 ns )                    ; time_counter:inst5|second_count_shi[0] ; time_counter:inst5|seg_duan[6]   ; clk        ; clk      ; None                        ; None                      ; 3.101 ns                ;
; N/A                                     ; 134.12 MHz ( period = 7.456 ns )                    ; time_counter:inst5|second_count_shi[0] ; time_counter:inst5|seg_duan[5]   ; clk        ; clk      ; None                        ; None                      ; 3.101 ns                ;
; N/A                                     ; 134.14 MHz ( period = 7.455 ns )                    ; time_counter:inst5|second_count_shi[0] ; time_counter:inst5|seg_duan[4]   ; clk        ; clk      ; None                        ; None                      ; 3.100 ns                ;
; N/A                                     ; 134.14 MHz ( period = 7.455 ns )                    ; time_counter:inst5|second_count_shi[0] ; time_counter:inst5|seg_duan[3]   ; clk        ; clk      ; None                        ; None                      ; 3.100 ns                ;
; N/A                                     ; 134.16 MHz ( period = 7.454 ns )                    ; time_counter:inst5|second_count_shi[0] ; time_counter:inst5|seg_duan[1]   ; clk        ; clk      ; None                        ; None                      ; 3.099 ns                ;
; N/A                                     ; 134.21 MHz ( period = 7.451 ns )                    ; time_counter:inst5|second_count_shi[0] ; time_counter:inst5|seg_duan[0]   ; clk        ; clk      ; None                        ; None                      ; 3.096 ns                ;
; N/A                                     ; 134.35 MHz ( period = 7.443 ns )                    ; time_counter:inst5|second_count_shi[0] ; time_counter:inst5|seg_duan[2]   ; clk        ; clk      ; None                        ; None                      ; 3.088 ns                ;
; N/A                                     ; 136.87 MHz ( period = 7.306 ns )                    ; time_counter:inst5|seg_select[1]       ; time_counter:inst5|seg_duan[7]   ; clk        ; clk      ; None                        ; None                      ; 2.472 ns                ;
; N/A                                     ; 138.75 MHz ( period = 7.207 ns )                    ; time_counter:inst5|minute_count_ge[0]  ; time_counter:inst5|seg_duan[6]   ; clk        ; clk      ; None                        ; None                      ; 2.852 ns                ;
; N/A                                     ; 138.75 MHz ( period = 7.207 ns )                    ; time_counter:inst5|minute_count_ge[0]  ; time_counter:inst5|seg_duan[5]   ; clk        ; clk      ; None                        ; None                      ; 2.852 ns                ;
; N/A                                     ; 138.77 MHz ( period = 7.206 ns )                    ; time_counter:inst5|minute_count_ge[0]  ; time_counter:inst5|seg_duan[4]   ; clk        ; clk      ; None                        ; None                      ; 2.851 ns                ;
; N/A                                     ; 138.77 MHz ( period = 7.206 ns )                    ; time_counter:inst5|minute_count_ge[0]  ; time_counter:inst5|seg_duan[3]   ; clk        ; clk      ; None                        ; None                      ; 2.851 ns                ;
; N/A                                     ; 138.79 MHz ( period = 7.205 ns )                    ; time_counter:inst5|minute_count_ge[0]  ; time_counter:inst5|seg_duan[1]   ; clk        ; clk      ; None                        ; None                      ; 2.850 ns                ;
; N/A                                     ; 138.85 MHz ( period = 7.202 ns )                    ; time_counter:inst5|minute_count_ge[0]  ; time_counter:inst5|seg_duan[0]   ; clk        ; clk      ; None                        ; None                      ; 2.847 ns                ;
; N/A                                     ; 138.87 MHz ( period = 7.201 ns )                    ; time_counter:inst5|second_count_shi[2] ; time_counter:inst5|seg_duan[7]   ; clk        ; clk      ; None                        ; None                      ; 2.842 ns                ;
; N/A                                     ; 139.00 MHz ( period = 7.194 ns )                    ; time_counter:inst5|minute_count_ge[0]  ; time_counter:inst5|seg_duan[2]   ; clk        ; clk      ; None                        ; None                      ; 2.839 ns                ;
; N/A                                     ; 141.38 MHz ( period = 7.073 ns )                    ; time_counter:inst5|seg_select[0]       ; time_counter:inst5|seg_duan[7]   ; clk        ; clk      ; None                        ; None                      ; 2.239 ns                ;
; N/A                                     ; 142.09 MHz ( period = 7.038 ns )                    ; time_counter:inst5|second_count_shi[1] ; time_counter:inst5|seg_duan[7]   ; clk        ; clk      ; None                        ; None                      ; 2.679 ns                ;
; N/A                                     ; 142.55 MHz ( period = 7.015 ns )                    ; time_counter:inst5|minute_count_ge[2]  ; time_counter:inst5|seg_duan[7]   ; clk        ; clk      ; None                        ; None                      ; 2.656 ns                ;
; N/A                                     ; 143.35 MHz ( period = 6.976 ns )                    ; time_counter:inst5|second_count_ge[3]  ; time_counter:inst5|seg_duan[7]   ; clk        ; clk      ; None                        ; None                      ; 2.617 ns                ;
; N/A                                     ; 143.41 MHz ( period = 6.973 ns )                    ; time_counter:inst5|minute_count_shi[3] ; time_counter:inst5|seg_duan[7]   ; clk        ; clk      ; None                        ; None                      ; 2.614 ns                ;
; N/A                                     ; 144.28 MHz ( period = 6.931 ns )                    ; time_counter:inst5|minute_count_shi[3] ; time_counter:inst5|time_over_reg ; clk        ; clk      ; None                        ; None                      ; 2.572 ns                ;
; N/A                                     ; 144.28 MHz ( period = 6.931 ns )                    ; time_counter:inst5|minute_count_shi[3] ; time_counter:inst5|last_minute   ; clk        ; clk      ; None                        ; None                      ; 2.572 ns                ;
; N/A                                     ; 144.30 MHz ( period = 6.930 ns )                    ; time_counter:inst5|seg_select[1]       ; time_counter:inst5|seg_wei[2]    ; clk        ; clk      ; None                        ; None                      ; 2.101 ns                ;
; N/A                                     ; 145.26 MHz ( period = 6.884 ns )                    ; time_counter:inst5|seg_select[1]       ; time_counter:inst5|seg_wei[0]    ; clk        ; clk      ; None                        ; None                      ; 2.055 ns                ;
; N/A                                     ; 145.29 MHz ( period = 6.883 ns )                    ; time_counter:inst5|seg_select[1]       ; time_counter:inst5|seg_wei[1]    ; clk        ; clk      ; None                        ; None                      ; 2.054 ns                ;
; N/A                                     ; 145.82 MHz ( period = 6.858 ns )                    ; time_counter:inst5|minute_count_shi[1] ; time_counter:inst5|time_over_reg ; clk        ; clk      ; None                        ; None                      ; 2.499 ns                ;
; N/A                                     ; 145.82 MHz ( period = 6.858 ns )                    ; time_counter:inst5|minute_count_shi[1] ; time_counter:inst5|last_minute   ; clk        ; clk      ; None                        ; None                      ; 2.499 ns                ;
; N/A                                     ; 149.28 MHz ( period = 6.699 ns )                    ; time_counter:inst5|seg_select[0]       ; time_counter:inst5|seg_wei[2]    ; clk        ; clk      ; None                        ; None                      ; 1.870 ns                ;
; N/A                                     ; 149.30 MHz ( period = 6.698 ns )                    ; time_counter:inst5|seg_select[0]       ; time_counter:inst5|seg_wei[1]    ; clk        ; clk      ; None                        ; None                      ; 1.869 ns                ;
; N/A                                     ; 149.30 MHz ( period = 6.698 ns )                    ; time_counter:inst5|seg_select[0]       ; time_counter:inst5|seg_wei[0]    ; clk        ; clk      ; None                        ; None                      ; 1.869 ns                ;
; N/A                                     ; 149.66 MHz ( period = 6.682 ns )                    ; time_counter:inst5|minute_count_shi[2] ; time_counter:inst5|time_over_reg ; clk        ; clk      ; None                        ; None                      ; 2.323 ns                ;
; N/A                                     ; 149.66 MHz ( period = 6.682 ns )                    ; time_counter:inst5|minute_count_shi[2] ; time_counter:inst5|last_minute   ; clk        ; clk      ; None                        ; None                      ; 2.323 ns                ;
; N/A                                     ; 149.90 MHz ( period = 6.671 ns )                    ; time_counter:inst5|minute_count_shi[2] ; time_counter:inst5|seg_duan[7]   ; clk        ; clk      ; None                        ; None                      ; 2.312 ns                ;
; N/A                                     ; 150.63 MHz ( period = 6.639 ns )                    ; time_counter:inst5|minute_count_ge[3]  ; time_counter:inst5|seg_duan[7]   ; clk        ; clk      ; None                        ; None                      ; 2.280 ns                ;
; N/A                                     ; 151.98 MHz ( period = 6.580 ns )                    ; time_counter:inst5|minute_count_ge[2]  ; time_counter:inst5|time_over_reg ; clk        ; clk      ; None                        ; None                      ; 2.221 ns                ;
; N/A                                     ; 152.05 MHz ( period = 6.577 ns )                    ; time_counter:inst5|minute_count_ge[2]  ; time_counter:inst5|last_minute   ; clk        ; clk      ; None                        ; None                      ; 2.218 ns                ;
; N/A                                     ; 152.23 MHz ( period = 6.569 ns )                    ; time_counter:inst5|count[6]            ; time_counter:inst5|count[6]      ; clk        ; clk      ; None                        ; None                      ; 6.305 ns                ;
; N/A                                     ; 152.23 MHz ( period = 6.569 ns )                    ; time_counter:inst5|count[6]            ; time_counter:inst5|count[7]      ; clk        ; clk      ; None                        ; None                      ; 6.305 ns                ;
; N/A                                     ; 152.23 MHz ( period = 6.569 ns )                    ; time_counter:inst5|count[6]            ; time_counter:inst5|count[4]      ; clk        ; clk      ; None                        ; None                      ; 6.305 ns                ;
; N/A                                     ; 152.23 MHz ( period = 6.569 ns )                    ; time_counter:inst5|count[6]            ; time_counter:inst5|count[5]      ; clk        ; clk      ; None                        ; None                      ; 6.305 ns                ;
; N/A                                     ; 152.23 MHz ( period = 6.569 ns )                    ; time_counter:inst5|count[6]            ; time_counter:inst5|count[10]     ; clk        ; clk      ; None                        ; None                      ; 6.305 ns                ;
; N/A                                     ; 152.23 MHz ( period = 6.569 ns )                    ; time_counter:inst5|count[6]            ; time_counter:inst5|count[9]      ; clk        ; clk      ; None                        ; None                      ; 6.305 ns                ;
; N/A                                     ; 152.23 MHz ( period = 6.569 ns )                    ; time_counter:inst5|count[6]            ; time_counter:inst5|count[8]      ; clk        ; clk      ; None                        ; None                      ; 6.305 ns                ;
; N/A                                     ; 152.23 MHz ( period = 6.569 ns )                    ; time_counter:inst5|count[6]            ; time_counter:inst5|count[11]     ; clk        ; clk      ; None                        ; None                      ; 6.305 ns                ;
; N/A                                     ; 152.23 MHz ( period = 6.569 ns )                    ; time_counter:inst5|count[6]            ; time_counter:inst5|count[2]      ; clk        ; clk      ; None                        ; None                      ; 6.305 ns                ;
; N/A                                     ; 152.23 MHz ( period = 6.569 ns )                    ; time_counter:inst5|count[6]            ; time_counter:inst5|count[3]      ; clk        ; clk      ; None                        ; None                      ; 6.305 ns                ;
; N/A                                     ; 152.23 MHz ( period = 6.569 ns )                    ; time_counter:inst5|count[6]            ; time_counter:inst5|count[0]      ; clk        ; clk      ; None                        ; None                      ; 6.305 ns                ;
; N/A                                     ; 152.23 MHz ( period = 6.569 ns )                    ; time_counter:inst5|count[6]            ; time_counter:inst5|count[1]      ; clk        ; clk      ; None                        ; None                      ; 6.305 ns                ;
; N/A                                     ; 152.49 MHz ( period = 6.558 ns )                    ; time_counter:inst5|count[6]            ; time_counter:inst5|count[24]     ; clk        ; clk      ; None                        ; None                      ; 6.297 ns                ;
; N/A                                     ; 152.49 MHz ( period = 6.558 ns )                    ; time_counter:inst5|count[6]            ; time_counter:inst5|count[19]     ; clk        ; clk      ; None                        ; None                      ; 6.297 ns                ;
; N/A                                     ; 152.49 MHz ( period = 6.558 ns )                    ; time_counter:inst5|count[6]            ; time_counter:inst5|count[16]     ; clk        ; clk      ; None                        ; None                      ; 6.297 ns                ;
; N/A                                     ; 152.49 MHz ( period = 6.558 ns )                    ; time_counter:inst5|count[6]            ; time_counter:inst5|count[17]     ; clk        ; clk      ; None                        ; None                      ; 6.297 ns                ;
; N/A                                     ; 152.49 MHz ( period = 6.558 ns )                    ; time_counter:inst5|count[6]            ; time_counter:inst5|count[18]     ; clk        ; clk      ; None                        ; None                      ; 6.297 ns                ;
; N/A                                     ; 152.49 MHz ( period = 6.558 ns )                    ; time_counter:inst5|count[6]            ; time_counter:inst5|count[23]     ; clk        ; clk      ; None                        ; None                      ; 6.297 ns                ;
; N/A                                     ; 152.49 MHz ( period = 6.558 ns )                    ; time_counter:inst5|count[6]            ; time_counter:inst5|count[22]     ; clk        ; clk      ; None                        ; None                      ; 6.297 ns                ;
; N/A                                     ; 152.49 MHz ( period = 6.558 ns )                    ; time_counter:inst5|count[6]            ; time_counter:inst5|count[20]     ; clk        ; clk      ; None                        ; None                      ; 6.297 ns                ;
; N/A                                     ; 152.49 MHz ( period = 6.558 ns )                    ; time_counter:inst5|count[6]            ; time_counter:inst5|count[21]     ; clk        ; clk      ; None                        ; None                      ; 6.297 ns                ;
; N/A                                     ; 152.49 MHz ( period = 6.558 ns )                    ; time_counter:inst5|count[6]            ; time_counter:inst5|count[15]     ; clk        ; clk      ; None                        ; None                      ; 6.297 ns                ;
; N/A                                     ; 152.49 MHz ( period = 6.558 ns )                    ; time_counter:inst5|count[6]            ; time_counter:inst5|count[13]     ; clk        ; clk      ; None                        ; None                      ; 6.297 ns                ;
; N/A                                     ; 152.49 MHz ( period = 6.558 ns )                    ; time_counter:inst5|count[6]            ; time_counter:inst5|count[14]     ; clk        ; clk      ; None                        ; None                      ; 6.297 ns                ;
; N/A                                     ; 152.49 MHz ( period = 6.558 ns )                    ; time_counter:inst5|count[6]            ; time_counter:inst5|count[12]     ; clk        ; clk      ; None                        ; None                      ; 6.297 ns                ;
; N/A                                     ; 152.81 MHz ( period = 6.544 ns )                    ; time_counter:inst5|minute_count_shi[1] ; time_counter:inst5|seg_duan[7]   ; clk        ; clk      ; None                        ; None                      ; 2.185 ns                ;
; N/A                                     ; 153.07 MHz ( period = 6.533 ns )                    ; time_counter:inst5|minute_count_shi[0] ; time_counter:inst5|time_over_reg ; clk        ; clk      ; None                        ; None                      ; 2.174 ns                ;
; N/A                                     ; 153.07 MHz ( period = 6.533 ns )                    ; time_counter:inst5|minute_count_shi[0] ; time_counter:inst5|last_minute   ; clk        ; clk      ; None                        ; None                      ; 2.174 ns                ;
; N/A                                     ; 153.28 MHz ( period = 6.524 ns )                    ; time_counter:inst5|count[15]           ; time_counter:inst5|count[6]      ; clk        ; clk      ; None                        ; None                      ; 6.257 ns                ;
; N/A                                     ; 153.28 MHz ( period = 6.524 ns )                    ; time_counter:inst5|count[15]           ; time_counter:inst5|count[7]      ; clk        ; clk      ; None                        ; None                      ; 6.257 ns                ;
; N/A                                     ; 153.28 MHz ( period = 6.524 ns )                    ; time_counter:inst5|count[15]           ; time_counter:inst5|count[4]      ; clk        ; clk      ; None                        ; None                      ; 6.257 ns                ;
; N/A                                     ; 153.28 MHz ( period = 6.524 ns )                    ; time_counter:inst5|count[15]           ; time_counter:inst5|count[5]      ; clk        ; clk      ; None                        ; None                      ; 6.257 ns                ;
; N/A                                     ; 153.28 MHz ( period = 6.524 ns )                    ; time_counter:inst5|count[15]           ; time_counter:inst5|count[10]     ; clk        ; clk      ; None                        ; None                      ; 6.257 ns                ;
; N/A                                     ; 153.28 MHz ( period = 6.524 ns )                    ; time_counter:inst5|count[15]           ; time_counter:inst5|count[9]      ; clk        ; clk      ; None                        ; None                      ; 6.257 ns                ;
; N/A                                     ; 153.28 MHz ( period = 6.524 ns )                    ; time_counter:inst5|count[15]           ; time_counter:inst5|count[8]      ; clk        ; clk      ; None                        ; None                      ; 6.257 ns                ;
; N/A                                     ; 153.28 MHz ( period = 6.524 ns )                    ; time_counter:inst5|count[15]           ; time_counter:inst5|count[11]     ; clk        ; clk      ; None                        ; None                      ; 6.257 ns                ;
; N/A                                     ; 153.28 MHz ( period = 6.524 ns )                    ; time_counter:inst5|count[15]           ; time_counter:inst5|count[2]      ; clk        ; clk      ; None                        ; None                      ; 6.257 ns                ;
; N/A                                     ; 153.28 MHz ( period = 6.524 ns )                    ; time_counter:inst5|count[15]           ; time_counter:inst5|count[3]      ; clk        ; clk      ; None                        ; None                      ; 6.257 ns                ;
; N/A                                     ; 153.28 MHz ( period = 6.524 ns )                    ; time_counter:inst5|count[15]           ; time_counter:inst5|count[0]      ; clk        ; clk      ; None                        ; None                      ; 6.257 ns                ;
; N/A                                     ; 153.28 MHz ( period = 6.524 ns )                    ; time_counter:inst5|count[15]           ; time_counter:inst5|count[1]      ; clk        ; clk      ; None                        ; None                      ; 6.257 ns                ;
; N/A                                     ; 153.54 MHz ( period = 6.513 ns )                    ; time_counter:inst5|count[15]           ; time_counter:inst5|count[22]     ; clk        ; clk      ; None                        ; None                      ; 6.249 ns                ;
; N/A                                     ; 153.54 MHz ( period = 6.513 ns )                    ; time_counter:inst5|count[15]           ; time_counter:inst5|count[20]     ; clk        ; clk      ; None                        ; None                      ; 6.249 ns                ;
; N/A                                     ; 153.54 MHz ( period = 6.513 ns )                    ; time_counter:inst5|count[15]           ; time_counter:inst5|count[21]     ; clk        ; clk      ; None                        ; None                      ; 6.249 ns                ;
; N/A                                     ; 153.54 MHz ( period = 6.513 ns )                    ; time_counter:inst5|count[15]           ; time_counter:inst5|count[15]     ; clk        ; clk      ; None                        ; None                      ; 6.249 ns                ;
; N/A                                     ; 153.54 MHz ( period = 6.513 ns )                    ; time_counter:inst5|count[15]           ; time_counter:inst5|count[13]     ; clk        ; clk      ; None                        ; None                      ; 6.249 ns                ;
; N/A                                     ; 153.54 MHz ( period = 6.513 ns )                    ; time_counter:inst5|count[15]           ; time_counter:inst5|count[14]     ; clk        ; clk      ; None                        ; None                      ; 6.249 ns                ;
; Timing analysis restricted to 200 rows. ; To change the limit use Settings (Assignments menu) ;                                        ;                                  ;            ;          ;                             ;                           ;                         ;
+-----------------------------------------+-----------------------------------------------------+----------------------------------------+----------------------------------+------------+----------+-----------------------------+---------------------------+-------------------------+


+-----------------------------------------------------------------------------------------------------------------------------------------------------------------------------------------------------------------------------------+
; Clock Hold: 'clk'                                                                                                                                                                                                                 ;
+------------------------------------------+----------------------------------+----------------------------------------+------------+----------+----------------------------+----------------------------+--------------------------+
; Minimum Slack                            ; From                             ; To                                     ; From Clock ; To Clock ; Required Hold Relationship ; Required Shortest P2P Time ; Actual Shortest P2P Time ;
+------------------------------------------+----------------------------------+----------------------------------------+------------+----------+----------------------------+----------------------------+--------------------------+
; Not operational: Clock Skew > Data Delay ; time_counter:inst5|time_over_reg ; time_counter:inst5|second_count_ge[2]  ; clk        ; clk      ; None                       ; None                       ; 1.069 ns                 ;
; Not operational: Clock Skew > Data Delay ; time_counter:inst5|last_minute   ; bell:inst|short_count[0]               ; clk        ; clk      ; None                       ; None                       ; 2.694 ns                 ;
; Not operational: Clock Skew > Data Delay ; time_counter:inst5|last_minute   ; bell:inst|short_count[1]               ; clk        ; clk      ; None                       ; None                       ; 2.694 ns                 ;
; Not operational: Clock Skew > Data Delay ; time_counter:inst5|last_minute   ; bell:inst|short_count[8]               ; clk        ; clk      ; None                       ; None                       ; 2.694 ns                 ;
; Not operational: Clock Skew > Data Delay ; time_counter:inst5|last_minute   ; bell:inst|short_count[9]               ; clk        ; clk      ; None                       ; None                       ; 2.694 ns                 ;
; Not operational: Clock Skew > Data Delay ; time_counter:inst5|last_minute   ; bell:inst|short_count[7]               ; clk        ; clk      ; None                       ; None                       ; 2.694 ns                 ;
; Not operational: Clock Skew > Data Delay ; time_counter:inst5|last_minute   ; bell:inst|short_count[6]               ; clk        ; clk      ; None                       ; None                       ; 2.694 ns                 ;
; Not operational: Clock Skew > Data Delay ; time_counter:inst5|last_minute   ; bell:inst|short_count[5]               ; clk        ; clk      ; None                       ; None                       ; 2.694 ns                 ;
; Not operational: Clock Skew > Data Delay ; time_counter:inst5|last_minute   ; bell:inst|short_count[4]               ; clk        ; clk      ; None                       ; None                       ; 2.694 ns                 ;
; Not operational: Clock Skew > Data Delay ; time_counter:inst5|last_minute   ; bell:inst|short_count[2]               ; clk        ; clk      ; None                       ; None                       ; 2.694 ns                 ;
; Not operational: Clock Skew > Data Delay ; time_counter:inst5|last_minute   ; bell:inst|short_count[3]               ; clk        ; clk      ; None                       ; None                       ; 2.694 ns                 ;
; Not operational: Clock Skew > Data Delay ; time_counter:inst5|last_minute   ; bell:inst|short_signal                 ; clk        ; clk      ; None                       ; None                       ; 2.694 ns                 ;
; Not operational: Clock Skew > Data Delay ; time_counter:inst5|time_over_reg ; bell:inst|long_count[0]                ; clk        ; clk      ; None                       ; None                       ; 3.068 ns                 ;
; Not operational: Clock Skew > Data Delay ; time_counter:inst5|time_over_reg ; bell:inst|long_count[2]                ; clk        ; clk      ; None                       ; None                       ; 3.068 ns                 ;
; Not operational: Clock Skew > Data Delay ; time_counter:inst5|time_over_reg ; bell:inst|long_count[10]               ; clk        ; clk      ; None                       ; None                       ; 3.068 ns                 ;
; Not operational: Clock Skew > Data Delay ; time_counter:inst5|time_over_reg ; bell:inst|long_count[7]                ; clk        ; clk      ; None                       ; None                       ; 3.068 ns                 ;
; Not operational: Clock Skew > Data Delay ; time_counter:inst5|time_over_reg ; bell:inst|long_count[8]                ; clk        ; clk      ; None                       ; None                       ; 3.068 ns                 ;
; Not operational: Clock Skew > Data Delay ; time_counter:inst5|time_over_reg ; bell:inst|long_count[9]                ; clk        ; clk      ; None                       ; None                       ; 3.068 ns                 ;
; Not operational: Clock Skew > Data Delay ; time_counter:inst5|time_over_reg ; bell:inst|long_count[1]                ; clk        ; clk      ; None                       ; None                       ; 3.068 ns                 ;
; Not operational: Clock Skew > Data Delay ; time_counter:inst5|time_over_reg ; bell:inst|long_count[5]                ; clk        ; clk      ; None                       ; None                       ; 3.068 ns                 ;
; Not operational: Clock Skew > Data Delay ; time_counter:inst5|time_over_reg ; bell:inst|long_count[6]                ; clk        ; clk      ; None                       ; None                       ; 3.068 ns                 ;
; Not operational: Clock Skew > Data Delay ; time_counter:inst5|time_over_reg ; bell:inst|long_count[4]                ; clk        ; clk      ; None                       ; None                       ; 3.068 ns                 ;
; Not operational: Clock Skew > Data Delay ; time_counter:inst5|time_over_reg ; bell:inst|long_count[3]                ; clk        ; clk      ; None                       ; None                       ; 3.068 ns                 ;
; Not operational: Clock Skew > Data Delay ; time_counter:inst5|time_over_reg ; bell:inst|long_signal                  ; clk        ; clk      ; None                       ; None                       ; 3.068 ns                 ;
; Not operational: Clock Skew > Data Delay ; time_counter:inst5|time_over_reg ; time_counter:inst5|second_count_ge[1]  ; clk        ; clk      ; None                       ; None                       ; 1.923 ns                 ;
; Not operational: Clock Skew > Data Delay ; time_counter:inst5|time_over_reg ; time_counter:inst5|second_count_ge[0]  ; clk        ; clk      ; None                       ; None                       ; 1.923 ns                 ;
; Not operational: Clock Skew > Data Delay ; time_counter:inst5|time_over_reg ; time_counter:inst5|second_count_ge[3]  ; clk        ; clk      ; None                       ; None                       ; 1.923 ns                 ;
; Not operational: Clock Skew > Data Delay ; time_counter:inst5|time_over_reg ; time_counter:inst5|minute_count_ge[0]  ; clk        ; clk      ; None                       ; None                       ; 2.175 ns                 ;
; Not operational: Clock Skew > Data Delay ; time_counter:inst5|time_over_reg ; time_counter:inst5|minute_count_ge[3]  ; clk        ; clk      ; None                       ; None                       ; 2.175 ns                 ;
; Not operational: Clock Skew > Data Delay ; time_counter:inst5|time_over_reg ; time_counter:inst5|minute_count_ge[1]  ; clk        ; clk      ; None                       ; None                       ; 2.175 ns                 ;
; Not operational: Clock Skew > Data Delay ; time_counter:inst5|time_over_reg ; time_counter:inst5|minute_count_shi[3] ; clk        ; clk      ; None                       ; None                       ; 2.350 ns                 ;
; Not operational: Clock Skew > Data Delay ; time_counter:inst5|time_over_reg ; time_counter:inst5|minute_count_ge[2]  ; clk        ; clk      ; None                       ; None                       ; 2.351 ns                 ;
; Not operational: Clock Skew > Data Delay ; time_counter:inst5|time_over_reg ; time_counter:inst5|minute_count_shi[2] ; clk        ; clk      ; None                       ; None                       ; 2.352 ns                 ;
; Not operational: Clock Skew > Data Delay ; time_counter:inst5|time_over_reg ; time_counter:inst5|second_count_shi[0] ; clk        ; clk      ; None                       ; None                       ; 2.837 ns                 ;
; Not operational: Clock Skew > Data Delay ; time_counter:inst5|time_over_reg ; time_counter:inst5|second_count_shi[2] ; clk        ; clk      ; None                       ; None                       ; 2.837 ns                 ;
; Not operational: Clock Skew > Data Delay ; time_counter:inst5|time_over_reg ; time_counter:inst5|second_count_shi[1] ; clk        ; clk      ; None                       ; None                       ; 2.837 ns                 ;
; Not operational: Clock Skew > Data Delay ; time_counter:inst5|time_over_reg ; time_counter:inst5|second_count_shi[3] ; clk        ; clk      ; None                       ; None                       ; 3.026 ns                 ;
; Not operational: Clock Skew > Data Delay ; time_counter:inst5|time_over_reg ; time_counter:inst5|minute_count_shi[1] ; clk        ; clk      ; None                       ; None                       ; 3.859 ns                 ;
; Not operational: Clock Skew > Data Delay ; time_counter:inst5|time_over_reg ; time_counter:inst5|minute_count_shi[0] ; clk        ; clk      ; None                       ; None                       ; 3.859 ns                 ;
+------------------------------------------+----------------------------------+----------------------------------------+------------+----------+----------------------------+----------------------------+--------------------------+


+---------------------------------------------------------------------------------------+
; tsu                                                                                   ;
+-------+--------------+------------+-----------+----------------------------+----------+
; Slack ; Required tsu ; Actual tsu ; From      ; To                         ; To Clock ;
+-------+--------------+------------+-----------+----------------------------+----------+
; N/A   ; None         ; 5.810 ns   ; pause_key ; key:inst4|pause_key_out    ; clk      ;
; N/A   ; None         ; 5.467 ns   ; reset_n   ; key:inst4|start_key_out    ; clk      ;
; N/A   ; None         ; 5.329 ns   ; pause_key ; key:inst4|pause_state[0]   ; clk      ;
; N/A   ; None         ; 5.329 ns   ; pause_key ; key:inst4|pause_state[1]   ; clk      ;
; N/A   ; None         ; 5.080 ns   ; start_key ; key:inst4|start_key_out    ; clk      ;
; N/A   ; None         ; 4.901 ns   ; reset_n   ; key:inst4|start_signal_reg ; clk      ;
; N/A   ; None         ; 4.901 ns   ; reset_n   ; key:inst4|start_state[1]   ; clk      ;
; N/A   ; None         ; 4.901 ns   ; reset_n   ; key:inst4|start_state[0]   ; clk      ;
; N/A   ; None         ; 4.573 ns   ; start_key ; key:inst4|start_state[1]   ; clk      ;
; N/A   ; None         ; 4.570 ns   ; start_key ; key:inst4|start_state[0]   ; clk      ;
+-------+--------------+------------+-----------+----------------------------+----------+


+-----------------------------------------------------------------------------------------------+
; tco                                                                                           ;
+-------+--------------+------------+--------------------------------+-------------+------------+
; Slack ; Required tco ; Actual tco ; From                           ; To          ; From Clock ;
+-------+--------------+------------+--------------------------------+-------------+------------+
; N/A   ; None         ; 9.865 ns   ; led:inst9|led_reg[3]           ; led[3]      ; clk        ;
; N/A   ; None         ; 9.862 ns   ; led:inst9|led_reg[2]           ; led[2]      ; clk        ;
; N/A   ; None         ; 9.840 ns   ; led:inst9|led_reg[4]           ; led[4]      ; clk        ;
; N/A   ; None         ; 9.680 ns   ; led:inst9|led_reg[0]           ; led[0]      ; clk        ;
; N/A   ; None         ; 9.553 ns   ; led:inst9|led_reg[7]           ; led[7]      ; clk        ;
; N/A   ; None         ; 9.521 ns   ; time_counter:inst5|seg_duan[0] ; seg_duan[0] ; clk        ;
; N/A   ; None         ; 9.451 ns   ; time_counter:inst5|seg_duan[4] ; seg_duan[4] ; clk        ;
; N/A   ; None         ; 9.451 ns   ; led:inst9|led_reg[1]           ; led[1]      ; clk        ;
; N/A   ; None         ; 9.442 ns   ; led:inst9|led_reg[6]           ; led[6]      ; clk        ;
; N/A   ; None         ; 9.378 ns   ; led:inst9|led_reg[5]           ; led[5]      ; clk        ;
; N/A   ; None         ; 9.299 ns   ; bell:inst|pwm_out              ; pwm_out     ; clk        ;
; N/A   ; None         ; 9.138 ns   ; time_counter:inst5|seg_duan[7] ; seg_duan[7] ; clk        ;
; N/A   ; None         ; 8.984 ns   ; time_counter:inst5|seg_duan[3] ; seg_duan[3] ; clk        ;
; N/A   ; None         ; 8.650 ns   ; time_counter:inst5|seg_duan[5] ; seg_duan[5] ; clk        ;
; N/A   ; None         ; 8.552 ns   ; time_counter:inst5|seg_duan[2] ; seg_duan[2] ; clk        ;
; N/A   ; None         ; 8.367 ns   ; time_counter:inst5|seg_duan[6] ; seg_duan[6] ; clk        ;
; N/A   ; None         ; 8.051 ns   ; time_counter:inst5|seg_wei[3]  ; seg_wei[3]  ; clk        ;
; N/A   ; None         ; 7.997 ns   ; time_counter:inst5|seg_duan[1] ; seg_duan[1] ; clk        ;
; N/A   ; None         ; 7.593 ns   ; time_counter:inst5|seg_wei[0]  ; seg_wei[0]  ; clk        ;
; N/A   ; None         ; 7.212 ns   ; time_counter:inst5|seg_wei[2]  ; seg_wei[2]  ; clk        ;
; N/A   ; None         ; 7.206 ns   ; time_counter:inst5|seg_wei[1]  ; seg_wei[1]  ; clk        ;
+-------+--------------+------------+--------------------------------+-------------+------------+


+---------------------------------------------------------------------------------------------+
; th                                                                                          ;
+---------------+-------------+-----------+-----------+----------------------------+----------+
; Minimum Slack ; Required th ; Actual th ; From      ; To                         ; To Clock ;
+---------------+-------------+-----------+-----------+----------------------------+----------+
; N/A           ; None        ; -4.304 ns ; start_key ; key:inst4|start_state[0]   ; clk      ;
; N/A           ; None        ; -4.307 ns ; start_key ; key:inst4|start_state[1]   ; clk      ;
; N/A           ; None        ; -4.635 ns ; reset_n   ; key:inst4|start_signal_reg ; clk      ;
; N/A           ; None        ; -4.635 ns ; reset_n   ; key:inst4|start_state[1]   ; clk      ;
; N/A           ; None        ; -4.635 ns ; reset_n   ; key:inst4|start_state[0]   ; clk      ;
; N/A           ; None        ; -4.814 ns ; start_key ; key:inst4|start_key_out    ; clk      ;
; N/A           ; None        ; -5.063 ns ; pause_key ; key:inst4|pause_state[0]   ; clk      ;
; N/A           ; None        ; -5.063 ns ; pause_key ; key:inst4|pause_state[1]   ; clk      ;
; N/A           ; None        ; -5.201 ns ; reset_n   ; key:inst4|start_key_out    ; clk      ;
; N/A           ; None        ; -5.544 ns ; pause_key ; key:inst4|pause_key_out    ; clk      ;
+---------------+-------------+-----------+-----------+----------------------------+----------+


+--------------------------+
; Timing Analyzer Messages ;
+--------------------------+
Info: *******************************************************************
Info: Running Quartus II Classic Timing Analyzer
    Info: Version 9.0 Build 132 02/25/2009 SJ Full Version
    Info: Processing started: Mon Mar 31 21:03:06 2014
Info: Command: quartus_tan --read_settings_files=off --write_settings_files=off time -c time --timing_analysis_only
Info: Parallel compilation is enabled and will use 2 of the 2 processors detected
Warning: Found pins functioning as undefined clocks and/or memory enables
    Info: Assuming node "clk" is an undefined clock
Warning: Found 3 node(s) in clock paths which may be acting as ripple and/or gated clocks -- node(s) analyzed as buffer(s) resulting in clock skew
    Info: Detected ripple clock "time_counter:inst5|clk_scan" as buffer
    Info: Detected ripple clock "time_counter:inst5|clk_1hz" as buffer
    Info: Detected ripple clock "bell:inst|pwm_signal" as buffer
Info: Clock "clk" has Internal fmax of 113.46 MHz between source register "time_counter:inst5|seg_select[0]" and destination register "time_counter:inst5|seg_duan[6]" (period= 8.814 ns)
    Info: + Longest register to register delay is 3.984 ns
        Info: 1: + IC(0.000 ns) + CELL(0.000 ns) = 0.000 ns; Loc. = LCFF_X26_Y11_N17; Fanout = 11; REG Node = 'time_counter:inst5|seg_select[0]'
        Info: 2: + IC(0.536 ns) + CELL(0.651 ns) = 1.187 ns; Loc. = LCCOMB_X26_Y11_N30; Fanout = 1; COMB Node = 'time_counter:inst5|seg_duan[6]~4'
        Info: 3: + IC(0.400 ns) + CELL(0.206 ns) = 1.793 ns; Loc. = LCCOMB_X26_Y11_N8; Fanout = 8; COMB Node = 'time_counter:inst5|seg_duan[6]~5'
        Info: 4: + IC(0.391 ns) + CELL(0.623 ns) = 2.807 ns; Loc. = LCCOMB_X26_Y11_N22; Fanout = 7; COMB Node = 'time_counter:inst5|seg_duan[6]~8'
        Info: 5: + IC(0.322 ns) + CELL(0.855 ns) = 3.984 ns; Loc. = LCFF_X26_Y11_N1; Fanout = 1; REG Node = 'time_counter:inst5|seg_duan[6]'
        Info: Total cell delay = 2.335 ns ( 58.61 % )
        Info: Total interconnect delay = 1.649 ns ( 41.39 % )
    Info: - Smallest clock skew is -4.566 ns
        Info: + Shortest clock path from clock "clk" to destination register is 2.766 ns
            Info: 1: + IC(0.000 ns) + CELL(1.100 ns) = 1.100 ns; Loc. = PIN_17; Fanout = 4; CLK Node = 'clk'
            Info: 2: + IC(0.143 ns) + CELL(0.000 ns) = 1.243 ns; Loc. = CLKCTRL_G2; Fanout = 109; COMB Node = 'clk~clkctrl'
            Info: 3: + IC(0.857 ns) + CELL(0.666 ns) = 2.766 ns; Loc. = LCFF_X26_Y11_N1; Fanout = 1; REG Node = 'time_counter:inst5|seg_duan[6]'
            Info: Total cell delay = 1.766 ns ( 63.85 % )
            Info: Total interconnect delay = 1.000 ns ( 36.15 % )
        Info: - Longest clock path from clock "clk" to source register is 7.332 ns
            Info: 1: + IC(0.000 ns) + CELL(1.100 ns) = 1.100 ns; Loc. = PIN_17; Fanout = 4; CLK Node = 'clk'
            Info: 2: + IC(1.461 ns) + CELL(0.970 ns) = 3.531 ns; Loc. = LCFF_X18_Y6_N23; Fanout = 2; REG Node = 'time_counter:inst5|clk_scan'
            Info: 3: + IC(2.274 ns) + CELL(0.000 ns) = 5.805 ns; Loc. = CLKCTRL_G6; Fanout = 2; COMB Node = 'time_counter:inst5|clk_scan~clkctrl'
            Info: 4: + IC(0.861 ns) + CELL(0.666 ns) = 7.332 ns; Loc. = LCFF_X26_Y11_N17; Fanout = 11; REG Node = 'time_counter:inst5|seg_select[0]'
            Info: Total cell delay = 2.736 ns ( 37.32 % )
            Info: Total interconnect delay = 4.596 ns ( 62.68 % )
    Info: + Micro clock to output delay of source is 0.304 ns
    Info: + Micro setup delay of destination is -0.040 ns
Warning: Circuit may not operate. Detected 39 non-operational path(s) clocked by clock "clk" with clock skew larger than data delay. See Compilation Report for details.
Info: Found hold time violation between source  pin or register "time_counter:inst5|time_over_reg" and destination pin or register "time_counter:inst5|second_count_ge[2]" for clock "clk" (Hold time is 3.028 ns)
    Info: + Largest clock skew is 4.095 ns
        Info: + Longest clock path from clock "clk" to destination register is 6.857 ns
            Info: 1: + IC(0.000 ns) + CELL(1.100 ns) = 1.100 ns; Loc. = PIN_17; Fanout = 4; CLK Node = 'clk'
            Info: 2: + IC(1.461 ns) + CELL(0.970 ns) = 3.531 ns; Loc. = LCFF_X18_Y6_N25; Fanout = 2; REG Node = 'time_counter:inst5|clk_1hz'
            Info: 3: + IC(1.807 ns) + CELL(0.000 ns) = 5.338 ns; Loc. = CLKCTRL_G1; Fanout = 16; COMB Node = 'time_counter:inst5|clk_1hz~clkctrl'
            Info: 4: + IC(0.853 ns) + CELL(0.666 ns) = 6.857 ns; Loc. = LCFF_X25_Y10_N1; Fanout = 7; REG Node = 'time_counter:inst5|second_count_ge[2]'
            Info: Total cell delay = 2.736 ns ( 39.90 % )
            Info: Total interconnect delay = 4.121 ns ( 60.10 % )
        Info: - Shortest clock path from clock "clk" to source register is 2.762 ns
            Info: 1: + IC(0.000 ns) + CELL(1.100 ns) = 1.100 ns; Loc. = PIN_17; Fanout = 4; CLK Node = 'clk'
            Info: 2: + IC(0.143 ns) + CELL(0.000 ns) = 1.243 ns; Loc. = CLKCTRL_G2; Fanout = 109; COMB Node = 'clk~clkctrl'
            Info: 3: + IC(0.853 ns) + CELL(0.666 ns) = 2.762 ns; Loc. = LCFF_X26_Y10_N23; Fanout = 20; REG Node = 'time_counter:inst5|time_over_reg'
            Info: Total cell delay = 1.766 ns ( 63.94 % )
            Info: Total interconnect delay = 0.996 ns ( 36.06 % )
    Info: - Micro clock to output delay of source is 0.304 ns
    Info: - Shortest register to register delay is 1.069 ns
        Info: 1: + IC(0.000 ns) + CELL(0.000 ns) = 0.000 ns; Loc. = LCFF_X26_Y10_N23; Fanout = 20; REG Node = 'time_counter:inst5|time_over_reg'
        Info: 2: + IC(0.755 ns) + CELL(0.206 ns) = 0.961 ns; Loc. = LCCOMB_X25_Y10_N0; Fanout = 1; COMB Node = 'time_counter:inst5|second_count_ge[2]~4'
        Info: 3: + IC(0.000 ns) + CELL(0.108 ns) = 1.069 ns; Loc. = LCFF_X25_Y10_N1; Fanout = 7; REG Node = 'time_counter:inst5|second_count_ge[2]'
        Info: Total cell delay = 0.314 ns ( 29.37 % )
        Info: Total interconnect delay = 0.755 ns ( 70.63 % )
    Info: + Micro hold delay of destination is 0.306 ns
Info: tsu for register "key:inst4|pause_key_out" (data pin = "pause_key", clock pin = "clk") is 5.810 ns
    Info: + Longest pin to register delay is 8.592 ns
        Info: 1: + IC(0.000 ns) + CELL(0.954 ns) = 0.954 ns; Loc. = PIN_70; Fanout = 3; PIN Node = 'pause_key'
        Info: 2: + IC(6.880 ns) + CELL(0.650 ns) = 8.484 ns; Loc. = LCCOMB_X17_Y4_N26; Fanout = 1; COMB Node = 'key:inst4|pause_key_out~0'
        Info: 3: + IC(0.000 ns) + CELL(0.108 ns) = 8.592 ns; Loc. = LCFF_X17_Y4_N27; Fanout = 2; REG Node = 'key:inst4|pause_key_out'
        Info: Total cell delay = 1.712 ns ( 19.93 % )
        Info: Total interconnect delay = 6.880 ns ( 80.07 % )
    Info: + Micro setup delay of destination is -0.040 ns
    Info: - Shortest clock path from clock "clk" to destination register is 2.742 ns
        Info: 1: + IC(0.000 ns) + CELL(1.100 ns) = 1.100 ns; Loc. = PIN_17; Fanout = 4; CLK Node = 'clk'
        Info: 2: + IC(0.143 ns) + CELL(0.000 ns) = 1.243 ns; Loc. = CLKCTRL_G2; Fanout = 109; COMB Node = 'clk~clkctrl'
        Info: 3: + IC(0.833 ns) + CELL(0.666 ns) = 2.742 ns; Loc. = LCFF_X17_Y4_N27; Fanout = 2; REG Node = 'key:inst4|pause_key_out'
        Info: Total cell delay = 1.766 ns ( 64.41 % )
        Info: Total interconnect delay = 0.976 ns ( 35.59 % )
Info: tco from clock "clk" to destination pin "led[3]" through register "led:inst9|led_reg[3]" is 9.865 ns
    Info: + Longest clock path from clock "clk" to source register is 2.745 ns
        Info: 1: + IC(0.000 ns) + CELL(1.100 ns) = 1.100 ns; Loc. = PIN_17; Fanout = 4; CLK Node = 'clk'
        Info: 2: + IC(0.143 ns) + CELL(0.000 ns) = 1.243 ns; Loc. = CLKCTRL_G2; Fanout = 109; COMB Node = 'clk~clkctrl'
        Info: 3: + IC(0.836 ns) + CELL(0.666 ns) = 2.745 ns; Loc. = LCFF_X19_Y4_N25; Fanout = 1; REG Node = 'led:inst9|led_reg[3]'
        Info: Total cell delay = 1.766 ns ( 64.34 % )
        Info: Total interconnect delay = 0.979 ns ( 35.66 % )
    Info: + Micro clock to output delay of source is 0.304 ns
    Info: + Longest register to pin delay is 6.816 ns
        Info: 1: + IC(0.000 ns) + CELL(0.000 ns) = 0.000 ns; Loc. = LCFF_X19_Y4_N25; Fanout = 1; REG Node = 'led:inst9|led_reg[3]'
        Info: 2: + IC(3.570 ns) + CELL(3.246 ns) = 6.816 ns; Loc. = PIN_144; Fanout = 0; PIN Node = 'led[3]'
        Info: Total cell delay = 3.246 ns ( 47.62 % )
        Info: Total interconnect delay = 3.570 ns ( 52.38 % )
Info: th for register "key:inst4|start_state[0]" (data pin = "start_key", clock pin = "clk") is -4.304 ns
    Info: + Longest clock path from clock "clk" to destination register is 2.751 ns
        Info: 1: + IC(0.000 ns) + CELL(1.100 ns) = 1.100 ns; Loc. = PIN_17; Fanout = 4; CLK Node = 'clk'
        Info: 2: + IC(0.143 ns) + CELL(0.000 ns) = 1.243 ns; Loc. = CLKCTRL_G2; Fanout = 109; COMB Node = 'clk~clkctrl'
        Info: 3: + IC(0.842 ns) + CELL(0.666 ns) = 2.751 ns; Loc. = LCFF_X25_Y4_N5; Fanout = 3; REG Node = 'key:inst4|start_state[0]'
        Info: Total cell delay = 1.766 ns ( 64.19 % )
        Info: Total interconnect delay = 0.985 ns ( 35.81 % )
    Info: + Micro hold delay of destination is 0.306 ns
    Info: - Shortest pin to register delay is 7.361 ns
        Info: 1: + IC(0.000 ns) + CELL(0.934 ns) = 0.934 ns; Loc. = PIN_67; Fanout = 3; PIN Node = 'start_key'
        Info: 2: + IC(5.785 ns) + CELL(0.534 ns) = 7.253 ns; Loc. = LCCOMB_X25_Y4_N4; Fanout = 1; COMB Node = 'key:inst4|Mux2~0'
        Info: 3: + IC(0.000 ns) + CELL(0.108 ns) = 7.361 ns; Loc. = LCFF_X25_Y4_N5; Fanout = 3; REG Node = 'key:inst4|start_state[0]'
        Info: Total cell delay = 1.576 ns ( 21.41 % )
        Info: Total interconnect delay = 5.785 ns ( 78.59 % )
Info: Quartus II Classic Timing Analyzer was successful. 0 errors, 3 warnings
    Info: Peak virtual memory: 134 megabytes
    Info: Processing ended: Mon Mar 31 21:03:08 2014
    Info: Elapsed time: 00:00:02
    Info: Total CPU time (on all processors): 00:00:01


