Flow report for time
Sun Apr 27 22:44:05 2014
Quartus II Version 9.0 Build 132 02/25/2009 SJ Full Version


---------------------
; Table of Contents ;
---------------------
  1. Legal Notice
  2. Flow Summary
  3. Flow Settings
  4. Flow Non-Default Global Settings
  5. Flow Elapsed Time
  6. Flow OS Summary
  7. Flow Log



----------------
; Legal Notice ;
----------------
Copyright (C) 1991-2009 Altera Corporation
Your use of Altera Corporation's design tools, logic functions 
and other software and tools, and its AMPP partner logic 
functions, and any output files from any of the foregoing 
(including device programming or simulation files), and any 
associated documentation or information are expressly subject 
to the terms and conditions of the Altera Program License 
Subscription Agreement, Altera MegaCore Function License 
Agreement, or other applicable license agreement, including, 
without limitation, that your use is for the sole purpose of 
programming logic devices manufactured by Altera and sold by 
Altera or its authorized distributors.  Please refer to the 
applicable agreement for further details.



+-------------------------------------------------------------------------------+
; Flow Summary                                                                  ;
+------------------------------------+------------------------------------------+
; Flow Status                        ; Successful - Sun Apr 27 22:44:05 2014    ;
; Quartus II Version                 ; 9.0 Build 132 02/25/2009 SJ Full Version ;
; Revision Name                      ; time                                     ;
; Top-level Entity Name              ; time                                     ;
; Family                             ; Cyclone II                               ;
; Device                             ; EP2C5T144C8                              ;
; Timing Models                      ; Final                                    ;
; Met timing requirements            ; No                                       ;
; Total logic elements               ; 1,078 / 4,608 ( 23 % )                   ;
;     Total combinational functions  ; 670 / 4,608 ( 15 % )                     ;
;     Dedicated logic registers      ; 833 / 4,608 ( 18 % )                     ;
; Total registers                    ; 833                                      ;
; Total pins                         ; 27 / 89 ( 30 % )                         ;
; Total virtual pins                 ; 0                                        ;
; Total memory bits                  ; 4,352 / 119,808 ( 4 % )                  ;
; Embedded Multiplier 9-bit elements ; 0 / 26 ( 0 % )                           ;
; Total PLLs                         ; 0 / 2 ( 0 % )                            ;
+------------------------------------+------------------------------------------+


+-----------------------------------------+
; Flow Settings                           ;
+-------------------+---------------------+
; Option            ; Setting             ;
+-------------------+---------------------+
; Start date & time ; 04/27/2014 22:43:11 ;
; Main task         ; Compilation         ;
; Revision Name     ; time                ;
+-------------------+---------------------+


+---------------------------------------------------------------------------------------------------------------------------------------------------------------------------------------------------------------------------------------+
; Flow Non-Default Global Settings                                                                                                                                                                                                      ;
+-------------------------------------+------------------------------------------------------------------------------------------------------------------------------------------------+---------------+-------------+------------------+
; Assignment Name                     ; Value                                                                                                                                          ; Default Value ; Entity Name ; Section Id       ;
+-------------------------------------+------------------------------------------------------------------------------------------------------------------------------------------------+---------------+-------------+------------------+
; COMPILER_SIGNATURE_ID               ; 220152335733488.139860979105844                                                                                                                ; --            ; --          ; --               ;
; ENABLE_SIGNALTAP                    ; On                                                                                                                                             ; --            ; --          ; --               ;
; MAX_CORE_JUNCTION_TEMP              ; 85                                                                                                                                             ; --            ; --          ; --               ;
; MIN_CORE_JUNCTION_TEMP              ; 0                                                                                                                                              ; --            ; --          ; --               ;
; MISC_FILE                           ; G:/外接项目/基于fpga的会议发言限时器/project/VHDL/time.dpf                                                                                     ; --            ; --          ; --               ;
; MISC_FILE                           ; G:/外接项目/基于fpga的会议发言限时器/基于fpga的会议发言限时器/VHDL/time.dpf                                                                    ; --            ; --          ; --               ;
; MISC_FILE                           ; G:/外接项目/用FPGA实现一款简易电子密码锁/VHDL/time.dpf                                                                                         ; --            ; --          ; --               ;
; PARTITION_COLOR                     ; 16764057                                                                                                                                       ; --            ; --          ; Top              ;
; PARTITION_FITTER_PRESERVATION_LEVEL ; PLACEMENT                                                                                                                                      ; --            ; --          ; Top              ;
; PARTITION_NETLIST_TYPE              ; SOURCE                                                                                                                                         ; --            ; --          ; Top              ;
; SLD_NODE_CREATOR_ID                 ; 110                                                                                                                                            ; --            ; --          ; auto_signaltap_0 ;
; SLD_NODE_ENTITY_NAME                ; sld_signaltap                                                                                                                                  ; --            ; --          ; auto_signaltap_0 ;
; SLD_NODE_PARAMETER_ASSIGNMENT       ; SLD_DATA_BITS=34                                                                                                                               ; --            ; --          ; auto_signaltap_0 ;
; SLD_NODE_PARAMETER_ASSIGNMENT       ; SLD_TRIGGER_BITS=34                                                                                                                            ; --            ; --          ; auto_signaltap_0 ;
; SLD_NODE_PARAMETER_ASSIGNMENT       ; SLD_NODE_INFO=805334528                                                                                                                        ; --            ; --          ; auto_signaltap_0 ;
; SLD_NODE_PARAMETER_ASSIGNMENT       ; SLD_POWER_UP_TRIGGER=0                                                                                                                         ; --            ; --          ; auto_signaltap_0 ;
; SLD_NODE_PARAMETER_ASSIGNMENT       ; SLD_INVERSION_MASK=000000000000000000000000000000000000000000000000000000000000000000000000000000000000000000000000000000000000000000000000000 ; --            ; --          ; auto_signaltap_0 ;
; SLD_NODE_PARAMETER_ASSIGNMENT       ; SLD_INVERSION_MASK_LENGTH=123                                                                                                                  ; --            ; --          ; auto_signaltap_0 ;
; SLD_NODE_PARAMETER_ASSIGNMENT       ; SLD_STORAGE_QUALIFIER_INVERSION_MASK_LENGTH=0                                                                                                  ; --            ; --          ; auto_signaltap_0 ;
; SLD_NODE_PARAMETER_ASSIGNMENT       ; SLD_SEGMENT_SIZE=128                                                                                                                           ; --            ; --          ; auto_signaltap_0 ;
; SLD_NODE_PARAMETER_ASSIGNMENT       ; SLD_ATTRIBUTE_MEM_MODE=OFF                                                                                                                     ; --            ; --          ; auto_signaltap_0 ;
; SLD_NODE_PARAMETER_ASSIGNMENT       ; SLD_STATE_FLOW_USE_GENERATED=0                                                                                                                 ; --            ; --          ; auto_signaltap_0 ;
; SLD_NODE_PARAMETER_ASSIGNMENT       ; SLD_STATE_BITS=11                                                                                                                              ; --            ; --          ; auto_signaltap_0 ;
; SLD_NODE_PARAMETER_ASSIGNMENT       ; SLD_BUFFER_FULL_STOP=1                                                                                                                         ; --            ; --          ; auto_signaltap_0 ;
; SLD_NODE_PARAMETER_ASSIGNMENT       ; SLD_CURRENT_RESOURCE_WIDTH=1                                                                                                                   ; --            ; --          ; auto_signaltap_0 ;
; SLD_NODE_PARAMETER_ASSIGNMENT       ; SLD_NODE_CRC_HIWORD=27943                                                                                                                      ; --            ; --          ; auto_signaltap_0 ;
; SLD_NODE_PARAMETER_ASSIGNMENT       ; SLD_TRIGGER_LEVEL=1                                                                                                                            ; --            ; --          ; auto_signaltap_0 ;
; SLD_NODE_PARAMETER_ASSIGNMENT       ; SLD_SAMPLE_DEPTH=128                                                                                                                           ; --            ; --          ; auto_signaltap_0 ;
; SLD_NODE_PARAMETER_ASSIGNMENT       ; SLD_TRIGGER_IN_ENABLED=0                                                                                                                       ; --            ; --          ; auto_signaltap_0 ;
; SLD_NODE_PARAMETER_ASSIGNMENT       ; SLD_ADVANCED_TRIGGER_ENTITY=basic,1,                                                                                                           ; --            ; --          ; auto_signaltap_0 ;
; SLD_NODE_PARAMETER_ASSIGNMENT       ; SLD_TRIGGER_LEVEL_PIPELINE=1                                                                                                                   ; --            ; --          ; auto_signaltap_0 ;
; SLD_NODE_PARAMETER_ASSIGNMENT       ; SLD_ENABLE_ADVANCED_TRIGGER=0                                                                                                                  ; --            ; --          ; auto_signaltap_0 ;
; SLD_NODE_PARAMETER_ASSIGNMENT       ; SLD_NODE_CRC_LOWORD=56865                                                                                                                      ; --            ; --          ; auto_signaltap_0 ;
; USE_GENERATED_PHYSICAL_CONSTRAINTS  ; Off                                                                                                                                            ; --            ; --          ; eda_blast_fpga   ;
; USE_SIGNALTAP_FILE                  ; stp1.stp                                                                                                                                       ; --            ; --          ; --               ;
+-------------------------------------+------------------------------------------------------------------------------------------------------------------------------------------------+---------------+-------------+------------------+


+-----------------------------------------------------------------------------------------------------------------------------+
; Flow Elapsed Time                                                                                                           ;
+-------------------------+--------------+-------------------------+---------------------+------------------------------------+
; Module Name             ; Elapsed Time ; Average Processors Used ; Peak Virtual Memory ; Total CPU Time (on all processors) ;
+-------------------------+--------------+-------------------------+---------------------+------------------------------------+
; Analysis & Synthesis    ; 00:00:22     ; 1.0                     ; 207 MB              ; 00:00:21                           ;
; Fitter                  ; 00:00:13     ; 1.2                     ; 194 MB              ; 00:00:13                           ;
; Assembler               ; 00:00:06     ; 1.0                     ; 157 MB              ; 00:00:06                           ;
; Classic Timing Analyzer ; 00:00:01     ; 1.0                     ; 129 MB              ; 00:00:01                           ;
; Total                   ; 00:00:42     ; --                      ; --                  ; 00:00:41                           ;
+-------------------------+--------------+-------------------------+---------------------+------------------------------------+


+---------------------------------------------------------------------------------------+
; Flow OS Summary                                                                       ;
+-------------------------+------------------+------------+------------+----------------+
; Module Name             ; Machine Hostname ; OS Name    ; OS Version ; Processor type ;
+-------------------------+------------------+------------+------------+----------------+
; Analysis & Synthesis    ; PCPE             ; Windows XP ; 5.1        ; i686           ;
; Fitter                  ; PCPE             ; Windows XP ; 5.1        ; i686           ;
; Assembler               ; PCPE             ; Windows XP ; 5.1        ; i686           ;
; Classic Timing Analyzer ; PCPE             ; Windows XP ; 5.1        ; i686           ;
+-------------------------+------------------+------------+------------+----------------+


------------
; Flow Log ;
------------
quartus_map --read_settings_files=on --write_settings_files=off time -c time
quartus_fit --read_settings_files=off --write_settings_files=off time -c time
quartus_asm --read_settings_files=off --write_settings_files=off time -c time
quartus_tan --read_settings_files=off --write_settings_files=off time -c time --timing_analysis_only



